CRITICAL - 2022-01-31 23:13:35 --> Class 'App\Controllers\UserModel' not found
#0 C:\xampp\htdocs\app_resto_ringgitayu\system\CodeIgniter.php(802): App\Controllers\UserController->__construct()
#1 C:\xampp\htdocs\app_resto_ringgitayu\system\CodeIgniter.php(403): CodeIgniter\CodeIgniter->createController()
#2 C:\xampp\htdocs\app_resto_ringgitayu\system\CodeIgniter.php(320): CodeIgniter\CodeIgniter->handleRequest(NULL, Object(Config\Cache), false)
#3 C:\xampp\htdocs\app_resto_ringgitayu\public\index.php(37): CodeIgniter\CodeIgniter->run()
#4 C:\xampp\htdocs\app_resto_ringgitayu\system\Commands\Server\rewrite.php(43): require_once('C:\\xampp\\htdocs...')
#5 {main}
CRITICAL - 2022-01-31 23:16:35 --> Class 'App\Controllers\UserModel' not found
#0 C:\xampp\htdocs\app_resto_ringgitayu\system\CodeIgniter.php(802): App\Controllers\UserController->__construct()
#1 C:\xampp\htdocs\app_resto_ringgitayu\system\CodeIgniter.php(403): CodeIgniter\CodeIgniter->createController()
#2 C:\xampp\htdocs\app_resto_ringgitayu\system\CodeIgniter.php(320): CodeIgniter\CodeIgniter->handleRequest(NULL, Object(Config\Cache), false)
#3 C:\xampp\htdocs\app_resto_ringgitayu\public\index.php(37): CodeIgniter\CodeIgniter->run()
#4 C:\xampp\htdocs\app_resto_ringgitayu\system\Commands\Server\rewrite.php(43): require_once('C:\\xampp\\htdocs...')
#5 {main}
CRITICAL - 2022-01-31 23:19:09 --> Class 'App\Controllers\UserModel' not found
#0 C:\xampp\htdocs\app_resto_ringgitayu\system\CodeIgniter.php(802): App\Controllers\UserController->__construct()
#1 C:\xampp\htdocs\app_resto_ringgitayu\system\CodeIgniter.php(403): CodeIgniter\CodeIgniter->createController()
#2 C:\xampp\htdocs\app_resto_ringgitayu\system\CodeIgniter.php(320): CodeIgniter\CodeIgniter->handleRequest(NULL, Object(Config\Cache), false)
#3 C:\xampp\htdocs\app_resto_ringgitayu\public\index.php(37): CodeIgniter\CodeIgniter->run()
#4 C:\xampp\htdocs\app_resto_ringgitayu\system\Commands\Server\rewrite.php(43): require_once('C:\\xampp\\htdocs...')
#5 {main}
