CRITICAL - 2022-01-20 10:54:45 --> Invalid file: layout.php
#0 C:\xampp\htdocs\app_resto_ringgitayu\system\View\View.php(198): CodeIgniter\Exceptions\FrameworkException::forInvalidFile('layout.php')
#1 C:\xampp\htdocs\app_resto_ringgitayu\system\Common.php(1089): CodeIgniter\View\View->render('layout', Array, true)
#2 C:\xampp\htdocs\app_resto_ringgitayu\app\Controllers\Home.php(9): view('layout')
#3 C:\xampp\htdocs\app_resto_ringgitayu\system\CodeIgniter.php(825): App\Controllers\Home->index()
#4 C:\xampp\htdocs\app_resto_ringgitayu\system\CodeIgniter.php(412): CodeIgniter\CodeIgniter->runController(Object(App\Controllers\Home))
#5 C:\xampp\htdocs\app_resto_ringgitayu\system\CodeIgniter.php(320): CodeIgniter\CodeIgniter->handleRequest(NULL, Object(Config\Cache), false)
#6 C:\xampp\htdocs\app_resto_ringgitayu\public\index.php(37): CodeIgniter\CodeIgniter->run()
#7 C:\xampp\htdocs\app_resto_ringgitayu\system\Commands\Server\rewrite.php(43): require_once('C:\\xampp\\htdocs...')
#8 {main}
CRITICAL - 2022-01-20 10:55:09 --> Invalid file: layout.php
#0 C:\xampp\htdocs\app_resto_ringgitayu\system\View\View.php(198): CodeIgniter\Exceptions\FrameworkException::forInvalidFile('layout.php')
#1 C:\xampp\htdocs\app_resto_ringgitayu\system\Common.php(1089): CodeIgniter\View\View->render('layout', Array, true)
#2 C:\xampp\htdocs\app_resto_ringgitayu\app\Controllers\Home.php(9): view('layout')
#3 C:\xampp\htdocs\app_resto_ringgitayu\system\CodeIgniter.php(825): App\Controllers\Home->index()
#4 C:\xampp\htdocs\app_resto_ringgitayu\system\CodeIgniter.php(412): CodeIgniter\CodeIgniter->runController(Object(App\Controllers\Home))
#5 C:\xampp\htdocs\app_resto_ringgitayu\system\CodeIgniter.php(320): CodeIgniter\CodeIgniter->handleRequest(NULL, Object(Config\Cache), false)
#6 C:\xampp\htdocs\app_resto_ringgitayu\public\index.php(37): CodeIgniter\CodeIgniter->run()
#7 C:\xampp\htdocs\app_resto_ringgitayu\system\Commands\Server\rewrite.php(43): require_once('C:\\xampp\\htdocs...')
#8 {main}
CRITICAL - 2022-01-20 10:55:41 --> Invalid file: layout.php
#0 C:\xampp\htdocs\app_resto_ringgitayu\system\View\View.php(198): CodeIgniter\Exceptions\FrameworkException::forInvalidFile('layout.php')
#1 C:\xampp\htdocs\app_resto_ringgitayu\system\Common.php(1089): CodeIgniter\View\View->render('layout', Array, true)
#2 C:\xampp\htdocs\app_resto_ringgitayu\app\Controllers\Home.php(9): view('layout')
#3 C:\xampp\htdocs\app_resto_ringgitayu\system\CodeIgniter.php(825): App\Controllers\Home->index()
#4 C:\xampp\htdocs\app_resto_ringgitayu\system\CodeIgniter.php(412): CodeIgniter\CodeIgniter->runController(Object(App\Controllers\Home))
#5 C:\xampp\htdocs\app_resto_ringgitayu\system\CodeIgniter.php(320): CodeIgniter\CodeIgniter->handleRequest(NULL, Object(Config\Cache), false)
#6 C:\xampp\htdocs\app_resto_ringgitayu\public\index.php(37): CodeIgniter\CodeIgniter->run()
#7 C:\xampp\htdocs\app_resto_ringgitayu\system\Commands\Server\rewrite.php(43): require_once('C:\\xampp\\htdocs...')
#8 {main}
CRITICAL - 2022-01-20 11:16:59 --> Invalid file: layout.php
#0 C:\xampp\htdocs\app_resto_ringgitayu\system\View\View.php(198): CodeIgniter\Exceptions\FrameworkException::forInvalidFile('layout.php')
#1 C:\xampp\htdocs\app_resto_ringgitayu\system\Common.php(1089): CodeIgniter\View\View->render('layout', Array, true)
#2 C:\xampp\htdocs\app_resto_ringgitayu\app\Controllers\Home.php(9): view('layout')
#3 C:\xampp\htdocs\app_resto_ringgitayu\system\CodeIgniter.php(825): App\Controllers\Home->index()
#4 C:\xampp\htdocs\app_resto_ringgitayu\system\CodeIgniter.php(412): CodeIgniter\CodeIgniter->runController(Object(App\Controllers\Home))
#5 C:\xampp\htdocs\app_resto_ringgitayu\system\CodeIgniter.php(320): CodeIgniter\CodeIgniter->handleRequest(NULL, Object(Config\Cache), false)
#6 C:\xampp\htdocs\app_resto_ringgitayu\public\index.php(37): CodeIgniter\CodeIgniter->run()
#7 C:\xampp\htdocs\app_resto_ringgitayu\system\Commands\Server\rewrite.php(43): require_once('C:\\xampp\\htdocs...')
#8 {main}
CRITICAL - 2022-01-20 11:26:31 --> Invalid file: layout.php
#0 C:\xampp\htdocs\app_resto_ringgitayu\system\View\View.php(198): CodeIgniter\Exceptions\FrameworkException::forInvalidFile('layout.php')
#1 C:\xampp\htdocs\app_resto_ringgitayu\system\Common.php(1089): CodeIgniter\View\View->render('layout', Array, true)
#2 C:\xampp\htdocs\app_resto_ringgitayu\app\Controllers\Home.php(9): view('layout')
#3 C:\xampp\htdocs\app_resto_ringgitayu\system\CodeIgniter.php(825): App\Controllers\Home->index()
#4 C:\xampp\htdocs\app_resto_ringgitayu\system\CodeIgniter.php(412): CodeIgniter\CodeIgniter->runController(Object(App\Controllers\Home))
#5 C:\xampp\htdocs\app_resto_ringgitayu\system\CodeIgniter.php(320): CodeIgniter\CodeIgniter->handleRequest(NULL, Object(Config\Cache), false)
#6 C:\xampp\htdocs\app_resto_ringgitayu\public\index.php(37): CodeIgniter\CodeIgniter->run()
#7 C:\xampp\htdocs\app_resto_ringgitayu\system\Commands\Server\rewrite.php(43): require_once('C:\\xampp\\htdocs...')
#8 {main}
CRITICAL - 2022-01-20 11:33:58 --> Invalid file: layout.php
#0 C:\xampp\htdocs\app_resto_ringgitayu\system\View\View.php(198): CodeIgniter\Exceptions\FrameworkException::forInvalidFile('layout.php')
#1 C:\xampp\htdocs\app_resto_ringgitayu\system\Common.php(1089): CodeIgniter\View\View->render('layout', Array, true)
#2 C:\xampp\htdocs\app_resto_ringgitayu\app\Controllers\Home.php(9): view('layout')
#3 C:\xampp\htdocs\app_resto_ringgitayu\system\CodeIgniter.php(825): App\Controllers\Home->index()
#4 C:\xampp\htdocs\app_resto_ringgitayu\system\CodeIgniter.php(412): CodeIgniter\CodeIgniter->runController(Object(App\Controllers\Home))
#5 C:\xampp\htdocs\app_resto_ringgitayu\system\CodeIgniter.php(320): CodeIgniter\CodeIgniter->handleRequest(NULL, Object(Config\Cache), false)
#6 C:\xampp\htdocs\app_resto_ringgitayu\public\index.php(37): CodeIgniter\CodeIgniter->run()
#7 C:\xampp\htdocs\app_resto_ringgitayu\system\Commands\Server\rewrite.php(43): require_once('C:\\xampp\\htdocs...')
#8 {main}
CRITICAL - 2022-01-20 12:09:54 --> Invalid file: layout.php
#0 C:\xampp\htdocs\app_resto_ringgitayu\system\View\View.php(198): CodeIgniter\Exceptions\FrameworkException::forInvalidFile('layout.php')
#1 C:\xampp\htdocs\app_resto_ringgitayu\system\Common.php(1089): CodeIgniter\View\View->render('layout', Array, true)
#2 C:\xampp\htdocs\app_resto_ringgitayu\app\Controllers\Home.php(9): view('layout')
#3 C:\xampp\htdocs\app_resto_ringgitayu\system\CodeIgniter.php(825): App\Controllers\Home->index()
#4 C:\xampp\htdocs\app_resto_ringgitayu\system\CodeIgniter.php(412): CodeIgniter\CodeIgniter->runController(Object(App\Controllers\Home))
#5 C:\xampp\htdocs\app_resto_ringgitayu\system\CodeIgniter.php(320): CodeIgniter\CodeIgniter->handleRequest(NULL, Object(Config\Cache), false)
#6 C:\xampp\htdocs\app_resto_ringgitayu\public\index.php(37): CodeIgniter\CodeIgniter->run()
#7 C:\xampp\htdocs\app_resto_ringgitayu\system\Commands\Server\rewrite.php(43): require_once('C:\\xampp\\htdocs...')
#8 {main}
CRITICAL - 2022-01-20 12:12:01 --> Invalid file: layout.php
#0 C:\xampp\htdocs\app_resto_ringgitayu\system\View\View.php(198): CodeIgniter\Exceptions\FrameworkException::forInvalidFile('layout.php')
#1 C:\xampp\htdocs\app_resto_ringgitayu\system\Common.php(1089): CodeIgniter\View\View->render('layout', Array, true)
#2 C:\xampp\htdocs\app_resto_ringgitayu\app\Controllers\Home.php(9): view('layout')
#3 C:\xampp\htdocs\app_resto_ringgitayu\system\CodeIgniter.php(825): App\Controllers\Home->index()
#4 C:\xampp\htdocs\app_resto_ringgitayu\system\CodeIgniter.php(412): CodeIgniter\CodeIgniter->runController(Object(App\Controllers\Home))
#5 C:\xampp\htdocs\app_resto_ringgitayu\system\CodeIgniter.php(320): CodeIgniter\CodeIgniter->handleRequest(NULL, Object(Config\Cache), false)
#6 C:\xampp\htdocs\app_resto_ringgitayu\public\index.php(37): CodeIgniter\CodeIgniter->run()
#7 C:\xampp\htdocs\app_resto_ringgitayu\system\Commands\Server\rewrite.php(43): require_once('C:\\xampp\\htdocs...')
#8 {main}
CRITICAL - 2022-01-20 14:54:52 --> Class 'App\Controllers\MenuModel' not found
#0 C:\xampp\htdocs\app_resto_ringgitayu\system\CodeIgniter.php(825): App\Controllers\MenuController->tampil()
#1 C:\xampp\htdocs\app_resto_ringgitayu\system\CodeIgniter.php(412): CodeIgniter\CodeIgniter->runController(Object(App\Controllers\MenuController))
#2 C:\xampp\htdocs\app_resto_ringgitayu\system\CodeIgniter.php(320): CodeIgniter\CodeIgniter->handleRequest(NULL, Object(Config\Cache), false)
#3 C:\xampp\htdocs\app_resto_ringgitayu\public\index.php(37): CodeIgniter\CodeIgniter->run()
#4 C:\xampp\htdocs\app_resto_ringgitayu\system\Commands\Server\rewrite.php(43): require_once('C:\\xampp\\htdocs...')
#5 {main}
CRITICAL - 2022-01-20 14:55:39 --> Class 'App\Controllers\MenuModel' not found
#0 C:\xampp\htdocs\app_resto_ringgitayu\system\CodeIgniter.php(825): App\Controllers\MenuController->tampil()
#1 C:\xampp\htdocs\app_resto_ringgitayu\system\CodeIgniter.php(412): CodeIgniter\CodeIgniter->runController(Object(App\Controllers\MenuController))
#2 C:\xampp\htdocs\app_resto_ringgitayu\system\CodeIgniter.php(320): CodeIgniter\CodeIgniter->handleRequest(NULL, Object(Config\Cache), false)
#3 C:\xampp\htdocs\app_resto_ringgitayu\public\index.php(37): CodeIgniter\CodeIgniter->run()
#4 C:\xampp\htdocs\app_resto_ringgitayu\system\Commands\Server\rewrite.php(43): require_once('C:\\xampp\\htdocs...')
#5 {main}
ERROR - 2022-01-20 14:56:31 --> Table 'db_resto_ringgitayu.menu' doesn't exist
CRITICAL - 2022-01-20 14:56:31 --> Table 'db_resto_ringgitayu.menu' doesn't exist
#0 C:\xampp\htdocs\app_resto_ringgitayu\system\Database\MySQLi\Connection.php(292): mysqli->query('SELECT *\nFROM `...', 0)
#1 C:\xampp\htdocs\app_resto_ringgitayu\system\Database\BaseConnection.php(670): CodeIgniter\Database\MySQLi\Connection->execute('SELECT *\nFROM `...')
#2 C:\xampp\htdocs\app_resto_ringgitayu\system\Database\BaseConnection.php(598): CodeIgniter\Database\BaseConnection->simpleQuery('SELECT *\nFROM `...')
#3 C:\xampp\htdocs\app_resto_ringgitayu\system\Database\BaseBuilder.php(1455): CodeIgniter\Database\BaseConnection->query('SELECT *\nFROM `...', Array, false)
#4 C:\xampp\htdocs\app_resto_ringgitayu\system\Model.php(183): CodeIgniter\Database\BaseBuilder->get()
#5 C:\xampp\htdocs\app_resto_ringgitayu\system\BaseModel.php(584): CodeIgniter\Model->doFindAll(0, 0)
#6 C:\xampp\htdocs\app_resto_ringgitayu\app\Controllers\MenuController.php(12): CodeIgniter\BaseModel->findAll()
#7 C:\xampp\htdocs\app_resto_ringgitayu\system\CodeIgniter.php(825): App\Controllers\MenuController->tampil()
#8 C:\xampp\htdocs\app_resto_ringgitayu\system\CodeIgniter.php(412): CodeIgniter\CodeIgniter->runController(Object(App\Controllers\MenuController))
#9 C:\xampp\htdocs\app_resto_ringgitayu\system\CodeIgniter.php(320): CodeIgniter\CodeIgniter->handleRequest(NULL, Object(Config\Cache), false)
#10 C:\xampp\htdocs\app_resto_ringgitayu\public\index.php(37): CodeIgniter\CodeIgniter->run()
#11 C:\xampp\htdocs\app_resto_ringgitayu\system\Commands\Server\rewrite.php(43): require_once('C:\\xampp\\htdocs...')
#12 {main}
CRITICAL - 2022-01-20 14:59:58 --> Class 'App\Models\UserrModel' not found
#0 C:\xampp\htdocs\app_resto_ringgitayu\system\CodeIgniter.php(825): App\Controllers\UserController->tampil()
#1 C:\xampp\htdocs\app_resto_ringgitayu\system\CodeIgniter.php(412): CodeIgniter\CodeIgniter->runController(Object(App\Controllers\UserController))
#2 C:\xampp\htdocs\app_resto_ringgitayu\system\CodeIgniter.php(320): CodeIgniter\CodeIgniter->handleRequest(NULL, Object(Config\Cache), false)
#3 C:\xampp\htdocs\app_resto_ringgitayu\public\index.php(37): CodeIgniter\CodeIgniter->run()
#4 C:\xampp\htdocs\app_resto_ringgitayu\system\Commands\Server\rewrite.php(43): require_once('C:\\xampp\\htdocs...')
#5 {main}
CRITICAL - 2022-01-20 14:24:58 --> Class 'App\Controllers\UserModel' not found
#0 C:\xampp\htdocs\app_resto_ringgitayu\system\CodeIgniter.php(825): App\Controllers\UserController->tampil()
#1 C:\xampp\htdocs\app_resto_ringgitayu\system\CodeIgniter.php(412): CodeIgniter\CodeIgniter->runController(Object(App\Controllers\UserController))
#2 C:\xampp\htdocs\app_resto_ringgitayu\system\CodeIgniter.php(320): CodeIgniter\CodeIgniter->handleRequest(NULL, Object(Config\Cache), false)
#3 C:\xampp\htdocs\app_resto_ringgitayu\public\index.php(37): CodeIgniter\CodeIgniter->run()
#4 C:\xampp\htdocs\app_resto_ringgitayu\system\Commands\Server\rewrite.php(43): require_once('C:\\xampp\\htdocs...')
#5 {main}
CRITICAL - 2022-01-20 14:26:13 --> Class 'App\Models\UserModel' not found
#0 C:\xampp\htdocs\app_resto_ringgitayu\system\CodeIgniter.php(825): App\Controllers\UserController->tampil()
#1 C:\xampp\htdocs\app_resto_ringgitayu\system\CodeIgniter.php(412): CodeIgniter\CodeIgniter->runController(Object(App\Controllers\UserController))
#2 C:\xampp\htdocs\app_resto_ringgitayu\system\CodeIgniter.php(320): CodeIgniter\CodeIgniter->handleRequest(NULL, Object(Config\Cache), false)
#3 C:\xampp\htdocs\app_resto_ringgitayu\public\index.php(37): CodeIgniter\CodeIgniter->run()
#4 C:\xampp\htdocs\app_resto_ringgitayu\system\Commands\Server\rewrite.php(43): require_once('C:\\xampp\\htdocs...')
#5 {main}
CRITICAL - 2022-01-20 14:26:50 --> Undefined variable: duser
#0 C:\xampp\htdocs\app_resto_ringgitayu\app\Views\user.php(16): CodeIgniter\Debug\Exceptions->errorHandler(8, 'Undefined varia...', 'C:\\xampp\\htdocs...', 16, Array)
#1 C:\xampp\htdocs\app_resto_ringgitayu\system\View\View.php(210): include('C:\\xampp\\htdocs...')
#2 C:\xampp\htdocs\app_resto_ringgitayu\system\View\View.php(213): CodeIgniter\View\View->CodeIgniter\View\{closure}()
#3 C:\xampp\htdocs\app_resto_ringgitayu\system\Common.php(1089): CodeIgniter\View\View->render('user', Array, true)
#4 C:\xampp\htdocs\app_resto_ringgitayu\app\Controllers\UserController.php(13): view('user', Array)
#5 C:\xampp\htdocs\app_resto_ringgitayu\system\CodeIgniter.php(825): App\Controllers\UserController->tampil()
#6 C:\xampp\htdocs\app_resto_ringgitayu\system\CodeIgniter.php(412): CodeIgniter\CodeIgniter->runController(Object(App\Controllers\UserController))
#7 C:\xampp\htdocs\app_resto_ringgitayu\system\CodeIgniter.php(320): CodeIgniter\CodeIgniter->handleRequest(NULL, Object(Config\Cache), false)
#8 C:\xampp\htdocs\app_resto_ringgitayu\public\index.php(37): CodeIgniter\CodeIgniter->run()
#9 C:\xampp\htdocs\app_resto_ringgitayu\system\Commands\Server\rewrite.php(43): require_once('C:\\xampp\\htdocs...')
#10 {main}
CRITICAL - 2022-01-20 14:28:24 --> Undefined variable: duser
#0 C:\xampp\htdocs\app_resto_ringgitayu\app\Views\user.php(16): CodeIgniter\Debug\Exceptions->errorHandler(8, 'Undefined varia...', 'C:\\xampp\\htdocs...', 16, Array)
#1 C:\xampp\htdocs\app_resto_ringgitayu\system\View\View.php(210): include('C:\\xampp\\htdocs...')
#2 C:\xampp\htdocs\app_resto_ringgitayu\system\View\View.php(213): CodeIgniter\View\View->CodeIgniter\View\{closure}()
#3 C:\xampp\htdocs\app_resto_ringgitayu\system\Common.php(1089): CodeIgniter\View\View->render('user', Array, true)
#4 C:\xampp\htdocs\app_resto_ringgitayu\app\Controllers\UserController.php(13): view('user', Array)
#5 C:\xampp\htdocs\app_resto_ringgitayu\system\CodeIgniter.php(825): App\Controllers\UserController->tampil()
#6 C:\xampp\htdocs\app_resto_ringgitayu\system\CodeIgniter.php(412): CodeIgniter\CodeIgniter->runController(Object(App\Controllers\UserController))
#7 C:\xampp\htdocs\app_resto_ringgitayu\system\CodeIgniter.php(320): CodeIgniter\CodeIgniter->handleRequest(NULL, Object(Config\Cache), false)
#8 C:\xampp\htdocs\app_resto_ringgitayu\public\index.php(37): CodeIgniter\CodeIgniter->run()
#9 C:\xampp\htdocs\app_resto_ringgitayu\system\Commands\Server\rewrite.php(43): require_once('C:\\xampp\\htdocs...')
#10 {main}
CRITICAL - 2022-01-20 14:29:18 --> Undefined variable: duser
#0 C:\xampp\htdocs\app_resto_ringgitayu\app\Views\user.php(16): CodeIgniter\Debug\Exceptions->errorHandler(8, 'Undefined varia...', 'C:\\xampp\\htdocs...', 16, Array)
#1 C:\xampp\htdocs\app_resto_ringgitayu\system\View\View.php(210): include('C:\\xampp\\htdocs...')
#2 C:\xampp\htdocs\app_resto_ringgitayu\system\View\View.php(213): CodeIgniter\View\View->CodeIgniter\View\{closure}()
#3 C:\xampp\htdocs\app_resto_ringgitayu\system\Common.php(1089): CodeIgniter\View\View->render('user', Array, true)
#4 C:\xampp\htdocs\app_resto_ringgitayu\app\Controllers\UserController.php(13): view('user', Array)
#5 C:\xampp\htdocs\app_resto_ringgitayu\system\CodeIgniter.php(825): App\Controllers\UserController->tampil()
#6 C:\xampp\htdocs\app_resto_ringgitayu\system\CodeIgniter.php(412): CodeIgniter\CodeIgniter->runController(Object(App\Controllers\UserController))
#7 C:\xampp\htdocs\app_resto_ringgitayu\system\CodeIgniter.php(320): CodeIgniter\CodeIgniter->handleRequest(NULL, Object(Config\Cache), false)
#8 C:\xampp\htdocs\app_resto_ringgitayu\public\index.php(37): CodeIgniter\CodeIgniter->run()
#9 C:\xampp\htdocs\app_resto_ringgitayu\system\Commands\Server\rewrite.php(43): require_once('C:\\xampp\\htdocs...')
#10 {main}
CRITICAL - 2022-01-20 14:29:32 --> Undefined variable: duser
#0 C:\xampp\htdocs\app_resto_ringgitayu\app\Views\user.php(16): CodeIgniter\Debug\Exceptions->errorHandler(8, 'Undefined varia...', 'C:\\xampp\\htdocs...', 16, Array)
#1 C:\xampp\htdocs\app_resto_ringgitayu\system\View\View.php(210): include('C:\\xampp\\htdocs...')
#2 C:\xampp\htdocs\app_resto_ringgitayu\system\View\View.php(213): CodeIgniter\View\View->CodeIgniter\View\{closure}()
#3 C:\xampp\htdocs\app_resto_ringgitayu\system\Common.php(1089): CodeIgniter\View\View->render('user', Array, true)
#4 C:\xampp\htdocs\app_resto_ringgitayu\app\Controllers\UserController.php(13): view('user', Array)
#5 C:\xampp\htdocs\app_resto_ringgitayu\system\CodeIgniter.php(825): App\Controllers\UserController->tampil()
#6 C:\xampp\htdocs\app_resto_ringgitayu\system\CodeIgniter.php(412): CodeIgniter\CodeIgniter->runController(Object(App\Controllers\UserController))
#7 C:\xampp\htdocs\app_resto_ringgitayu\system\CodeIgniter.php(320): CodeIgniter\CodeIgniter->handleRequest(NULL, Object(Config\Cache), false)
#8 C:\xampp\htdocs\app_resto_ringgitayu\public\index.php(37): CodeIgniter\CodeIgniter->run()
#9 C:\xampp\htdocs\app_resto_ringgitayu\system\Commands\Server\rewrite.php(43): require_once('C:\\xampp\\htdocs...')
#10 {main}
CRITICAL - 2022-01-20 14:49:38 --> Undefined index: Nama
#0 C:\xampp\htdocs\app_resto_ringgitayu\app\Views\menu.php(23): CodeIgniter\Debug\Exceptions->errorHandler(8, 'Undefined index...', 'C:\\xampp\\htdocs...', 23, Array)
#1 C:\xampp\htdocs\app_resto_ringgitayu\system\View\View.php(210): include('C:\\xampp\\htdocs...')
#2 C:\xampp\htdocs\app_resto_ringgitayu\system\View\View.php(213): CodeIgniter\View\View->CodeIgniter\View\{closure}()
#3 C:\xampp\htdocs\app_resto_ringgitayu\system\Common.php(1089): CodeIgniter\View\View->render('menu', Array, true)
#4 C:\xampp\htdocs\app_resto_ringgitayu\app\Controllers\MenuController.php(13): view('menu', Array)
#5 C:\xampp\htdocs\app_resto_ringgitayu\system\CodeIgniter.php(825): App\Controllers\MenuController->tampil()
#6 C:\xampp\htdocs\app_resto_ringgitayu\system\CodeIgniter.php(412): CodeIgniter\CodeIgniter->runController(Object(App\Controllers\MenuController))
#7 C:\xampp\htdocs\app_resto_ringgitayu\system\CodeIgniter.php(320): CodeIgniter\CodeIgniter->handleRequest(NULL, Object(Config\Cache), false)
#8 C:\xampp\htdocs\app_resto_ringgitayu\public\index.php(37): CodeIgniter\CodeIgniter->run()
#9 C:\xampp\htdocs\app_resto_ringgitayu\system\Commands\Server\rewrite.php(43): require_once('C:\\xampp\\htdocs...')
#10 {main}
CRITICAL - 2022-01-20 14:51:22 --> Undefined index: Harga
#0 C:\xampp\htdocs\app_resto_ringgitayu\app\Views\menu.php(24): CodeIgniter\Debug\Exceptions->errorHandler(8, 'Undefined index...', 'C:\\xampp\\htdocs...', 24, Array)
#1 C:\xampp\htdocs\app_resto_ringgitayu\system\View\View.php(210): include('C:\\xampp\\htdocs...')
#2 C:\xampp\htdocs\app_resto_ringgitayu\system\View\View.php(213): CodeIgniter\View\View->CodeIgniter\View\{closure}()
#3 C:\xampp\htdocs\app_resto_ringgitayu\system\Common.php(1089): CodeIgniter\View\View->render('menu', Array, true)
#4 C:\xampp\htdocs\app_resto_ringgitayu\app\Controllers\MenuController.php(13): view('menu', Array)
#5 C:\xampp\htdocs\app_resto_ringgitayu\system\CodeIgniter.php(825): App\Controllers\MenuController->tampil()
#6 C:\xampp\htdocs\app_resto_ringgitayu\system\CodeIgniter.php(412): CodeIgniter\CodeIgniter->runController(Object(App\Controllers\MenuController))
#7 C:\xampp\htdocs\app_resto_ringgitayu\system\CodeIgniter.php(320): CodeIgniter\CodeIgniter->handleRequest(NULL, Object(Config\Cache), false)
#8 C:\xampp\htdocs\app_resto_ringgitayu\public\index.php(37): CodeIgniter\CodeIgniter->run()
#9 C:\xampp\htdocs\app_resto_ringgitayu\system\Commands\Server\rewrite.php(43): require_once('C:\\xampp\\htdocs...')
#10 {main}
CRITICAL - 2022-01-20 14:53:42 --> Undefined index: Nama
#0 C:\xampp\htdocs\app_resto_ringgitayu\app\Views\user.php(22): CodeIgniter\Debug\Exceptions->errorHandler(8, 'Undefined index...', 'C:\\xampp\\htdocs...', 22, Array)
#1 C:\xampp\htdocs\app_resto_ringgitayu\system\View\View.php(210): include('C:\\xampp\\htdocs...')
#2 C:\xampp\htdocs\app_resto_ringgitayu\system\View\View.php(213): CodeIgniter\View\View->CodeIgniter\View\{closure}()
#3 C:\xampp\htdocs\app_resto_ringgitayu\system\Common.php(1089): CodeIgniter\View\View->render('user', Array, true)
#4 C:\xampp\htdocs\app_resto_ringgitayu\app\Controllers\UserController.php(12): view('user', Array)
#5 C:\xampp\htdocs\app_resto_ringgitayu\system\CodeIgniter.php(825): App\Controllers\UserController->tampil()
#6 C:\xampp\htdocs\app_resto_ringgitayu\system\CodeIgniter.php(412): CodeIgniter\CodeIgniter->runController(Object(App\Controllers\UserController))
#7 C:\xampp\htdocs\app_resto_ringgitayu\system\CodeIgniter.php(320): CodeIgniter\CodeIgniter->handleRequest(NULL, Object(Config\Cache), false)
#8 C:\xampp\htdocs\app_resto_ringgitayu\public\index.php(37): CodeIgniter\CodeIgniter->run()
#9 C:\xampp\htdocs\app_resto_ringgitayu\system\Commands\Server\rewrite.php(43): require_once('C:\\xampp\\htdocs...')
#10 {main}
CRITICAL - 2022-01-20 14:54:15 --> Undefined index: jenis Kelamin
#0 C:\xampp\htdocs\app_resto_ringgitayu\app\Views\user.php(24): CodeIgniter\Debug\Exceptions->errorHandler(8, 'Undefined index...', 'C:\\xampp\\htdocs...', 24, Array)
#1 C:\xampp\htdocs\app_resto_ringgitayu\system\View\View.php(210): include('C:\\xampp\\htdocs...')
#2 C:\xampp\htdocs\app_resto_ringgitayu\system\View\View.php(213): CodeIgniter\View\View->CodeIgniter\View\{closure}()
#3 C:\xampp\htdocs\app_resto_ringgitayu\system\Common.php(1089): CodeIgniter\View\View->render('user', Array, true)
#4 C:\xampp\htdocs\app_resto_ringgitayu\app\Controllers\UserController.php(12): view('user', Array)
#5 C:\xampp\htdocs\app_resto_ringgitayu\system\CodeIgniter.php(825): App\Controllers\UserController->tampil()
#6 C:\xampp\htdocs\app_resto_ringgitayu\system\CodeIgniter.php(412): CodeIgniter\CodeIgniter->runController(Object(App\Controllers\UserController))
#7 C:\xampp\htdocs\app_resto_ringgitayu\system\CodeIgniter.php(320): CodeIgniter\CodeIgniter->handleRequest(NULL, Object(Config\Cache), false)
#8 C:\xampp\htdocs\app_resto_ringgitayu\public\index.php(37): CodeIgniter\CodeIgniter->run()
#9 C:\xampp\htdocs\app_resto_ringgitayu\system\Commands\Server\rewrite.php(43): require_once('C:\\xampp\\htdocs...')
#10 {main}
CRITICAL - 2022-01-20 14:54:30 --> Undefined index: jenis kelamin
#0 C:\xampp\htdocs\app_resto_ringgitayu\app\Views\user.php(24): CodeIgniter\Debug\Exceptions->errorHandler(8, 'Undefined index...', 'C:\\xampp\\htdocs...', 24, Array)
#1 C:\xampp\htdocs\app_resto_ringgitayu\system\View\View.php(210): include('C:\\xampp\\htdocs...')
#2 C:\xampp\htdocs\app_resto_ringgitayu\system\View\View.php(213): CodeIgniter\View\View->CodeIgniter\View\{closure}()
#3 C:\xampp\htdocs\app_resto_ringgitayu\system\Common.php(1089): CodeIgniter\View\View->render('user', Array, true)
#4 C:\xampp\htdocs\app_resto_ringgitayu\app\Controllers\UserController.php(12): view('user', Array)
#5 C:\xampp\htdocs\app_resto_ringgitayu\system\CodeIgniter.php(825): App\Controllers\UserController->tampil()
#6 C:\xampp\htdocs\app_resto_ringgitayu\system\CodeIgniter.php(412): CodeIgniter\CodeIgniter->runController(Object(App\Controllers\UserController))
#7 C:\xampp\htdocs\app_resto_ringgitayu\system\CodeIgniter.php(320): CodeIgniter\CodeIgniter->handleRequest(NULL, Object(Config\Cache), false)
#8 C:\xampp\htdocs\app_resto_ringgitayu\public\index.php(37): CodeIgniter\CodeIgniter->run()
#9 C:\xampp\htdocs\app_resto_ringgitayu\system\Commands\Server\rewrite.php(43): require_once('C:\\xampp\\htdocs...')
#10 {main}
CRITICAL - 2022-01-20 14:54:34 --> Undefined index: jenis kelamin
#0 C:\xampp\htdocs\app_resto_ringgitayu\app\Views\user.php(24): CodeIgniter\Debug\Exceptions->errorHandler(8, 'Undefined index...', 'C:\\xampp\\htdocs...', 24, Array)
#1 C:\xampp\htdocs\app_resto_ringgitayu\system\View\View.php(210): include('C:\\xampp\\htdocs...')
#2 C:\xampp\htdocs\app_resto_ringgitayu\system\View\View.php(213): CodeIgniter\View\View->CodeIgniter\View\{closure}()
#3 C:\xampp\htdocs\app_resto_ringgitayu\system\Common.php(1089): CodeIgniter\View\View->render('user', Array, true)
#4 C:\xampp\htdocs\app_resto_ringgitayu\app\Controllers\UserController.php(12): view('user', Array)
#5 C:\xampp\htdocs\app_resto_ringgitayu\system\CodeIgniter.php(825): App\Controllers\UserController->tampil()
#6 C:\xampp\htdocs\app_resto_ringgitayu\system\CodeIgniter.php(412): CodeIgniter\CodeIgniter->runController(Object(App\Controllers\UserController))
#7 C:\xampp\htdocs\app_resto_ringgitayu\system\CodeIgniter.php(320): CodeIgniter\CodeIgniter->handleRequest(NULL, Object(Config\Cache), false)
#8 C:\xampp\htdocs\app_resto_ringgitayu\public\index.php(37): CodeIgniter\CodeIgniter->run()
#9 C:\xampp\htdocs\app_resto_ringgitayu\system\Commands\Server\rewrite.php(43): require_once('C:\\xampp\\htdocs...')
#10 {main}
CRITICAL - 2022-01-20 14:54:57 --> Undefined index: jenis kelamin
#0 C:\xampp\htdocs\app_resto_ringgitayu\app\Views\user.php(24): CodeIgniter\Debug\Exceptions->errorHandler(8, 'Undefined index...', 'C:\\xampp\\htdocs...', 24, Array)
#1 C:\xampp\htdocs\app_resto_ringgitayu\system\View\View.php(210): include('C:\\xampp\\htdocs...')
#2 C:\xampp\htdocs\app_resto_ringgitayu\system\View\View.php(213): CodeIgniter\View\View->CodeIgniter\View\{closure}()
#3 C:\xampp\htdocs\app_resto_ringgitayu\system\Common.php(1089): CodeIgniter\View\View->render('user', Array, true)
#4 C:\xampp\htdocs\app_resto_ringgitayu\app\Controllers\UserController.php(12): view('user', Array)
#5 C:\xampp\htdocs\app_resto_ringgitayu\system\CodeIgniter.php(825): App\Controllers\UserController->tampil()
#6 C:\xampp\htdocs\app_resto_ringgitayu\system\CodeIgniter.php(412): CodeIgniter\CodeIgniter->runController(Object(App\Controllers\UserController))
#7 C:\xampp\htdocs\app_resto_ringgitayu\system\CodeIgniter.php(320): CodeIgniter\CodeIgniter->handleRequest(NULL, Object(Config\Cache), false)
#8 C:\xampp\htdocs\app_resto_ringgitayu\public\index.php(37): CodeIgniter\CodeIgniter->run()
#9 C:\xampp\htdocs\app_resto_ringgitayu\system\Commands\Server\rewrite.php(43): require_once('C:\\xampp\\htdocs...')
#10 {main}
CRITICAL - 2022-01-20 14:55:10 --> Undefined index: jenis kelamin
#0 C:\xampp\htdocs\app_resto_ringgitayu\app\Views\user.php(24): CodeIgniter\Debug\Exceptions->errorHandler(8, 'Undefined index...', 'C:\\xampp\\htdocs...', 24, Array)
#1 C:\xampp\htdocs\app_resto_ringgitayu\system\View\View.php(210): include('C:\\xampp\\htdocs...')
#2 C:\xampp\htdocs\app_resto_ringgitayu\system\View\View.php(213): CodeIgniter\View\View->CodeIgniter\View\{closure}()
#3 C:\xampp\htdocs\app_resto_ringgitayu\system\Common.php(1089): CodeIgniter\View\View->render('user', Array, true)
#4 C:\xampp\htdocs\app_resto_ringgitayu\app\Controllers\UserController.php(12): view('user', Array)
#5 C:\xampp\htdocs\app_resto_ringgitayu\system\CodeIgniter.php(825): App\Controllers\UserController->tampil()
#6 C:\xampp\htdocs\app_resto_ringgitayu\system\CodeIgniter.php(412): CodeIgniter\CodeIgniter->runController(Object(App\Controllers\UserController))
#7 C:\xampp\htdocs\app_resto_ringgitayu\system\CodeIgniter.php(320): CodeIgniter\CodeIgniter->handleRequest(NULL, Object(Config\Cache), false)
#8 C:\xampp\htdocs\app_resto_ringgitayu\public\index.php(37): CodeIgniter\CodeIgniter->run()
#9 C:\xampp\htdocs\app_resto_ringgitayu\system\Commands\Server\rewrite.php(43): require_once('C:\\xampp\\htdocs...')
#10 {main}
