CRITICAL - 2022-02-02 03:21:45 --> Call to undefined function bese_url()
#0 C:\xampp\htdocs\app_resto_ringgitayu\system\View\View.php(210): include()
#1 C:\xampp\htdocs\app_resto_ringgitayu\system\View\View.php(213): CodeIgniter\View\View->CodeIgniter\View\{closure}()
#2 C:\xampp\htdocs\app_resto_ringgitayu\system\Common.php(1089): CodeIgniter\View\View->render('pesan', Array, true)
#3 C:\xampp\htdocs\app_resto_ringgitayu\app\Controllers\PesanController.php(38): view('pesan', Array)
#4 C:\xampp\htdocs\app_resto_ringgitayu\system\CodeIgniter.php(825): App\Controllers\PesanController->index()
#5 C:\xampp\htdocs\app_resto_ringgitayu\system\CodeIgniter.php(412): CodeIgniter\CodeIgniter->runController(Object(App\Controllers\PesanController))
#6 C:\xampp\htdocs\app_resto_ringgitayu\system\CodeIgniter.php(320): CodeIgniter\CodeIgniter->handleRequest(NULL, Object(Config\Cache), false)
#7 C:\xampp\htdocs\app_resto_ringgitayu\public\index.php(37): CodeIgniter\CodeIgniter->run()
#8 C:\xampp\htdocs\app_resto_ringgitayu\system\Commands\Server\rewrite.php(43): require_once('C:\\xampp\\htdocs...')
#9 {main}
CRITICAL - 2022-02-02 03:22:58 --> Call to undefined function bese_url()
#0 C:\xampp\htdocs\app_resto_ringgitayu\system\View\View.php(210): include()
#1 C:\xampp\htdocs\app_resto_ringgitayu\system\View\View.php(213): CodeIgniter\View\View->CodeIgniter\View\{closure}()
#2 C:\xampp\htdocs\app_resto_ringgitayu\system\Common.php(1089): CodeIgniter\View\View->render('pesan', Array, true)
#3 C:\xampp\htdocs\app_resto_ringgitayu\app\Controllers\PesanController.php(38): view('pesan', Array)
#4 C:\xampp\htdocs\app_resto_ringgitayu\system\CodeIgniter.php(825): App\Controllers\PesanController->index()
#5 C:\xampp\htdocs\app_resto_ringgitayu\system\CodeIgniter.php(412): CodeIgniter\CodeIgniter->runController(Object(App\Controllers\PesanController))
#6 C:\xampp\htdocs\app_resto_ringgitayu\system\CodeIgniter.php(320): CodeIgniter\CodeIgniter->handleRequest(NULL, Object(Config\Cache), false)
#7 C:\xampp\htdocs\app_resto_ringgitayu\public\index.php(37): CodeIgniter\CodeIgniter->run()
#8 C:\xampp\htdocs\app_resto_ringgitayu\system\Commands\Server\rewrite.php(43): require_once('C:\\xampp\\htdocs...')
#9 {main}
CRITICAL - 2022-02-02 03:24:22 --> Call to undefined function bese_url()
#0 C:\xampp\htdocs\app_resto_ringgitayu\system\View\View.php(210): include()
#1 C:\xampp\htdocs\app_resto_ringgitayu\system\View\View.php(213): CodeIgniter\View\View->CodeIgniter\View\{closure}()
#2 C:\xampp\htdocs\app_resto_ringgitayu\system\Common.php(1089): CodeIgniter\View\View->render('pesan', Array, true)
#3 C:\xampp\htdocs\app_resto_ringgitayu\app\Controllers\PesanController.php(38): view('pesan', Array)
#4 C:\xampp\htdocs\app_resto_ringgitayu\system\CodeIgniter.php(825): App\Controllers\PesanController->index()
#5 C:\xampp\htdocs\app_resto_ringgitayu\system\CodeIgniter.php(412): CodeIgniter\CodeIgniter->runController(Object(App\Controllers\PesanController))
#6 C:\xampp\htdocs\app_resto_ringgitayu\system\CodeIgniter.php(320): CodeIgniter\CodeIgniter->handleRequest(NULL, Object(Config\Cache), false)
#7 C:\xampp\htdocs\app_resto_ringgitayu\public\index.php(37): CodeIgniter\CodeIgniter->run()
#8 C:\xampp\htdocs\app_resto_ringgitayu\system\Commands\Server\rewrite.php(43): require_once('C:\\xampp\\htdocs...')
#9 {main}
CRITICAL - 2022-02-02 03:45:11 --> Class 'App\Controllers\DetailPesanModel' not found
#0 C:\xampp\htdocs\app_resto_ringgitayu\system\CodeIgniter.php(802): App\Controllers\PesanController->__construct()
#1 C:\xampp\htdocs\app_resto_ringgitayu\system\CodeIgniter.php(403): CodeIgniter\CodeIgniter->createController()
#2 C:\xampp\htdocs\app_resto_ringgitayu\system\CodeIgniter.php(320): CodeIgniter\CodeIgniter->handleRequest(NULL, Object(Config\Cache), false)
#3 C:\xampp\htdocs\app_resto_ringgitayu\public\index.php(37): CodeIgniter\CodeIgniter->run()
#4 C:\xampp\htdocs\app_resto_ringgitayu\system\Commands\Server\rewrite.php(43): require_once('C:\\xampp\\htdocs...')
#5 {main}
CRITICAL - 2022-02-02 03:47:51 --> Class 'App\Controllers\DetailPesanModel' not found
#0 C:\xampp\htdocs\app_resto_ringgitayu\system\CodeIgniter.php(802): App\Controllers\PesanController->__construct()
#1 C:\xampp\htdocs\app_resto_ringgitayu\system\CodeIgniter.php(403): CodeIgniter\CodeIgniter->createController()
#2 C:\xampp\htdocs\app_resto_ringgitayu\system\CodeIgniter.php(320): CodeIgniter\CodeIgniter->handleRequest(NULL, Object(Config\Cache), false)
#3 C:\xampp\htdocs\app_resto_ringgitayu\public\index.php(37): CodeIgniter\CodeIgniter->run()
#4 C:\xampp\htdocs\app_resto_ringgitayu\system\Commands\Server\rewrite.php(43): require_once('C:\\xampp\\htdocs...')
#5 {main}
CRITICAL - 2022-02-02 03:52:39 --> Class 'App\Controllers\DetailPesanModel' not found
#0 C:\xampp\htdocs\app_resto_ringgitayu\system\CodeIgniter.php(802): App\Controllers\PesanController->__construct()
#1 C:\xampp\htdocs\app_resto_ringgitayu\system\CodeIgniter.php(403): CodeIgniter\CodeIgniter->createController()
#2 C:\xampp\htdocs\app_resto_ringgitayu\system\CodeIgniter.php(320): CodeIgniter\CodeIgniter->handleRequest(NULL, Object(Config\Cache), false)
#3 C:\xampp\htdocs\app_resto_ringgitayu\public\index.php(37): CodeIgniter\CodeIgniter->run()
#4 C:\xampp\htdocs\app_resto_ringgitayu\system\Commands\Server\rewrite.php(43): require_once('C:\\xampp\\htdocs...')
#5 {main}
CRITICAL - 2022-02-02 03:57:41 --> Class 'App\models\DetailpesanModel' not found
#0 C:\xampp\htdocs\app_resto_ringgitayu\system\CodeIgniter.php(802): App\Controllers\PesanController->__construct()
#1 C:\xampp\htdocs\app_resto_ringgitayu\system\CodeIgniter.php(403): CodeIgniter\CodeIgniter->createController()
#2 C:\xampp\htdocs\app_resto_ringgitayu\system\CodeIgniter.php(320): CodeIgniter\CodeIgniter->handleRequest(NULL, Object(Config\Cache), false)
#3 C:\xampp\htdocs\app_resto_ringgitayu\public\index.php(37): CodeIgniter\CodeIgniter->run()
#4 C:\xampp\htdocs\app_resto_ringgitayu\system\Commands\Server\rewrite.php(43): require_once('C:\\xampp\\htdocs...')
#5 {main}
CRITICAL - 2022-02-02 03:57:50 --> Class 'App\models\DetailpesanModel' not found
#0 C:\xampp\htdocs\app_resto_ringgitayu\system\CodeIgniter.php(802): App\Controllers\PesanController->__construct()
#1 C:\xampp\htdocs\app_resto_ringgitayu\system\CodeIgniter.php(403): CodeIgniter\CodeIgniter->createController()
#2 C:\xampp\htdocs\app_resto_ringgitayu\system\CodeIgniter.php(320): CodeIgniter\CodeIgniter->handleRequest(NULL, Object(Config\Cache), false)
#3 C:\xampp\htdocs\app_resto_ringgitayu\public\index.php(37): CodeIgniter\CodeIgniter->run()
#4 C:\xampp\htdocs\app_resto_ringgitayu\system\Commands\Server\rewrite.php(43): require_once('C:\\xampp\\htdocs...')
#5 {main}
CRITICAL - 2022-02-02 03:59:29 --> Class 'App\models\DetailpesanModel' not found
#0 C:\xampp\htdocs\app_resto_ringgitayu\system\CodeIgniter.php(802): App\Controllers\PesanController->__construct()
#1 C:\xampp\htdocs\app_resto_ringgitayu\system\CodeIgniter.php(403): CodeIgniter\CodeIgniter->createController()
#2 C:\xampp\htdocs\app_resto_ringgitayu\system\CodeIgniter.php(320): CodeIgniter\CodeIgniter->handleRequest(NULL, Object(Config\Cache), false)
#3 C:\xampp\htdocs\app_resto_ringgitayu\public\index.php(37): CodeIgniter\CodeIgniter->run()
#4 C:\xampp\htdocs\app_resto_ringgitayu\system\Commands\Server\rewrite.php(43): require_once('C:\\xampp\\htdocs...')
#5 {main}
CRITICAL - 2022-02-02 04:06:39 --> Call to undefined function bese_url()
#0 C:\xampp\htdocs\app_resto_ringgitayu\system\View\View.php(210): include()
#1 C:\xampp\htdocs\app_resto_ringgitayu\system\View\View.php(213): CodeIgniter\View\View->CodeIgniter\View\{closure}()
#2 C:\xampp\htdocs\app_resto_ringgitayu\system\Common.php(1089): CodeIgniter\View\View->render('pesan', Array, true)
#3 C:\xampp\htdocs\app_resto_ringgitayu\app\Controllers\PesanController.php(38): view('pesan', Array)
#4 C:\xampp\htdocs\app_resto_ringgitayu\system\CodeIgniter.php(825): App\Controllers\PesanController->index()
#5 C:\xampp\htdocs\app_resto_ringgitayu\system\CodeIgniter.php(412): CodeIgniter\CodeIgniter->runController(Object(App\Controllers\PesanController))
#6 C:\xampp\htdocs\app_resto_ringgitayu\system\CodeIgniter.php(320): CodeIgniter\CodeIgniter->handleRequest(NULL, Object(Config\Cache), false)
#7 C:\xampp\htdocs\app_resto_ringgitayu\public\index.php(37): CodeIgniter\CodeIgniter->run()
#8 C:\xampp\htdocs\app_resto_ringgitayu\system\Commands\Server\rewrite.php(43): require_once('C:\\xampp\\htdocs...')
#9 {main}
CRITICAL - 2022-02-02 04:06:53 --> Call to undefined function bese_url()
#0 C:\xampp\htdocs\app_resto_ringgitayu\system\View\View.php(210): include()
#1 C:\xampp\htdocs\app_resto_ringgitayu\system\View\View.php(213): CodeIgniter\View\View->CodeIgniter\View\{closure}()
#2 C:\xampp\htdocs\app_resto_ringgitayu\system\Common.php(1089): CodeIgniter\View\View->render('pesan', Array, true)
#3 C:\xampp\htdocs\app_resto_ringgitayu\app\Controllers\PesanController.php(38): view('pesan', Array)
#4 C:\xampp\htdocs\app_resto_ringgitayu\system\CodeIgniter.php(825): App\Controllers\PesanController->index()
#5 C:\xampp\htdocs\app_resto_ringgitayu\system\CodeIgniter.php(412): CodeIgniter\CodeIgniter->runController(Object(App\Controllers\PesanController))
#6 C:\xampp\htdocs\app_resto_ringgitayu\system\CodeIgniter.php(320): CodeIgniter\CodeIgniter->handleRequest(NULL, Object(Config\Cache), false)
#7 C:\xampp\htdocs\app_resto_ringgitayu\public\index.php(37): CodeIgniter\CodeIgniter->run()
#8 C:\xampp\htdocs\app_resto_ringgitayu\system\Commands\Server\rewrite.php(43): require_once('C:\\xampp\\htdocs...')
#9 {main}
CRITICAL - 2022-02-02 04:07:29 --> Call to undefined function bese_url()
#0 C:\xampp\htdocs\app_resto_ringgitayu\system\View\View.php(210): include()
#1 C:\xampp\htdocs\app_resto_ringgitayu\system\View\View.php(213): CodeIgniter\View\View->CodeIgniter\View\{closure}()
#2 C:\xampp\htdocs\app_resto_ringgitayu\system\Common.php(1089): CodeIgniter\View\View->render('pesan', Array, true)
#3 C:\xampp\htdocs\app_resto_ringgitayu\app\Controllers\PesanController.php(38): view('pesan', Array)
#4 C:\xampp\htdocs\app_resto_ringgitayu\system\CodeIgniter.php(825): App\Controllers\PesanController->index()
#5 C:\xampp\htdocs\app_resto_ringgitayu\system\CodeIgniter.php(412): CodeIgniter\CodeIgniter->runController(Object(App\Controllers\PesanController))
#6 C:\xampp\htdocs\app_resto_ringgitayu\system\CodeIgniter.php(320): CodeIgniter\CodeIgniter->handleRequest(NULL, Object(Config\Cache), false)
#7 C:\xampp\htdocs\app_resto_ringgitayu\public\index.php(37): CodeIgniter\CodeIgniter->run()
#8 C:\xampp\htdocs\app_resto_ringgitayu\system\Commands\Server\rewrite.php(43): require_once('C:\\xampp\\htdocs...')
#9 {main}
CRITICAL - 2022-02-02 04:09:24 --> Call to undefined function bese_url()
#0 C:\xampp\htdocs\app_resto_ringgitayu\system\View\View.php(210): include()
#1 C:\xampp\htdocs\app_resto_ringgitayu\system\View\View.php(213): CodeIgniter\View\View->CodeIgniter\View\{closure}()
#2 C:\xampp\htdocs\app_resto_ringgitayu\system\Common.php(1089): CodeIgniter\View\View->render('pesan', Array, true)
#3 C:\xampp\htdocs\app_resto_ringgitayu\app\Controllers\PesanController.php(38): view('pesan', Array)
#4 C:\xampp\htdocs\app_resto_ringgitayu\system\CodeIgniter.php(825): App\Controllers\PesanController->index()
#5 C:\xampp\htdocs\app_resto_ringgitayu\system\CodeIgniter.php(412): CodeIgniter\CodeIgniter->runController(Object(App\Controllers\PesanController))
#6 C:\xampp\htdocs\app_resto_ringgitayu\system\CodeIgniter.php(320): CodeIgniter\CodeIgniter->handleRequest(NULL, Object(Config\Cache), false)
#7 C:\xampp\htdocs\app_resto_ringgitayu\public\index.php(37): CodeIgniter\CodeIgniter->run()
#8 C:\xampp\htdocs\app_resto_ringgitayu\system\Commands\Server\rewrite.php(43): require_once('C:\\xampp\\htdocs...')
#9 {main}
CRITICAL - 2022-02-02 04:09:36 --> Call to undefined function bese_url()
#0 C:\xampp\htdocs\app_resto_ringgitayu\system\View\View.php(210): include()
#1 C:\xampp\htdocs\app_resto_ringgitayu\system\View\View.php(213): CodeIgniter\View\View->CodeIgniter\View\{closure}()
#2 C:\xampp\htdocs\app_resto_ringgitayu\system\Common.php(1089): CodeIgniter\View\View->render('pesan', Array, true)
#3 C:\xampp\htdocs\app_resto_ringgitayu\app\Controllers\PesanController.php(38): view('pesan', Array)
#4 C:\xampp\htdocs\app_resto_ringgitayu\system\CodeIgniter.php(825): App\Controllers\PesanController->index()
#5 C:\xampp\htdocs\app_resto_ringgitayu\system\CodeIgniter.php(412): CodeIgniter\CodeIgniter->runController(Object(App\Controllers\PesanController))
#6 C:\xampp\htdocs\app_resto_ringgitayu\system\CodeIgniter.php(320): CodeIgniter\CodeIgniter->handleRequest(NULL, Object(Config\Cache), false)
#7 C:\xampp\htdocs\app_resto_ringgitayu\public\index.php(37): CodeIgniter\CodeIgniter->run()
#8 C:\xampp\htdocs\app_resto_ringgitayu\system\Commands\Server\rewrite.php(43): require_once('C:\\xampp\\htdocs...')
#9 {main}
CRITICAL - 2022-02-02 04:11:45 --> Call to undefined function bese_url()
#0 C:\xampp\htdocs\app_resto_ringgitayu\system\View\View.php(210): include()
#1 C:\xampp\htdocs\app_resto_ringgitayu\system\View\View.php(213): CodeIgniter\View\View->CodeIgniter\View\{closure}()
#2 C:\xampp\htdocs\app_resto_ringgitayu\system\Common.php(1089): CodeIgniter\View\View->render('pesan', Array, true)
#3 C:\xampp\htdocs\app_resto_ringgitayu\app\Controllers\PesanController.php(38): view('pesan', Array)
#4 C:\xampp\htdocs\app_resto_ringgitayu\system\CodeIgniter.php(825): App\Controllers\PesanController->index()
#5 C:\xampp\htdocs\app_resto_ringgitayu\system\CodeIgniter.php(412): CodeIgniter\CodeIgniter->runController(Object(App\Controllers\PesanController))
#6 C:\xampp\htdocs\app_resto_ringgitayu\system\CodeIgniter.php(320): CodeIgniter\CodeIgniter->handleRequest(NULL, Object(Config\Cache), false)
#7 C:\xampp\htdocs\app_resto_ringgitayu\public\index.php(37): CodeIgniter\CodeIgniter->run()
#8 C:\xampp\htdocs\app_resto_ringgitayu\system\Commands\Server\rewrite.php(43): require_once('C:\\xampp\\htdocs...')
#9 {main}
CRITICAL - 2022-02-02 04:12:42 --> Call to undefined function bese_url()
#0 C:\xampp\htdocs\app_resto_ringgitayu\system\View\View.php(210): include()
#1 C:\xampp\htdocs\app_resto_ringgitayu\system\View\View.php(213): CodeIgniter\View\View->CodeIgniter\View\{closure}()
#2 C:\xampp\htdocs\app_resto_ringgitayu\system\Common.php(1089): CodeIgniter\View\View->render('pesan', Array, true)
#3 C:\xampp\htdocs\app_resto_ringgitayu\app\Controllers\PesanController.php(38): view('pesan', Array)
#4 C:\xampp\htdocs\app_resto_ringgitayu\system\CodeIgniter.php(825): App\Controllers\PesanController->index()
#5 C:\xampp\htdocs\app_resto_ringgitayu\system\CodeIgniter.php(412): CodeIgniter\CodeIgniter->runController(Object(App\Controllers\PesanController))
#6 C:\xampp\htdocs\app_resto_ringgitayu\system\CodeIgniter.php(320): CodeIgniter\CodeIgniter->handleRequest(NULL, Object(Config\Cache), false)
#7 C:\xampp\htdocs\app_resto_ringgitayu\public\index.php(37): CodeIgniter\CodeIgniter->run()
#8 C:\xampp\htdocs\app_resto_ringgitayu\system\Commands\Server\rewrite.php(43): require_once('C:\\xampp\\htdocs...')
#9 {main}
CRITICAL - 2022-02-02 04:15:07 --> Call to undefined function bese_url()
#0 C:\xampp\htdocs\app_resto_ringgitayu\system\View\View.php(210): include()
#1 C:\xampp\htdocs\app_resto_ringgitayu\system\View\View.php(213): CodeIgniter\View\View->CodeIgniter\View\{closure}()
#2 C:\xampp\htdocs\app_resto_ringgitayu\system\Common.php(1089): CodeIgniter\View\View->render('pesan', Array, true)
#3 C:\xampp\htdocs\app_resto_ringgitayu\app\Controllers\PesanController.php(38): view('pesan', Array)
#4 C:\xampp\htdocs\app_resto_ringgitayu\system\CodeIgniter.php(825): App\Controllers\PesanController->index()
#5 C:\xampp\htdocs\app_resto_ringgitayu\system\CodeIgniter.php(412): CodeIgniter\CodeIgniter->runController(Object(App\Controllers\PesanController))
#6 C:\xampp\htdocs\app_resto_ringgitayu\system\CodeIgniter.php(320): CodeIgniter\CodeIgniter->handleRequest(NULL, Object(Config\Cache), false)
#7 C:\xampp\htdocs\app_resto_ringgitayu\public\index.php(37): CodeIgniter\CodeIgniter->run()
#8 C:\xampp\htdocs\app_resto_ringgitayu\system\Commands\Server\rewrite.php(43): require_once('C:\\xampp\\htdocs...')
#9 {main}
CRITICAL - 2022-02-02 08:26:48 --> Undefined property: App\Controllers\PesanController::$men
#0 C:\xampp\htdocs\app_resto_ringgitayu\app\Controllers\PesanController.php(44): CodeIgniter\Debug\Exceptions->errorHandler(8, 'Undefined prope...', 'C:\\xampp\\htdocs...', 44, Array)
#1 C:\xampp\htdocs\app_resto_ringgitayu\system\CodeIgniter.php(825): App\Controllers\PesanController->addCart()
#2 C:\xampp\htdocs\app_resto_ringgitayu\system\CodeIgniter.php(412): CodeIgniter\CodeIgniter->runController(Object(App\Controllers\PesanController))
#3 C:\xampp\htdocs\app_resto_ringgitayu\system\CodeIgniter.php(320): CodeIgniter\CodeIgniter->handleRequest(NULL, Object(Config\Cache), false)
#4 C:\xampp\htdocs\app_resto_ringgitayu\public\index.php(37): CodeIgniter\CodeIgniter->run()
#5 C:\xampp\htdocs\app_resto_ringgitayu\system\Commands\Server\rewrite.php(43): require_once('C:\\xampp\\htdocs...')
#6 {main}
CRITICAL - 2022-02-02 08:27:32 --> Undefined index: nama
#0 C:\xampp\htdocs\app_resto_ringgitayu\app\Controllers\PesanController.php(50): CodeIgniter\Debug\Exceptions->errorHandler(8, 'Undefined index...', 'C:\\xampp\\htdocs...', 50, Array)
#1 C:\xampp\htdocs\app_resto_ringgitayu\system\CodeIgniter.php(825): App\Controllers\PesanController->addCart()
#2 C:\xampp\htdocs\app_resto_ringgitayu\system\CodeIgniter.php(412): CodeIgniter\CodeIgniter->runController(Object(App\Controllers\PesanController))
#3 C:\xampp\htdocs\app_resto_ringgitayu\system\CodeIgniter.php(320): CodeIgniter\CodeIgniter->handleRequest(NULL, Object(Config\Cache), false)
#4 C:\xampp\htdocs\app_resto_ringgitayu\public\index.php(37): CodeIgniter\CodeIgniter->run()
#5 C:\xampp\htdocs\app_resto_ringgitayu\system\Commands\Server\rewrite.php(43): require_once('C:\\xampp\\htdocs...')
#6 {main}
CRITICAL - 2022-02-02 08:29:50 --> Undefined index: nama
#0 C:\xampp\htdocs\app_resto_ringgitayu\app\Controllers\PesanController.php(50): CodeIgniter\Debug\Exceptions->errorHandler(8, 'Undefined index...', 'C:\\xampp\\htdocs...', 50, Array)
#1 C:\xampp\htdocs\app_resto_ringgitayu\system\CodeIgniter.php(825): App\Controllers\PesanController->addCart()
#2 C:\xampp\htdocs\app_resto_ringgitayu\system\CodeIgniter.php(412): CodeIgniter\CodeIgniter->runController(Object(App\Controllers\PesanController))
#3 C:\xampp\htdocs\app_resto_ringgitayu\system\CodeIgniter.php(320): CodeIgniter\CodeIgniter->handleRequest(NULL, Object(Config\Cache), false)
#4 C:\xampp\htdocs\app_resto_ringgitayu\public\index.php(37): CodeIgniter\CodeIgniter->run()
#5 C:\xampp\htdocs\app_resto_ringgitayu\system\Commands\Server\rewrite.php(43): require_once('C:\\xampp\\htdocs...')
#6 {main}
CRITICAL - 2022-02-02 08:30:39 --> Undefined index: nama
#0 C:\xampp\htdocs\app_resto_ringgitayu\app\Controllers\PesanController.php(50): CodeIgniter\Debug\Exceptions->errorHandler(8, 'Undefined index...', 'C:\\xampp\\htdocs...', 50, Array)
#1 C:\xampp\htdocs\app_resto_ringgitayu\system\CodeIgniter.php(825): App\Controllers\PesanController->addCart()
#2 C:\xampp\htdocs\app_resto_ringgitayu\system\CodeIgniter.php(412): CodeIgniter\CodeIgniter->runController(Object(App\Controllers\PesanController))
#3 C:\xampp\htdocs\app_resto_ringgitayu\system\CodeIgniter.php(320): CodeIgniter\CodeIgniter->handleRequest(NULL, Object(Config\Cache), false)
#4 C:\xampp\htdocs\app_resto_ringgitayu\public\index.php(37): CodeIgniter\CodeIgniter->run()
#5 C:\xampp\htdocs\app_resto_ringgitayu\system\Commands\Server\rewrite.php(43): require_once('C:\\xampp\\htdocs...')
#6 {main}
CRITICAL - 2022-02-02 08:33:36 --> Undefined index: nama
#0 C:\xampp\htdocs\app_resto_ringgitayu\app\Controllers\PesanController.php(50): CodeIgniter\Debug\Exceptions->errorHandler(8, 'Undefined index...', 'C:\\xampp\\htdocs...', 50, Array)
#1 C:\xampp\htdocs\app_resto_ringgitayu\system\CodeIgniter.php(825): App\Controllers\PesanController->addCart()
#2 C:\xampp\htdocs\app_resto_ringgitayu\system\CodeIgniter.php(412): CodeIgniter\CodeIgniter->runController(Object(App\Controllers\PesanController))
#3 C:\xampp\htdocs\app_resto_ringgitayu\system\CodeIgniter.php(320): CodeIgniter\CodeIgniter->handleRequest(NULL, Object(Config\Cache), false)
#4 C:\xampp\htdocs\app_resto_ringgitayu\public\index.php(37): CodeIgniter\CodeIgniter->run()
#5 C:\xampp\htdocs\app_resto_ringgitayu\system\Commands\Server\rewrite.php(43): require_once('C:\\xampp\\htdocs...')
#6 {main}
CRITICAL - 2022-02-02 08:34:11 --> Undefined index: nama
#0 C:\xampp\htdocs\app_resto_ringgitayu\app\Controllers\PesanController.php(50): CodeIgniter\Debug\Exceptions->errorHandler(8, 'Undefined index...', 'C:\\xampp\\htdocs...', 50, Array)
#1 C:\xampp\htdocs\app_resto_ringgitayu\system\CodeIgniter.php(825): App\Controllers\PesanController->addCart()
#2 C:\xampp\htdocs\app_resto_ringgitayu\system\CodeIgniter.php(412): CodeIgniter\CodeIgniter->runController(Object(App\Controllers\PesanController))
#3 C:\xampp\htdocs\app_resto_ringgitayu\system\CodeIgniter.php(320): CodeIgniter\CodeIgniter->handleRequest(NULL, Object(Config\Cache), false)
#4 C:\xampp\htdocs\app_resto_ringgitayu\public\index.php(37): CodeIgniter\CodeIgniter->run()
#5 C:\xampp\htdocs\app_resto_ringgitayu\system\Commands\Server\rewrite.php(43): require_once('C:\\xampp\\htdocs...')
#6 {main}
CRITICAL - 2022-02-02 08:35:13 --> Undefined index: nama
#0 C:\xampp\htdocs\app_resto_ringgitayu\app\Controllers\PesanController.php(50): CodeIgniter\Debug\Exceptions->errorHandler(8, 'Undefined index...', 'C:\\xampp\\htdocs...', 50, Array)
#1 C:\xampp\htdocs\app_resto_ringgitayu\system\CodeIgniter.php(825): App\Controllers\PesanController->addCart()
#2 C:\xampp\htdocs\app_resto_ringgitayu\system\CodeIgniter.php(412): CodeIgniter\CodeIgniter->runController(Object(App\Controllers\PesanController))
#3 C:\xampp\htdocs\app_resto_ringgitayu\system\CodeIgniter.php(320): CodeIgniter\CodeIgniter->handleRequest(NULL, Object(Config\Cache), false)
#4 C:\xampp\htdocs\app_resto_ringgitayu\public\index.php(37): CodeIgniter\CodeIgniter->run()
#5 C:\xampp\htdocs\app_resto_ringgitayu\system\Commands\Server\rewrite.php(43): require_once('C:\\xampp\\htdocs...')
#6 {main}
CRITICAL - 2022-02-02 08:50:47 --> Undefined index: nama
#0 C:\xampp\htdocs\app_resto_ringgitayu\app\Controllers\PesanController.php(53): CodeIgniter\Debug\Exceptions->errorHandler(8, 'Undefined index...', 'C:\\xampp\\htdocs...', 53, Array)
#1 C:\xampp\htdocs\app_resto_ringgitayu\system\CodeIgniter.php(825): App\Controllers\PesanController->addCart()
#2 C:\xampp\htdocs\app_resto_ringgitayu\system\CodeIgniter.php(412): CodeIgniter\CodeIgniter->runController(Object(App\Controllers\PesanController))
#3 C:\xampp\htdocs\app_resto_ringgitayu\system\CodeIgniter.php(320): CodeIgniter\CodeIgniter->handleRequest(NULL, Object(Config\Cache), false)
#4 C:\xampp\htdocs\app_resto_ringgitayu\public\index.php(37): CodeIgniter\CodeIgniter->run()
#5 C:\xampp\htdocs\app_resto_ringgitayu\system\Commands\Server\rewrite.php(43): require_once('C:\\xampp\\htdocs...')
#6 {main}
CRITICAL - 2022-02-02 12:04:05 --> Undefined index: nama
#0 C:\xampp\htdocs\app_resto_ringgitayu\app\Controllers\PesanController.php(53): CodeIgniter\Debug\Exceptions->errorHandler(8, 'Undefined index...', 'C:\\xampp\\htdocs...', 53, Array)
#1 C:\xampp\htdocs\app_resto_ringgitayu\system\CodeIgniter.php(825): App\Controllers\PesanController->addCart()
#2 C:\xampp\htdocs\app_resto_ringgitayu\system\CodeIgniter.php(412): CodeIgniter\CodeIgniter->runController(Object(App\Controllers\PesanController))
#3 C:\xampp\htdocs\app_resto_ringgitayu\system\CodeIgniter.php(320): CodeIgniter\CodeIgniter->handleRequest(NULL, Object(Config\Cache), false)
#4 C:\xampp\htdocs\app_resto_ringgitayu\public\index.php(37): CodeIgniter\CodeIgniter->run()
#5 C:\xampp\htdocs\app_resto_ringgitayu\system\Commands\Server\rewrite.php(43): require_once('C:\\xampp\\htdocs...')
#6 {main}
CRITICAL - 2022-02-02 12:08:04 --> Undefined index: nama
#0 C:\xampp\htdocs\app_resto_ringgitayu\app\Controllers\PesanController.php(53): CodeIgniter\Debug\Exceptions->errorHandler(8, 'Undefined index...', 'C:\\xampp\\htdocs...', 53, Array)
#1 C:\xampp\htdocs\app_resto_ringgitayu\system\CodeIgniter.php(825): App\Controllers\PesanController->addCart()
#2 C:\xampp\htdocs\app_resto_ringgitayu\system\CodeIgniter.php(412): CodeIgniter\CodeIgniter->runController(Object(App\Controllers\PesanController))
#3 C:\xampp\htdocs\app_resto_ringgitayu\system\CodeIgniter.php(320): CodeIgniter\CodeIgniter->handleRequest(NULL, Object(Config\Cache), false)
#4 C:\xampp\htdocs\app_resto_ringgitayu\public\index.php(37): CodeIgniter\CodeIgniter->run()
#5 C:\xampp\htdocs\app_resto_ringgitayu\system\Commands\Server\rewrite.php(43): require_once('C:\\xampp\\htdocs...')
#6 {main}
CRITICAL - 2022-02-02 14:26:07 --> Undefined index: nama
#0 C:\xampp\htdocs\app_resto_ringgitayu\app\Controllers\PesanController.php(53): CodeIgniter\Debug\Exceptions->errorHandler(8, 'Undefined index...', 'C:\\xampp\\htdocs...', 53, Array)
#1 C:\xampp\htdocs\app_resto_ringgitayu\system\CodeIgniter.php(825): App\Controllers\PesanController->addCart()
#2 C:\xampp\htdocs\app_resto_ringgitayu\system\CodeIgniter.php(412): CodeIgniter\CodeIgniter->runController(Object(App\Controllers\PesanController))
#3 C:\xampp\htdocs\app_resto_ringgitayu\system\CodeIgniter.php(320): CodeIgniter\CodeIgniter->handleRequest(NULL, Object(Config\Cache), false)
#4 C:\xampp\htdocs\app_resto_ringgitayu\public\index.php(37): CodeIgniter\CodeIgniter->run()
#5 C:\xampp\htdocs\app_resto_ringgitayu\system\Commands\Server\rewrite.php(43): require_once('C:\\xampp\\htdocs...')
#6 {main}
