CRITICAL - 2022-01-27 21:38:04 --> Invalid file: layouts/admin.php
#0 C:\xampp\htdocs\app_resto_refina\system\View\View.php(198): CodeIgniter\Exceptions\FrameworkException::forInvalidFile('layouts/admin.p...')
#1 C:\xampp\htdocs\app_resto_refina\system\View\View.php(226): CodeIgniter\View\View->render('layouts/admin', Array, true)
#2 C:\xampp\htdocs\app_resto_refina\system\Common.php(1089): CodeIgniter\View\View->render('dashboard', Array, true)
#3 C:\xampp\htdocs\app_resto_refina\app\Controllers\Home.php(13): view('dashboard')
#4 C:\xampp\htdocs\app_resto_refina\system\CodeIgniter.php(825): App\Controllers\Home->dashboard()
#5 C:\xampp\htdocs\app_resto_refina\system\CodeIgniter.php(412): CodeIgniter\CodeIgniter->runController(Object(App\Controllers\Home))
#6 C:\xampp\htdocs\app_resto_refina\system\CodeIgniter.php(320): CodeIgniter\CodeIgniter->handleRequest(NULL, Object(Config\Cache), false)
#7 C:\xampp\htdocs\app_resto_refina\public\index.php(37): CodeIgniter\CodeIgniter->run()
#8 {main}
CRITICAL - 2022-01-27 21:40:07 --> Invalid file: layouts/admin.php
#0 C:\xampp\htdocs\app_resto_refina\system\View\View.php(198): CodeIgniter\Exceptions\FrameworkException::forInvalidFile('layouts/admin.p...')
#1 C:\xampp\htdocs\app_resto_refina\system\View\View.php(226): CodeIgniter\View\View->render('layouts/admin', Array, true)
#2 C:\xampp\htdocs\app_resto_refina\system\Common.php(1089): CodeIgniter\View\View->render('dashboard', Array, true)
#3 C:\xampp\htdocs\app_resto_refina\app\Controllers\Home.php(13): view('dashboard')
#4 C:\xampp\htdocs\app_resto_refina\system\CodeIgniter.php(825): App\Controllers\Home->dashboard()
#5 C:\xampp\htdocs\app_resto_refina\system\CodeIgniter.php(412): CodeIgniter\CodeIgniter->runController(Object(App\Controllers\Home))
#6 C:\xampp\htdocs\app_resto_refina\system\CodeIgniter.php(320): CodeIgniter\CodeIgniter->handleRequest(NULL, Object(Config\Cache), false)
#7 C:\xampp\htdocs\app_resto_refina\public\index.php(37): CodeIgniter\CodeIgniter->run()
#8 {main}
CRITICAL - 2022-01-27 21:41:41 --> Invalid file: layouts/admin.php
#0 C:\xampp\htdocs\app_resto_refina\system\View\View.php(198): CodeIgniter\Exceptions\FrameworkException::forInvalidFile('layouts/admin.p...')
#1 C:\xampp\htdocs\app_resto_refina\system\View\View.php(226): CodeIgniter\View\View->render('layouts/admin', Array, true)
#2 C:\xampp\htdocs\app_resto_refina\system\Common.php(1089): CodeIgniter\View\View->render('dashboard', Array, true)
#3 C:\xampp\htdocs\app_resto_refina\app\Controllers\Home.php(13): view('dashboard')
#4 C:\xampp\htdocs\app_resto_refina\system\CodeIgniter.php(825): App\Controllers\Home->dashboard()
#5 C:\xampp\htdocs\app_resto_refina\system\CodeIgniter.php(412): CodeIgniter\CodeIgniter->runController(Object(App\Controllers\Home))
#6 C:\xampp\htdocs\app_resto_refina\system\CodeIgniter.php(320): CodeIgniter\CodeIgniter->handleRequest(NULL, Object(Config\Cache), false)
#7 C:\xampp\htdocs\app_resto_refina\public\index.php(37): CodeIgniter\CodeIgniter->run()
#8 {main}
CRITICAL - 2022-01-27 21:42:18 --> Invalid file: layouts/admin.php
#0 C:\xampp\htdocs\app_resto_refina\system\View\View.php(198): CodeIgniter\Exceptions\FrameworkException::forInvalidFile('layouts/admin.p...')
#1 C:\xampp\htdocs\app_resto_refina\system\View\View.php(226): CodeIgniter\View\View->render('layouts/admin', Array, true)
#2 C:\xampp\htdocs\app_resto_refina\system\Common.php(1089): CodeIgniter\View\View->render('dashboard', Array, true)
#3 C:\xampp\htdocs\app_resto_refina\app\Controllers\Home.php(13): view('dashboard')
#4 C:\xampp\htdocs\app_resto_refina\system\CodeIgniter.php(825): App\Controllers\Home->dashboard()
#5 C:\xampp\htdocs\app_resto_refina\system\CodeIgniter.php(412): CodeIgniter\CodeIgniter->runController(Object(App\Controllers\Home))
#6 C:\xampp\htdocs\app_resto_refina\system\CodeIgniter.php(320): CodeIgniter\CodeIgniter->handleRequest(NULL, Object(Config\Cache), false)
#7 C:\xampp\htdocs\app_resto_refina\public\index.php(37): CodeIgniter\CodeIgniter->run()
#8 {main}
CRITICAL - 2022-01-27 21:42:23 --> Invalid file: layouts/admin.php
#0 C:\xampp\htdocs\app_resto_refina\system\View\View.php(198): CodeIgniter\Exceptions\FrameworkException::forInvalidFile('layouts/admin.p...')
#1 C:\xampp\htdocs\app_resto_refina\system\View\View.php(226): CodeIgniter\View\View->render('layouts/admin', Array, true)
#2 C:\xampp\htdocs\app_resto_refina\system\Common.php(1089): CodeIgniter\View\View->render('dashboard', Array, true)
#3 C:\xampp\htdocs\app_resto_refina\app\Controllers\Home.php(13): view('dashboard')
#4 C:\xampp\htdocs\app_resto_refina\system\CodeIgniter.php(825): App\Controllers\Home->dashboard()
#5 C:\xampp\htdocs\app_resto_refina\system\CodeIgniter.php(412): CodeIgniter\CodeIgniter->runController(Object(App\Controllers\Home))
#6 C:\xampp\htdocs\app_resto_refina\system\CodeIgniter.php(320): CodeIgniter\CodeIgniter->handleRequest(NULL, Object(Config\Cache), false)
#7 C:\xampp\htdocs\app_resto_refina\public\index.php(37): CodeIgniter\CodeIgniter->run()
#8 {main}
CRITICAL - 2022-01-27 21:43:28 --> Invalid file: layouts/admin.php
#0 C:\xampp\htdocs\app_resto_refina\system\View\View.php(198): CodeIgniter\Exceptions\FrameworkException::forInvalidFile('layouts/admin.p...')
#1 C:\xampp\htdocs\app_resto_refina\system\View\View.php(226): CodeIgniter\View\View->render('layouts/admin', Array, true)
#2 C:\xampp\htdocs\app_resto_refina\system\Common.php(1089): CodeIgniter\View\View->render('dashboard', Array, true)
#3 C:\xampp\htdocs\app_resto_refina\app\Controllers\Home.php(13): view('dashboard')
#4 C:\xampp\htdocs\app_resto_refina\system\CodeIgniter.php(825): App\Controllers\Home->dashboard()
#5 C:\xampp\htdocs\app_resto_refina\system\CodeIgniter.php(412): CodeIgniter\CodeIgniter->runController(Object(App\Controllers\Home))
#6 C:\xampp\htdocs\app_resto_refina\system\CodeIgniter.php(320): CodeIgniter\CodeIgniter->handleRequest(NULL, Object(Config\Cache), false)
#7 C:\xampp\htdocs\app_resto_refina\public\index.php(37): CodeIgniter\CodeIgniter->run()
#8 {main}
CRITICAL - 2022-01-27 21:44:27 --> Invalid file: layouts/admin.php
#0 C:\xampp\htdocs\app_resto_refina\system\View\View.php(198): CodeIgniter\Exceptions\FrameworkException::forInvalidFile('layouts/admin.p...')
#1 C:\xampp\htdocs\app_resto_refina\system\View\View.php(226): CodeIgniter\View\View->render('layouts/admin', Array, true)
#2 C:\xampp\htdocs\app_resto_refina\system\Common.php(1089): CodeIgniter\View\View->render('dashboard', Array, true)
#3 C:\xampp\htdocs\app_resto_refina\app\Controllers\Home.php(13): view('dashboard')
#4 C:\xampp\htdocs\app_resto_refina\system\CodeIgniter.php(825): App\Controllers\Home->dashboard()
#5 C:\xampp\htdocs\app_resto_refina\system\CodeIgniter.php(412): CodeIgniter\CodeIgniter->runController(Object(App\Controllers\Home))
#6 C:\xampp\htdocs\app_resto_refina\system\CodeIgniter.php(320): CodeIgniter\CodeIgniter->handleRequest(NULL, Object(Config\Cache), false)
#7 C:\xampp\htdocs\app_resto_refina\public\index.php(37): CodeIgniter\CodeIgniter->run()
#8 {main}
CRITICAL - 2022-01-27 21:45:27 --> Invalid file: layouts/admin.php
#0 C:\xampp\htdocs\app_resto_refina\system\View\View.php(198): CodeIgniter\Exceptions\FrameworkException::forInvalidFile('layouts/admin.p...')
#1 C:\xampp\htdocs\app_resto_refina\system\View\View.php(226): CodeIgniter\View\View->render('layouts/admin', Array, true)
#2 C:\xampp\htdocs\app_resto_refina\system\Common.php(1089): CodeIgniter\View\View->render('dashboard', Array, true)
#3 C:\xampp\htdocs\app_resto_refina\app\Controllers\Home.php(13): view('dashboard')
#4 C:\xampp\htdocs\app_resto_refina\system\CodeIgniter.php(825): App\Controllers\Home->dashboard()
#5 C:\xampp\htdocs\app_resto_refina\system\CodeIgniter.php(412): CodeIgniter\CodeIgniter->runController(Object(App\Controllers\Home))
#6 C:\xampp\htdocs\app_resto_refina\system\CodeIgniter.php(320): CodeIgniter\CodeIgniter->handleRequest(NULL, Object(Config\Cache), false)
#7 C:\xampp\htdocs\app_resto_refina\public\index.php(37): CodeIgniter\CodeIgniter->run()
#8 C:\xampp\htdocs\app_resto_refina\system\Commands\Server\rewrite.php(43): require_once('C:\\xampp\\htdocs...')
#9 {main}
CRITICAL - 2022-01-27 21:47:31 --> Invalid file: layout/admin.php
#0 C:\xampp\htdocs\app_resto_refina\system\View\View.php(198): CodeIgniter\Exceptions\FrameworkException::forInvalidFile('layout/admin.ph...')
#1 C:\xampp\htdocs\app_resto_refina\system\View\View.php(226): CodeIgniter\View\View->render('layout/admin', Array, true)
#2 C:\xampp\htdocs\app_resto_refina\system\Common.php(1089): CodeIgniter\View\View->render('dashboard', Array, true)
#3 C:\xampp\htdocs\app_resto_refina\app\Controllers\Home.php(13): view('dashboard')
#4 C:\xampp\htdocs\app_resto_refina\system\CodeIgniter.php(825): App\Controllers\Home->dashboard()
#5 C:\xampp\htdocs\app_resto_refina\system\CodeIgniter.php(412): CodeIgniter\CodeIgniter->runController(Object(App\Controllers\Home))
#6 C:\xampp\htdocs\app_resto_refina\system\CodeIgniter.php(320): CodeIgniter\CodeIgniter->handleRequest(NULL, Object(Config\Cache), false)
#7 C:\xampp\htdocs\app_resto_refina\public\index.php(37): CodeIgniter\CodeIgniter->run()
#8 C:\xampp\htdocs\app_resto_refina\system\Commands\Server\rewrite.php(43): require_once('C:\\xampp\\htdocs...')
#9 {main}
CRITICAL - 2022-01-27 21:50:10 --> Invalid file: layouts/admin.php
#0 C:\xampp\htdocs\app_resto_refina\system\View\View.php(198): CodeIgniter\Exceptions\FrameworkException::forInvalidFile('layouts/admin.p...')
#1 C:\xampp\htdocs\app_resto_refina\system\View\View.php(226): CodeIgniter\View\View->render('layouts/admin', Array, true)
#2 C:\xampp\htdocs\app_resto_refina\system\Common.php(1089): CodeIgniter\View\View->render('dashboard', Array, true)
#3 C:\xampp\htdocs\app_resto_refina\app\Controllers\Home.php(13): view('dashboard')
#4 C:\xampp\htdocs\app_resto_refina\system\CodeIgniter.php(825): App\Controllers\Home->dashboard()
#5 C:\xampp\htdocs\app_resto_refina\system\CodeIgniter.php(412): CodeIgniter\CodeIgniter->runController(Object(App\Controllers\Home))
#6 C:\xampp\htdocs\app_resto_refina\system\CodeIgniter.php(320): CodeIgniter\CodeIgniter->handleRequest(NULL, Object(Config\Cache), false)
#7 C:\xampp\htdocs\app_resto_refina\public\index.php(37): CodeIgniter\CodeIgniter->run()
#8 C:\xampp\htdocs\app_resto_refina\system\Commands\Server\rewrite.php(43): require_once('C:\\xampp\\htdocs...')
#9 {main}
CRITICAL - 2022-01-27 21:50:46 --> Invalid file: layouts/admin.php
#0 C:\xampp\htdocs\app_resto_refina\system\View\View.php(198): CodeIgniter\Exceptions\FrameworkException::forInvalidFile('layouts/admin.p...')
#1 C:\xampp\htdocs\app_resto_refina\system\View\View.php(226): CodeIgniter\View\View->render('layouts/admin', Array, true)
#2 C:\xampp\htdocs\app_resto_refina\system\Common.php(1089): CodeIgniter\View\View->render('dashboard', Array, true)
#3 C:\xampp\htdocs\app_resto_refina\app\Controllers\Home.php(13): view('dashboard')
#4 C:\xampp\htdocs\app_resto_refina\system\CodeIgniter.php(825): App\Controllers\Home->dashboard()
#5 C:\xampp\htdocs\app_resto_refina\system\CodeIgniter.php(412): CodeIgniter\CodeIgniter->runController(Object(App\Controllers\Home))
#6 C:\xampp\htdocs\app_resto_refina\system\CodeIgniter.php(320): CodeIgniter\CodeIgniter->handleRequest(NULL, Object(Config\Cache), false)
#7 C:\xampp\htdocs\app_resto_refina\public\index.php(37): CodeIgniter\CodeIgniter->run()
#8 C:\xampp\htdocs\app_resto_refina\system\Commands\Server\rewrite.php(43): require_once('C:\\xampp\\htdocs...')
#9 {main}
CRITICAL - 2022-01-27 21:50:47 --> Invalid file: layouts/admin.php
#0 C:\xampp\htdocs\app_resto_refina\system\View\View.php(198): CodeIgniter\Exceptions\FrameworkException::forInvalidFile('layouts/admin.p...')
#1 C:\xampp\htdocs\app_resto_refina\system\View\View.php(226): CodeIgniter\View\View->render('layouts/admin', Array, true)
#2 C:\xampp\htdocs\app_resto_refina\system\Common.php(1089): CodeIgniter\View\View->render('dashboard', Array, true)
#3 C:\xampp\htdocs\app_resto_refina\app\Controllers\Home.php(13): view('dashboard')
#4 C:\xampp\htdocs\app_resto_refina\system\CodeIgniter.php(825): App\Controllers\Home->dashboard()
#5 C:\xampp\htdocs\app_resto_refina\system\CodeIgniter.php(412): CodeIgniter\CodeIgniter->runController(Object(App\Controllers\Home))
#6 C:\xampp\htdocs\app_resto_refina\system\CodeIgniter.php(320): CodeIgniter\CodeIgniter->handleRequest(NULL, Object(Config\Cache), false)
#7 C:\xampp\htdocs\app_resto_refina\public\index.php(37): CodeIgniter\CodeIgniter->run()
#8 C:\xampp\htdocs\app_resto_refina\system\Commands\Server\rewrite.php(43): require_once('C:\\xampp\\htdocs...')
#9 {main}
CRITICAL - 2022-01-27 21:50:48 --> Invalid file: layouts/admin.php
#0 C:\xampp\htdocs\app_resto_refina\system\View\View.php(198): CodeIgniter\Exceptions\FrameworkException::forInvalidFile('layouts/admin.p...')
#1 C:\xampp\htdocs\app_resto_refina\system\View\View.php(226): CodeIgniter\View\View->render('layouts/admin', Array, true)
#2 C:\xampp\htdocs\app_resto_refina\system\Common.php(1089): CodeIgniter\View\View->render('dashboard', Array, true)
#3 C:\xampp\htdocs\app_resto_refina\app\Controllers\Home.php(13): view('dashboard')
#4 C:\xampp\htdocs\app_resto_refina\system\CodeIgniter.php(825): App\Controllers\Home->dashboard()
#5 C:\xampp\htdocs\app_resto_refina\system\CodeIgniter.php(412): CodeIgniter\CodeIgniter->runController(Object(App\Controllers\Home))
#6 C:\xampp\htdocs\app_resto_refina\system\CodeIgniter.php(320): CodeIgniter\CodeIgniter->handleRequest(NULL, Object(Config\Cache), false)
#7 C:\xampp\htdocs\app_resto_refina\public\index.php(37): CodeIgniter\CodeIgniter->run()
#8 C:\xampp\htdocs\app_resto_refina\system\Commands\Server\rewrite.php(43): require_once('C:\\xampp\\htdocs...')
#9 {main}
CRITICAL - 2022-01-27 21:50:49 --> Invalid file: layouts/admin.php
#0 C:\xampp\htdocs\app_resto_refina\system\View\View.php(198): CodeIgniter\Exceptions\FrameworkException::forInvalidFile('layouts/admin.p...')
#1 C:\xampp\htdocs\app_resto_refina\system\View\View.php(226): CodeIgniter\View\View->render('layouts/admin', Array, true)
#2 C:\xampp\htdocs\app_resto_refina\system\Common.php(1089): CodeIgniter\View\View->render('dashboard', Array, true)
#3 C:\xampp\htdocs\app_resto_refina\app\Controllers\Home.php(13): view('dashboard')
#4 C:\xampp\htdocs\app_resto_refina\system\CodeIgniter.php(825): App\Controllers\Home->dashboard()
#5 C:\xampp\htdocs\app_resto_refina\system\CodeIgniter.php(412): CodeIgniter\CodeIgniter->runController(Object(App\Controllers\Home))
#6 C:\xampp\htdocs\app_resto_refina\system\CodeIgniter.php(320): CodeIgniter\CodeIgniter->handleRequest(NULL, Object(Config\Cache), false)
#7 C:\xampp\htdocs\app_resto_refina\public\index.php(37): CodeIgniter\CodeIgniter->run()
#8 C:\xampp\htdocs\app_resto_refina\system\Commands\Server\rewrite.php(43): require_once('C:\\xampp\\htdocs...')
#9 {main}
CRITICAL - 2022-01-27 21:50:50 --> Invalid file: layouts/admin.php
#0 C:\xampp\htdocs\app_resto_refina\system\View\View.php(198): CodeIgniter\Exceptions\FrameworkException::forInvalidFile('layouts/admin.p...')
#1 C:\xampp\htdocs\app_resto_refina\system\View\View.php(226): CodeIgniter\View\View->render('layouts/admin', Array, true)
#2 C:\xampp\htdocs\app_resto_refina\system\Common.php(1089): CodeIgniter\View\View->render('dashboard', Array, true)
#3 C:\xampp\htdocs\app_resto_refina\app\Controllers\Home.php(13): view('dashboard')
#4 C:\xampp\htdocs\app_resto_refina\system\CodeIgniter.php(825): App\Controllers\Home->dashboard()
#5 C:\xampp\htdocs\app_resto_refina\system\CodeIgniter.php(412): CodeIgniter\CodeIgniter->runController(Object(App\Controllers\Home))
#6 C:\xampp\htdocs\app_resto_refina\system\CodeIgniter.php(320): CodeIgniter\CodeIgniter->handleRequest(NULL, Object(Config\Cache), false)
#7 C:\xampp\htdocs\app_resto_refina\public\index.php(37): CodeIgniter\CodeIgniter->run()
#8 C:\xampp\htdocs\app_resto_refina\system\Commands\Server\rewrite.php(43): require_once('C:\\xampp\\htdocs...')
#9 {main}
CRITICAL - 2022-01-27 21:50:50 --> Invalid file: layouts/admin.php
#0 C:\xampp\htdocs\app_resto_refina\system\View\View.php(198): CodeIgniter\Exceptions\FrameworkException::forInvalidFile('layouts/admin.p...')
#1 C:\xampp\htdocs\app_resto_refina\system\View\View.php(226): CodeIgniter\View\View->render('layouts/admin', Array, true)
#2 C:\xampp\htdocs\app_resto_refina\system\Common.php(1089): CodeIgniter\View\View->render('dashboard', Array, true)
#3 C:\xampp\htdocs\app_resto_refina\app\Controllers\Home.php(13): view('dashboard')
#4 C:\xampp\htdocs\app_resto_refina\system\CodeIgniter.php(825): App\Controllers\Home->dashboard()
#5 C:\xampp\htdocs\app_resto_refina\system\CodeIgniter.php(412): CodeIgniter\CodeIgniter->runController(Object(App\Controllers\Home))
#6 C:\xampp\htdocs\app_resto_refina\system\CodeIgniter.php(320): CodeIgniter\CodeIgniter->handleRequest(NULL, Object(Config\Cache), false)
#7 C:\xampp\htdocs\app_resto_refina\public\index.php(37): CodeIgniter\CodeIgniter->run()
#8 C:\xampp\htdocs\app_resto_refina\system\Commands\Server\rewrite.php(43): require_once('C:\\xampp\\htdocs...')
#9 {main}
CRITICAL - 2022-01-27 21:50:51 --> Invalid file: layouts/admin.php
#0 C:\xampp\htdocs\app_resto_refina\system\View\View.php(198): CodeIgniter\Exceptions\FrameworkException::forInvalidFile('layouts/admin.p...')
#1 C:\xampp\htdocs\app_resto_refina\system\View\View.php(226): CodeIgniter\View\View->render('layouts/admin', Array, true)
#2 C:\xampp\htdocs\app_resto_refina\system\Common.php(1089): CodeIgniter\View\View->render('dashboard', Array, true)
#3 C:\xampp\htdocs\app_resto_refina\app\Controllers\Home.php(13): view('dashboard')
#4 C:\xampp\htdocs\app_resto_refina\system\CodeIgniter.php(825): App\Controllers\Home->dashboard()
#5 C:\xampp\htdocs\app_resto_refina\system\CodeIgniter.php(412): CodeIgniter\CodeIgniter->runController(Object(App\Controllers\Home))
#6 C:\xampp\htdocs\app_resto_refina\system\CodeIgniter.php(320): CodeIgniter\CodeIgniter->handleRequest(NULL, Object(Config\Cache), false)
#7 C:\xampp\htdocs\app_resto_refina\public\index.php(37): CodeIgniter\CodeIgniter->run()
#8 C:\xampp\htdocs\app_resto_refina\system\Commands\Server\rewrite.php(43): require_once('C:\\xampp\\htdocs...')
#9 {main}
CRITICAL - 2022-01-27 21:50:51 --> Invalid file: layouts/admin.php
#0 C:\xampp\htdocs\app_resto_refina\system\View\View.php(198): CodeIgniter\Exceptions\FrameworkException::forInvalidFile('layouts/admin.p...')
#1 C:\xampp\htdocs\app_resto_refina\system\View\View.php(226): CodeIgniter\View\View->render('layouts/admin', Array, true)
#2 C:\xampp\htdocs\app_resto_refina\system\Common.php(1089): CodeIgniter\View\View->render('dashboard', Array, true)
#3 C:\xampp\htdocs\app_resto_refina\app\Controllers\Home.php(13): view('dashboard')
#4 C:\xampp\htdocs\app_resto_refina\system\CodeIgniter.php(825): App\Controllers\Home->dashboard()
#5 C:\xampp\htdocs\app_resto_refina\system\CodeIgniter.php(412): CodeIgniter\CodeIgniter->runController(Object(App\Controllers\Home))
#6 C:\xampp\htdocs\app_resto_refina\system\CodeIgniter.php(320): CodeIgniter\CodeIgniter->handleRequest(NULL, Object(Config\Cache), false)
#7 C:\xampp\htdocs\app_resto_refina\public\index.php(37): CodeIgniter\CodeIgniter->run()
#8 C:\xampp\htdocs\app_resto_refina\system\Commands\Server\rewrite.php(43): require_once('C:\\xampp\\htdocs...')
#9 {main}
CRITICAL - 2022-01-27 21:50:51 --> Invalid file: layouts/admin.php
#0 C:\xampp\htdocs\app_resto_refina\system\View\View.php(198): CodeIgniter\Exceptions\FrameworkException::forInvalidFile('layouts/admin.p...')
#1 C:\xampp\htdocs\app_resto_refina\system\View\View.php(226): CodeIgniter\View\View->render('layouts/admin', Array, true)
#2 C:\xampp\htdocs\app_resto_refina\system\Common.php(1089): CodeIgniter\View\View->render('dashboard', Array, true)
#3 C:\xampp\htdocs\app_resto_refina\app\Controllers\Home.php(13): view('dashboard')
#4 C:\xampp\htdocs\app_resto_refina\system\CodeIgniter.php(825): App\Controllers\Home->dashboard()
#5 C:\xampp\htdocs\app_resto_refina\system\CodeIgniter.php(412): CodeIgniter\CodeIgniter->runController(Object(App\Controllers\Home))
#6 C:\xampp\htdocs\app_resto_refina\system\CodeIgniter.php(320): CodeIgniter\CodeIgniter->handleRequest(NULL, Object(Config\Cache), false)
#7 C:\xampp\htdocs\app_resto_refina\public\index.php(37): CodeIgniter\CodeIgniter->run()
#8 C:\xampp\htdocs\app_resto_refina\system\Commands\Server\rewrite.php(43): require_once('C:\\xampp\\htdocs...')
#9 {main}
CRITICAL - 2022-01-27 21:50:51 --> Invalid file: layouts/admin.php
#0 C:\xampp\htdocs\app_resto_refina\system\View\View.php(198): CodeIgniter\Exceptions\FrameworkException::forInvalidFile('layouts/admin.p...')
#1 C:\xampp\htdocs\app_resto_refina\system\View\View.php(226): CodeIgniter\View\View->render('layouts/admin', Array, true)
#2 C:\xampp\htdocs\app_resto_refina\system\Common.php(1089): CodeIgniter\View\View->render('dashboard', Array, true)
#3 C:\xampp\htdocs\app_resto_refina\app\Controllers\Home.php(13): view('dashboard')
#4 C:\xampp\htdocs\app_resto_refina\system\CodeIgniter.php(825): App\Controllers\Home->dashboard()
#5 C:\xampp\htdocs\app_resto_refina\system\CodeIgniter.php(412): CodeIgniter\CodeIgniter->runController(Object(App\Controllers\Home))
#6 C:\xampp\htdocs\app_resto_refina\system\CodeIgniter.php(320): CodeIgniter\CodeIgniter->handleRequest(NULL, Object(Config\Cache), false)
#7 C:\xampp\htdocs\app_resto_refina\public\index.php(37): CodeIgniter\CodeIgniter->run()
#8 C:\xampp\htdocs\app_resto_refina\system\Commands\Server\rewrite.php(43): require_once('C:\\xampp\\htdocs...')
#9 {main}
CRITICAL - 2022-01-27 21:50:52 --> Invalid file: layouts/admin.php
#0 C:\xampp\htdocs\app_resto_refina\system\View\View.php(198): CodeIgniter\Exceptions\FrameworkException::forInvalidFile('layouts/admin.p...')
#1 C:\xampp\htdocs\app_resto_refina\system\View\View.php(226): CodeIgniter\View\View->render('layouts/admin', Array, true)
#2 C:\xampp\htdocs\app_resto_refina\system\Common.php(1089): CodeIgniter\View\View->render('dashboard', Array, true)
#3 C:\xampp\htdocs\app_resto_refina\app\Controllers\Home.php(13): view('dashboard')
#4 C:\xampp\htdocs\app_resto_refina\system\CodeIgniter.php(825): App\Controllers\Home->dashboard()
#5 C:\xampp\htdocs\app_resto_refina\system\CodeIgniter.php(412): CodeIgniter\CodeIgniter->runController(Object(App\Controllers\Home))
#6 C:\xampp\htdocs\app_resto_refina\system\CodeIgniter.php(320): CodeIgniter\CodeIgniter->handleRequest(NULL, Object(Config\Cache), false)
#7 C:\xampp\htdocs\app_resto_refina\public\index.php(37): CodeIgniter\CodeIgniter->run()
#8 C:\xampp\htdocs\app_resto_refina\system\Commands\Server\rewrite.php(43): require_once('C:\\xampp\\htdocs...')
#9 {main}
CRITICAL - 2022-01-27 21:50:52 --> Invalid file: layouts/admin.php
#0 C:\xampp\htdocs\app_resto_refina\system\View\View.php(198): CodeIgniter\Exceptions\FrameworkException::forInvalidFile('layouts/admin.p...')
#1 C:\xampp\htdocs\app_resto_refina\system\View\View.php(226): CodeIgniter\View\View->render('layouts/admin', Array, true)
#2 C:\xampp\htdocs\app_resto_refina\system\Common.php(1089): CodeIgniter\View\View->render('dashboard', Array, true)
#3 C:\xampp\htdocs\app_resto_refina\app\Controllers\Home.php(13): view('dashboard')
#4 C:\xampp\htdocs\app_resto_refina\system\CodeIgniter.php(825): App\Controllers\Home->dashboard()
#5 C:\xampp\htdocs\app_resto_refina\system\CodeIgniter.php(412): CodeIgniter\CodeIgniter->runController(Object(App\Controllers\Home))
#6 C:\xampp\htdocs\app_resto_refina\system\CodeIgniter.php(320): CodeIgniter\CodeIgniter->handleRequest(NULL, Object(Config\Cache), false)
#7 C:\xampp\htdocs\app_resto_refina\public\index.php(37): CodeIgniter\CodeIgniter->run()
#8 C:\xampp\htdocs\app_resto_refina\system\Commands\Server\rewrite.php(43): require_once('C:\\xampp\\htdocs...')
#9 {main}
CRITICAL - 2022-01-27 21:50:52 --> Invalid file: layouts/admin.php
#0 C:\xampp\htdocs\app_resto_refina\system\View\View.php(198): CodeIgniter\Exceptions\FrameworkException::forInvalidFile('layouts/admin.p...')
#1 C:\xampp\htdocs\app_resto_refina\system\View\View.php(226): CodeIgniter\View\View->render('layouts/admin', Array, true)
#2 C:\xampp\htdocs\app_resto_refina\system\Common.php(1089): CodeIgniter\View\View->render('dashboard', Array, true)
#3 C:\xampp\htdocs\app_resto_refina\app\Controllers\Home.php(13): view('dashboard')
#4 C:\xampp\htdocs\app_resto_refina\system\CodeIgniter.php(825): App\Controllers\Home->dashboard()
#5 C:\xampp\htdocs\app_resto_refina\system\CodeIgniter.php(412): CodeIgniter\CodeIgniter->runController(Object(App\Controllers\Home))
#6 C:\xampp\htdocs\app_resto_refina\system\CodeIgniter.php(320): CodeIgniter\CodeIgniter->handleRequest(NULL, Object(Config\Cache), false)
#7 C:\xampp\htdocs\app_resto_refina\public\index.php(37): CodeIgniter\CodeIgniter->run()
#8 C:\xampp\htdocs\app_resto_refina\system\Commands\Server\rewrite.php(43): require_once('C:\\xampp\\htdocs...')
#9 {main}
CRITICAL - 2022-01-27 21:50:52 --> Invalid file: layouts/admin.php
#0 C:\xampp\htdocs\app_resto_refina\system\View\View.php(198): CodeIgniter\Exceptions\FrameworkException::forInvalidFile('layouts/admin.p...')
#1 C:\xampp\htdocs\app_resto_refina\system\View\View.php(226): CodeIgniter\View\View->render('layouts/admin', Array, true)
#2 C:\xampp\htdocs\app_resto_refina\system\Common.php(1089): CodeIgniter\View\View->render('dashboard', Array, true)
#3 C:\xampp\htdocs\app_resto_refina\app\Controllers\Home.php(13): view('dashboard')
#4 C:\xampp\htdocs\app_resto_refina\system\CodeIgniter.php(825): App\Controllers\Home->dashboard()
#5 C:\xampp\htdocs\app_resto_refina\system\CodeIgniter.php(412): CodeIgniter\CodeIgniter->runController(Object(App\Controllers\Home))
#6 C:\xampp\htdocs\app_resto_refina\system\CodeIgniter.php(320): CodeIgniter\CodeIgniter->handleRequest(NULL, Object(Config\Cache), false)
#7 C:\xampp\htdocs\app_resto_refina\public\index.php(37): CodeIgniter\CodeIgniter->run()
#8 C:\xampp\htdocs\app_resto_refina\system\Commands\Server\rewrite.php(43): require_once('C:\\xampp\\htdocs...')
#9 {main}
CRITICAL - 2022-01-27 21:50:52 --> Invalid file: layouts/admin.php
#0 C:\xampp\htdocs\app_resto_refina\system\View\View.php(198): CodeIgniter\Exceptions\FrameworkException::forInvalidFile('layouts/admin.p...')
#1 C:\xampp\htdocs\app_resto_refina\system\View\View.php(226): CodeIgniter\View\View->render('layouts/admin', Array, true)
#2 C:\xampp\htdocs\app_resto_refina\system\Common.php(1089): CodeIgniter\View\View->render('dashboard', Array, true)
#3 C:\xampp\htdocs\app_resto_refina\app\Controllers\Home.php(13): view('dashboard')
#4 C:\xampp\htdocs\app_resto_refina\system\CodeIgniter.php(825): App\Controllers\Home->dashboard()
#5 C:\xampp\htdocs\app_resto_refina\system\CodeIgniter.php(412): CodeIgniter\CodeIgniter->runController(Object(App\Controllers\Home))
#6 C:\xampp\htdocs\app_resto_refina\system\CodeIgniter.php(320): CodeIgniter\CodeIgniter->handleRequest(NULL, Object(Config\Cache), false)
#7 C:\xampp\htdocs\app_resto_refina\public\index.php(37): CodeIgniter\CodeIgniter->run()
#8 C:\xampp\htdocs\app_resto_refina\system\Commands\Server\rewrite.php(43): require_once('C:\\xampp\\htdocs...')
#9 {main}
CRITICAL - 2022-01-27 21:50:53 --> Invalid file: layouts/admin.php
#0 C:\xampp\htdocs\app_resto_refina\system\View\View.php(198): CodeIgniter\Exceptions\FrameworkException::forInvalidFile('layouts/admin.p...')
#1 C:\xampp\htdocs\app_resto_refina\system\View\View.php(226): CodeIgniter\View\View->render('layouts/admin', Array, true)
#2 C:\xampp\htdocs\app_resto_refina\system\Common.php(1089): CodeIgniter\View\View->render('dashboard', Array, true)
#3 C:\xampp\htdocs\app_resto_refina\app\Controllers\Home.php(13): view('dashboard')
#4 C:\xampp\htdocs\app_resto_refina\system\CodeIgniter.php(825): App\Controllers\Home->dashboard()
#5 C:\xampp\htdocs\app_resto_refina\system\CodeIgniter.php(412): CodeIgniter\CodeIgniter->runController(Object(App\Controllers\Home))
#6 C:\xampp\htdocs\app_resto_refina\system\CodeIgniter.php(320): CodeIgniter\CodeIgniter->handleRequest(NULL, Object(Config\Cache), false)
#7 C:\xampp\htdocs\app_resto_refina\public\index.php(37): CodeIgniter\CodeIgniter->run()
#8 C:\xampp\htdocs\app_resto_refina\system\Commands\Server\rewrite.php(43): require_once('C:\\xampp\\htdocs...')
#9 {main}
CRITICAL - 2022-01-27 21:50:53 --> Invalid file: layouts/admin.php
#0 C:\xampp\htdocs\app_resto_refina\system\View\View.php(198): CodeIgniter\Exceptions\FrameworkException::forInvalidFile('layouts/admin.p...')
#1 C:\xampp\htdocs\app_resto_refina\system\View\View.php(226): CodeIgniter\View\View->render('layouts/admin', Array, true)
#2 C:\xampp\htdocs\app_resto_refina\system\Common.php(1089): CodeIgniter\View\View->render('dashboard', Array, true)
#3 C:\xampp\htdocs\app_resto_refina\app\Controllers\Home.php(13): view('dashboard')
#4 C:\xampp\htdocs\app_resto_refina\system\CodeIgniter.php(825): App\Controllers\Home->dashboard()
#5 C:\xampp\htdocs\app_resto_refina\system\CodeIgniter.php(412): CodeIgniter\CodeIgniter->runController(Object(App\Controllers\Home))
#6 C:\xampp\htdocs\app_resto_refina\system\CodeIgniter.php(320): CodeIgniter\CodeIgniter->handleRequest(NULL, Object(Config\Cache), false)
#7 C:\xampp\htdocs\app_resto_refina\public\index.php(37): CodeIgniter\CodeIgniter->run()
#8 C:\xampp\htdocs\app_resto_refina\system\Commands\Server\rewrite.php(43): require_once('C:\\xampp\\htdocs...')
#9 {main}
CRITICAL - 2022-01-27 21:50:53 --> Invalid file: layouts/admin.php
#0 C:\xampp\htdocs\app_resto_refina\system\View\View.php(198): CodeIgniter\Exceptions\FrameworkException::forInvalidFile('layouts/admin.p...')
#1 C:\xampp\htdocs\app_resto_refina\system\View\View.php(226): CodeIgniter\View\View->render('layouts/admin', Array, true)
#2 C:\xampp\htdocs\app_resto_refina\system\Common.php(1089): CodeIgniter\View\View->render('dashboard', Array, true)
#3 C:\xampp\htdocs\app_resto_refina\app\Controllers\Home.php(13): view('dashboard')
#4 C:\xampp\htdocs\app_resto_refina\system\CodeIgniter.php(825): App\Controllers\Home->dashboard()
#5 C:\xampp\htdocs\app_resto_refina\system\CodeIgniter.php(412): CodeIgniter\CodeIgniter->runController(Object(App\Controllers\Home))
#6 C:\xampp\htdocs\app_resto_refina\system\CodeIgniter.php(320): CodeIgniter\CodeIgniter->handleRequest(NULL, Object(Config\Cache), false)
#7 C:\xampp\htdocs\app_resto_refina\public\index.php(37): CodeIgniter\CodeIgniter->run()
#8 C:\xampp\htdocs\app_resto_refina\system\Commands\Server\rewrite.php(43): require_once('C:\\xampp\\htdocs...')
#9 {main}
CRITICAL - 2022-01-27 21:50:54 --> Invalid file: layouts/admin.php
#0 C:\xampp\htdocs\app_resto_refina\system\View\View.php(198): CodeIgniter\Exceptions\FrameworkException::forInvalidFile('layouts/admin.p...')
#1 C:\xampp\htdocs\app_resto_refina\system\View\View.php(226): CodeIgniter\View\View->render('layouts/admin', Array, true)
#2 C:\xampp\htdocs\app_resto_refina\system\Common.php(1089): CodeIgniter\View\View->render('dashboard', Array, true)
#3 C:\xampp\htdocs\app_resto_refina\app\Controllers\Home.php(13): view('dashboard')
#4 C:\xampp\htdocs\app_resto_refina\system\CodeIgniter.php(825): App\Controllers\Home->dashboard()
#5 C:\xampp\htdocs\app_resto_refina\system\CodeIgniter.php(412): CodeIgniter\CodeIgniter->runController(Object(App\Controllers\Home))
#6 C:\xampp\htdocs\app_resto_refina\system\CodeIgniter.php(320): CodeIgniter\CodeIgniter->handleRequest(NULL, Object(Config\Cache), false)
#7 C:\xampp\htdocs\app_resto_refina\public\index.php(37): CodeIgniter\CodeIgniter->run()
#8 C:\xampp\htdocs\app_resto_refina\system\Commands\Server\rewrite.php(43): require_once('C:\\xampp\\htdocs...')
#9 {main}
CRITICAL - 2022-01-27 21:50:54 --> Invalid file: layouts/admin.php
#0 C:\xampp\htdocs\app_resto_refina\system\View\View.php(198): CodeIgniter\Exceptions\FrameworkException::forInvalidFile('layouts/admin.p...')
#1 C:\xampp\htdocs\app_resto_refina\system\View\View.php(226): CodeIgniter\View\View->render('layouts/admin', Array, true)
#2 C:\xampp\htdocs\app_resto_refina\system\Common.php(1089): CodeIgniter\View\View->render('dashboard', Array, true)
#3 C:\xampp\htdocs\app_resto_refina\app\Controllers\Home.php(13): view('dashboard')
#4 C:\xampp\htdocs\app_resto_refina\system\CodeIgniter.php(825): App\Controllers\Home->dashboard()
#5 C:\xampp\htdocs\app_resto_refina\system\CodeIgniter.php(412): CodeIgniter\CodeIgniter->runController(Object(App\Controllers\Home))
#6 C:\xampp\htdocs\app_resto_refina\system\CodeIgniter.php(320): CodeIgniter\CodeIgniter->handleRequest(NULL, Object(Config\Cache), false)
#7 C:\xampp\htdocs\app_resto_refina\public\index.php(37): CodeIgniter\CodeIgniter->run()
#8 C:\xampp\htdocs\app_resto_refina\system\Commands\Server\rewrite.php(43): require_once('C:\\xampp\\htdocs...')
#9 {main}
CRITICAL - 2022-01-27 21:50:54 --> Invalid file: layouts/admin.php
#0 C:\xampp\htdocs\app_resto_refina\system\View\View.php(198): CodeIgniter\Exceptions\FrameworkException::forInvalidFile('layouts/admin.p...')
#1 C:\xampp\htdocs\app_resto_refina\system\View\View.php(226): CodeIgniter\View\View->render('layouts/admin', Array, true)
#2 C:\xampp\htdocs\app_resto_refina\system\Common.php(1089): CodeIgniter\View\View->render('dashboard', Array, true)
#3 C:\xampp\htdocs\app_resto_refina\app\Controllers\Home.php(13): view('dashboard')
#4 C:\xampp\htdocs\app_resto_refina\system\CodeIgniter.php(825): App\Controllers\Home->dashboard()
#5 C:\xampp\htdocs\app_resto_refina\system\CodeIgniter.php(412): CodeIgniter\CodeIgniter->runController(Object(App\Controllers\Home))
#6 C:\xampp\htdocs\app_resto_refina\system\CodeIgniter.php(320): CodeIgniter\CodeIgniter->handleRequest(NULL, Object(Config\Cache), false)
#7 C:\xampp\htdocs\app_resto_refina\public\index.php(37): CodeIgniter\CodeIgniter->run()
#8 C:\xampp\htdocs\app_resto_refina\system\Commands\Server\rewrite.php(43): require_once('C:\\xampp\\htdocs...')
#9 {main}
CRITICAL - 2022-01-27 21:50:54 --> Invalid file: layouts/admin.php
#0 C:\xampp\htdocs\app_resto_refina\system\View\View.php(198): CodeIgniter\Exceptions\FrameworkException::forInvalidFile('layouts/admin.p...')
#1 C:\xampp\htdocs\app_resto_refina\system\View\View.php(226): CodeIgniter\View\View->render('layouts/admin', Array, true)
#2 C:\xampp\htdocs\app_resto_refina\system\Common.php(1089): CodeIgniter\View\View->render('dashboard', Array, true)
#3 C:\xampp\htdocs\app_resto_refina\app\Controllers\Home.php(13): view('dashboard')
#4 C:\xampp\htdocs\app_resto_refina\system\CodeIgniter.php(825): App\Controllers\Home->dashboard()
#5 C:\xampp\htdocs\app_resto_refina\system\CodeIgniter.php(412): CodeIgniter\CodeIgniter->runController(Object(App\Controllers\Home))
#6 C:\xampp\htdocs\app_resto_refina\system\CodeIgniter.php(320): CodeIgniter\CodeIgniter->handleRequest(NULL, Object(Config\Cache), false)
#7 C:\xampp\htdocs\app_resto_refina\public\index.php(37): CodeIgniter\CodeIgniter->run()
#8 C:\xampp\htdocs\app_resto_refina\system\Commands\Server\rewrite.php(43): require_once('C:\\xampp\\htdocs...')
#9 {main}
CRITICAL - 2022-01-27 21:50:55 --> Invalid file: layouts/admin.php
#0 C:\xampp\htdocs\app_resto_refina\system\View\View.php(198): CodeIgniter\Exceptions\FrameworkException::forInvalidFile('layouts/admin.p...')
#1 C:\xampp\htdocs\app_resto_refina\system\View\View.php(226): CodeIgniter\View\View->render('layouts/admin', Array, true)
#2 C:\xampp\htdocs\app_resto_refina\system\Common.php(1089): CodeIgniter\View\View->render('dashboard', Array, true)
#3 C:\xampp\htdocs\app_resto_refina\app\Controllers\Home.php(13): view('dashboard')
#4 C:\xampp\htdocs\app_resto_refina\system\CodeIgniter.php(825): App\Controllers\Home->dashboard()
#5 C:\xampp\htdocs\app_resto_refina\system\CodeIgniter.php(412): CodeIgniter\CodeIgniter->runController(Object(App\Controllers\Home))
#6 C:\xampp\htdocs\app_resto_refina\system\CodeIgniter.php(320): CodeIgniter\CodeIgniter->handleRequest(NULL, Object(Config\Cache), false)
#7 C:\xampp\htdocs\app_resto_refina\public\index.php(37): CodeIgniter\CodeIgniter->run()
#8 C:\xampp\htdocs\app_resto_refina\system\Commands\Server\rewrite.php(43): require_once('C:\\xampp\\htdocs...')
#9 {main}
CRITICAL - 2022-01-27 21:50:55 --> Invalid file: layouts/admin.php
#0 C:\xampp\htdocs\app_resto_refina\system\View\View.php(198): CodeIgniter\Exceptions\FrameworkException::forInvalidFile('layouts/admin.p...')
#1 C:\xampp\htdocs\app_resto_refina\system\View\View.php(226): CodeIgniter\View\View->render('layouts/admin', Array, true)
#2 C:\xampp\htdocs\app_resto_refina\system\Common.php(1089): CodeIgniter\View\View->render('dashboard', Array, true)
#3 C:\xampp\htdocs\app_resto_refina\app\Controllers\Home.php(13): view('dashboard')
#4 C:\xampp\htdocs\app_resto_refina\system\CodeIgniter.php(825): App\Controllers\Home->dashboard()
#5 C:\xampp\htdocs\app_resto_refina\system\CodeIgniter.php(412): CodeIgniter\CodeIgniter->runController(Object(App\Controllers\Home))
#6 C:\xampp\htdocs\app_resto_refina\system\CodeIgniter.php(320): CodeIgniter\CodeIgniter->handleRequest(NULL, Object(Config\Cache), false)
#7 C:\xampp\htdocs\app_resto_refina\public\index.php(37): CodeIgniter\CodeIgniter->run()
#8 C:\xampp\htdocs\app_resto_refina\system\Commands\Server\rewrite.php(43): require_once('C:\\xampp\\htdocs...')
#9 {main}
