CRITICAL - 2022-02-01 00:01:24 --> You must set the database table to be used with your query.
#0 C:\xampp\htdocs\app_resto_refina\system\Model.php(545): CodeIgniter\Database\BaseConnection->table(NULL)
#1 C:\xampp\htdocs\app_resto_refina\system\Model.php(176): CodeIgniter\Model->builder()
#2 C:\xampp\htdocs\app_resto_refina\system\BaseModel.php(584): CodeIgniter\Model->doFindAll(0, 0)
#3 C:\xampp\htdocs\app_resto_refina\app\Controllers\UserController.php(25): CodeIgniter\BaseModel->findAll()
#4 C:\xampp\htdocs\app_resto_refina\system\CodeIgniter.php(825): App\Controllers\UserController->tampil()
#5 C:\xampp\htdocs\app_resto_refina\system\CodeIgniter.php(412): CodeIgniter\CodeIgniter->runController(Object(App\Controllers\UserController))
#6 C:\xampp\htdocs\app_resto_refina\system\CodeIgniter.php(320): CodeIgniter\CodeIgniter->handleRequest(NULL, Object(Config\Cache), false)
#7 C:\xampp\htdocs\app_resto_refina\public\index.php(37): CodeIgniter\CodeIgniter->run()
#8 C:\xampp\htdocs\app_resto_refina\system\Commands\Server\rewrite.php(43): require_once('C:\\xampp\\htdocs...')
#9 {main}
CRITICAL - 2022-02-01 00:01:34 --> You must set the database table to be used with your query.
#0 C:\xampp\htdocs\app_resto_refina\system\Model.php(545): CodeIgniter\Database\BaseConnection->table(NULL)
#1 C:\xampp\htdocs\app_resto_refina\system\Model.php(176): CodeIgniter\Model->builder()
#2 C:\xampp\htdocs\app_resto_refina\system\BaseModel.php(584): CodeIgniter\Model->doFindAll(0, 0)
#3 C:\xampp\htdocs\app_resto_refina\app\Controllers\UserController.php(25): CodeIgniter\BaseModel->findAll()
#4 C:\xampp\htdocs\app_resto_refina\system\CodeIgniter.php(825): App\Controllers\UserController->tampil()
#5 C:\xampp\htdocs\app_resto_refina\system\CodeIgniter.php(412): CodeIgniter\CodeIgniter->runController(Object(App\Controllers\UserController))
#6 C:\xampp\htdocs\app_resto_refina\system\CodeIgniter.php(320): CodeIgniter\CodeIgniter->handleRequest(NULL, Object(Config\Cache), false)
#7 C:\xampp\htdocs\app_resto_refina\public\index.php(37): CodeIgniter\CodeIgniter->run()
#8 C:\xampp\htdocs\app_resto_refina\system\Commands\Server\rewrite.php(43): require_once('C:\\xampp\\htdocs...')
#9 {main}
CRITICAL - 2022-02-01 01:14:45 --> Class "App\Models\Models" not found
#0 C:\xampp\htdocs\app_resto_refina\system\Autoloader\Autoloader.php(264): include_once()
#1 C:\xampp\htdocs\app_resto_refina\system\Autoloader\Autoloader.php(241): CodeIgniter\Autoloader\Autoloader->includeFile('C:\\xampp\\htdocs...')
#2 C:\xampp\htdocs\app_resto_refina\system\Autoloader\Autoloader.php(219): CodeIgniter\Autoloader\Autoloader->loadInNamespace('App\\Models\\User...')
#3 C:\xampp\htdocs\app_resto_refina\app\Controllers\UserController.php(18): CodeIgniter\Autoloader\Autoloader->loadClass('App\\Models\\User...')
#4 C:\xampp\htdocs\app_resto_refina\system\CodeIgniter.php(802): App\Controllers\UserController->__construct()
#5 C:\xampp\htdocs\app_resto_refina\system\CodeIgniter.php(403): CodeIgniter\CodeIgniter->createController()
#6 C:\xampp\htdocs\app_resto_refina\system\CodeIgniter.php(320): CodeIgniter\CodeIgniter->handleRequest(NULL, Object(Config\Cache), false)
#7 C:\xampp\htdocs\app_resto_refina\public\index.php(37): CodeIgniter\CodeIgniter->run()
#8 C:\xampp\htdocs\app_resto_refina\system\Commands\Server\rewrite.php(43): require_once('C:\\xampp\\htdocs...')
#9 {main}
CRITICAL - 2022-02-01 01:14:50 --> Class "App\Models\Models" not found
#0 C:\xampp\htdocs\app_resto_refina\system\Autoloader\Autoloader.php(264): include_once()
#1 C:\xampp\htdocs\app_resto_refina\system\Autoloader\Autoloader.php(241): CodeIgniter\Autoloader\Autoloader->includeFile('C:\\xampp\\htdocs...')
#2 C:\xampp\htdocs\app_resto_refina\system\Autoloader\Autoloader.php(219): CodeIgniter\Autoloader\Autoloader->loadInNamespace('App\\Models\\User...')
#3 C:\xampp\htdocs\app_resto_refina\app\Controllers\UserController.php(18): CodeIgniter\Autoloader\Autoloader->loadClass('App\\Models\\User...')
#4 C:\xampp\htdocs\app_resto_refina\system\CodeIgniter.php(802): App\Controllers\UserController->__construct()
#5 C:\xampp\htdocs\app_resto_refina\system\CodeIgniter.php(403): CodeIgniter\CodeIgniter->createController()
#6 C:\xampp\htdocs\app_resto_refina\system\CodeIgniter.php(320): CodeIgniter\CodeIgniter->handleRequest(NULL, Object(Config\Cache), false)
#7 C:\xampp\htdocs\app_resto_refina\public\index.php(37): CodeIgniter\CodeIgniter->run()
#8 C:\xampp\htdocs\app_resto_refina\system\Commands\Server\rewrite.php(43): require_once('C:\\xampp\\htdocs...')
#9 {main}
CRITICAL - 2022-02-01 01:15:02 --> You must set the database table to be used with your query.
#0 C:\xampp\htdocs\app_resto_refina\system\Model.php(545): CodeIgniter\Database\BaseConnection->table(NULL)
#1 C:\xampp\htdocs\app_resto_refina\system\Model.php(176): CodeIgniter\Model->builder()
#2 C:\xampp\htdocs\app_resto_refina\system\BaseModel.php(584): CodeIgniter\Model->doFindAll(0, 0)
#3 C:\xampp\htdocs\app_resto_refina\app\Controllers\UserController.php(25): CodeIgniter\BaseModel->findAll()
#4 C:\xampp\htdocs\app_resto_refina\system\CodeIgniter.php(825): App\Controllers\UserController->tampil()
#5 C:\xampp\htdocs\app_resto_refina\system\CodeIgniter.php(412): CodeIgniter\CodeIgniter->runController(Object(App\Controllers\UserController))
#6 C:\xampp\htdocs\app_resto_refina\system\CodeIgniter.php(320): CodeIgniter\CodeIgniter->handleRequest(NULL, Object(Config\Cache), false)
#7 C:\xampp\htdocs\app_resto_refina\public\index.php(37): CodeIgniter\CodeIgniter->run()
#8 C:\xampp\htdocs\app_resto_refina\system\Commands\Server\rewrite.php(43): require_once('C:\\xampp\\htdocs...')
#9 {main}
CRITICAL - 2022-02-01 01:15:37 --> You must set the database table to be used with your query.
#0 C:\xampp\htdocs\app_resto_refina\system\Model.php(545): CodeIgniter\Database\BaseConnection->table(NULL)
#1 C:\xampp\htdocs\app_resto_refina\system\Model.php(176): CodeIgniter\Model->builder()
#2 C:\xampp\htdocs\app_resto_refina\system\BaseModel.php(584): CodeIgniter\Model->doFindAll(0, 0)
#3 C:\xampp\htdocs\app_resto_refina\app\Controllers\UserController.php(25): CodeIgniter\BaseModel->findAll()
#4 C:\xampp\htdocs\app_resto_refina\system\CodeIgniter.php(825): App\Controllers\UserController->tampil()
#5 C:\xampp\htdocs\app_resto_refina\system\CodeIgniter.php(412): CodeIgniter\CodeIgniter->runController(Object(App\Controllers\UserController))
#6 C:\xampp\htdocs\app_resto_refina\system\CodeIgniter.php(320): CodeIgniter\CodeIgniter->handleRequest(NULL, Object(Config\Cache), false)
#7 C:\xampp\htdocs\app_resto_refina\public\index.php(37): CodeIgniter\CodeIgniter->run()
#8 C:\xampp\htdocs\app_resto_refina\system\Commands\Server\rewrite.php(43): require_once('C:\\xampp\\htdocs...')
#9 {main}
CRITICAL - 2022-02-01 01:17:38 --> You must set the database table to be used with your query.
#0 C:\xampp\htdocs\app_resto_refina\system\Model.php(545): CodeIgniter\Database\BaseConnection->table(NULL)
#1 C:\xampp\htdocs\app_resto_refina\system\Model.php(176): CodeIgniter\Model->builder()
#2 C:\xampp\htdocs\app_resto_refina\system\BaseModel.php(584): CodeIgniter\Model->doFindAll(0, 0)
#3 C:\xampp\htdocs\app_resto_refina\app\Controllers\UserController.php(25): CodeIgniter\BaseModel->findAll()
#4 C:\xampp\htdocs\app_resto_refina\system\CodeIgniter.php(825): App\Controllers\UserController->tampil()
#5 C:\xampp\htdocs\app_resto_refina\system\CodeIgniter.php(412): CodeIgniter\CodeIgniter->runController(Object(App\Controllers\UserController))
#6 C:\xampp\htdocs\app_resto_refina\system\CodeIgniter.php(320): CodeIgniter\CodeIgniter->handleRequest(NULL, Object(Config\Cache), false)
#7 C:\xampp\htdocs\app_resto_refina\public\index.php(37): CodeIgniter\CodeIgniter->run()
#8 C:\xampp\htdocs\app_resto_refina\system\Commands\Server\rewrite.php(43): require_once('C:\\xampp\\htdocs...')
#9 {main}
CRITICAL - 2022-02-01 01:17:45 --> You must set the database table to be used with your query.
#0 C:\xampp\htdocs\app_resto_refina\system\Model.php(545): CodeIgniter\Database\BaseConnection->table(NULL)
#1 C:\xampp\htdocs\app_resto_refina\system\Model.php(176): CodeIgniter\Model->builder()
#2 C:\xampp\htdocs\app_resto_refina\system\BaseModel.php(584): CodeIgniter\Model->doFindAll(0, 0)
#3 C:\xampp\htdocs\app_resto_refina\app\Controllers\UserController.php(25): CodeIgniter\BaseModel->findAll()
#4 C:\xampp\htdocs\app_resto_refina\system\CodeIgniter.php(825): App\Controllers\UserController->tampil()
#5 C:\xampp\htdocs\app_resto_refina\system\CodeIgniter.php(412): CodeIgniter\CodeIgniter->runController(Object(App\Controllers\UserController))
#6 C:\xampp\htdocs\app_resto_refina\system\CodeIgniter.php(320): CodeIgniter\CodeIgniter->handleRequest(NULL, Object(Config\Cache), false)
#7 C:\xampp\htdocs\app_resto_refina\public\index.php(37): CodeIgniter\CodeIgniter->run()
#8 C:\xampp\htdocs\app_resto_refina\system\Commands\Server\rewrite.php(43): require_once('C:\\xampp\\htdocs...')
#9 {main}
CRITICAL - 2022-02-01 01:17:52 --> You must set the database table to be used with your query.
#0 C:\xampp\htdocs\app_resto_refina\system\Model.php(545): CodeIgniter\Database\BaseConnection->table(NULL)
#1 C:\xampp\htdocs\app_resto_refina\system\Model.php(176): CodeIgniter\Model->builder()
#2 C:\xampp\htdocs\app_resto_refina\system\BaseModel.php(584): CodeIgniter\Model->doFindAll(0, 0)
#3 C:\xampp\htdocs\app_resto_refina\app\Controllers\UserController.php(25): CodeIgniter\BaseModel->findAll()
#4 C:\xampp\htdocs\app_resto_refina\system\CodeIgniter.php(825): App\Controllers\UserController->tampil()
#5 C:\xampp\htdocs\app_resto_refina\system\CodeIgniter.php(412): CodeIgniter\CodeIgniter->runController(Object(App\Controllers\UserController))
#6 C:\xampp\htdocs\app_resto_refina\system\CodeIgniter.php(320): CodeIgniter\CodeIgniter->handleRequest(NULL, Object(Config\Cache), false)
#7 C:\xampp\htdocs\app_resto_refina\public\index.php(37): CodeIgniter\CodeIgniter->run()
#8 C:\xampp\htdocs\app_resto_refina\system\Commands\Server\rewrite.php(43): require_once('C:\\xampp\\htdocs...')
#9 {main}
CRITICAL - 2022-02-01 01:22:50 --> You must set the database table to be used with your query.
#0 C:\xampp\htdocs\app_resto_refina\system\Model.php(545): CodeIgniter\Database\BaseConnection->table(NULL)
#1 C:\xampp\htdocs\app_resto_refina\system\Model.php(176): CodeIgniter\Model->builder()
#2 C:\xampp\htdocs\app_resto_refina\system\BaseModel.php(584): CodeIgniter\Model->doFindAll(0, 0)
#3 C:\xampp\htdocs\app_resto_refina\app\Controllers\UserController.php(25): CodeIgniter\BaseModel->findAll()
#4 C:\xampp\htdocs\app_resto_refina\system\CodeIgniter.php(825): App\Controllers\UserController->tampil()
#5 C:\xampp\htdocs\app_resto_refina\system\CodeIgniter.php(412): CodeIgniter\CodeIgniter->runController(Object(App\Controllers\UserController))
#6 C:\xampp\htdocs\app_resto_refina\system\CodeIgniter.php(320): CodeIgniter\CodeIgniter->handleRequest(NULL, Object(Config\Cache), false)
#7 C:\xampp\htdocs\app_resto_refina\public\index.php(37): CodeIgniter\CodeIgniter->run()
#8 C:\xampp\htdocs\app_resto_refina\system\Commands\Server\rewrite.php(43): require_once('C:\\xampp\\htdocs...')
#9 {main}
CRITICAL - 2022-02-01 01:22:53 --> You must set the database table to be used with your query.
#0 C:\xampp\htdocs\app_resto_refina\system\Model.php(545): CodeIgniter\Database\BaseConnection->table(NULL)
#1 C:\xampp\htdocs\app_resto_refina\system\Model.php(176): CodeIgniter\Model->builder()
#2 C:\xampp\htdocs\app_resto_refina\system\BaseModel.php(584): CodeIgniter\Model->doFindAll(0, 0)
#3 C:\xampp\htdocs\app_resto_refina\app\Controllers\UserController.php(25): CodeIgniter\BaseModel->findAll()
#4 C:\xampp\htdocs\app_resto_refina\system\CodeIgniter.php(825): App\Controllers\UserController->tampil()
#5 C:\xampp\htdocs\app_resto_refina\system\CodeIgniter.php(412): CodeIgniter\CodeIgniter->runController(Object(App\Controllers\UserController))
#6 C:\xampp\htdocs\app_resto_refina\system\CodeIgniter.php(320): CodeIgniter\CodeIgniter->handleRequest(NULL, Object(Config\Cache), false)
#7 C:\xampp\htdocs\app_resto_refina\public\index.php(37): CodeIgniter\CodeIgniter->run()
#8 C:\xampp\htdocs\app_resto_refina\system\Commands\Server\rewrite.php(43): require_once('C:\\xampp\\htdocs...')
#9 {main}
CRITICAL - 2022-02-01 01:23:07 --> You must set the database table to be used with your query.
#0 C:\xampp\htdocs\app_resto_refina\system\Model.php(545): CodeIgniter\Database\BaseConnection->table(NULL)
#1 C:\xampp\htdocs\app_resto_refina\system\Model.php(176): CodeIgniter\Model->builder()
#2 C:\xampp\htdocs\app_resto_refina\system\BaseModel.php(584): CodeIgniter\Model->doFindAll(0, 0)
#3 C:\xampp\htdocs\app_resto_refina\app\Controllers\UserController.php(25): CodeIgniter\BaseModel->findAll()
#4 C:\xampp\htdocs\app_resto_refina\system\CodeIgniter.php(825): App\Controllers\UserController->tampil()
#5 C:\xampp\htdocs\app_resto_refina\system\CodeIgniter.php(412): CodeIgniter\CodeIgniter->runController(Object(App\Controllers\UserController))
#6 C:\xampp\htdocs\app_resto_refina\system\CodeIgniter.php(320): CodeIgniter\CodeIgniter->handleRequest(NULL, Object(Config\Cache), false)
#7 C:\xampp\htdocs\app_resto_refina\public\index.php(37): CodeIgniter\CodeIgniter->run()
#8 C:\xampp\htdocs\app_resto_refina\system\Commands\Server\rewrite.php(43): require_once('C:\\xampp\\htdocs...')
#9 {main}
CRITICAL - 2022-02-01 01:23:09 --> You must set the database table to be used with your query.
#0 C:\xampp\htdocs\app_resto_refina\system\Model.php(545): CodeIgniter\Database\BaseConnection->table(NULL)
#1 C:\xampp\htdocs\app_resto_refina\system\Model.php(176): CodeIgniter\Model->builder()
#2 C:\xampp\htdocs\app_resto_refina\system\BaseModel.php(584): CodeIgniter\Model->doFindAll(0, 0)
#3 C:\xampp\htdocs\app_resto_refina\app\Controllers\UserController.php(25): CodeIgniter\BaseModel->findAll()
#4 C:\xampp\htdocs\app_resto_refina\system\CodeIgniter.php(825): App\Controllers\UserController->tampil()
#5 C:\xampp\htdocs\app_resto_refina\system\CodeIgniter.php(412): CodeIgniter\CodeIgniter->runController(Object(App\Controllers\UserController))
#6 C:\xampp\htdocs\app_resto_refina\system\CodeIgniter.php(320): CodeIgniter\CodeIgniter->handleRequest(NULL, Object(Config\Cache), false)
#7 C:\xampp\htdocs\app_resto_refina\public\index.php(37): CodeIgniter\CodeIgniter->run()
#8 C:\xampp\htdocs\app_resto_refina\system\Commands\Server\rewrite.php(43): require_once('C:\\xampp\\htdocs...')
#9 {main}
CRITICAL - 2022-02-01 01:23:11 --> You must set the database table to be used with your query.
#0 C:\xampp\htdocs\app_resto_refina\system\Model.php(545): CodeIgniter\Database\BaseConnection->table(NULL)
#1 C:\xampp\htdocs\app_resto_refina\system\Model.php(176): CodeIgniter\Model->builder()
#2 C:\xampp\htdocs\app_resto_refina\system\BaseModel.php(584): CodeIgniter\Model->doFindAll(0, 0)
#3 C:\xampp\htdocs\app_resto_refina\app\Controllers\UserController.php(25): CodeIgniter\BaseModel->findAll()
#4 C:\xampp\htdocs\app_resto_refina\system\CodeIgniter.php(825): App\Controllers\UserController->tampil()
#5 C:\xampp\htdocs\app_resto_refina\system\CodeIgniter.php(412): CodeIgniter\CodeIgniter->runController(Object(App\Controllers\UserController))
#6 C:\xampp\htdocs\app_resto_refina\system\CodeIgniter.php(320): CodeIgniter\CodeIgniter->handleRequest(NULL, Object(Config\Cache), false)
#7 C:\xampp\htdocs\app_resto_refina\public\index.php(37): CodeIgniter\CodeIgniter->run()
#8 C:\xampp\htdocs\app_resto_refina\system\Commands\Server\rewrite.php(43): require_once('C:\\xampp\\htdocs...')
#9 {main}
CRITICAL - 2022-02-01 01:23:50 --> You must set the database table to be used with your query.
#0 C:\xampp\htdocs\app_resto_refina\system\Model.php(545): CodeIgniter\Database\BaseConnection->table(NULL)
#1 C:\xampp\htdocs\app_resto_refina\system\Model.php(176): CodeIgniter\Model->builder()
#2 C:\xampp\htdocs\app_resto_refina\system\BaseModel.php(584): CodeIgniter\Model->doFindAll(0, 0)
#3 C:\xampp\htdocs\app_resto_refina\app\Controllers\UserController.php(25): CodeIgniter\BaseModel->findAll()
#4 C:\xampp\htdocs\app_resto_refina\system\CodeIgniter.php(825): App\Controllers\UserController->tampil()
#5 C:\xampp\htdocs\app_resto_refina\system\CodeIgniter.php(412): CodeIgniter\CodeIgniter->runController(Object(App\Controllers\UserController))
#6 C:\xampp\htdocs\app_resto_refina\system\CodeIgniter.php(320): CodeIgniter\CodeIgniter->handleRequest(NULL, Object(Config\Cache), false)
#7 C:\xampp\htdocs\app_resto_refina\public\index.php(37): CodeIgniter\CodeIgniter->run()
#8 C:\xampp\htdocs\app_resto_refina\system\Commands\Server\rewrite.php(43): require_once('C:\\xampp\\htdocs...')
#9 {main}
CRITICAL - 2022-02-01 01:23:53 --> You must set the database table to be used with your query.
#0 C:\xampp\htdocs\app_resto_refina\system\Model.php(545): CodeIgniter\Database\BaseConnection->table(NULL)
#1 C:\xampp\htdocs\app_resto_refina\system\Model.php(176): CodeIgniter\Model->builder()
#2 C:\xampp\htdocs\app_resto_refina\system\BaseModel.php(584): CodeIgniter\Model->doFindAll(0, 0)
#3 C:\xampp\htdocs\app_resto_refina\app\Controllers\UserController.php(25): CodeIgniter\BaseModel->findAll()
#4 C:\xampp\htdocs\app_resto_refina\system\CodeIgniter.php(825): App\Controllers\UserController->tampil()
#5 C:\xampp\htdocs\app_resto_refina\system\CodeIgniter.php(412): CodeIgniter\CodeIgniter->runController(Object(App\Controllers\UserController))
#6 C:\xampp\htdocs\app_resto_refina\system\CodeIgniter.php(320): CodeIgniter\CodeIgniter->handleRequest(NULL, Object(Config\Cache), false)
#7 C:\xampp\htdocs\app_resto_refina\public\index.php(37): CodeIgniter\CodeIgniter->run()
#8 C:\xampp\htdocs\app_resto_refina\system\Commands\Server\rewrite.php(43): require_once('C:\\xampp\\htdocs...')
#9 {main}
CRITICAL - 2022-02-01 01:24:43 --> You must set the database table to be used with your query.
#0 C:\xampp\htdocs\app_resto_refina\system\Model.php(545): CodeIgniter\Database\BaseConnection->table(NULL)
#1 C:\xampp\htdocs\app_resto_refina\system\Model.php(176): CodeIgniter\Model->builder()
#2 C:\xampp\htdocs\app_resto_refina\system\BaseModel.php(584): CodeIgniter\Model->doFindAll(0, 0)
#3 C:\xampp\htdocs\app_resto_refina\app\Controllers\UserController.php(25): CodeIgniter\BaseModel->findAll()
#4 C:\xampp\htdocs\app_resto_refina\system\CodeIgniter.php(825): App\Controllers\UserController->tampil()
#5 C:\xampp\htdocs\app_resto_refina\system\CodeIgniter.php(412): CodeIgniter\CodeIgniter->runController(Object(App\Controllers\UserController))
#6 C:\xampp\htdocs\app_resto_refina\system\CodeIgniter.php(320): CodeIgniter\CodeIgniter->handleRequest(NULL, Object(Config\Cache), false)
#7 C:\xampp\htdocs\app_resto_refina\public\index.php(37): CodeIgniter\CodeIgniter->run()
#8 C:\xampp\htdocs\app_resto_refina\system\Commands\Server\rewrite.php(43): require_once('C:\\xampp\\htdocs...')
#9 {main}
CRITICAL - 2022-02-01 01:24:44 --> You must set the database table to be used with your query.
#0 C:\xampp\htdocs\app_resto_refina\system\Model.php(545): CodeIgniter\Database\BaseConnection->table(NULL)
#1 C:\xampp\htdocs\app_resto_refina\system\Model.php(176): CodeIgniter\Model->builder()
#2 C:\xampp\htdocs\app_resto_refina\system\BaseModel.php(584): CodeIgniter\Model->doFindAll(0, 0)
#3 C:\xampp\htdocs\app_resto_refina\app\Controllers\UserController.php(25): CodeIgniter\BaseModel->findAll()
#4 C:\xampp\htdocs\app_resto_refina\system\CodeIgniter.php(825): App\Controllers\UserController->tampil()
#5 C:\xampp\htdocs\app_resto_refina\system\CodeIgniter.php(412): CodeIgniter\CodeIgniter->runController(Object(App\Controllers\UserController))
#6 C:\xampp\htdocs\app_resto_refina\system\CodeIgniter.php(320): CodeIgniter\CodeIgniter->handleRequest(NULL, Object(Config\Cache), false)
#7 C:\xampp\htdocs\app_resto_refina\public\index.php(37): CodeIgniter\CodeIgniter->run()
#8 C:\xampp\htdocs\app_resto_refina\system\Commands\Server\rewrite.php(43): require_once('C:\\xampp\\htdocs...')
#9 {main}
CRITICAL - 2022-02-01 01:28:24 --> You must set the database table to be used with your query.
#0 C:\xampp\htdocs\app_resto_refina\system\Model.php(545): CodeIgniter\Database\BaseConnection->table(NULL)
#1 C:\xampp\htdocs\app_resto_refina\system\Model.php(176): CodeIgniter\Model->builder()
#2 C:\xampp\htdocs\app_resto_refina\system\BaseModel.php(584): CodeIgniter\Model->doFindAll(0, 0)
#3 C:\xampp\htdocs\app_resto_refina\app\Controllers\UserController.php(25): CodeIgniter\BaseModel->findAll()
#4 C:\xampp\htdocs\app_resto_refina\system\CodeIgniter.php(825): App\Controllers\UserController->tampil()
#5 C:\xampp\htdocs\app_resto_refina\system\CodeIgniter.php(412): CodeIgniter\CodeIgniter->runController(Object(App\Controllers\UserController))
#6 C:\xampp\htdocs\app_resto_refina\system\CodeIgniter.php(320): CodeIgniter\CodeIgniter->handleRequest(NULL, Object(Config\Cache), false)
#7 C:\xampp\htdocs\app_resto_refina\public\index.php(37): CodeIgniter\CodeIgniter->run()
#8 C:\xampp\htdocs\app_resto_refina\system\Commands\Server\rewrite.php(43): require_once('C:\\xampp\\htdocs...')
#9 {main}
CRITICAL - 2022-02-01 01:28:26 --> You must set the database table to be used with your query.
#0 C:\xampp\htdocs\app_resto_refina\system\Model.php(545): CodeIgniter\Database\BaseConnection->table(NULL)
#1 C:\xampp\htdocs\app_resto_refina\system\Model.php(176): CodeIgniter\Model->builder()
#2 C:\xampp\htdocs\app_resto_refina\system\BaseModel.php(584): CodeIgniter\Model->doFindAll(0, 0)
#3 C:\xampp\htdocs\app_resto_refina\app\Controllers\UserController.php(25): CodeIgniter\BaseModel->findAll()
#4 C:\xampp\htdocs\app_resto_refina\system\CodeIgniter.php(825): App\Controllers\UserController->tampil()
#5 C:\xampp\htdocs\app_resto_refina\system\CodeIgniter.php(412): CodeIgniter\CodeIgniter->runController(Object(App\Controllers\UserController))
#6 C:\xampp\htdocs\app_resto_refina\system\CodeIgniter.php(320): CodeIgniter\CodeIgniter->handleRequest(NULL, Object(Config\Cache), false)
#7 C:\xampp\htdocs\app_resto_refina\public\index.php(37): CodeIgniter\CodeIgniter->run()
#8 C:\xampp\htdocs\app_resto_refina\system\Commands\Server\rewrite.php(43): require_once('C:\\xampp\\htdocs...')
#9 {main}
CRITICAL - 2022-02-01 01:28:26 --> You must set the database table to be used with your query.
#0 C:\xampp\htdocs\app_resto_refina\system\Model.php(545): CodeIgniter\Database\BaseConnection->table(NULL)
#1 C:\xampp\htdocs\app_resto_refina\system\Model.php(176): CodeIgniter\Model->builder()
#2 C:\xampp\htdocs\app_resto_refina\system\BaseModel.php(584): CodeIgniter\Model->doFindAll(0, 0)
#3 C:\xampp\htdocs\app_resto_refina\app\Controllers\UserController.php(25): CodeIgniter\BaseModel->findAll()
#4 C:\xampp\htdocs\app_resto_refina\system\CodeIgniter.php(825): App\Controllers\UserController->tampil()
#5 C:\xampp\htdocs\app_resto_refina\system\CodeIgniter.php(412): CodeIgniter\CodeIgniter->runController(Object(App\Controllers\UserController))
#6 C:\xampp\htdocs\app_resto_refina\system\CodeIgniter.php(320): CodeIgniter\CodeIgniter->handleRequest(NULL, Object(Config\Cache), false)
#7 C:\xampp\htdocs\app_resto_refina\public\index.php(37): CodeIgniter\CodeIgniter->run()
#8 C:\xampp\htdocs\app_resto_refina\system\Commands\Server\rewrite.php(43): require_once('C:\\xampp\\htdocs...')
#9 {main}
CRITICAL - 2022-02-01 01:28:27 --> You must set the database table to be used with your query.
#0 C:\xampp\htdocs\app_resto_refina\system\Model.php(545): CodeIgniter\Database\BaseConnection->table(NULL)
#1 C:\xampp\htdocs\app_resto_refina\system\Model.php(176): CodeIgniter\Model->builder()
#2 C:\xampp\htdocs\app_resto_refina\system\BaseModel.php(584): CodeIgniter\Model->doFindAll(0, 0)
#3 C:\xampp\htdocs\app_resto_refina\app\Controllers\UserController.php(25): CodeIgniter\BaseModel->findAll()
#4 C:\xampp\htdocs\app_resto_refina\system\CodeIgniter.php(825): App\Controllers\UserController->tampil()
#5 C:\xampp\htdocs\app_resto_refina\system\CodeIgniter.php(412): CodeIgniter\CodeIgniter->runController(Object(App\Controllers\UserController))
#6 C:\xampp\htdocs\app_resto_refina\system\CodeIgniter.php(320): CodeIgniter\CodeIgniter->handleRequest(NULL, Object(Config\Cache), false)
#7 C:\xampp\htdocs\app_resto_refina\public\index.php(37): CodeIgniter\CodeIgniter->run()
#8 C:\xampp\htdocs\app_resto_refina\system\Commands\Server\rewrite.php(43): require_once('C:\\xampp\\htdocs...')
#9 {main}
CRITICAL - 2022-02-01 01:28:28 --> You must set the database table to be used with your query.
#0 C:\xampp\htdocs\app_resto_refina\system\Model.php(545): CodeIgniter\Database\BaseConnection->table(NULL)
#1 C:\xampp\htdocs\app_resto_refina\system\Model.php(176): CodeIgniter\Model->builder()
#2 C:\xampp\htdocs\app_resto_refina\system\BaseModel.php(584): CodeIgniter\Model->doFindAll(0, 0)
#3 C:\xampp\htdocs\app_resto_refina\app\Controllers\UserController.php(25): CodeIgniter\BaseModel->findAll()
#4 C:\xampp\htdocs\app_resto_refina\system\CodeIgniter.php(825): App\Controllers\UserController->tampil()
#5 C:\xampp\htdocs\app_resto_refina\system\CodeIgniter.php(412): CodeIgniter\CodeIgniter->runController(Object(App\Controllers\UserController))
#6 C:\xampp\htdocs\app_resto_refina\system\CodeIgniter.php(320): CodeIgniter\CodeIgniter->handleRequest(NULL, Object(Config\Cache), false)
#7 C:\xampp\htdocs\app_resto_refina\public\index.php(37): CodeIgniter\CodeIgniter->run()
#8 C:\xampp\htdocs\app_resto_refina\system\Commands\Server\rewrite.php(43): require_once('C:\\xampp\\htdocs...')
#9 {main}
CRITICAL - 2022-02-01 01:28:29 --> You must set the database table to be used with your query.
#0 C:\xampp\htdocs\app_resto_refina\system\Model.php(545): CodeIgniter\Database\BaseConnection->table(NULL)
#1 C:\xampp\htdocs\app_resto_refina\system\Model.php(176): CodeIgniter\Model->builder()
#2 C:\xampp\htdocs\app_resto_refina\system\BaseModel.php(584): CodeIgniter\Model->doFindAll(0, 0)
#3 C:\xampp\htdocs\app_resto_refina\app\Controllers\UserController.php(25): CodeIgniter\BaseModel->findAll()
#4 C:\xampp\htdocs\app_resto_refina\system\CodeIgniter.php(825): App\Controllers\UserController->tampil()
#5 C:\xampp\htdocs\app_resto_refina\system\CodeIgniter.php(412): CodeIgniter\CodeIgniter->runController(Object(App\Controllers\UserController))
#6 C:\xampp\htdocs\app_resto_refina\system\CodeIgniter.php(320): CodeIgniter\CodeIgniter->handleRequest(NULL, Object(Config\Cache), false)
#7 C:\xampp\htdocs\app_resto_refina\public\index.php(37): CodeIgniter\CodeIgniter->run()
#8 C:\xampp\htdocs\app_resto_refina\system\Commands\Server\rewrite.php(43): require_once('C:\\xampp\\htdocs...')
#9 {main}
CRITICAL - 2022-02-01 01:28:30 --> You must set the database table to be used with your query.
#0 C:\xampp\htdocs\app_resto_refina\system\Model.php(545): CodeIgniter\Database\BaseConnection->table(NULL)
#1 C:\xampp\htdocs\app_resto_refina\system\Model.php(176): CodeIgniter\Model->builder()
#2 C:\xampp\htdocs\app_resto_refina\system\BaseModel.php(584): CodeIgniter\Model->doFindAll(0, 0)
#3 C:\xampp\htdocs\app_resto_refina\app\Controllers\UserController.php(25): CodeIgniter\BaseModel->findAll()
#4 C:\xampp\htdocs\app_resto_refina\system\CodeIgniter.php(825): App\Controllers\UserController->tampil()
#5 C:\xampp\htdocs\app_resto_refina\system\CodeIgniter.php(412): CodeIgniter\CodeIgniter->runController(Object(App\Controllers\UserController))
#6 C:\xampp\htdocs\app_resto_refina\system\CodeIgniter.php(320): CodeIgniter\CodeIgniter->handleRequest(NULL, Object(Config\Cache), false)
#7 C:\xampp\htdocs\app_resto_refina\public\index.php(37): CodeIgniter\CodeIgniter->run()
#8 C:\xampp\htdocs\app_resto_refina\system\Commands\Server\rewrite.php(43): require_once('C:\\xampp\\htdocs...')
#9 {main}
ERROR - 2022-02-01 02:29:26 --> Error connecting to the database: No connection could be made because the target machine actively refused it
CRITICAL - 2022-02-01 02:29:26 --> Unable to connect to the database.
Main connection [MySQLi]: No connection could be made because the target machine actively refused it
#0 C:\xampp\htdocs\app_resto_refina\system\Database\BaseConnection.php(577): CodeIgniter\Database\BaseConnection->initialize()
#1 C:\xampp\htdocs\app_resto_refina\system\Database\BaseBuilder.php(1455): CodeIgniter\Database\BaseConnection->query('SELECT *\nFROM `...', Array, false)
#2 C:\xampp\htdocs\app_resto_refina\system\Model.php(183): CodeIgniter\Database\BaseBuilder->get()
#3 C:\xampp\htdocs\app_resto_refina\system\BaseModel.php(584): CodeIgniter\Model->doFindAll(0, 0)
#4 C:\xampp\htdocs\app_resto_refina\app\Controllers\UserController.php(25): CodeIgniter\BaseModel->findAll()
#5 C:\xampp\htdocs\app_resto_refina\system\CodeIgniter.php(825): App\Controllers\UserController->tampil()
#6 C:\xampp\htdocs\app_resto_refina\system\CodeIgniter.php(412): CodeIgniter\CodeIgniter->runController(Object(App\Controllers\UserController))
#7 C:\xampp\htdocs\app_resto_refina\system\CodeIgniter.php(320): CodeIgniter\CodeIgniter->handleRequest(NULL, Object(Config\Cache), false)
#8 C:\xampp\htdocs\app_resto_refina\public\index.php(37): CodeIgniter\CodeIgniter->run()
#9 C:\xampp\htdocs\app_resto_refina\system\Commands\Server\rewrite.php(43): require_once('C:\\xampp\\htdocs...')
#10 {main}
ERROR - 2022-02-01 02:45:17 --> Column 'password' cannot be null
CRITICAL - 2022-02-01 02:45:17 --> Column 'password' cannot be null
#0 C:\xampp\htdocs\app_resto_refina\system\Database\MySQLi\Connection.php(292): mysqli->query('INSERT INTO `us...', 0)
#1 C:\xampp\htdocs\app_resto_refina\system\Database\BaseConnection.php(670): CodeIgniter\Database\MySQLi\Connection->execute('INSERT INTO `us...')
#2 C:\xampp\htdocs\app_resto_refina\system\Database\BaseConnection.php(598): CodeIgniter\Database\BaseConnection->simpleQuery('INSERT INTO `us...')
#3 C:\xampp\htdocs\app_resto_refina\system\Database\BaseBuilder.php(1771): CodeIgniter\Database\BaseConnection->query('INSERT INTO `us...', Array, false)
#4 C:\xampp\htdocs\app_resto_refina\system\Model.php(239): CodeIgniter\Database\BaseBuilder->insert()
#5 C:\xampp\htdocs\app_resto_refina\system\BaseModel.php(738): CodeIgniter\Model->doInsert(Array)
#6 C:\xampp\htdocs\app_resto_refina\system\Model.php(625): CodeIgniter\BaseModel->insert(Array, true)
#7 C:\xampp\htdocs\app_resto_refina\app\Controllers\UserController.php(38): CodeIgniter\Model->insert(Array)
#8 C:\xampp\htdocs\app_resto_refina\system\CodeIgniter.php(825): App\Controllers\UserController->create()
#9 C:\xampp\htdocs\app_resto_refina\system\CodeIgniter.php(412): CodeIgniter\CodeIgniter->runController(Object(App\Controllers\UserController))
#10 C:\xampp\htdocs\app_resto_refina\system\CodeIgniter.php(320): CodeIgniter\CodeIgniter->handleRequest(NULL, Object(Config\Cache), false)
#11 C:\xampp\htdocs\app_resto_refina\public\index.php(37): CodeIgniter\CodeIgniter->run()
#12 C:\xampp\htdocs\app_resto_refina\system\Commands\Server\rewrite.php(43): require_once('C:\\xampp\\htdocs...')
#13 {main}
ERROR - 2022-02-01 02:45:58 --> Column 'password' cannot be null
CRITICAL - 2022-02-01 02:45:58 --> Column 'password' cannot be null
#0 C:\xampp\htdocs\app_resto_refina\system\Database\MySQLi\Connection.php(292): mysqli->query('INSERT INTO `us...', 0)
#1 C:\xampp\htdocs\app_resto_refina\system\Database\BaseConnection.php(670): CodeIgniter\Database\MySQLi\Connection->execute('INSERT INTO `us...')
#2 C:\xampp\htdocs\app_resto_refina\system\Database\BaseConnection.php(598): CodeIgniter\Database\BaseConnection->simpleQuery('INSERT INTO `us...')
#3 C:\xampp\htdocs\app_resto_refina\system\Database\BaseBuilder.php(1771): CodeIgniter\Database\BaseConnection->query('INSERT INTO `us...', Array, false)
#4 C:\xampp\htdocs\app_resto_refina\system\Model.php(239): CodeIgniter\Database\BaseBuilder->insert()
#5 C:\xampp\htdocs\app_resto_refina\system\BaseModel.php(738): CodeIgniter\Model->doInsert(Array)
#6 C:\xampp\htdocs\app_resto_refina\system\Model.php(625): CodeIgniter\BaseModel->insert(Array, true)
#7 C:\xampp\htdocs\app_resto_refina\app\Controllers\UserController.php(38): CodeIgniter\Model->insert(Array)
#8 C:\xampp\htdocs\app_resto_refina\system\CodeIgniter.php(825): App\Controllers\UserController->create()
#9 C:\xampp\htdocs\app_resto_refina\system\CodeIgniter.php(412): CodeIgniter\CodeIgniter->runController(Object(App\Controllers\UserController))
#10 C:\xampp\htdocs\app_resto_refina\system\CodeIgniter.php(320): CodeIgniter\CodeIgniter->handleRequest(NULL, Object(Config\Cache), false)
#11 C:\xampp\htdocs\app_resto_refina\public\index.php(37): CodeIgniter\CodeIgniter->run()
#12 C:\xampp\htdocs\app_resto_refina\system\Commands\Server\rewrite.php(43): require_once('C:\\xampp\\htdocs...')
#13 {main}
ERROR - 2022-02-01 02:47:49 --> Column 'password' cannot be null
CRITICAL - 2022-02-01 02:47:49 --> Column 'password' cannot be null
#0 C:\xampp\htdocs\app_resto_refina\system\Database\MySQLi\Connection.php(292): mysqli->query('INSERT INTO `us...', 0)
#1 C:\xampp\htdocs\app_resto_refina\system\Database\BaseConnection.php(670): CodeIgniter\Database\MySQLi\Connection->execute('INSERT INTO `us...')
#2 C:\xampp\htdocs\app_resto_refina\system\Database\BaseConnection.php(598): CodeIgniter\Database\BaseConnection->simpleQuery('INSERT INTO `us...')
#3 C:\xampp\htdocs\app_resto_refina\system\Database\BaseBuilder.php(1771): CodeIgniter\Database\BaseConnection->query('INSERT INTO `us...', Array, false)
#4 C:\xampp\htdocs\app_resto_refina\system\Model.php(239): CodeIgniter\Database\BaseBuilder->insert()
#5 C:\xampp\htdocs\app_resto_refina\system\BaseModel.php(738): CodeIgniter\Model->doInsert(Array)
#6 C:\xampp\htdocs\app_resto_refina\system\Model.php(625): CodeIgniter\BaseModel->insert(Array, true)
#7 C:\xampp\htdocs\app_resto_refina\app\Controllers\UserController.php(38): CodeIgniter\Model->insert(Array)
#8 C:\xampp\htdocs\app_resto_refina\system\CodeIgniter.php(825): App\Controllers\UserController->create()
#9 C:\xampp\htdocs\app_resto_refina\system\CodeIgniter.php(412): CodeIgniter\CodeIgniter->runController(Object(App\Controllers\UserController))
#10 C:\xampp\htdocs\app_resto_refina\system\CodeIgniter.php(320): CodeIgniter\CodeIgniter->handleRequest(NULL, Object(Config\Cache), false)
#11 C:\xampp\htdocs\app_resto_refina\public\index.php(37): CodeIgniter\CodeIgniter->run()
#12 C:\xampp\htdocs\app_resto_refina\system\Commands\Server\rewrite.php(43): require_once('C:\\xampp\\htdocs...')
#13 {main}
ERROR - 2022-02-01 02:48:37 --> Column 'password' cannot be null
CRITICAL - 2022-02-01 02:48:37 --> Column 'password' cannot be null
#0 C:\xampp\htdocs\app_resto_refina\system\Database\MySQLi\Connection.php(292): mysqli->query('INSERT INTO `us...', 0)
#1 C:\xampp\htdocs\app_resto_refina\system\Database\BaseConnection.php(670): CodeIgniter\Database\MySQLi\Connection->execute('INSERT INTO `us...')
#2 C:\xampp\htdocs\app_resto_refina\system\Database\BaseConnection.php(598): CodeIgniter\Database\BaseConnection->simpleQuery('INSERT INTO `us...')
#3 C:\xampp\htdocs\app_resto_refina\system\Database\BaseBuilder.php(1771): CodeIgniter\Database\BaseConnection->query('INSERT INTO `us...', Array, false)
#4 C:\xampp\htdocs\app_resto_refina\system\Model.php(239): CodeIgniter\Database\BaseBuilder->insert()
#5 C:\xampp\htdocs\app_resto_refina\system\BaseModel.php(738): CodeIgniter\Model->doInsert(Array)
#6 C:\xampp\htdocs\app_resto_refina\system\Model.php(625): CodeIgniter\BaseModel->insert(Array, true)
#7 C:\xampp\htdocs\app_resto_refina\app\Controllers\UserController.php(38): CodeIgniter\Model->insert(Array)
#8 C:\xampp\htdocs\app_resto_refina\system\CodeIgniter.php(825): App\Controllers\UserController->create()
#9 C:\xampp\htdocs\app_resto_refina\system\CodeIgniter.php(412): CodeIgniter\CodeIgniter->runController(Object(App\Controllers\UserController))
#10 C:\xampp\htdocs\app_resto_refina\system\CodeIgniter.php(320): CodeIgniter\CodeIgniter->handleRequest(NULL, Object(Config\Cache), false)
#11 C:\xampp\htdocs\app_resto_refina\public\index.php(37): CodeIgniter\CodeIgniter->run()
#12 C:\xampp\htdocs\app_resto_refina\system\Commands\Server\rewrite.php(43): require_once('C:\\xampp\\htdocs...')
#13 {main}
ERROR - 2022-02-01 02:54:29 --> Column 'password' cannot be null
CRITICAL - 2022-02-01 02:54:29 --> Column 'password' cannot be null
#0 C:\xampp\htdocs\app_resto_refina\system\Database\MySQLi\Connection.php(292): mysqli->query('INSERT INTO `us...', 0)
#1 C:\xampp\htdocs\app_resto_refina\system\Database\BaseConnection.php(670): CodeIgniter\Database\MySQLi\Connection->execute('INSERT INTO `us...')
#2 C:\xampp\htdocs\app_resto_refina\system\Database\BaseConnection.php(598): CodeIgniter\Database\BaseConnection->simpleQuery('INSERT INTO `us...')
#3 C:\xampp\htdocs\app_resto_refina\system\Database\BaseBuilder.php(1771): CodeIgniter\Database\BaseConnection->query('INSERT INTO `us...', Array, false)
#4 C:\xampp\htdocs\app_resto_refina\system\Model.php(239): CodeIgniter\Database\BaseBuilder->insert()
#5 C:\xampp\htdocs\app_resto_refina\system\BaseModel.php(738): CodeIgniter\Model->doInsert(Array)
#6 C:\xampp\htdocs\app_resto_refina\system\Model.php(625): CodeIgniter\BaseModel->insert(Array, true)
#7 C:\xampp\htdocs\app_resto_refina\app\Controllers\UserController.php(38): CodeIgniter\Model->insert(Array)
#8 C:\xampp\htdocs\app_resto_refina\system\CodeIgniter.php(825): App\Controllers\UserController->create()
#9 C:\xampp\htdocs\app_resto_refina\system\CodeIgniter.php(412): CodeIgniter\CodeIgniter->runController(Object(App\Controllers\UserController))
#10 C:\xampp\htdocs\app_resto_refina\system\CodeIgniter.php(320): CodeIgniter\CodeIgniter->handleRequest(NULL, Object(Config\Cache), false)
#11 C:\xampp\htdocs\app_resto_refina\public\index.php(37): CodeIgniter\CodeIgniter->run()
#12 C:\xampp\htdocs\app_resto_refina\system\Commands\Server\rewrite.php(43): require_once('C:\\xampp\\htdocs...')
#13 {main}
ERROR - 2022-02-01 02:54:33 --> Column 'password' cannot be null
CRITICAL - 2022-02-01 02:54:33 --> Column 'password' cannot be null
#0 C:\xampp\htdocs\app_resto_refina\system\Database\MySQLi\Connection.php(292): mysqli->query('INSERT INTO `us...', 0)
#1 C:\xampp\htdocs\app_resto_refina\system\Database\BaseConnection.php(670): CodeIgniter\Database\MySQLi\Connection->execute('INSERT INTO `us...')
#2 C:\xampp\htdocs\app_resto_refina\system\Database\BaseConnection.php(598): CodeIgniter\Database\BaseConnection->simpleQuery('INSERT INTO `us...')
#3 C:\xampp\htdocs\app_resto_refina\system\Database\BaseBuilder.php(1771): CodeIgniter\Database\BaseConnection->query('INSERT INTO `us...', Array, false)
#4 C:\xampp\htdocs\app_resto_refina\system\Model.php(239): CodeIgniter\Database\BaseBuilder->insert()
#5 C:\xampp\htdocs\app_resto_refina\system\BaseModel.php(738): CodeIgniter\Model->doInsert(Array)
#6 C:\xampp\htdocs\app_resto_refina\system\Model.php(625): CodeIgniter\BaseModel->insert(Array, true)
#7 C:\xampp\htdocs\app_resto_refina\app\Controllers\UserController.php(38): CodeIgniter\Model->insert(Array)
#8 C:\xampp\htdocs\app_resto_refina\system\CodeIgniter.php(825): App\Controllers\UserController->create()
#9 C:\xampp\htdocs\app_resto_refina\system\CodeIgniter.php(412): CodeIgniter\CodeIgniter->runController(Object(App\Controllers\UserController))
#10 C:\xampp\htdocs\app_resto_refina\system\CodeIgniter.php(320): CodeIgniter\CodeIgniter->handleRequest(NULL, Object(Config\Cache), false)
#11 C:\xampp\htdocs\app_resto_refina\public\index.php(37): CodeIgniter\CodeIgniter->run()
#12 C:\xampp\htdocs\app_resto_refina\system\Commands\Server\rewrite.php(43): require_once('C:\\xampp\\htdocs...')
#13 {main}
CRITICAL - 2022-02-01 03:34:27 --> Undefined variable $dmenu
#0 C:\xampp\htdocs\app_resto_refina\app\Views\menu.php(26): CodeIgniter\Debug\Exceptions->errorHandler(2, 'Undefined varia...', 'C:\\xampp\\htdocs...', 26)
#1 C:\xampp\htdocs\app_resto_refina\system\View\View.php(210): include('C:\\xampp\\htdocs...')
#2 C:\xampp\htdocs\app_resto_refina\system\View\View.php(213): CodeIgniter\View\View->CodeIgniter\View\{closure}()
#3 C:\xampp\htdocs\app_resto_refina\system\Common.php(1089): CodeIgniter\View\View->render('menu', Array, true)
#4 C:\xampp\htdocs\app_resto_refina\app\Controllers\MenuController.php(26): view('menu', Array)
#5 C:\xampp\htdocs\app_resto_refina\system\CodeIgniter.php(825): App\Controllers\MenuController->tampil()
#6 C:\xampp\htdocs\app_resto_refina\system\CodeIgniter.php(412): CodeIgniter\CodeIgniter->runController(Object(App\Controllers\MenuController))
#7 C:\xampp\htdocs\app_resto_refina\system\CodeIgniter.php(320): CodeIgniter\CodeIgniter->handleRequest(NULL, Object(Config\Cache), false)
#8 C:\xampp\htdocs\app_resto_refina\public\index.php(37): CodeIgniter\CodeIgniter->run()
#9 C:\xampp\htdocs\app_resto_refina\system\Commands\Server\rewrite.php(43): require_once('C:\\xampp\\htdocs...')
#10 {main}
ERROR - 2022-02-01 03:40:28 --> Column 'username' cannot be null
CRITICAL - 2022-02-01 03:40:28 --> Column 'username' cannot be null
#0 C:\xampp\htdocs\app_resto_refina\system\Database\MySQLi\Connection.php(292): mysqli->query('INSERT INTO `us...', 0)
#1 C:\xampp\htdocs\app_resto_refina\system\Database\BaseConnection.php(670): CodeIgniter\Database\MySQLi\Connection->execute('INSERT INTO `us...')
#2 C:\xampp\htdocs\app_resto_refina\system\Database\BaseConnection.php(598): CodeIgniter\Database\BaseConnection->simpleQuery('INSERT INTO `us...')
#3 C:\xampp\htdocs\app_resto_refina\system\Database\BaseBuilder.php(1771): CodeIgniter\Database\BaseConnection->query('INSERT INTO `us...', Array, false)
#4 C:\xampp\htdocs\app_resto_refina\system\Model.php(239): CodeIgniter\Database\BaseBuilder->insert()
#5 C:\xampp\htdocs\app_resto_refina\system\BaseModel.php(738): CodeIgniter\Model->doInsert(Array)
#6 C:\xampp\htdocs\app_resto_refina\system\Model.php(625): CodeIgniter\BaseModel->insert(Array, true)
#7 C:\xampp\htdocs\app_resto_refina\app\Controllers\UserController.php(38): CodeIgniter\Model->insert(Array)
#8 C:\xampp\htdocs\app_resto_refina\system\CodeIgniter.php(825): App\Controllers\UserController->create()
#9 C:\xampp\htdocs\app_resto_refina\system\CodeIgniter.php(412): CodeIgniter\CodeIgniter->runController(Object(App\Controllers\UserController))
#10 C:\xampp\htdocs\app_resto_refina\system\CodeIgniter.php(320): CodeIgniter\CodeIgniter->handleRequest(NULL, Object(Config\Cache), false)
#11 C:\xampp\htdocs\app_resto_refina\public\index.php(37): CodeIgniter\CodeIgniter->run()
#12 C:\xampp\htdocs\app_resto_refina\system\Commands\Server\rewrite.php(43): require_once('C:\\xampp\\htdocs...')
#13 {main}
ERROR - 2022-02-01 03:42:50 --> Column 'username' cannot be null
CRITICAL - 2022-02-01 03:42:50 --> Column 'username' cannot be null
#0 C:\xampp\htdocs\app_resto_refina\system\Database\MySQLi\Connection.php(292): mysqli->query('INSERT INTO `us...', 0)
#1 C:\xampp\htdocs\app_resto_refina\system\Database\BaseConnection.php(670): CodeIgniter\Database\MySQLi\Connection->execute('INSERT INTO `us...')
#2 C:\xampp\htdocs\app_resto_refina\system\Database\BaseConnection.php(598): CodeIgniter\Database\BaseConnection->simpleQuery('INSERT INTO `us...')
#3 C:\xampp\htdocs\app_resto_refina\system\Database\BaseBuilder.php(1771): CodeIgniter\Database\BaseConnection->query('INSERT INTO `us...', Array, false)
#4 C:\xampp\htdocs\app_resto_refina\system\Model.php(239): CodeIgniter\Database\BaseBuilder->insert()
#5 C:\xampp\htdocs\app_resto_refina\system\BaseModel.php(738): CodeIgniter\Model->doInsert(Array)
#6 C:\xampp\htdocs\app_resto_refina\system\Model.php(625): CodeIgniter\BaseModel->insert(Array, true)
#7 C:\xampp\htdocs\app_resto_refina\app\Controllers\UserController.php(38): CodeIgniter\Model->insert(Array)
#8 C:\xampp\htdocs\app_resto_refina\system\CodeIgniter.php(825): App\Controllers\UserController->create()
#9 C:\xampp\htdocs\app_resto_refina\system\CodeIgniter.php(412): CodeIgniter\CodeIgniter->runController(Object(App\Controllers\UserController))
#10 C:\xampp\htdocs\app_resto_refina\system\CodeIgniter.php(320): CodeIgniter\CodeIgniter->handleRequest(NULL, Object(Config\Cache), false)
#11 C:\xampp\htdocs\app_resto_refina\public\index.php(37): CodeIgniter\CodeIgniter->run()
#12 C:\xampp\htdocs\app_resto_refina\system\Commands\Server\rewrite.php(43): require_once('C:\\xampp\\htdocs...')
#13 {main}
ERROR - 2022-02-01 03:44:21 --> Column 'username' cannot be null
CRITICAL - 2022-02-01 03:44:21 --> Column 'username' cannot be null
#0 C:\xampp\htdocs\app_resto_refina\system\Database\MySQLi\Connection.php(292): mysqli->query('INSERT INTO `us...', 0)
#1 C:\xampp\htdocs\app_resto_refina\system\Database\BaseConnection.php(670): CodeIgniter\Database\MySQLi\Connection->execute('INSERT INTO `us...')
#2 C:\xampp\htdocs\app_resto_refina\system\Database\BaseConnection.php(598): CodeIgniter\Database\BaseConnection->simpleQuery('INSERT INTO `us...')
#3 C:\xampp\htdocs\app_resto_refina\system\Database\BaseBuilder.php(1771): CodeIgniter\Database\BaseConnection->query('INSERT INTO `us...', Array, false)
#4 C:\xampp\htdocs\app_resto_refina\system\Model.php(239): CodeIgniter\Database\BaseBuilder->insert()
#5 C:\xampp\htdocs\app_resto_refina\system\BaseModel.php(738): CodeIgniter\Model->doInsert(Array)
#6 C:\xampp\htdocs\app_resto_refina\system\Model.php(625): CodeIgniter\BaseModel->insert(Array, true)
#7 C:\xampp\htdocs\app_resto_refina\app\Controllers\UserController.php(38): CodeIgniter\Model->insert(Array)
#8 C:\xampp\htdocs\app_resto_refina\system\CodeIgniter.php(825): App\Controllers\UserController->create()
#9 C:\xampp\htdocs\app_resto_refina\system\CodeIgniter.php(412): CodeIgniter\CodeIgniter->runController(Object(App\Controllers\UserController))
#10 C:\xampp\htdocs\app_resto_refina\system\CodeIgniter.php(320): CodeIgniter\CodeIgniter->handleRequest(NULL, Object(Config\Cache), false)
#11 C:\xampp\htdocs\app_resto_refina\public\index.php(37): CodeIgniter\CodeIgniter->run()
#12 C:\xampp\htdocs\app_resto_refina\system\Commands\Server\rewrite.php(43): require_once('C:\\xampp\\htdocs...')
#13 {main}
ERROR - 2022-02-01 03:45:40 --> Column 'username' cannot be null
CRITICAL - 2022-02-01 03:45:40 --> Column 'username' cannot be null
#0 C:\xampp\htdocs\app_resto_refina\system\Database\MySQLi\Connection.php(292): mysqli->query('INSERT INTO `us...', 0)
#1 C:\xampp\htdocs\app_resto_refina\system\Database\BaseConnection.php(670): CodeIgniter\Database\MySQLi\Connection->execute('INSERT INTO `us...')
#2 C:\xampp\htdocs\app_resto_refina\system\Database\BaseConnection.php(598): CodeIgniter\Database\BaseConnection->simpleQuery('INSERT INTO `us...')
#3 C:\xampp\htdocs\app_resto_refina\system\Database\BaseBuilder.php(1771): CodeIgniter\Database\BaseConnection->query('INSERT INTO `us...', Array, false)
#4 C:\xampp\htdocs\app_resto_refina\system\Model.php(239): CodeIgniter\Database\BaseBuilder->insert()
#5 C:\xampp\htdocs\app_resto_refina\system\BaseModel.php(738): CodeIgniter\Model->doInsert(Array)
#6 C:\xampp\htdocs\app_resto_refina\system\Model.php(625): CodeIgniter\BaseModel->insert(Array, true)
#7 C:\xampp\htdocs\app_resto_refina\app\Controllers\UserController.php(38): CodeIgniter\Model->insert(Array)
#8 C:\xampp\htdocs\app_resto_refina\system\CodeIgniter.php(825): App\Controllers\UserController->create()
#9 C:\xampp\htdocs\app_resto_refina\system\CodeIgniter.php(412): CodeIgniter\CodeIgniter->runController(Object(App\Controllers\UserController))
#10 C:\xampp\htdocs\app_resto_refina\system\CodeIgniter.php(320): CodeIgniter\CodeIgniter->handleRequest(NULL, Object(Config\Cache), false)
#11 C:\xampp\htdocs\app_resto_refina\public\index.php(37): CodeIgniter\CodeIgniter->run()
#12 C:\xampp\htdocs\app_resto_refina\system\Commands\Server\rewrite.php(43): require_once('C:\\xampp\\htdocs...')
#13 {main}
ERROR - 2022-02-01 03:52:57 --> Column 'username' cannot be null
CRITICAL - 2022-02-01 03:52:57 --> Column 'username' cannot be null
#0 C:\xampp\htdocs\app_resto_refina\system\Database\MySQLi\Connection.php(292): mysqli->query('INSERT INTO `us...', 0)
#1 C:\xampp\htdocs\app_resto_refina\system\Database\BaseConnection.php(670): CodeIgniter\Database\MySQLi\Connection->execute('INSERT INTO `us...')
#2 C:\xampp\htdocs\app_resto_refina\system\Database\BaseConnection.php(598): CodeIgniter\Database\BaseConnection->simpleQuery('INSERT INTO `us...')
#3 C:\xampp\htdocs\app_resto_refina\system\Database\BaseBuilder.php(1771): CodeIgniter\Database\BaseConnection->query('INSERT INTO `us...', Array, false)
#4 C:\xampp\htdocs\app_resto_refina\system\Model.php(239): CodeIgniter\Database\BaseBuilder->insert()
#5 C:\xampp\htdocs\app_resto_refina\system\BaseModel.php(738): CodeIgniter\Model->doInsert(Array)
#6 C:\xampp\htdocs\app_resto_refina\system\Model.php(625): CodeIgniter\BaseModel->insert(Array, true)
#7 C:\xampp\htdocs\app_resto_refina\app\Controllers\UserController.php(38): CodeIgniter\Model->insert(Array)
#8 C:\xampp\htdocs\app_resto_refina\system\CodeIgniter.php(825): App\Controllers\UserController->create()
#9 C:\xampp\htdocs\app_resto_refina\system\CodeIgniter.php(412): CodeIgniter\CodeIgniter->runController(Object(App\Controllers\UserController))
#10 C:\xampp\htdocs\app_resto_refina\system\CodeIgniter.php(320): CodeIgniter\CodeIgniter->handleRequest(NULL, Object(Config\Cache), false)
#11 C:\xampp\htdocs\app_resto_refina\public\index.php(37): CodeIgniter\CodeIgniter->run()
#12 C:\xampp\htdocs\app_resto_refina\system\Commands\Server\rewrite.php(43): require_once('C:\\xampp\\htdocs...')
#13 {main}
ERROR - 2022-02-01 18:19:43 --> Error connecting to the database: No connection could be made because the target machine actively refused it
CRITICAL - 2022-02-01 18:19:43 --> Unable to connect to the database.
Main connection [MySQLi]: No connection could be made because the target machine actively refused it
#0 C:\xampp\htdocs\app_resto_refina\system\Database\BaseConnection.php(577): CodeIgniter\Database\BaseConnection->initialize()
#1 C:\xampp\htdocs\app_resto_refina\system\Database\BaseBuilder.php(1455): CodeIgniter\Database\BaseConnection->query('SELECT *\nFROM `...', Array, false)
#2 C:\xampp\htdocs\app_resto_refina\system\Model.php(183): CodeIgniter\Database\BaseBuilder->get()
#3 C:\xampp\htdocs\app_resto_refina\system\BaseModel.php(584): CodeIgniter\Model->doFindAll(0, 0)
#4 C:\xampp\htdocs\app_resto_refina\app\Controllers\MenuController.php(25): CodeIgniter\BaseModel->findAll()
#5 C:\xampp\htdocs\app_resto_refina\system\CodeIgniter.php(825): App\Controllers\MenuController->tampil()
#6 C:\xampp\htdocs\app_resto_refina\system\CodeIgniter.php(412): CodeIgniter\CodeIgniter->runController(Object(App\Controllers\MenuController))
#7 C:\xampp\htdocs\app_resto_refina\system\CodeIgniter.php(320): CodeIgniter\CodeIgniter->handleRequest(NULL, Object(Config\Cache), false)
#8 C:\xampp\htdocs\app_resto_refina\public\index.php(37): CodeIgniter\CodeIgniter->run()
#9 C:\xampp\htdocs\app_resto_refina\system\Commands\Server\rewrite.php(43): require_once('C:\\xampp\\htdocs...')
#10 {main}
