CRITICAL - 2022-02-10 05:42:00 --> Class "codeIgniter\Controller" not found
#0 C:\xampp\htdocs\app_resto_refina\system\Autoloader\Autoloader.php(264): include_once()
#1 C:\xampp\htdocs\app_resto_refina\system\Autoloader\Autoloader.php(241): CodeIgniter\Autoloader\Autoloader->includeFile('C:\\xampp\\htdocs...')
#2 C:\xampp\htdocs\app_resto_refina\system\Autoloader\Autoloader.php(219): CodeIgniter\Autoloader\Autoloader->loadInNamespace('App\\Controllers...')
#3 [internal function]: CodeIgniter\Autoloader\Autoloader->loadClass('App\\Controllers...')
#4 C:\xampp\htdocs\app_resto_refina\system\CodeIgniter.php(790): class_exists('\\App\\Controller...', true)
#5 C:\xampp\htdocs\app_resto_refina\system\CodeIgniter.php(399): CodeIgniter\CodeIgniter->startController()
#6 C:\xampp\htdocs\app_resto_refina\system\CodeIgniter.php(320): CodeIgniter\CodeIgniter->handleRequest(NULL, Object(Config\Cache), false)
#7 C:\xampp\htdocs\app_resto_refina\public\index.php(37): CodeIgniter\CodeIgniter->run()
#8 C:\xampp\htdocs\app_resto_refina\system\Commands\Server\rewrite.php(43): require_once('C:\\xampp\\htdocs...')
#9 {main}
CRITICAL - 2022-02-10 05:43:54 --> Class "codeIgniter\Controller" not found
#0 C:\xampp\htdocs\app_resto_refina\system\Autoloader\Autoloader.php(264): include_once()
#1 C:\xampp\htdocs\app_resto_refina\system\Autoloader\Autoloader.php(241): CodeIgniter\Autoloader\Autoloader->includeFile('C:\\xampp\\htdocs...')
#2 C:\xampp\htdocs\app_resto_refina\system\Autoloader\Autoloader.php(219): CodeIgniter\Autoloader\Autoloader->loadInNamespace('App\\Controllers...')
#3 [internal function]: CodeIgniter\Autoloader\Autoloader->loadClass('App\\Controllers...')
#4 C:\xampp\htdocs\app_resto_refina\system\CodeIgniter.php(790): class_exists('\\App\\Controller...', true)
#5 C:\xampp\htdocs\app_resto_refina\system\CodeIgniter.php(399): CodeIgniter\CodeIgniter->startController()
#6 C:\xampp\htdocs\app_resto_refina\system\CodeIgniter.php(320): CodeIgniter\CodeIgniter->handleRequest(NULL, Object(Config\Cache), false)
#7 C:\xampp\htdocs\app_resto_refina\public\index.php(37): CodeIgniter\CodeIgniter->run()
#8 C:\xampp\htdocs\app_resto_refina\system\Commands\Server\rewrite.php(43): require_once('C:\\xampp\\htdocs...')
#9 {main}
CRITICAL - 2022-02-10 05:50:21 --> Class "codeIgniter\Controller" not found
#0 C:\xampp\htdocs\app_resto_refina\system\Autoloader\Autoloader.php(264): include_once()
#1 C:\xampp\htdocs\app_resto_refina\system\Autoloader\Autoloader.php(241): CodeIgniter\Autoloader\Autoloader->includeFile('C:\\xampp\\htdocs...')
#2 C:\xampp\htdocs\app_resto_refina\system\Autoloader\Autoloader.php(219): CodeIgniter\Autoloader\Autoloader->loadInNamespace('App\\Controllers...')
#3 [internal function]: CodeIgniter\Autoloader\Autoloader->loadClass('App\\Controllers...')
#4 C:\xampp\htdocs\app_resto_refina\system\CodeIgniter.php(790): class_exists('\\App\\Controller...', true)
#5 C:\xampp\htdocs\app_resto_refina\system\CodeIgniter.php(399): CodeIgniter\CodeIgniter->startController()
#6 C:\xampp\htdocs\app_resto_refina\system\CodeIgniter.php(320): CodeIgniter\CodeIgniter->handleRequest(NULL, Object(Config\Cache), false)
#7 C:\xampp\htdocs\app_resto_refina\public\index.php(37): CodeIgniter\CodeIgniter->run()
#8 C:\xampp\htdocs\app_resto_refina\system\Commands\Server\rewrite.php(43): require_once('C:\\xampp\\htdocs...')
#9 {main}
CRITICAL - 2022-02-10 05:50:23 --> Class "codeIgniter\Controller" not found
#0 C:\xampp\htdocs\app_resto_refina\system\Autoloader\Autoloader.php(264): include_once()
#1 C:\xampp\htdocs\app_resto_refina\system\Autoloader\Autoloader.php(241): CodeIgniter\Autoloader\Autoloader->includeFile('C:\\xampp\\htdocs...')
#2 C:\xampp\htdocs\app_resto_refina\system\Autoloader\Autoloader.php(219): CodeIgniter\Autoloader\Autoloader->loadInNamespace('App\\Controllers...')
#3 [internal function]: CodeIgniter\Autoloader\Autoloader->loadClass('App\\Controllers...')
#4 C:\xampp\htdocs\app_resto_refina\system\CodeIgniter.php(790): class_exists('\\App\\Controller...', true)
#5 C:\xampp\htdocs\app_resto_refina\system\CodeIgniter.php(399): CodeIgniter\CodeIgniter->startController()
#6 C:\xampp\htdocs\app_resto_refina\system\CodeIgniter.php(320): CodeIgniter\CodeIgniter->handleRequest(NULL, Object(Config\Cache), false)
#7 C:\xampp\htdocs\app_resto_refina\public\index.php(37): CodeIgniter\CodeIgniter->run()
#8 C:\xampp\htdocs\app_resto_refina\system\Commands\Server\rewrite.php(43): require_once('C:\\xampp\\htdocs...')
#9 {main}
CRITICAL - 2022-02-10 05:50:23 --> Class "codeIgniter\Controller" not found
#0 C:\xampp\htdocs\app_resto_refina\system\Autoloader\Autoloader.php(264): include_once()
#1 C:\xampp\htdocs\app_resto_refina\system\Autoloader\Autoloader.php(241): CodeIgniter\Autoloader\Autoloader->includeFile('C:\\xampp\\htdocs...')
#2 C:\xampp\htdocs\app_resto_refina\system\Autoloader\Autoloader.php(219): CodeIgniter\Autoloader\Autoloader->loadInNamespace('App\\Controllers...')
#3 [internal function]: CodeIgniter\Autoloader\Autoloader->loadClass('App\\Controllers...')
#4 C:\xampp\htdocs\app_resto_refina\system\CodeIgniter.php(790): class_exists('\\App\\Controller...', true)
#5 C:\xampp\htdocs\app_resto_refina\system\CodeIgniter.php(399): CodeIgniter\CodeIgniter->startController()
#6 C:\xampp\htdocs\app_resto_refina\system\CodeIgniter.php(320): CodeIgniter\CodeIgniter->handleRequest(NULL, Object(Config\Cache), false)
#7 C:\xampp\htdocs\app_resto_refina\public\index.php(37): CodeIgniter\CodeIgniter->run()
#8 C:\xampp\htdocs\app_resto_refina\system\Commands\Server\rewrite.php(43): require_once('C:\\xampp\\htdocs...')
#9 {main}
CRITICAL - 2022-02-10 05:50:48 --> Class "codeIgniter\Controller" not found
#0 C:\xampp\htdocs\app_resto_refina\system\Autoloader\Autoloader.php(264): include_once()
#1 C:\xampp\htdocs\app_resto_refina\system\Autoloader\Autoloader.php(241): CodeIgniter\Autoloader\Autoloader->includeFile('C:\\xampp\\htdocs...')
#2 C:\xampp\htdocs\app_resto_refina\system\Autoloader\Autoloader.php(219): CodeIgniter\Autoloader\Autoloader->loadInNamespace('App\\Controllers...')
#3 [internal function]: CodeIgniter\Autoloader\Autoloader->loadClass('App\\Controllers...')
#4 C:\xampp\htdocs\app_resto_refina\system\CodeIgniter.php(790): class_exists('\\App\\Controller...', true)
#5 C:\xampp\htdocs\app_resto_refina\system\CodeIgniter.php(399): CodeIgniter\CodeIgniter->startController()
#6 C:\xampp\htdocs\app_resto_refina\system\CodeIgniter.php(320): CodeIgniter\CodeIgniter->handleRequest(NULL, Object(Config\Cache), false)
#7 C:\xampp\htdocs\app_resto_refina\public\index.php(37): CodeIgniter\CodeIgniter->run()
#8 C:\xampp\htdocs\app_resto_refina\system\Commands\Server\rewrite.php(43): require_once('C:\\xampp\\htdocs...')
#9 {main}
CRITICAL - 2022-02-10 05:51:56 --> Class "codeIgniter\Controller" not found
#0 C:\xampp\htdocs\app_resto_refina\system\Autoloader\Autoloader.php(264): include_once()
#1 C:\xampp\htdocs\app_resto_refina\system\Autoloader\Autoloader.php(241): CodeIgniter\Autoloader\Autoloader->includeFile('C:\\xampp\\htdocs...')
#2 C:\xampp\htdocs\app_resto_refina\system\Autoloader\Autoloader.php(219): CodeIgniter\Autoloader\Autoloader->loadInNamespace('App\\Controllers...')
#3 [internal function]: CodeIgniter\Autoloader\Autoloader->loadClass('App\\Controllers...')
#4 C:\xampp\htdocs\app_resto_refina\system\CodeIgniter.php(790): class_exists('\\App\\Controller...', true)
#5 C:\xampp\htdocs\app_resto_refina\system\CodeIgniter.php(399): CodeIgniter\CodeIgniter->startController()
#6 C:\xampp\htdocs\app_resto_refina\system\CodeIgniter.php(320): CodeIgniter\CodeIgniter->handleRequest(NULL, Object(Config\Cache), false)
#7 C:\xampp\htdocs\app_resto_refina\public\index.php(37): CodeIgniter\CodeIgniter->run()
#8 C:\xampp\htdocs\app_resto_refina\system\Commands\Server\rewrite.php(43): require_once('C:\\xampp\\htdocs...')
#9 {main}
CRITICAL - 2022-02-10 05:51:58 --> Class "codeIgniter\Controller" not found
#0 C:\xampp\htdocs\app_resto_refina\system\Autoloader\Autoloader.php(264): include_once()
#1 C:\xampp\htdocs\app_resto_refina\system\Autoloader\Autoloader.php(241): CodeIgniter\Autoloader\Autoloader->includeFile('C:\\xampp\\htdocs...')
#2 C:\xampp\htdocs\app_resto_refina\system\Autoloader\Autoloader.php(219): CodeIgniter\Autoloader\Autoloader->loadInNamespace('App\\Controllers...')
#3 [internal function]: CodeIgniter\Autoloader\Autoloader->loadClass('App\\Controllers...')
#4 C:\xampp\htdocs\app_resto_refina\system\CodeIgniter.php(790): class_exists('\\App\\Controller...', true)
#5 C:\xampp\htdocs\app_resto_refina\system\CodeIgniter.php(399): CodeIgniter\CodeIgniter->startController()
#6 C:\xampp\htdocs\app_resto_refina\system\CodeIgniter.php(320): CodeIgniter\CodeIgniter->handleRequest(NULL, Object(Config\Cache), false)
#7 C:\xampp\htdocs\app_resto_refina\public\index.php(37): CodeIgniter\CodeIgniter->run()
#8 C:\xampp\htdocs\app_resto_refina\system\Commands\Server\rewrite.php(43): require_once('C:\\xampp\\htdocs...')
#9 {main}
CRITICAL - 2022-02-10 05:51:58 --> Class "codeIgniter\Controller" not found
#0 C:\xampp\htdocs\app_resto_refina\system\Autoloader\Autoloader.php(264): include_once()
#1 C:\xampp\htdocs\app_resto_refina\system\Autoloader\Autoloader.php(241): CodeIgniter\Autoloader\Autoloader->includeFile('C:\\xampp\\htdocs...')
#2 C:\xampp\htdocs\app_resto_refina\system\Autoloader\Autoloader.php(219): CodeIgniter\Autoloader\Autoloader->loadInNamespace('App\\Controllers...')
#3 [internal function]: CodeIgniter\Autoloader\Autoloader->loadClass('App\\Controllers...')
#4 C:\xampp\htdocs\app_resto_refina\system\CodeIgniter.php(790): class_exists('\\App\\Controller...', true)
#5 C:\xampp\htdocs\app_resto_refina\system\CodeIgniter.php(399): CodeIgniter\CodeIgniter->startController()
#6 C:\xampp\htdocs\app_resto_refina\system\CodeIgniter.php(320): CodeIgniter\CodeIgniter->handleRequest(NULL, Object(Config\Cache), false)
#7 C:\xampp\htdocs\app_resto_refina\public\index.php(37): CodeIgniter\CodeIgniter->run()
#8 C:\xampp\htdocs\app_resto_refina\system\Commands\Server\rewrite.php(43): require_once('C:\\xampp\\htdocs...')
#9 {main}
CRITICAL - 2022-02-10 05:51:59 --> Class "codeIgniter\Controller" not found
#0 C:\xampp\htdocs\app_resto_refina\system\Autoloader\Autoloader.php(264): include_once()
#1 C:\xampp\htdocs\app_resto_refina\system\Autoloader\Autoloader.php(241): CodeIgniter\Autoloader\Autoloader->includeFile('C:\\xampp\\htdocs...')
#2 C:\xampp\htdocs\app_resto_refina\system\Autoloader\Autoloader.php(219): CodeIgniter\Autoloader\Autoloader->loadInNamespace('App\\Controllers...')
#3 [internal function]: CodeIgniter\Autoloader\Autoloader->loadClass('App\\Controllers...')
#4 C:\xampp\htdocs\app_resto_refina\system\CodeIgniter.php(790): class_exists('\\App\\Controller...', true)
#5 C:\xampp\htdocs\app_resto_refina\system\CodeIgniter.php(399): CodeIgniter\CodeIgniter->startController()
#6 C:\xampp\htdocs\app_resto_refina\system\CodeIgniter.php(320): CodeIgniter\CodeIgniter->handleRequest(NULL, Object(Config\Cache), false)
#7 C:\xampp\htdocs\app_resto_refina\public\index.php(37): CodeIgniter\CodeIgniter->run()
#8 C:\xampp\htdocs\app_resto_refina\system\Commands\Server\rewrite.php(43): require_once('C:\\xampp\\htdocs...')
#9 {main}
CRITICAL - 2022-02-10 05:51:59 --> Class "codeIgniter\Controller" not found
#0 C:\xampp\htdocs\app_resto_refina\system\Autoloader\Autoloader.php(264): include_once()
#1 C:\xampp\htdocs\app_resto_refina\system\Autoloader\Autoloader.php(241): CodeIgniter\Autoloader\Autoloader->includeFile('C:\\xampp\\htdocs...')
#2 C:\xampp\htdocs\app_resto_refina\system\Autoloader\Autoloader.php(219): CodeIgniter\Autoloader\Autoloader->loadInNamespace('App\\Controllers...')
#3 [internal function]: CodeIgniter\Autoloader\Autoloader->loadClass('App\\Controllers...')
#4 C:\xampp\htdocs\app_resto_refina\system\CodeIgniter.php(790): class_exists('\\App\\Controller...', true)
#5 C:\xampp\htdocs\app_resto_refina\system\CodeIgniter.php(399): CodeIgniter\CodeIgniter->startController()
#6 C:\xampp\htdocs\app_resto_refina\system\CodeIgniter.php(320): CodeIgniter\CodeIgniter->handleRequest(NULL, Object(Config\Cache), false)
#7 C:\xampp\htdocs\app_resto_refina\public\index.php(37): CodeIgniter\CodeIgniter->run()
#8 C:\xampp\htdocs\app_resto_refina\system\Commands\Server\rewrite.php(43): require_once('C:\\xampp\\htdocs...')
#9 {main}
CRITICAL - 2022-02-10 05:51:59 --> Class "codeIgniter\Controller" not found
#0 C:\xampp\htdocs\app_resto_refina\system\Autoloader\Autoloader.php(264): include_once()
#1 C:\xampp\htdocs\app_resto_refina\system\Autoloader\Autoloader.php(241): CodeIgniter\Autoloader\Autoloader->includeFile('C:\\xampp\\htdocs...')
#2 C:\xampp\htdocs\app_resto_refina\system\Autoloader\Autoloader.php(219): CodeIgniter\Autoloader\Autoloader->loadInNamespace('App\\Controllers...')
#3 [internal function]: CodeIgniter\Autoloader\Autoloader->loadClass('App\\Controllers...')
#4 C:\xampp\htdocs\app_resto_refina\system\CodeIgniter.php(790): class_exists('\\App\\Controller...', true)
#5 C:\xampp\htdocs\app_resto_refina\system\CodeIgniter.php(399): CodeIgniter\CodeIgniter->startController()
#6 C:\xampp\htdocs\app_resto_refina\system\CodeIgniter.php(320): CodeIgniter\CodeIgniter->handleRequest(NULL, Object(Config\Cache), false)
#7 C:\xampp\htdocs\app_resto_refina\public\index.php(37): CodeIgniter\CodeIgniter->run()
#8 C:\xampp\htdocs\app_resto_refina\system\Commands\Server\rewrite.php(43): require_once('C:\\xampp\\htdocs...')
#9 {main}
CRITICAL - 2022-02-10 05:51:59 --> Class "codeIgniter\Controller" not found
#0 C:\xampp\htdocs\app_resto_refina\system\Autoloader\Autoloader.php(264): include_once()
#1 C:\xampp\htdocs\app_resto_refina\system\Autoloader\Autoloader.php(241): CodeIgniter\Autoloader\Autoloader->includeFile('C:\\xampp\\htdocs...')
#2 C:\xampp\htdocs\app_resto_refina\system\Autoloader\Autoloader.php(219): CodeIgniter\Autoloader\Autoloader->loadInNamespace('App\\Controllers...')
#3 [internal function]: CodeIgniter\Autoloader\Autoloader->loadClass('App\\Controllers...')
#4 C:\xampp\htdocs\app_resto_refina\system\CodeIgniter.php(790): class_exists('\\App\\Controller...', true)
#5 C:\xampp\htdocs\app_resto_refina\system\CodeIgniter.php(399): CodeIgniter\CodeIgniter->startController()
#6 C:\xampp\htdocs\app_resto_refina\system\CodeIgniter.php(320): CodeIgniter\CodeIgniter->handleRequest(NULL, Object(Config\Cache), false)
#7 C:\xampp\htdocs\app_resto_refina\public\index.php(37): CodeIgniter\CodeIgniter->run()
#8 C:\xampp\htdocs\app_resto_refina\system\Commands\Server\rewrite.php(43): require_once('C:\\xampp\\htdocs...')
#9 {main}
CRITICAL - 2022-02-10 05:52:00 --> Class "codeIgniter\Controller" not found
#0 C:\xampp\htdocs\app_resto_refina\system\Autoloader\Autoloader.php(264): include_once()
#1 C:\xampp\htdocs\app_resto_refina\system\Autoloader\Autoloader.php(241): CodeIgniter\Autoloader\Autoloader->includeFile('C:\\xampp\\htdocs...')
#2 C:\xampp\htdocs\app_resto_refina\system\Autoloader\Autoloader.php(219): CodeIgniter\Autoloader\Autoloader->loadInNamespace('App\\Controllers...')
#3 [internal function]: CodeIgniter\Autoloader\Autoloader->loadClass('App\\Controllers...')
#4 C:\xampp\htdocs\app_resto_refina\system\CodeIgniter.php(790): class_exists('\\App\\Controller...', true)
#5 C:\xampp\htdocs\app_resto_refina\system\CodeIgniter.php(399): CodeIgniter\CodeIgniter->startController()
#6 C:\xampp\htdocs\app_resto_refina\system\CodeIgniter.php(320): CodeIgniter\CodeIgniter->handleRequest(NULL, Object(Config\Cache), false)
#7 C:\xampp\htdocs\app_resto_refina\public\index.php(37): CodeIgniter\CodeIgniter->run()
#8 C:\xampp\htdocs\app_resto_refina\system\Commands\Server\rewrite.php(43): require_once('C:\\xampp\\htdocs...')
#9 {main}
CRITICAL - 2022-02-10 05:52:05 --> Class "codeIgniter\Controller" not found
#0 C:\xampp\htdocs\app_resto_refina\system\Autoloader\Autoloader.php(264): include_once()
#1 C:\xampp\htdocs\app_resto_refina\system\Autoloader\Autoloader.php(241): CodeIgniter\Autoloader\Autoloader->includeFile('C:\\xampp\\htdocs...')
#2 C:\xampp\htdocs\app_resto_refina\system\Autoloader\Autoloader.php(219): CodeIgniter\Autoloader\Autoloader->loadInNamespace('App\\Controllers...')
#3 [internal function]: CodeIgniter\Autoloader\Autoloader->loadClass('App\\Controllers...')
#4 C:\xampp\htdocs\app_resto_refina\system\CodeIgniter.php(790): class_exists('\\App\\Controller...', true)
#5 C:\xampp\htdocs\app_resto_refina\system\CodeIgniter.php(399): CodeIgniter\CodeIgniter->startController()
#6 C:\xampp\htdocs\app_resto_refina\system\CodeIgniter.php(320): CodeIgniter\CodeIgniter->handleRequest(NULL, Object(Config\Cache), false)
#7 C:\xampp\htdocs\app_resto_refina\public\index.php(37): CodeIgniter\CodeIgniter->run()
#8 C:\xampp\htdocs\app_resto_refina\system\Commands\Server\rewrite.php(43): require_once('C:\\xampp\\htdocs...')
#9 {main}
CRITICAL - 2022-02-10 06:06:56 --> Class "codeIgniter\Controller" not found
#0 C:\xampp\htdocs\app_resto_refina\system\Autoloader\Autoloader.php(264): include_once()
#1 C:\xampp\htdocs\app_resto_refina\system\Autoloader\Autoloader.php(241): CodeIgniter\Autoloader\Autoloader->includeFile('C:\\xampp\\htdocs...')
#2 C:\xampp\htdocs\app_resto_refina\system\Autoloader\Autoloader.php(219): CodeIgniter\Autoloader\Autoloader->loadInNamespace('App\\Controllers...')
#3 [internal function]: CodeIgniter\Autoloader\Autoloader->loadClass('App\\Controllers...')
#4 C:\xampp\htdocs\app_resto_refina\system\CodeIgniter.php(790): class_exists('\\App\\Controller...', true)
#5 C:\xampp\htdocs\app_resto_refina\system\CodeIgniter.php(399): CodeIgniter\CodeIgniter->startController()
#6 C:\xampp\htdocs\app_resto_refina\system\CodeIgniter.php(320): CodeIgniter\CodeIgniter->handleRequest(NULL, Object(Config\Cache), false)
#7 C:\xampp\htdocs\app_resto_refina\public\index.php(37): CodeIgniter\CodeIgniter->run()
#8 C:\xampp\htdocs\app_resto_refina\system\Commands\Server\rewrite.php(43): require_once('C:\\xampp\\htdocs...')
#9 {main}
CRITICAL - 2022-02-10 06:39:25 --> Class "codeIgniter\Controller" not found
#0 C:\xampp\htdocs\app_resto_refina\system\Autoloader\Autoloader.php(264): include_once()
#1 C:\xampp\htdocs\app_resto_refina\system\Autoloader\Autoloader.php(241): CodeIgniter\Autoloader\Autoloader->includeFile('C:\\xampp\\htdocs...')
#2 C:\xampp\htdocs\app_resto_refina\system\Autoloader\Autoloader.php(219): CodeIgniter\Autoloader\Autoloader->loadInNamespace('App\\Controllers...')
#3 [internal function]: CodeIgniter\Autoloader\Autoloader->loadClass('App\\Controllers...')
#4 C:\xampp\htdocs\app_resto_refina\system\CodeIgniter.php(790): class_exists('\\App\\Controller...', true)
#5 C:\xampp\htdocs\app_resto_refina\system\CodeIgniter.php(399): CodeIgniter\CodeIgniter->startController()
#6 C:\xampp\htdocs\app_resto_refina\system\CodeIgniter.php(320): CodeIgniter\CodeIgniter->handleRequest(NULL, Object(Config\Cache), false)
#7 C:\xampp\htdocs\app_resto_refina\public\index.php(37): CodeIgniter\CodeIgniter->run()
#8 C:\xampp\htdocs\app_resto_refina\system\Commands\Server\rewrite.php(43): require_once('C:\\xampp\\htdocs...')
#9 {main}
CRITICAL - 2022-02-10 06:55:19 --> Class "codeIgniter\Controller" not found
#0 C:\xampp\htdocs\app_resto_refina\system\Autoloader\Autoloader.php(264): include_once()
#1 C:\xampp\htdocs\app_resto_refina\system\Autoloader\Autoloader.php(241): CodeIgniter\Autoloader\Autoloader->includeFile('C:\\xampp\\htdocs...')
#2 C:\xampp\htdocs\app_resto_refina\system\Autoloader\Autoloader.php(219): CodeIgniter\Autoloader\Autoloader->loadInNamespace('App\\Controllers...')
#3 [internal function]: CodeIgniter\Autoloader\Autoloader->loadClass('App\\Controllers...')
#4 C:\xampp\htdocs\app_resto_refina\system\CodeIgniter.php(790): class_exists('\\App\\Controller...', true)
#5 C:\xampp\htdocs\app_resto_refina\system\CodeIgniter.php(399): CodeIgniter\CodeIgniter->startController()
#6 C:\xampp\htdocs\app_resto_refina\system\CodeIgniter.php(320): CodeIgniter\CodeIgniter->handleRequest(NULL, Object(Config\Cache), false)
#7 C:\xampp\htdocs\app_resto_refina\public\index.php(37): CodeIgniter\CodeIgniter->run()
#8 C:\xampp\htdocs\app_resto_refina\system\Commands\Server\rewrite.php(43): require_once('C:\\xampp\\htdocs...')
#9 {main}
CRITICAL - 2022-02-10 06:55:20 --> Class "codeIgniter\Controller" not found
#0 C:\xampp\htdocs\app_resto_refina\system\Autoloader\Autoloader.php(264): include_once()
#1 C:\xampp\htdocs\app_resto_refina\system\Autoloader\Autoloader.php(241): CodeIgniter\Autoloader\Autoloader->includeFile('C:\\xampp\\htdocs...')
#2 C:\xampp\htdocs\app_resto_refina\system\Autoloader\Autoloader.php(219): CodeIgniter\Autoloader\Autoloader->loadInNamespace('App\\Controllers...')
#3 [internal function]: CodeIgniter\Autoloader\Autoloader->loadClass('App\\Controllers...')
#4 C:\xampp\htdocs\app_resto_refina\system\CodeIgniter.php(790): class_exists('\\App\\Controller...', true)
#5 C:\xampp\htdocs\app_resto_refina\system\CodeIgniter.php(399): CodeIgniter\CodeIgniter->startController()
#6 C:\xampp\htdocs\app_resto_refina\system\CodeIgniter.php(320): CodeIgniter\CodeIgniter->handleRequest(NULL, Object(Config\Cache), false)
#7 C:\xampp\htdocs\app_resto_refina\public\index.php(37): CodeIgniter\CodeIgniter->run()
#8 C:\xampp\htdocs\app_resto_refina\system\Commands\Server\rewrite.php(43): require_once('C:\\xampp\\htdocs...')
#9 {main}
CRITICAL - 2022-02-10 06:55:28 --> Class "codeIgniter\Controller" not found
#0 C:\xampp\htdocs\app_resto_refina\system\Autoloader\Autoloader.php(264): include_once()
#1 C:\xampp\htdocs\app_resto_refina\system\Autoloader\Autoloader.php(241): CodeIgniter\Autoloader\Autoloader->includeFile('C:\\xampp\\htdocs...')
#2 C:\xampp\htdocs\app_resto_refina\system\Autoloader\Autoloader.php(219): CodeIgniter\Autoloader\Autoloader->loadInNamespace('App\\Controllers...')
#3 [internal function]: CodeIgniter\Autoloader\Autoloader->loadClass('App\\Controllers...')
#4 C:\xampp\htdocs\app_resto_refina\system\CodeIgniter.php(790): class_exists('\\App\\Controller...', true)
#5 C:\xampp\htdocs\app_resto_refina\system\CodeIgniter.php(399): CodeIgniter\CodeIgniter->startController()
#6 C:\xampp\htdocs\app_resto_refina\system\CodeIgniter.php(320): CodeIgniter\CodeIgniter->handleRequest(NULL, Object(Config\Cache), false)
#7 C:\xampp\htdocs\app_resto_refina\public\index.php(37): CodeIgniter\CodeIgniter->run()
#8 C:\xampp\htdocs\app_resto_refina\system\Commands\Server\rewrite.php(43): require_once('C:\\xampp\\htdocs...')
#9 {main}
CRITICAL - 2022-02-10 06:57:20 --> Class "codeIgniter\Controller" not found
#0 C:\xampp\htdocs\app_resto_refina\system\Autoloader\Autoloader.php(264): include_once()
#1 C:\xampp\htdocs\app_resto_refina\system\Autoloader\Autoloader.php(241): CodeIgniter\Autoloader\Autoloader->includeFile('C:\\xampp\\htdocs...')
#2 C:\xampp\htdocs\app_resto_refina\system\Autoloader\Autoloader.php(219): CodeIgniter\Autoloader\Autoloader->loadInNamespace('App\\Controllers...')
#3 [internal function]: CodeIgniter\Autoloader\Autoloader->loadClass('App\\Controllers...')
#4 C:\xampp\htdocs\app_resto_refina\system\CodeIgniter.php(790): class_exists('\\App\\Controller...', true)
#5 C:\xampp\htdocs\app_resto_refina\system\CodeIgniter.php(399): CodeIgniter\CodeIgniter->startController()
#6 C:\xampp\htdocs\app_resto_refina\system\CodeIgniter.php(320): CodeIgniter\CodeIgniter->handleRequest(NULL, Object(Config\Cache), false)
#7 C:\xampp\htdocs\app_resto_refina\public\index.php(37): CodeIgniter\CodeIgniter->run()
#8 C:\xampp\htdocs\app_resto_refina\system\Commands\Server\rewrite.php(43): require_once('C:\\xampp\\htdocs...')
#9 {main}
CRITICAL - 2022-02-10 07:18:40 --> Class "codeIgniter\Controller" not found
#0 C:\xampp\htdocs\app_resto_refina\system\Autoloader\Autoloader.php(264): include_once()
#1 C:\xampp\htdocs\app_resto_refina\system\Autoloader\Autoloader.php(241): CodeIgniter\Autoloader\Autoloader->includeFile('C:\\xampp\\htdocs...')
#2 C:\xampp\htdocs\app_resto_refina\system\Autoloader\Autoloader.php(219): CodeIgniter\Autoloader\Autoloader->loadInNamespace('App\\Controllers...')
#3 [internal function]: CodeIgniter\Autoloader\Autoloader->loadClass('App\\Controllers...')
#4 C:\xampp\htdocs\app_resto_refina\system\CodeIgniter.php(790): class_exists('\\App\\Controller...', true)
#5 C:\xampp\htdocs\app_resto_refina\system\CodeIgniter.php(399): CodeIgniter\CodeIgniter->startController()
#6 C:\xampp\htdocs\app_resto_refina\system\CodeIgniter.php(320): CodeIgniter\CodeIgniter->handleRequest(NULL, Object(Config\Cache), false)
#7 C:\xampp\htdocs\app_resto_refina\public\index.php(37): CodeIgniter\CodeIgniter->run()
#8 C:\xampp\htdocs\app_resto_refina\system\Commands\Server\rewrite.php(43): require_once('C:\\xampp\\htdocs...')
#9 {main}
CRITICAL - 2022-02-10 07:18:42 --> Class "codeIgniter\Controller" not found
#0 C:\xampp\htdocs\app_resto_refina\system\Autoloader\Autoloader.php(264): include_once()
#1 C:\xampp\htdocs\app_resto_refina\system\Autoloader\Autoloader.php(241): CodeIgniter\Autoloader\Autoloader->includeFile('C:\\xampp\\htdocs...')
#2 C:\xampp\htdocs\app_resto_refina\system\Autoloader\Autoloader.php(219): CodeIgniter\Autoloader\Autoloader->loadInNamespace('App\\Controllers...')
#3 [internal function]: CodeIgniter\Autoloader\Autoloader->loadClass('App\\Controllers...')
#4 C:\xampp\htdocs\app_resto_refina\system\CodeIgniter.php(790): class_exists('\\App\\Controller...', true)
#5 C:\xampp\htdocs\app_resto_refina\system\CodeIgniter.php(399): CodeIgniter\CodeIgniter->startController()
#6 C:\xampp\htdocs\app_resto_refina\system\CodeIgniter.php(320): CodeIgniter\CodeIgniter->handleRequest(NULL, Object(Config\Cache), false)
#7 C:\xampp\htdocs\app_resto_refina\public\index.php(37): CodeIgniter\CodeIgniter->run()
#8 C:\xampp\htdocs\app_resto_refina\system\Commands\Server\rewrite.php(43): require_once('C:\\xampp\\htdocs...')
#9 {main}
CRITICAL - 2022-02-10 07:25:11 --> Undefined array key "nama"
#0 C:\xampp\htdocs\app_resto_refina\app\Views\pesan.php(25): CodeIgniter\Debug\Exceptions->errorHandler(2, 'Undefined array...', 'C:\\xampp\\htdocs...', 25)
#1 C:\xampp\htdocs\app_resto_refina\system\View\View.php(210): include('C:\\xampp\\htdocs...')
#2 C:\xampp\htdocs\app_resto_refina\system\View\View.php(213): CodeIgniter\View\View->CodeIgniter\View\{closure}()
#3 C:\xampp\htdocs\app_resto_refina\system\Common.php(1089): CodeIgniter\View\View->render('pesan', Array, true)
#4 C:\xampp\htdocs\app_resto_refina\app\Controllers\PesanController.php(38): view('pesan', Array)
#5 C:\xampp\htdocs\app_resto_refina\system\CodeIgniter.php(825): App\Controllers\PesanController->index()
#6 C:\xampp\htdocs\app_resto_refina\system\CodeIgniter.php(412): CodeIgniter\CodeIgniter->runController(Object(App\Controllers\PesanController))
#7 C:\xampp\htdocs\app_resto_refina\system\CodeIgniter.php(320): CodeIgniter\CodeIgniter->handleRequest(NULL, Object(Config\Cache), false)
#8 C:\xampp\htdocs\app_resto_refina\public\index.php(37): CodeIgniter\CodeIgniter->run()
#9 C:\xampp\htdocs\app_resto_refina\system\Commands\Server\rewrite.php(43): require_once('C:\\xampp\\htdocs...')
#10 {main}
CRITICAL - 2022-02-10 07:36:36 --> Undefined array key "nama"
#0 C:\xampp\htdocs\app_resto_refina\app\Views\pesan.php(25): CodeIgniter\Debug\Exceptions->errorHandler(2, 'Undefined array...', 'C:\\xampp\\htdocs...', 25)
#1 C:\xampp\htdocs\app_resto_refina\system\View\View.php(210): include('C:\\xampp\\htdocs...')
#2 C:\xampp\htdocs\app_resto_refina\system\View\View.php(213): CodeIgniter\View\View->CodeIgniter\View\{closure}()
#3 C:\xampp\htdocs\app_resto_refina\system\Common.php(1089): CodeIgniter\View\View->render('pesan', Array, true)
#4 C:\xampp\htdocs\app_resto_refina\app\Controllers\PesanController.php(38): view('pesan', Array)
#5 C:\xampp\htdocs\app_resto_refina\system\CodeIgniter.php(825): App\Controllers\PesanController->index()
#6 C:\xampp\htdocs\app_resto_refina\system\CodeIgniter.php(412): CodeIgniter\CodeIgniter->runController(Object(App\Controllers\PesanController))
#7 C:\xampp\htdocs\app_resto_refina\system\CodeIgniter.php(320): CodeIgniter\CodeIgniter->handleRequest(NULL, Object(Config\Cache), false)
#8 C:\xampp\htdocs\app_resto_refina\public\index.php(37): CodeIgniter\CodeIgniter->run()
#9 C:\xampp\htdocs\app_resto_refina\system\Commands\Server\rewrite.php(43): require_once('C:\\xampp\\htdocs...')
#10 {main}
CRITICAL - 2022-02-10 22:14:08 --> Undefined array key "nama"
#0 C:\xampp\htdocs\app_resto_refina\app\Views\pesan.php(25): CodeIgniter\Debug\Exceptions->errorHandler(2, 'Undefined array...', 'C:\\xampp\\htdocs...', 25)
#1 C:\xampp\htdocs\app_resto_refina\system\View\View.php(210): include('C:\\xampp\\htdocs...')
#2 C:\xampp\htdocs\app_resto_refina\system\View\View.php(213): CodeIgniter\View\View->CodeIgniter\View\{closure}()
#3 C:\xampp\htdocs\app_resto_refina\system\Common.php(1089): CodeIgniter\View\View->render('pesan', Array, true)
#4 C:\xampp\htdocs\app_resto_refina\app\Controllers\PesanController.php(38): view('pesan', Array)
#5 C:\xampp\htdocs\app_resto_refina\system\CodeIgniter.php(825): App\Controllers\PesanController->index()
#6 C:\xampp\htdocs\app_resto_refina\system\CodeIgniter.php(412): CodeIgniter\CodeIgniter->runController(Object(App\Controllers\PesanController))
#7 C:\xampp\htdocs\app_resto_refina\system\CodeIgniter.php(320): CodeIgniter\CodeIgniter->handleRequest(NULL, Object(Config\Cache), false)
#8 C:\xampp\htdocs\app_resto_refina\public\index.php(37): CodeIgniter\CodeIgniter->run()
#9 C:\xampp\htdocs\app_resto_refina\system\Commands\Server\rewrite.php(43): require_once('C:\\xampp\\htdocs...')
#10 {main}
CRITICAL - 2022-02-10 22:17:11 --> Class "App\Models\Menu" not found
#0 C:\xampp\htdocs\app_resto_refina\system\CodeIgniter.php(802): App\Controllers\PesanController->__construct()
#1 C:\xampp\htdocs\app_resto_refina\system\CodeIgniter.php(403): CodeIgniter\CodeIgniter->createController()
#2 C:\xampp\htdocs\app_resto_refina\system\CodeIgniter.php(320): CodeIgniter\CodeIgniter->handleRequest(NULL, Object(Config\Cache), false)
#3 C:\xampp\htdocs\app_resto_refina\public\index.php(37): CodeIgniter\CodeIgniter->run()
#4 C:\xampp\htdocs\app_resto_refina\system\Commands\Server\rewrite.php(43): require_once('C:\\xampp\\htdocs...')
#5 {main}
CRITICAL - 2022-02-10 22:17:12 --> Class "App\Models\Menu" not found
#0 C:\xampp\htdocs\app_resto_refina\system\CodeIgniter.php(802): App\Controllers\PesanController->__construct()
#1 C:\xampp\htdocs\app_resto_refina\system\CodeIgniter.php(403): CodeIgniter\CodeIgniter->createController()
#2 C:\xampp\htdocs\app_resto_refina\system\CodeIgniter.php(320): CodeIgniter\CodeIgniter->handleRequest(NULL, Object(Config\Cache), false)
#3 C:\xampp\htdocs\app_resto_refina\public\index.php(37): CodeIgniter\CodeIgniter->run()
#4 C:\xampp\htdocs\app_resto_refina\system\Commands\Server\rewrite.php(43): require_once('C:\\xampp\\htdocs...')
#5 {main}
CRITICAL - 2022-02-10 22:18:50 --> Undefined array key "nama"
#0 C:\xampp\htdocs\app_resto_refina\app\Views\pesan.php(25): CodeIgniter\Debug\Exceptions->errorHandler(2, 'Undefined array...', 'C:\\xampp\\htdocs...', 25)
#1 C:\xampp\htdocs\app_resto_refina\system\View\View.php(210): include('C:\\xampp\\htdocs...')
#2 C:\xampp\htdocs\app_resto_refina\system\View\View.php(213): CodeIgniter\View\View->CodeIgniter\View\{closure}()
#3 C:\xampp\htdocs\app_resto_refina\system\Common.php(1089): CodeIgniter\View\View->render('pesan', Array, true)
#4 C:\xampp\htdocs\app_resto_refina\app\Controllers\PesanController.php(38): view('pesan', Array)
#5 C:\xampp\htdocs\app_resto_refina\system\CodeIgniter.php(825): App\Controllers\PesanController->index()
#6 C:\xampp\htdocs\app_resto_refina\system\CodeIgniter.php(412): CodeIgniter\CodeIgniter->runController(Object(App\Controllers\PesanController))
#7 C:\xampp\htdocs\app_resto_refina\system\CodeIgniter.php(320): CodeIgniter\CodeIgniter->handleRequest(NULL, Object(Config\Cache), false)
#8 C:\xampp\htdocs\app_resto_refina\public\index.php(37): CodeIgniter\CodeIgniter->run()
#9 C:\xampp\htdocs\app_resto_refina\system\Commands\Server\rewrite.php(43): require_once('C:\\xampp\\htdocs...')
#10 {main}
CRITICAL - 2022-02-10 22:22:18 --> Undefined array key "no_nota"
#0 C:\xampp\htdocs\app_resto_refina\app\Views\pesan.php(25): CodeIgniter\Debug\Exceptions->errorHandler(2, 'Undefined array...', 'C:\\xampp\\htdocs...', 25)
#1 C:\xampp\htdocs\app_resto_refina\system\View\View.php(210): include('C:\\xampp\\htdocs...')
#2 C:\xampp\htdocs\app_resto_refina\system\View\View.php(213): CodeIgniter\View\View->CodeIgniter\View\{closure}()
#3 C:\xampp\htdocs\app_resto_refina\system\Common.php(1089): CodeIgniter\View\View->render('pesan', Array, true)
#4 C:\xampp\htdocs\app_resto_refina\app\Controllers\PesanController.php(38): view('pesan', Array)
#5 C:\xampp\htdocs\app_resto_refina\system\CodeIgniter.php(825): App\Controllers\PesanController->index()
#6 C:\xampp\htdocs\app_resto_refina\system\CodeIgniter.php(412): CodeIgniter\CodeIgniter->runController(Object(App\Controllers\PesanController))
#7 C:\xampp\htdocs\app_resto_refina\system\CodeIgniter.php(320): CodeIgniter\CodeIgniter->handleRequest(NULL, Object(Config\Cache), false)
#8 C:\xampp\htdocs\app_resto_refina\public\index.php(37): CodeIgniter\CodeIgniter->run()
#9 C:\xampp\htdocs\app_resto_refina\system\Commands\Server\rewrite.php(43): require_once('C:\\xampp\\htdocs...')
#10 {main}
CRITICAL - 2022-02-10 22:22:19 --> Undefined array key "no_nota"
#0 C:\xampp\htdocs\app_resto_refina\app\Views\pesan.php(25): CodeIgniter\Debug\Exceptions->errorHandler(2, 'Undefined array...', 'C:\\xampp\\htdocs...', 25)
#1 C:\xampp\htdocs\app_resto_refina\system\View\View.php(210): include('C:\\xampp\\htdocs...')
#2 C:\xampp\htdocs\app_resto_refina\system\View\View.php(213): CodeIgniter\View\View->CodeIgniter\View\{closure}()
#3 C:\xampp\htdocs\app_resto_refina\system\Common.php(1089): CodeIgniter\View\View->render('pesan', Array, true)
#4 C:\xampp\htdocs\app_resto_refina\app\Controllers\PesanController.php(38): view('pesan', Array)
#5 C:\xampp\htdocs\app_resto_refina\system\CodeIgniter.php(825): App\Controllers\PesanController->index()
#6 C:\xampp\htdocs\app_resto_refina\system\CodeIgniter.php(412): CodeIgniter\CodeIgniter->runController(Object(App\Controllers\PesanController))
#7 C:\xampp\htdocs\app_resto_refina\system\CodeIgniter.php(320): CodeIgniter\CodeIgniter->handleRequest(NULL, Object(Config\Cache), false)
#8 C:\xampp\htdocs\app_resto_refina\public\index.php(37): CodeIgniter\CodeIgniter->run()
#9 C:\xampp\htdocs\app_resto_refina\system\Commands\Server\rewrite.php(43): require_once('C:\\xampp\\htdocs...')
#10 {main}
CRITICAL - 2022-02-10 22:22:20 --> Undefined array key "no_nota"
#0 C:\xampp\htdocs\app_resto_refina\app\Views\pesan.php(25): CodeIgniter\Debug\Exceptions->errorHandler(2, 'Undefined array...', 'C:\\xampp\\htdocs...', 25)
#1 C:\xampp\htdocs\app_resto_refina\system\View\View.php(210): include('C:\\xampp\\htdocs...')
#2 C:\xampp\htdocs\app_resto_refina\system\View\View.php(213): CodeIgniter\View\View->CodeIgniter\View\{closure}()
#3 C:\xampp\htdocs\app_resto_refina\system\Common.php(1089): CodeIgniter\View\View->render('pesan', Array, true)
#4 C:\xampp\htdocs\app_resto_refina\app\Controllers\PesanController.php(38): view('pesan', Array)
#5 C:\xampp\htdocs\app_resto_refina\system\CodeIgniter.php(825): App\Controllers\PesanController->index()
#6 C:\xampp\htdocs\app_resto_refina\system\CodeIgniter.php(412): CodeIgniter\CodeIgniter->runController(Object(App\Controllers\PesanController))
#7 C:\xampp\htdocs\app_resto_refina\system\CodeIgniter.php(320): CodeIgniter\CodeIgniter->handleRequest(NULL, Object(Config\Cache), false)
#8 C:\xampp\htdocs\app_resto_refina\public\index.php(37): CodeIgniter\CodeIgniter->run()
#9 C:\xampp\htdocs\app_resto_refina\system\Commands\Server\rewrite.php(43): require_once('C:\\xampp\\htdocs...')
#10 {main}
CRITICAL - 2022-02-10 22:22:20 --> Undefined array key "no_nota"
#0 C:\xampp\htdocs\app_resto_refina\app\Views\pesan.php(25): CodeIgniter\Debug\Exceptions->errorHandler(2, 'Undefined array...', 'C:\\xampp\\htdocs...', 25)
#1 C:\xampp\htdocs\app_resto_refina\system\View\View.php(210): include('C:\\xampp\\htdocs...')
#2 C:\xampp\htdocs\app_resto_refina\system\View\View.php(213): CodeIgniter\View\View->CodeIgniter\View\{closure}()
#3 C:\xampp\htdocs\app_resto_refina\system\Common.php(1089): CodeIgniter\View\View->render('pesan', Array, true)
#4 C:\xampp\htdocs\app_resto_refina\app\Controllers\PesanController.php(38): view('pesan', Array)
#5 C:\xampp\htdocs\app_resto_refina\system\CodeIgniter.php(825): App\Controllers\PesanController->index()
#6 C:\xampp\htdocs\app_resto_refina\system\CodeIgniter.php(412): CodeIgniter\CodeIgniter->runController(Object(App\Controllers\PesanController))
#7 C:\xampp\htdocs\app_resto_refina\system\CodeIgniter.php(320): CodeIgniter\CodeIgniter->handleRequest(NULL, Object(Config\Cache), false)
#8 C:\xampp\htdocs\app_resto_refina\public\index.php(37): CodeIgniter\CodeIgniter->run()
#9 C:\xampp\htdocs\app_resto_refina\system\Commands\Server\rewrite.php(43): require_once('C:\\xampp\\htdocs...')
#10 {main}
CRITICAL - 2022-02-10 22:22:20 --> Undefined array key "no_nota"
#0 C:\xampp\htdocs\app_resto_refina\app\Views\pesan.php(25): CodeIgniter\Debug\Exceptions->errorHandler(2, 'Undefined array...', 'C:\\xampp\\htdocs...', 25)
#1 C:\xampp\htdocs\app_resto_refina\system\View\View.php(210): include('C:\\xampp\\htdocs...')
#2 C:\xampp\htdocs\app_resto_refina\system\View\View.php(213): CodeIgniter\View\View->CodeIgniter\View\{closure}()
#3 C:\xampp\htdocs\app_resto_refina\system\Common.php(1089): CodeIgniter\View\View->render('pesan', Array, true)
#4 C:\xampp\htdocs\app_resto_refina\app\Controllers\PesanController.php(38): view('pesan', Array)
#5 C:\xampp\htdocs\app_resto_refina\system\CodeIgniter.php(825): App\Controllers\PesanController->index()
#6 C:\xampp\htdocs\app_resto_refina\system\CodeIgniter.php(412): CodeIgniter\CodeIgniter->runController(Object(App\Controllers\PesanController))
#7 C:\xampp\htdocs\app_resto_refina\system\CodeIgniter.php(320): CodeIgniter\CodeIgniter->handleRequest(NULL, Object(Config\Cache), false)
#8 C:\xampp\htdocs\app_resto_refina\public\index.php(37): CodeIgniter\CodeIgniter->run()
#9 C:\xampp\htdocs\app_resto_refina\system\Commands\Server\rewrite.php(43): require_once('C:\\xampp\\htdocs...')
#10 {main}
CRITICAL - 2022-02-10 22:27:21 --> Undefined array key "nama"
#0 C:\xampp\htdocs\app_resto_refina\app\Views\pesan.php(25): CodeIgniter\Debug\Exceptions->errorHandler(2, 'Undefined array...', 'C:\\xampp\\htdocs...', 25)
#1 C:\xampp\htdocs\app_resto_refina\system\View\View.php(210): include('C:\\xampp\\htdocs...')
#2 C:\xampp\htdocs\app_resto_refina\system\View\View.php(213): CodeIgniter\View\View->CodeIgniter\View\{closure}()
#3 C:\xampp\htdocs\app_resto_refina\system\Common.php(1089): CodeIgniter\View\View->render('pesan', Array, true)
#4 C:\xampp\htdocs\app_resto_refina\app\Controllers\PesanController.php(38): view('pesan', Array)
#5 C:\xampp\htdocs\app_resto_refina\system\CodeIgniter.php(825): App\Controllers\PesanController->index()
#6 C:\xampp\htdocs\app_resto_refina\system\CodeIgniter.php(412): CodeIgniter\CodeIgniter->runController(Object(App\Controllers\PesanController))
#7 C:\xampp\htdocs\app_resto_refina\system\CodeIgniter.php(320): CodeIgniter\CodeIgniter->handleRequest(NULL, Object(Config\Cache), false)
#8 C:\xampp\htdocs\app_resto_refina\public\index.php(37): CodeIgniter\CodeIgniter->run()
#9 C:\xampp\htdocs\app_resto_refina\system\Commands\Server\rewrite.php(43): require_once('C:\\xampp\\htdocs...')
#10 {main}
CRITICAL - 2022-02-10 22:27:22 --> Undefined array key "nama"
#0 C:\xampp\htdocs\app_resto_refina\app\Views\pesan.php(25): CodeIgniter\Debug\Exceptions->errorHandler(2, 'Undefined array...', 'C:\\xampp\\htdocs...', 25)
#1 C:\xampp\htdocs\app_resto_refina\system\View\View.php(210): include('C:\\xampp\\htdocs...')
#2 C:\xampp\htdocs\app_resto_refina\system\View\View.php(213): CodeIgniter\View\View->CodeIgniter\View\{closure}()
#3 C:\xampp\htdocs\app_resto_refina\system\Common.php(1089): CodeIgniter\View\View->render('pesan', Array, true)
#4 C:\xampp\htdocs\app_resto_refina\app\Controllers\PesanController.php(38): view('pesan', Array)
#5 C:\xampp\htdocs\app_resto_refina\system\CodeIgniter.php(825): App\Controllers\PesanController->index()
#6 C:\xampp\htdocs\app_resto_refina\system\CodeIgniter.php(412): CodeIgniter\CodeIgniter->runController(Object(App\Controllers\PesanController))
#7 C:\xampp\htdocs\app_resto_refina\system\CodeIgniter.php(320): CodeIgniter\CodeIgniter->handleRequest(NULL, Object(Config\Cache), false)
#8 C:\xampp\htdocs\app_resto_refina\public\index.php(37): CodeIgniter\CodeIgniter->run()
#9 C:\xampp\htdocs\app_resto_refina\system\Commands\Server\rewrite.php(43): require_once('C:\\xampp\\htdocs...')
#10 {main}
CRITICAL - 2022-02-10 22:27:22 --> Undefined array key "nama"
#0 C:\xampp\htdocs\app_resto_refina\app\Views\pesan.php(25): CodeIgniter\Debug\Exceptions->errorHandler(2, 'Undefined array...', 'C:\\xampp\\htdocs...', 25)
#1 C:\xampp\htdocs\app_resto_refina\system\View\View.php(210): include('C:\\xampp\\htdocs...')
#2 C:\xampp\htdocs\app_resto_refina\system\View\View.php(213): CodeIgniter\View\View->CodeIgniter\View\{closure}()
#3 C:\xampp\htdocs\app_resto_refina\system\Common.php(1089): CodeIgniter\View\View->render('pesan', Array, true)
#4 C:\xampp\htdocs\app_resto_refina\app\Controllers\PesanController.php(38): view('pesan', Array)
#5 C:\xampp\htdocs\app_resto_refina\system\CodeIgniter.php(825): App\Controllers\PesanController->index()
#6 C:\xampp\htdocs\app_resto_refina\system\CodeIgniter.php(412): CodeIgniter\CodeIgniter->runController(Object(App\Controllers\PesanController))
#7 C:\xampp\htdocs\app_resto_refina\system\CodeIgniter.php(320): CodeIgniter\CodeIgniter->handleRequest(NULL, Object(Config\Cache), false)
#8 C:\xampp\htdocs\app_resto_refina\public\index.php(37): CodeIgniter\CodeIgniter->run()
#9 C:\xampp\htdocs\app_resto_refina\system\Commands\Server\rewrite.php(43): require_once('C:\\xampp\\htdocs...')
#10 {main}
CRITICAL - 2022-02-10 22:27:22 --> Undefined array key "nama"
#0 C:\xampp\htdocs\app_resto_refina\app\Views\pesan.php(25): CodeIgniter\Debug\Exceptions->errorHandler(2, 'Undefined array...', 'C:\\xampp\\htdocs...', 25)
#1 C:\xampp\htdocs\app_resto_refina\system\View\View.php(210): include('C:\\xampp\\htdocs...')
#2 C:\xampp\htdocs\app_resto_refina\system\View\View.php(213): CodeIgniter\View\View->CodeIgniter\View\{closure}()
#3 C:\xampp\htdocs\app_resto_refina\system\Common.php(1089): CodeIgniter\View\View->render('pesan', Array, true)
#4 C:\xampp\htdocs\app_resto_refina\app\Controllers\PesanController.php(38): view('pesan', Array)
#5 C:\xampp\htdocs\app_resto_refina\system\CodeIgniter.php(825): App\Controllers\PesanController->index()
#6 C:\xampp\htdocs\app_resto_refina\system\CodeIgniter.php(412): CodeIgniter\CodeIgniter->runController(Object(App\Controllers\PesanController))
#7 C:\xampp\htdocs\app_resto_refina\system\CodeIgniter.php(320): CodeIgniter\CodeIgniter->handleRequest(NULL, Object(Config\Cache), false)
#8 C:\xampp\htdocs\app_resto_refina\public\index.php(37): CodeIgniter\CodeIgniter->run()
#9 C:\xampp\htdocs\app_resto_refina\system\Commands\Server\rewrite.php(43): require_once('C:\\xampp\\htdocs...')
#10 {main}
CRITICAL - 2022-02-10 22:27:22 --> Undefined array key "nama"
#0 C:\xampp\htdocs\app_resto_refina\app\Views\pesan.php(25): CodeIgniter\Debug\Exceptions->errorHandler(2, 'Undefined array...', 'C:\\xampp\\htdocs...', 25)
#1 C:\xampp\htdocs\app_resto_refina\system\View\View.php(210): include('C:\\xampp\\htdocs...')
#2 C:\xampp\htdocs\app_resto_refina\system\View\View.php(213): CodeIgniter\View\View->CodeIgniter\View\{closure}()
#3 C:\xampp\htdocs\app_resto_refina\system\Common.php(1089): CodeIgniter\View\View->render('pesan', Array, true)
#4 C:\xampp\htdocs\app_resto_refina\app\Controllers\PesanController.php(38): view('pesan', Array)
#5 C:\xampp\htdocs\app_resto_refina\system\CodeIgniter.php(825): App\Controllers\PesanController->index()
#6 C:\xampp\htdocs\app_resto_refina\system\CodeIgniter.php(412): CodeIgniter\CodeIgniter->runController(Object(App\Controllers\PesanController))
#7 C:\xampp\htdocs\app_resto_refina\system\CodeIgniter.php(320): CodeIgniter\CodeIgniter->handleRequest(NULL, Object(Config\Cache), false)
#8 C:\xampp\htdocs\app_resto_refina\public\index.php(37): CodeIgniter\CodeIgniter->run()
#9 C:\xampp\htdocs\app_resto_refina\system\Commands\Server\rewrite.php(43): require_once('C:\\xampp\\htdocs...')
#10 {main}
CRITICAL - 2022-02-10 22:27:23 --> Undefined array key "nama"
#0 C:\xampp\htdocs\app_resto_refina\app\Views\pesan.php(25): CodeIgniter\Debug\Exceptions->errorHandler(2, 'Undefined array...', 'C:\\xampp\\htdocs...', 25)
#1 C:\xampp\htdocs\app_resto_refina\system\View\View.php(210): include('C:\\xampp\\htdocs...')
#2 C:\xampp\htdocs\app_resto_refina\system\View\View.php(213): CodeIgniter\View\View->CodeIgniter\View\{closure}()
#3 C:\xampp\htdocs\app_resto_refina\system\Common.php(1089): CodeIgniter\View\View->render('pesan', Array, true)
#4 C:\xampp\htdocs\app_resto_refina\app\Controllers\PesanController.php(38): view('pesan', Array)
#5 C:\xampp\htdocs\app_resto_refina\system\CodeIgniter.php(825): App\Controllers\PesanController->index()
#6 C:\xampp\htdocs\app_resto_refina\system\CodeIgniter.php(412): CodeIgniter\CodeIgniter->runController(Object(App\Controllers\PesanController))
#7 C:\xampp\htdocs\app_resto_refina\system\CodeIgniter.php(320): CodeIgniter\CodeIgniter->handleRequest(NULL, Object(Config\Cache), false)
#8 C:\xampp\htdocs\app_resto_refina\public\index.php(37): CodeIgniter\CodeIgniter->run()
#9 C:\xampp\htdocs\app_resto_refina\system\Commands\Server\rewrite.php(43): require_once('C:\\xampp\\htdocs...')
#10 {main}
CRITICAL - 2022-02-10 22:27:23 --> Undefined array key "nama"
#0 C:\xampp\htdocs\app_resto_refina\app\Views\pesan.php(25): CodeIgniter\Debug\Exceptions->errorHandler(2, 'Undefined array...', 'C:\\xampp\\htdocs...', 25)
#1 C:\xampp\htdocs\app_resto_refina\system\View\View.php(210): include('C:\\xampp\\htdocs...')
#2 C:\xampp\htdocs\app_resto_refina\system\View\View.php(213): CodeIgniter\View\View->CodeIgniter\View\{closure}()
#3 C:\xampp\htdocs\app_resto_refina\system\Common.php(1089): CodeIgniter\View\View->render('pesan', Array, true)
#4 C:\xampp\htdocs\app_resto_refina\app\Controllers\PesanController.php(38): view('pesan', Array)
#5 C:\xampp\htdocs\app_resto_refina\system\CodeIgniter.php(825): App\Controllers\PesanController->index()
#6 C:\xampp\htdocs\app_resto_refina\system\CodeIgniter.php(412): CodeIgniter\CodeIgniter->runController(Object(App\Controllers\PesanController))
#7 C:\xampp\htdocs\app_resto_refina\system\CodeIgniter.php(320): CodeIgniter\CodeIgniter->handleRequest(NULL, Object(Config\Cache), false)
#8 C:\xampp\htdocs\app_resto_refina\public\index.php(37): CodeIgniter\CodeIgniter->run()
#9 C:\xampp\htdocs\app_resto_refina\system\Commands\Server\rewrite.php(43): require_once('C:\\xampp\\htdocs...')
#10 {main}
CRITICAL - 2022-02-10 22:27:23 --> Undefined array key "nama"
#0 C:\xampp\htdocs\app_resto_refina\app\Views\pesan.php(25): CodeIgniter\Debug\Exceptions->errorHandler(2, 'Undefined array...', 'C:\\xampp\\htdocs...', 25)
#1 C:\xampp\htdocs\app_resto_refina\system\View\View.php(210): include('C:\\xampp\\htdocs...')
#2 C:\xampp\htdocs\app_resto_refina\system\View\View.php(213): CodeIgniter\View\View->CodeIgniter\View\{closure}()
#3 C:\xampp\htdocs\app_resto_refina\system\Common.php(1089): CodeIgniter\View\View->render('pesan', Array, true)
#4 C:\xampp\htdocs\app_resto_refina\app\Controllers\PesanController.php(38): view('pesan', Array)
#5 C:\xampp\htdocs\app_resto_refina\system\CodeIgniter.php(825): App\Controllers\PesanController->index()
#6 C:\xampp\htdocs\app_resto_refina\system\CodeIgniter.php(412): CodeIgniter\CodeIgniter->runController(Object(App\Controllers\PesanController))
#7 C:\xampp\htdocs\app_resto_refina\system\CodeIgniter.php(320): CodeIgniter\CodeIgniter->handleRequest(NULL, Object(Config\Cache), false)
#8 C:\xampp\htdocs\app_resto_refina\public\index.php(37): CodeIgniter\CodeIgniter->run()
#9 C:\xampp\htdocs\app_resto_refina\system\Commands\Server\rewrite.php(43): require_once('C:\\xampp\\htdocs...')
#10 {main}
CRITICAL - 2022-02-10 22:27:23 --> Undefined array key "nama"
#0 C:\xampp\htdocs\app_resto_refina\app\Views\pesan.php(25): CodeIgniter\Debug\Exceptions->errorHandler(2, 'Undefined array...', 'C:\\xampp\\htdocs...', 25)
#1 C:\xampp\htdocs\app_resto_refina\system\View\View.php(210): include('C:\\xampp\\htdocs...')
#2 C:\xampp\htdocs\app_resto_refina\system\View\View.php(213): CodeIgniter\View\View->CodeIgniter\View\{closure}()
#3 C:\xampp\htdocs\app_resto_refina\system\Common.php(1089): CodeIgniter\View\View->render('pesan', Array, true)
#4 C:\xampp\htdocs\app_resto_refina\app\Controllers\PesanController.php(38): view('pesan', Array)
#5 C:\xampp\htdocs\app_resto_refina\system\CodeIgniter.php(825): App\Controllers\PesanController->index()
#6 C:\xampp\htdocs\app_resto_refina\system\CodeIgniter.php(412): CodeIgniter\CodeIgniter->runController(Object(App\Controllers\PesanController))
#7 C:\xampp\htdocs\app_resto_refina\system\CodeIgniter.php(320): CodeIgniter\CodeIgniter->handleRequest(NULL, Object(Config\Cache), false)
#8 C:\xampp\htdocs\app_resto_refina\public\index.php(37): CodeIgniter\CodeIgniter->run()
#9 C:\xampp\htdocs\app_resto_refina\system\Commands\Server\rewrite.php(43): require_once('C:\\xampp\\htdocs...')
#10 {main}
CRITICAL - 2022-02-10 22:27:24 --> Undefined array key "nama"
#0 C:\xampp\htdocs\app_resto_refina\app\Views\pesan.php(25): CodeIgniter\Debug\Exceptions->errorHandler(2, 'Undefined array...', 'C:\\xampp\\htdocs...', 25)
#1 C:\xampp\htdocs\app_resto_refina\system\View\View.php(210): include('C:\\xampp\\htdocs...')
#2 C:\xampp\htdocs\app_resto_refina\system\View\View.php(213): CodeIgniter\View\View->CodeIgniter\View\{closure}()
#3 C:\xampp\htdocs\app_resto_refina\system\Common.php(1089): CodeIgniter\View\View->render('pesan', Array, true)
#4 C:\xampp\htdocs\app_resto_refina\app\Controllers\PesanController.php(38): view('pesan', Array)
#5 C:\xampp\htdocs\app_resto_refina\system\CodeIgniter.php(825): App\Controllers\PesanController->index()
#6 C:\xampp\htdocs\app_resto_refina\system\CodeIgniter.php(412): CodeIgniter\CodeIgniter->runController(Object(App\Controllers\PesanController))
#7 C:\xampp\htdocs\app_resto_refina\system\CodeIgniter.php(320): CodeIgniter\CodeIgniter->handleRequest(NULL, Object(Config\Cache), false)
#8 C:\xampp\htdocs\app_resto_refina\public\index.php(37): CodeIgniter\CodeIgniter->run()
#9 C:\xampp\htdocs\app_resto_refina\system\Commands\Server\rewrite.php(43): require_once('C:\\xampp\\htdocs...')
#10 {main}
CRITICAL - 2022-02-10 22:27:24 --> Undefined array key "nama"
#0 C:\xampp\htdocs\app_resto_refina\app\Views\pesan.php(25): CodeIgniter\Debug\Exceptions->errorHandler(2, 'Undefined array...', 'C:\\xampp\\htdocs...', 25)
#1 C:\xampp\htdocs\app_resto_refina\system\View\View.php(210): include('C:\\xampp\\htdocs...')
#2 C:\xampp\htdocs\app_resto_refina\system\View\View.php(213): CodeIgniter\View\View->CodeIgniter\View\{closure}()
#3 C:\xampp\htdocs\app_resto_refina\system\Common.php(1089): CodeIgniter\View\View->render('pesan', Array, true)
#4 C:\xampp\htdocs\app_resto_refina\app\Controllers\PesanController.php(38): view('pesan', Array)
#5 C:\xampp\htdocs\app_resto_refina\system\CodeIgniter.php(825): App\Controllers\PesanController->index()
#6 C:\xampp\htdocs\app_resto_refina\system\CodeIgniter.php(412): CodeIgniter\CodeIgniter->runController(Object(App\Controllers\PesanController))
#7 C:\xampp\htdocs\app_resto_refina\system\CodeIgniter.php(320): CodeIgniter\CodeIgniter->handleRequest(NULL, Object(Config\Cache), false)
#8 C:\xampp\htdocs\app_resto_refina\public\index.php(37): CodeIgniter\CodeIgniter->run()
#9 C:\xampp\htdocs\app_resto_refina\system\Commands\Server\rewrite.php(43): require_once('C:\\xampp\\htdocs...')
#10 {main}
