CRITICAL - 2022-01-31 02:56:03 --> syntax error, unexpected identifier "function__construct", expecting "function" or "const"
#0 C:\xampp\htdocs\app_resto_refina\system\Autoloader\Autoloader.php(241): CodeIgniter\Autoloader\Autoloader->includeFile('C:\\xampp\\htdocs...')
#1 C:\xampp\htdocs\app_resto_refina\system\Autoloader\Autoloader.php(219): CodeIgniter\Autoloader\Autoloader->loadInNamespace('App\\Controllers...')
#2 [internal function]: CodeIgniter\Autoloader\Autoloader->loadClass('App\\Controllers...')
#3 C:\xampp\htdocs\app_resto_refina\system\CodeIgniter.php(790): class_exists('\\App\\Controller...', true)
#4 C:\xampp\htdocs\app_resto_refina\system\CodeIgniter.php(399): CodeIgniter\CodeIgniter->startController()
#5 C:\xampp\htdocs\app_resto_refina\system\CodeIgniter.php(320): CodeIgniter\CodeIgniter->handleRequest(NULL, Object(Config\Cache), false)
#6 C:\xampp\htdocs\app_resto_refina\public\index.php(37): CodeIgniter\CodeIgniter->run()
#7 C:\xampp\htdocs\app_resto_refina\system\Commands\Server\rewrite.php(43): require_once('C:\\xampp\\htdocs...')
#8 {main}
CRITICAL - 2022-01-31 20:09:04 --> syntax error, unexpected token "@", expecting "function" or "const"
#0 C:\xampp\htdocs\app_resto_refina\system\Autoloader\Autoloader.php(241): CodeIgniter\Autoloader\Autoloader->includeFile('C:\\xampp\\htdocs...')
#1 C:\xampp\htdocs\app_resto_refina\system\Autoloader\Autoloader.php(219): CodeIgniter\Autoloader\Autoloader->loadInNamespace('App\\Controllers...')
#2 [internal function]: CodeIgniter\Autoloader\Autoloader->loadClass('App\\Controllers...')
#3 C:\xampp\htdocs\app_resto_refina\system\CodeIgniter.php(790): class_exists('\\App\\Controller...', true)
#4 C:\xampp\htdocs\app_resto_refina\system\CodeIgniter.php(399): CodeIgniter\CodeIgniter->startController()
#5 C:\xampp\htdocs\app_resto_refina\system\CodeIgniter.php(320): CodeIgniter\CodeIgniter->handleRequest(NULL, Object(Config\Cache), false)
#6 C:\xampp\htdocs\app_resto_refina\public\index.php(37): CodeIgniter\CodeIgniter->run()
#7 C:\xampp\htdocs\app_resto_refina\system\Commands\Server\rewrite.php(43): require_once('C:\\xampp\\htdocs...')
#8 {main}
CRITICAL - 2022-01-31 20:49:48 --> syntax error, unexpected identifier "function__construct", expecting "function" or "const"
#0 C:\xampp\htdocs\app_resto_refina\system\Autoloader\Autoloader.php(241): CodeIgniter\Autoloader\Autoloader->includeFile('C:\\xampp\\htdocs...')
#1 C:\xampp\htdocs\app_resto_refina\system\Autoloader\Autoloader.php(219): CodeIgniter\Autoloader\Autoloader->loadInNamespace('App\\Controllers...')
#2 [internal function]: CodeIgniter\Autoloader\Autoloader->loadClass('App\\Controllers...')
#3 C:\xampp\htdocs\app_resto_refina\system\CodeIgniter.php(790): class_exists('\\App\\Controller...', true)
#4 C:\xampp\htdocs\app_resto_refina\system\CodeIgniter.php(399): CodeIgniter\CodeIgniter->startController()
#5 C:\xampp\htdocs\app_resto_refina\system\CodeIgniter.php(320): CodeIgniter\CodeIgniter->handleRequest(NULL, Object(Config\Cache), false)
#6 C:\xampp\htdocs\app_resto_refina\public\index.php(37): CodeIgniter\CodeIgniter->run()
#7 C:\xampp\htdocs\app_resto_refina\system\Commands\Server\rewrite.php(43): require_once('C:\\xampp\\htdocs...')
#8 {main}
CRITICAL - 2022-01-31 21:10:13 --> Class "App\Models\User" not found
#0 C:\xampp\htdocs\app_resto_refina\system\CodeIgniter.php(802): App\Controllers\UserController->__construct()
#1 C:\xampp\htdocs\app_resto_refina\system\CodeIgniter.php(403): CodeIgniter\CodeIgniter->createController()
#2 C:\xampp\htdocs\app_resto_refina\system\CodeIgniter.php(320): CodeIgniter\CodeIgniter->handleRequest(NULL, Object(Config\Cache), false)
#3 C:\xampp\htdocs\app_resto_refina\public\index.php(37): CodeIgniter\CodeIgniter->run()
#4 C:\xampp\htdocs\app_resto_refina\system\Commands\Server\rewrite.php(43): require_once('C:\\xampp\\htdocs...')
#5 {main}
CRITICAL - 2022-01-31 21:10:21 --> Class "App\Models\User" not found
#0 C:\xampp\htdocs\app_resto_refina\system\CodeIgniter.php(802): App\Controllers\UserController->__construct()
#1 C:\xampp\htdocs\app_resto_refina\system\CodeIgniter.php(403): CodeIgniter\CodeIgniter->createController()
#2 C:\xampp\htdocs\app_resto_refina\system\CodeIgniter.php(320): CodeIgniter\CodeIgniter->handleRequest(NULL, Object(Config\Cache), false)
#3 C:\xampp\htdocs\app_resto_refina\public\index.php(37): CodeIgniter\CodeIgniter->run()
#4 C:\xampp\htdocs\app_resto_refina\system\Commands\Server\rewrite.php(43): require_once('C:\\xampp\\htdocs...')
#5 {main}
CRITICAL - 2022-01-31 21:11:01 --> Class "App\Models\User" not found
#0 C:\xampp\htdocs\app_resto_refina\system\CodeIgniter.php(802): App\Controllers\UserController->__construct()
#1 C:\xampp\htdocs\app_resto_refina\system\CodeIgniter.php(403): CodeIgniter\CodeIgniter->createController()
#2 C:\xampp\htdocs\app_resto_refina\system\CodeIgniter.php(320): CodeIgniter\CodeIgniter->handleRequest(NULL, Object(Config\Cache), false)
#3 C:\xampp\htdocs\app_resto_refina\public\index.php(37): CodeIgniter\CodeIgniter->run()
#4 C:\xampp\htdocs\app_resto_refina\system\Commands\Server\rewrite.php(43): require_once('C:\\xampp\\htdocs...')
#5 {main}
CRITICAL - 2022-01-31 21:11:04 --> Class "App\Models\User" not found
#0 C:\xampp\htdocs\app_resto_refina\system\CodeIgniter.php(802): App\Controllers\UserController->__construct()
#1 C:\xampp\htdocs\app_resto_refina\system\CodeIgniter.php(403): CodeIgniter\CodeIgniter->createController()
#2 C:\xampp\htdocs\app_resto_refina\system\CodeIgniter.php(320): CodeIgniter\CodeIgniter->handleRequest(NULL, Object(Config\Cache), false)
#3 C:\xampp\htdocs\app_resto_refina\public\index.php(37): CodeIgniter\CodeIgniter->run()
#4 C:\xampp\htdocs\app_resto_refina\system\Commands\Server\rewrite.php(43): require_once('C:\\xampp\\htdocs...')
#5 {main}
CRITICAL - 2022-01-31 21:11:05 --> Class "App\Models\User" not found
#0 C:\xampp\htdocs\app_resto_refina\system\CodeIgniter.php(802): App\Controllers\UserController->__construct()
#1 C:\xampp\htdocs\app_resto_refina\system\CodeIgniter.php(403): CodeIgniter\CodeIgniter->createController()
#2 C:\xampp\htdocs\app_resto_refina\system\CodeIgniter.php(320): CodeIgniter\CodeIgniter->handleRequest(NULL, Object(Config\Cache), false)
#3 C:\xampp\htdocs\app_resto_refina\public\index.php(37): CodeIgniter\CodeIgniter->run()
#4 C:\xampp\htdocs\app_resto_refina\system\Commands\Server\rewrite.php(43): require_once('C:\\xampp\\htdocs...')
#5 {main}
CRITICAL - 2022-01-31 21:11:06 --> Class "App\Models\User" not found
#0 C:\xampp\htdocs\app_resto_refina\system\CodeIgniter.php(802): App\Controllers\UserController->__construct()
#1 C:\xampp\htdocs\app_resto_refina\system\CodeIgniter.php(403): CodeIgniter\CodeIgniter->createController()
#2 C:\xampp\htdocs\app_resto_refina\system\CodeIgniter.php(320): CodeIgniter\CodeIgniter->handleRequest(NULL, Object(Config\Cache), false)
#3 C:\xampp\htdocs\app_resto_refina\public\index.php(37): CodeIgniter\CodeIgniter->run()
#4 C:\xampp\htdocs\app_resto_refina\system\Commands\Server\rewrite.php(43): require_once('C:\\xampp\\htdocs...')
#5 {main}
CRITICAL - 2022-01-31 21:12:28 --> Class "App\Models\User" not found
#0 C:\xampp\htdocs\app_resto_refina\system\CodeIgniter.php(802): App\Controllers\UserController->__construct()
#1 C:\xampp\htdocs\app_resto_refina\system\CodeIgniter.php(403): CodeIgniter\CodeIgniter->createController()
#2 C:\xampp\htdocs\app_resto_refina\system\CodeIgniter.php(320): CodeIgniter\CodeIgniter->handleRequest(NULL, Object(Config\Cache), false)
#3 C:\xampp\htdocs\app_resto_refina\public\index.php(37): CodeIgniter\CodeIgniter->run()
#4 C:\xampp\htdocs\app_resto_refina\system\Commands\Server\rewrite.php(43): require_once('C:\\xampp\\htdocs...')
#5 {main}
CRITICAL - 2022-01-31 21:39:00 --> Class "App\Models\User" not found
#0 C:\xampp\htdocs\app_resto_refina\system\CodeIgniter.php(802): App\Controllers\UserController->__construct()
#1 C:\xampp\htdocs\app_resto_refina\system\CodeIgniter.php(403): CodeIgniter\CodeIgniter->createController()
#2 C:\xampp\htdocs\app_resto_refina\system\CodeIgniter.php(320): CodeIgniter\CodeIgniter->handleRequest(NULL, Object(Config\Cache), false)
#3 C:\xampp\htdocs\app_resto_refina\public\index.php(37): CodeIgniter\CodeIgniter->run()
#4 C:\xampp\htdocs\app_resto_refina\system\Commands\Server\rewrite.php(43): require_once('C:\\xampp\\htdocs...')
#5 {main}
CRITICAL - 2022-01-31 21:48:48 --> Call to undefined function App\Controllers\user()
#0 C:\xampp\htdocs\app_resto_refina\system\CodeIgniter.php(802): App\Controllers\UserController->__construct()
#1 C:\xampp\htdocs\app_resto_refina\system\CodeIgniter.php(403): CodeIgniter\CodeIgniter->createController()
#2 C:\xampp\htdocs\app_resto_refina\system\CodeIgniter.php(320): CodeIgniter\CodeIgniter->handleRequest(NULL, Object(Config\Cache), false)
#3 C:\xampp\htdocs\app_resto_refina\public\index.php(37): CodeIgniter\CodeIgniter->run()
#4 C:\xampp\htdocs\app_resto_refina\system\Commands\Server\rewrite.php(43): require_once('C:\\xampp\\htdocs...')
#5 {main}
CRITICAL - 2022-01-31 21:48:53 --> Call to undefined function App\Controllers\user()
#0 C:\xampp\htdocs\app_resto_refina\system\CodeIgniter.php(802): App\Controllers\UserController->__construct()
#1 C:\xampp\htdocs\app_resto_refina\system\CodeIgniter.php(403): CodeIgniter\CodeIgniter->createController()
#2 C:\xampp\htdocs\app_resto_refina\system\CodeIgniter.php(320): CodeIgniter\CodeIgniter->handleRequest(NULL, Object(Config\Cache), false)
#3 C:\xampp\htdocs\app_resto_refina\public\index.php(37): CodeIgniter\CodeIgniter->run()
#4 C:\xampp\htdocs\app_resto_refina\system\Commands\Server\rewrite.php(43): require_once('C:\\xampp\\htdocs...')
#5 {main}
CRITICAL - 2022-01-31 21:49:14 --> Call to undefined function App\Controllers\user()
#0 C:\xampp\htdocs\app_resto_refina\system\CodeIgniter.php(802): App\Controllers\UserController->__construct()
#1 C:\xampp\htdocs\app_resto_refina\system\CodeIgniter.php(403): CodeIgniter\CodeIgniter->createController()
#2 C:\xampp\htdocs\app_resto_refina\system\CodeIgniter.php(320): CodeIgniter\CodeIgniter->handleRequest(NULL, Object(Config\Cache), false)
#3 C:\xampp\htdocs\app_resto_refina\public\index.php(37): CodeIgniter\CodeIgniter->run()
#4 C:\xampp\htdocs\app_resto_refina\system\Commands\Server\rewrite.php(43): require_once('C:\\xampp\\htdocs...')
#5 {main}
CRITICAL - 2022-01-31 21:49:35 --> Class "App\Models\User" not found
#0 C:\xampp\htdocs\app_resto_refina\system\CodeIgniter.php(802): App\Controllers\UserController->__construct()
#1 C:\xampp\htdocs\app_resto_refina\system\CodeIgniter.php(403): CodeIgniter\CodeIgniter->createController()
#2 C:\xampp\htdocs\app_resto_refina\system\CodeIgniter.php(320): CodeIgniter\CodeIgniter->handleRequest(NULL, Object(Config\Cache), false)
#3 C:\xampp\htdocs\app_resto_refina\public\index.php(37): CodeIgniter\CodeIgniter->run()
#4 C:\xampp\htdocs\app_resto_refina\system\Commands\Server\rewrite.php(43): require_once('C:\\xampp\\htdocs...')
#5 {main}
CRITICAL - 2022-01-31 21:49:54 --> Class "App\Models\User" not found
#0 C:\xampp\htdocs\app_resto_refina\system\CodeIgniter.php(802): App\Controllers\UserController->__construct()
#1 C:\xampp\htdocs\app_resto_refina\system\CodeIgniter.php(403): CodeIgniter\CodeIgniter->createController()
#2 C:\xampp\htdocs\app_resto_refina\system\CodeIgniter.php(320): CodeIgniter\CodeIgniter->handleRequest(NULL, Object(Config\Cache), false)
#3 C:\xampp\htdocs\app_resto_refina\public\index.php(37): CodeIgniter\CodeIgniter->run()
#4 C:\xampp\htdocs\app_resto_refina\system\Commands\Server\rewrite.php(43): require_once('C:\\xampp\\htdocs...')
#5 {main}
CRITICAL - 2022-01-31 21:53:23 --> Class "App\Models\User" not found
#0 C:\xampp\htdocs\app_resto_refina\system\CodeIgniter.php(802): App\Controllers\UserController->__construct()
#1 C:\xampp\htdocs\app_resto_refina\system\CodeIgniter.php(403): CodeIgniter\CodeIgniter->createController()
#2 C:\xampp\htdocs\app_resto_refina\system\CodeIgniter.php(320): CodeIgniter\CodeIgniter->handleRequest(NULL, Object(Config\Cache), false)
#3 C:\xampp\htdocs\app_resto_refina\public\index.php(37): CodeIgniter\CodeIgniter->run()
#4 C:\xampp\htdocs\app_resto_refina\system\Commands\Server\rewrite.php(43): require_once('C:\\xampp\\htdocs...')
#5 {main}
CRITICAL - 2022-01-31 21:54:48 --> Class "App\Models\User" not found
#0 C:\xampp\htdocs\app_resto_refina\system\CodeIgniter.php(802): App\Controllers\UserController->__construct()
#1 C:\xampp\htdocs\app_resto_refina\system\CodeIgniter.php(403): CodeIgniter\CodeIgniter->createController()
#2 C:\xampp\htdocs\app_resto_refina\system\CodeIgniter.php(320): CodeIgniter\CodeIgniter->handleRequest(NULL, Object(Config\Cache), false)
#3 C:\xampp\htdocs\app_resto_refina\public\index.php(37): CodeIgniter\CodeIgniter->run()
#4 C:\xampp\htdocs\app_resto_refina\system\Commands\Server\rewrite.php(43): require_once('C:\\xampp\\htdocs...')
#5 {main}
CRITICAL - 2022-01-31 21:54:55 --> Class "App\Models\User" not found
#0 C:\xampp\htdocs\app_resto_refina\system\CodeIgniter.php(802): App\Controllers\UserController->__construct()
#1 C:\xampp\htdocs\app_resto_refina\system\CodeIgniter.php(403): CodeIgniter\CodeIgniter->createController()
#2 C:\xampp\htdocs\app_resto_refina\system\CodeIgniter.php(320): CodeIgniter\CodeIgniter->handleRequest(NULL, Object(Config\Cache), false)
#3 C:\xampp\htdocs\app_resto_refina\public\index.php(37): CodeIgniter\CodeIgniter->run()
#4 C:\xampp\htdocs\app_resto_refina\system\Commands\Server\rewrite.php(43): require_once('C:\\xampp\\htdocs...')
#5 {main}
CRITICAL - 2022-01-31 21:59:32 --> Class "App\Models\User" not found
#0 C:\xampp\htdocs\app_resto_refina\system\CodeIgniter.php(802): App\Controllers\UserController->__construct()
#1 C:\xampp\htdocs\app_resto_refina\system\CodeIgniter.php(403): CodeIgniter\CodeIgniter->createController()
#2 C:\xampp\htdocs\app_resto_refina\system\CodeIgniter.php(320): CodeIgniter\CodeIgniter->handleRequest(NULL, Object(Config\Cache), false)
#3 C:\xampp\htdocs\app_resto_refina\public\index.php(37): CodeIgniter\CodeIgniter->run()
#4 C:\xampp\htdocs\app_resto_refina\system\Commands\Server\rewrite.php(43): require_once('C:\\xampp\\htdocs...')
#5 {main}
CRITICAL - 2022-01-31 22:02:04 --> Class "App\Models\User" not found
#0 C:\xampp\htdocs\app_resto_refina\system\CodeIgniter.php(802): App\Controllers\UserController->__construct()
#1 C:\xampp\htdocs\app_resto_refina\system\CodeIgniter.php(403): CodeIgniter\CodeIgniter->createController()
#2 C:\xampp\htdocs\app_resto_refina\system\CodeIgniter.php(320): CodeIgniter\CodeIgniter->handleRequest(NULL, Object(Config\Cache), false)
#3 C:\xampp\htdocs\app_resto_refina\public\index.php(37): CodeIgniter\CodeIgniter->run()
#4 C:\xampp\htdocs\app_resto_refina\system\Commands\Server\rewrite.php(43): require_once('C:\\xampp\\htdocs...')
#5 {main}
CRITICAL - 2022-01-31 22:02:05 --> Class "App\Models\User" not found
#0 C:\xampp\htdocs\app_resto_refina\system\CodeIgniter.php(802): App\Controllers\UserController->__construct()
#1 C:\xampp\htdocs\app_resto_refina\system\CodeIgniter.php(403): CodeIgniter\CodeIgniter->createController()
#2 C:\xampp\htdocs\app_resto_refina\system\CodeIgniter.php(320): CodeIgniter\CodeIgniter->handleRequest(NULL, Object(Config\Cache), false)
#3 C:\xampp\htdocs\app_resto_refina\public\index.php(37): CodeIgniter\CodeIgniter->run()
#4 C:\xampp\htdocs\app_resto_refina\system\Commands\Server\rewrite.php(43): require_once('C:\\xampp\\htdocs...')
#5 {main}
CRITICAL - 2022-01-31 22:02:05 --> Class "App\Models\User" not found
#0 C:\xampp\htdocs\app_resto_refina\system\CodeIgniter.php(802): App\Controllers\UserController->__construct()
#1 C:\xampp\htdocs\app_resto_refina\system\CodeIgniter.php(403): CodeIgniter\CodeIgniter->createController()
#2 C:\xampp\htdocs\app_resto_refina\system\CodeIgniter.php(320): CodeIgniter\CodeIgniter->handleRequest(NULL, Object(Config\Cache), false)
#3 C:\xampp\htdocs\app_resto_refina\public\index.php(37): CodeIgniter\CodeIgniter->run()
#4 C:\xampp\htdocs\app_resto_refina\system\Commands\Server\rewrite.php(43): require_once('C:\\xampp\\htdocs...')
#5 {main}
CRITICAL - 2022-01-31 22:02:06 --> Class "App\Models\User" not found
#0 C:\xampp\htdocs\app_resto_refina\system\CodeIgniter.php(802): App\Controllers\UserController->__construct()
#1 C:\xampp\htdocs\app_resto_refina\system\CodeIgniter.php(403): CodeIgniter\CodeIgniter->createController()
#2 C:\xampp\htdocs\app_resto_refina\system\CodeIgniter.php(320): CodeIgniter\CodeIgniter->handleRequest(NULL, Object(Config\Cache), false)
#3 C:\xampp\htdocs\app_resto_refina\public\index.php(37): CodeIgniter\CodeIgniter->run()
#4 C:\xampp\htdocs\app_resto_refina\system\Commands\Server\rewrite.php(43): require_once('C:\\xampp\\htdocs...')
#5 {main}
CRITICAL - 2022-01-31 22:02:06 --> Class "App\Models\User" not found
#0 C:\xampp\htdocs\app_resto_refina\system\CodeIgniter.php(802): App\Controllers\UserController->__construct()
#1 C:\xampp\htdocs\app_resto_refina\system\CodeIgniter.php(403): CodeIgniter\CodeIgniter->createController()
#2 C:\xampp\htdocs\app_resto_refina\system\CodeIgniter.php(320): CodeIgniter\CodeIgniter->handleRequest(NULL, Object(Config\Cache), false)
#3 C:\xampp\htdocs\app_resto_refina\public\index.php(37): CodeIgniter\CodeIgniter->run()
#4 C:\xampp\htdocs\app_resto_refina\system\Commands\Server\rewrite.php(43): require_once('C:\\xampp\\htdocs...')
#5 {main}
CRITICAL - 2022-01-31 22:02:06 --> Class "App\Models\User" not found
#0 C:\xampp\htdocs\app_resto_refina\system\CodeIgniter.php(802): App\Controllers\UserController->__construct()
#1 C:\xampp\htdocs\app_resto_refina\system\CodeIgniter.php(403): CodeIgniter\CodeIgniter->createController()
#2 C:\xampp\htdocs\app_resto_refina\system\CodeIgniter.php(320): CodeIgniter\CodeIgniter->handleRequest(NULL, Object(Config\Cache), false)
#3 C:\xampp\htdocs\app_resto_refina\public\index.php(37): CodeIgniter\CodeIgniter->run()
#4 C:\xampp\htdocs\app_resto_refina\system\Commands\Server\rewrite.php(43): require_once('C:\\xampp\\htdocs...')
#5 {main}
CRITICAL - 2022-01-31 22:02:36 --> Class "App\Models\User" not found
#0 C:\xampp\htdocs\app_resto_refina\system\CodeIgniter.php(802): App\Controllers\UserController->__construct()
#1 C:\xampp\htdocs\app_resto_refina\system\CodeIgniter.php(403): CodeIgniter\CodeIgniter->createController()
#2 C:\xampp\htdocs\app_resto_refina\system\CodeIgniter.php(320): CodeIgniter\CodeIgniter->handleRequest(NULL, Object(Config\Cache), false)
#3 C:\xampp\htdocs\app_resto_refina\public\index.php(37): CodeIgniter\CodeIgniter->run()
#4 C:\xampp\htdocs\app_resto_refina\system\Commands\Server\rewrite.php(43): require_once('C:\\xampp\\htdocs...')
#5 {main}
CRITICAL - 2022-01-31 22:06:31 --> Class "App\Models\User" not found
#0 C:\xampp\htdocs\app_resto_refina\system\CodeIgniter.php(802): App\Controllers\UserController->__construct()
#1 C:\xampp\htdocs\app_resto_refina\system\CodeIgniter.php(403): CodeIgniter\CodeIgniter->createController()
#2 C:\xampp\htdocs\app_resto_refina\system\CodeIgniter.php(320): CodeIgniter\CodeIgniter->handleRequest(NULL, Object(Config\Cache), false)
#3 C:\xampp\htdocs\app_resto_refina\public\index.php(37): CodeIgniter\CodeIgniter->run()
#4 C:\xampp\htdocs\app_resto_refina\system\Commands\Server\rewrite.php(43): require_once('C:\\xampp\\htdocs...')
#5 {main}
CRITICAL - 2022-01-31 22:06:32 --> Class "App\Models\User" not found
#0 C:\xampp\htdocs\app_resto_refina\system\CodeIgniter.php(802): App\Controllers\UserController->__construct()
#1 C:\xampp\htdocs\app_resto_refina\system\CodeIgniter.php(403): CodeIgniter\CodeIgniter->createController()
#2 C:\xampp\htdocs\app_resto_refina\system\CodeIgniter.php(320): CodeIgniter\CodeIgniter->handleRequest(NULL, Object(Config\Cache), false)
#3 C:\xampp\htdocs\app_resto_refina\public\index.php(37): CodeIgniter\CodeIgniter->run()
#4 C:\xampp\htdocs\app_resto_refina\system\Commands\Server\rewrite.php(43): require_once('C:\\xampp\\htdocs...')
#5 {main}
CRITICAL - 2022-01-31 22:06:39 --> Class "App\Models\User" not found
#0 C:\xampp\htdocs\app_resto_refina\system\CodeIgniter.php(802): App\Controllers\UserController->__construct()
#1 C:\xampp\htdocs\app_resto_refina\system\CodeIgniter.php(403): CodeIgniter\CodeIgniter->createController()
#2 C:\xampp\htdocs\app_resto_refina\system\CodeIgniter.php(320): CodeIgniter\CodeIgniter->handleRequest(NULL, Object(Config\Cache), false)
#3 C:\xampp\htdocs\app_resto_refina\public\index.php(37): CodeIgniter\CodeIgniter->run()
#4 C:\xampp\htdocs\app_resto_refina\system\Commands\Server\rewrite.php(43): require_once('C:\\xampp\\htdocs...')
#5 {main}
CRITICAL - 2022-01-31 22:07:31 --> Class "App\Models\User" not found
#0 C:\xampp\htdocs\app_resto_refina\system\CodeIgniter.php(802): App\Controllers\UserController->__construct()
#1 C:\xampp\htdocs\app_resto_refina\system\CodeIgniter.php(403): CodeIgniter\CodeIgniter->createController()
#2 C:\xampp\htdocs\app_resto_refina\system\CodeIgniter.php(320): CodeIgniter\CodeIgniter->handleRequest(NULL, Object(Config\Cache), false)
#3 C:\xampp\htdocs\app_resto_refina\public\index.php(37): CodeIgniter\CodeIgniter->run()
#4 C:\xampp\htdocs\app_resto_refina\system\Commands\Server\rewrite.php(43): require_once('C:\\xampp\\htdocs...')
#5 {main}
CRITICAL - 2022-01-31 22:07:32 --> Class "App\Models\User" not found
#0 C:\xampp\htdocs\app_resto_refina\system\CodeIgniter.php(802): App\Controllers\UserController->__construct()
#1 C:\xampp\htdocs\app_resto_refina\system\CodeIgniter.php(403): CodeIgniter\CodeIgniter->createController()
#2 C:\xampp\htdocs\app_resto_refina\system\CodeIgniter.php(320): CodeIgniter\CodeIgniter->handleRequest(NULL, Object(Config\Cache), false)
#3 C:\xampp\htdocs\app_resto_refina\public\index.php(37): CodeIgniter\CodeIgniter->run()
#4 C:\xampp\htdocs\app_resto_refina\system\Commands\Server\rewrite.php(43): require_once('C:\\xampp\\htdocs...')
#5 {main}
CRITICAL - 2022-01-31 22:07:32 --> Class "App\Models\User" not found
#0 C:\xampp\htdocs\app_resto_refina\system\CodeIgniter.php(802): App\Controllers\UserController->__construct()
#1 C:\xampp\htdocs\app_resto_refina\system\CodeIgniter.php(403): CodeIgniter\CodeIgniter->createController()
#2 C:\xampp\htdocs\app_resto_refina\system\CodeIgniter.php(320): CodeIgniter\CodeIgniter->handleRequest(NULL, Object(Config\Cache), false)
#3 C:\xampp\htdocs\app_resto_refina\public\index.php(37): CodeIgniter\CodeIgniter->run()
#4 C:\xampp\htdocs\app_resto_refina\system\Commands\Server\rewrite.php(43): require_once('C:\\xampp\\htdocs...')
#5 {main}
CRITICAL - 2022-01-31 22:07:32 --> Class "App\Models\User" not found
#0 C:\xampp\htdocs\app_resto_refina\system\CodeIgniter.php(802): App\Controllers\UserController->__construct()
#1 C:\xampp\htdocs\app_resto_refina\system\CodeIgniter.php(403): CodeIgniter\CodeIgniter->createController()
#2 C:\xampp\htdocs\app_resto_refina\system\CodeIgniter.php(320): CodeIgniter\CodeIgniter->handleRequest(NULL, Object(Config\Cache), false)
#3 C:\xampp\htdocs\app_resto_refina\public\index.php(37): CodeIgniter\CodeIgniter->run()
#4 C:\xampp\htdocs\app_resto_refina\system\Commands\Server\rewrite.php(43): require_once('C:\\xampp\\htdocs...')
#5 {main}
CRITICAL - 2022-01-31 22:07:32 --> Class "App\Models\User" not found
#0 C:\xampp\htdocs\app_resto_refina\system\CodeIgniter.php(802): App\Controllers\UserController->__construct()
#1 C:\xampp\htdocs\app_resto_refina\system\CodeIgniter.php(403): CodeIgniter\CodeIgniter->createController()
#2 C:\xampp\htdocs\app_resto_refina\system\CodeIgniter.php(320): CodeIgniter\CodeIgniter->handleRequest(NULL, Object(Config\Cache), false)
#3 C:\xampp\htdocs\app_resto_refina\public\index.php(37): CodeIgniter\CodeIgniter->run()
#4 C:\xampp\htdocs\app_resto_refina\system\Commands\Server\rewrite.php(43): require_once('C:\\xampp\\htdocs...')
#5 {main}
CRITICAL - 2022-01-31 22:16:52 --> Class "App\Controllers\userModel" not found
#0 C:\xampp\htdocs\app_resto_refina\system\CodeIgniter.php(802): App\Controllers\UserController->__construct()
#1 C:\xampp\htdocs\app_resto_refina\system\CodeIgniter.php(403): CodeIgniter\CodeIgniter->createController()
#2 C:\xampp\htdocs\app_resto_refina\system\CodeIgniter.php(320): CodeIgniter\CodeIgniter->handleRequest(NULL, Object(Config\Cache), false)
#3 C:\xampp\htdocs\app_resto_refina\public\index.php(37): CodeIgniter\CodeIgniter->run()
#4 C:\xampp\htdocs\app_resto_refina\system\Commands\Server\rewrite.php(43): require_once('C:\\xampp\\htdocs...')
#5 {main}
CRITICAL - 2022-01-31 22:16:59 --> Class "App\Controllers\userModel" not found
#0 C:\xampp\htdocs\app_resto_refina\system\CodeIgniter.php(802): App\Controllers\UserController->__construct()
#1 C:\xampp\htdocs\app_resto_refina\system\CodeIgniter.php(403): CodeIgniter\CodeIgniter->createController()
#2 C:\xampp\htdocs\app_resto_refina\system\CodeIgniter.php(320): CodeIgniter\CodeIgniter->handleRequest(NULL, Object(Config\Cache), false)
#3 C:\xampp\htdocs\app_resto_refina\public\index.php(37): CodeIgniter\CodeIgniter->run()
#4 C:\xampp\htdocs\app_resto_refina\system\Commands\Server\rewrite.php(43): require_once('C:\\xampp\\htdocs...')
#5 {main}
CRITICAL - 2022-01-31 22:17:02 --> Class "App\Controllers\userModel" not found
#0 C:\xampp\htdocs\app_resto_refina\system\CodeIgniter.php(802): App\Controllers\UserController->__construct()
#1 C:\xampp\htdocs\app_resto_refina\system\CodeIgniter.php(403): CodeIgniter\CodeIgniter->createController()
#2 C:\xampp\htdocs\app_resto_refina\system\CodeIgniter.php(320): CodeIgniter\CodeIgniter->handleRequest(NULL, Object(Config\Cache), false)
#3 C:\xampp\htdocs\app_resto_refina\public\index.php(37): CodeIgniter\CodeIgniter->run()
#4 C:\xampp\htdocs\app_resto_refina\system\Commands\Server\rewrite.php(43): require_once('C:\\xampp\\htdocs...')
#5 {main}
CRITICAL - 2022-01-31 22:17:50 --> Class "App\Controllers\userModel" not found
#0 C:\xampp\htdocs\app_resto_refina\system\CodeIgniter.php(802): App\Controllers\UserController->__construct()
#1 C:\xampp\htdocs\app_resto_refina\system\CodeIgniter.php(403): CodeIgniter\CodeIgniter->createController()
#2 C:\xampp\htdocs\app_resto_refina\system\CodeIgniter.php(320): CodeIgniter\CodeIgniter->handleRequest(NULL, Object(Config\Cache), false)
#3 C:\xampp\htdocs\app_resto_refina\public\index.php(37): CodeIgniter\CodeIgniter->run()
#4 C:\xampp\htdocs\app_resto_refina\system\Commands\Server\rewrite.php(43): require_once('C:\\xampp\\htdocs...')
#5 {main}
CRITICAL - 2022-01-31 22:18:42 --> Class "App\Controllers\userModel" not found
#0 C:\xampp\htdocs\app_resto_refina\system\CodeIgniter.php(802): App\Controllers\UserController->__construct()
#1 C:\xampp\htdocs\app_resto_refina\system\CodeIgniter.php(403): CodeIgniter\CodeIgniter->createController()
#2 C:\xampp\htdocs\app_resto_refina\system\CodeIgniter.php(320): CodeIgniter\CodeIgniter->handleRequest(NULL, Object(Config\Cache), false)
#3 C:\xampp\htdocs\app_resto_refina\public\index.php(37): CodeIgniter\CodeIgniter->run()
#4 C:\xampp\htdocs\app_resto_refina\system\Commands\Server\rewrite.php(43): require_once('C:\\xampp\\htdocs...')
#5 {main}
CRITICAL - 2022-01-31 22:18:57 --> Class "App\Controllers\userModel" not found
#0 C:\xampp\htdocs\app_resto_refina\system\CodeIgniter.php(802): App\Controllers\UserController->__construct()
#1 C:\xampp\htdocs\app_resto_refina\system\CodeIgniter.php(403): CodeIgniter\CodeIgniter->createController()
#2 C:\xampp\htdocs\app_resto_refina\system\CodeIgniter.php(320): CodeIgniter\CodeIgniter->handleRequest(NULL, Object(Config\Cache), false)
#3 C:\xampp\htdocs\app_resto_refina\public\index.php(37): CodeIgniter\CodeIgniter->run()
#4 C:\xampp\htdocs\app_resto_refina\system\Commands\Server\rewrite.php(43): require_once('C:\\xampp\\htdocs...')
#5 {main}
CRITICAL - 2022-01-31 22:23:19 --> Class "App\Controllers\userModel" not found
#0 C:\xampp\htdocs\app_resto_refina\system\CodeIgniter.php(802): App\Controllers\UserController->__construct()
#1 C:\xampp\htdocs\app_resto_refina\system\CodeIgniter.php(403): CodeIgniter\CodeIgniter->createController()
#2 C:\xampp\htdocs\app_resto_refina\system\CodeIgniter.php(320): CodeIgniter\CodeIgniter->handleRequest(NULL, Object(Config\Cache), false)
#3 C:\xampp\htdocs\app_resto_refina\public\index.php(37): CodeIgniter\CodeIgniter->run()
#4 C:\xampp\htdocs\app_resto_refina\system\Commands\Server\rewrite.php(43): require_once('C:\\xampp\\htdocs...')
#5 {main}
CRITICAL - 2022-01-31 22:23:21 --> Class "App\Controllers\userModel" not found
#0 C:\xampp\htdocs\app_resto_refina\system\CodeIgniter.php(802): App\Controllers\UserController->__construct()
#1 C:\xampp\htdocs\app_resto_refina\system\CodeIgniter.php(403): CodeIgniter\CodeIgniter->createController()
#2 C:\xampp\htdocs\app_resto_refina\system\CodeIgniter.php(320): CodeIgniter\CodeIgniter->handleRequest(NULL, Object(Config\Cache), false)
#3 C:\xampp\htdocs\app_resto_refina\public\index.php(37): CodeIgniter\CodeIgniter->run()
#4 C:\xampp\htdocs\app_resto_refina\system\Commands\Server\rewrite.php(43): require_once('C:\\xampp\\htdocs...')
#5 {main}
CRITICAL - 2022-01-31 22:23:21 --> Class "App\Controllers\userModel" not found
#0 C:\xampp\htdocs\app_resto_refina\system\CodeIgniter.php(802): App\Controllers\UserController->__construct()
#1 C:\xampp\htdocs\app_resto_refina\system\CodeIgniter.php(403): CodeIgniter\CodeIgniter->createController()
#2 C:\xampp\htdocs\app_resto_refina\system\CodeIgniter.php(320): CodeIgniter\CodeIgniter->handleRequest(NULL, Object(Config\Cache), false)
#3 C:\xampp\htdocs\app_resto_refina\public\index.php(37): CodeIgniter\CodeIgniter->run()
#4 C:\xampp\htdocs\app_resto_refina\system\Commands\Server\rewrite.php(43): require_once('C:\\xampp\\htdocs...')
#5 {main}
CRITICAL - 2022-01-31 22:23:21 --> Class "App\Controllers\userModel" not found
#0 C:\xampp\htdocs\app_resto_refina\system\CodeIgniter.php(802): App\Controllers\UserController->__construct()
#1 C:\xampp\htdocs\app_resto_refina\system\CodeIgniter.php(403): CodeIgniter\CodeIgniter->createController()
#2 C:\xampp\htdocs\app_resto_refina\system\CodeIgniter.php(320): CodeIgniter\CodeIgniter->handleRequest(NULL, Object(Config\Cache), false)
#3 C:\xampp\htdocs\app_resto_refina\public\index.php(37): CodeIgniter\CodeIgniter->run()
#4 C:\xampp\htdocs\app_resto_refina\system\Commands\Server\rewrite.php(43): require_once('C:\\xampp\\htdocs...')
#5 {main}
CRITICAL - 2022-01-31 22:23:21 --> Class "App\Controllers\userModel" not found
#0 C:\xampp\htdocs\app_resto_refina\system\CodeIgniter.php(802): App\Controllers\UserController->__construct()
#1 C:\xampp\htdocs\app_resto_refina\system\CodeIgniter.php(403): CodeIgniter\CodeIgniter->createController()
#2 C:\xampp\htdocs\app_resto_refina\system\CodeIgniter.php(320): CodeIgniter\CodeIgniter->handleRequest(NULL, Object(Config\Cache), false)
#3 C:\xampp\htdocs\app_resto_refina\public\index.php(37): CodeIgniter\CodeIgniter->run()
#4 C:\xampp\htdocs\app_resto_refina\system\Commands\Server\rewrite.php(43): require_once('C:\\xampp\\htdocs...')
#5 {main}
CRITICAL - 2022-01-31 22:23:22 --> Class "App\Controllers\userModel" not found
#0 C:\xampp\htdocs\app_resto_refina\system\CodeIgniter.php(802): App\Controllers\UserController->__construct()
#1 C:\xampp\htdocs\app_resto_refina\system\CodeIgniter.php(403): CodeIgniter\CodeIgniter->createController()
#2 C:\xampp\htdocs\app_resto_refina\system\CodeIgniter.php(320): CodeIgniter\CodeIgniter->handleRequest(NULL, Object(Config\Cache), false)
#3 C:\xampp\htdocs\app_resto_refina\public\index.php(37): CodeIgniter\CodeIgniter->run()
#4 C:\xampp\htdocs\app_resto_refina\system\Commands\Server\rewrite.php(43): require_once('C:\\xampp\\htdocs...')
#5 {main}
CRITICAL - 2022-01-31 22:23:22 --> Class "App\Controllers\userModel" not found
#0 C:\xampp\htdocs\app_resto_refina\system\CodeIgniter.php(802): App\Controllers\UserController->__construct()
#1 C:\xampp\htdocs\app_resto_refina\system\CodeIgniter.php(403): CodeIgniter\CodeIgniter->createController()
#2 C:\xampp\htdocs\app_resto_refina\system\CodeIgniter.php(320): CodeIgniter\CodeIgniter->handleRequest(NULL, Object(Config\Cache), false)
#3 C:\xampp\htdocs\app_resto_refina\public\index.php(37): CodeIgniter\CodeIgniter->run()
#4 C:\xampp\htdocs\app_resto_refina\system\Commands\Server\rewrite.php(43): require_once('C:\\xampp\\htdocs...')
#5 {main}
CRITICAL - 2022-01-31 22:23:22 --> Class "App\Controllers\userModel" not found
#0 C:\xampp\htdocs\app_resto_refina\system\CodeIgniter.php(802): App\Controllers\UserController->__construct()
#1 C:\xampp\htdocs\app_resto_refina\system\CodeIgniter.php(403): CodeIgniter\CodeIgniter->createController()
#2 C:\xampp\htdocs\app_resto_refina\system\CodeIgniter.php(320): CodeIgniter\CodeIgniter->handleRequest(NULL, Object(Config\Cache), false)
#3 C:\xampp\htdocs\app_resto_refina\public\index.php(37): CodeIgniter\CodeIgniter->run()
#4 C:\xampp\htdocs\app_resto_refina\system\Commands\Server\rewrite.php(43): require_once('C:\\xampp\\htdocs...')
#5 {main}
CRITICAL - 2022-01-31 22:23:23 --> Class "App\Controllers\userModel" not found
#0 C:\xampp\htdocs\app_resto_refina\system\CodeIgniter.php(802): App\Controllers\UserController->__construct()
#1 C:\xampp\htdocs\app_resto_refina\system\CodeIgniter.php(403): CodeIgniter\CodeIgniter->createController()
#2 C:\xampp\htdocs\app_resto_refina\system\CodeIgniter.php(320): CodeIgniter\CodeIgniter->handleRequest(NULL, Object(Config\Cache), false)
#3 C:\xampp\htdocs\app_resto_refina\public\index.php(37): CodeIgniter\CodeIgniter->run()
#4 C:\xampp\htdocs\app_resto_refina\system\Commands\Server\rewrite.php(43): require_once('C:\\xampp\\htdocs...')
#5 {main}
CRITICAL - 2022-01-31 22:23:59 --> Class "App\Controllers\userModel" not found
#0 C:\xampp\htdocs\app_resto_refina\system\CodeIgniter.php(802): App\Controllers\UserController->__construct()
#1 C:\xampp\htdocs\app_resto_refina\system\CodeIgniter.php(403): CodeIgniter\CodeIgniter->createController()
#2 C:\xampp\htdocs\app_resto_refina\system\CodeIgniter.php(320): CodeIgniter\CodeIgniter->handleRequest(NULL, Object(Config\Cache), false)
#3 C:\xampp\htdocs\app_resto_refina\public\index.php(37): CodeIgniter\CodeIgniter->run()
#4 C:\xampp\htdocs\app_resto_refina\system\Commands\Server\rewrite.php(43): require_once('C:\\xampp\\htdocs...')
#5 {main}
CRITICAL - 2022-01-31 22:32:00 --> Class "App\Controllers\userModel" not found
#0 C:\xampp\htdocs\app_resto_refina\system\CodeIgniter.php(802): App\Controllers\UserController->__construct()
#1 C:\xampp\htdocs\app_resto_refina\system\CodeIgniter.php(403): CodeIgniter\CodeIgniter->createController()
#2 C:\xampp\htdocs\app_resto_refina\system\CodeIgniter.php(320): CodeIgniter\CodeIgniter->handleRequest(NULL, Object(Config\Cache), false)
#3 C:\xampp\htdocs\app_resto_refina\public\index.php(37): CodeIgniter\CodeIgniter->run()
#4 C:\xampp\htdocs\app_resto_refina\system\Commands\Server\rewrite.php(43): require_once('C:\\xampp\\htdocs...')
#5 {main}
CRITICAL - 2022-01-31 22:32:59 --> Class "App\Controllers\userModel" not found
#0 C:\xampp\htdocs\app_resto_refina\system\CodeIgniter.php(802): App\Controllers\UserController->__construct()
#1 C:\xampp\htdocs\app_resto_refina\system\CodeIgniter.php(403): CodeIgniter\CodeIgniter->createController()
#2 C:\xampp\htdocs\app_resto_refina\system\CodeIgniter.php(320): CodeIgniter\CodeIgniter->handleRequest(NULL, Object(Config\Cache), false)
#3 C:\xampp\htdocs\app_resto_refina\public\index.php(37): CodeIgniter\CodeIgniter->run()
#4 C:\xampp\htdocs\app_resto_refina\system\Commands\Server\rewrite.php(43): require_once('C:\\xampp\\htdocs...')
#5 {main}
CRITICAL - 2022-01-31 22:37:07 --> Class "App\Controllers\userModel" not found
#0 C:\xampp\htdocs\app_resto_refina\system\CodeIgniter.php(802): App\Controllers\UserController->__construct()
#1 C:\xampp\htdocs\app_resto_refina\system\CodeIgniter.php(403): CodeIgniter\CodeIgniter->createController()
#2 C:\xampp\htdocs\app_resto_refina\system\CodeIgniter.php(320): CodeIgniter\CodeIgniter->handleRequest(NULL, Object(Config\Cache), false)
#3 C:\xampp\htdocs\app_resto_refina\public\index.php(37): CodeIgniter\CodeIgniter->run()
#4 C:\xampp\htdocs\app_resto_refina\system\Commands\Server\rewrite.php(43): require_once('C:\\xampp\\htdocs...')
#5 {main}
CRITICAL - 2022-01-31 22:49:01 --> Class "App\Controllers\userModel" not found
#0 C:\xampp\htdocs\app_resto_refina\system\CodeIgniter.php(802): App\Controllers\UserController->__construct()
#1 C:\xampp\htdocs\app_resto_refina\system\CodeIgniter.php(403): CodeIgniter\CodeIgniter->createController()
#2 C:\xampp\htdocs\app_resto_refina\system\CodeIgniter.php(320): CodeIgniter\CodeIgniter->handleRequest(NULL, Object(Config\Cache), false)
#3 C:\xampp\htdocs\app_resto_refina\public\index.php(37): CodeIgniter\CodeIgniter->run()
#4 C:\xampp\htdocs\app_resto_refina\system\Commands\Server\rewrite.php(43): require_once('C:\\xampp\\htdocs...')
#5 {main}
CRITICAL - 2022-01-31 22:49:02 --> Class "App\Controllers\userModel" not found
#0 C:\xampp\htdocs\app_resto_refina\system\CodeIgniter.php(802): App\Controllers\UserController->__construct()
#1 C:\xampp\htdocs\app_resto_refina\system\CodeIgniter.php(403): CodeIgniter\CodeIgniter->createController()
#2 C:\xampp\htdocs\app_resto_refina\system\CodeIgniter.php(320): CodeIgniter\CodeIgniter->handleRequest(NULL, Object(Config\Cache), false)
#3 C:\xampp\htdocs\app_resto_refina\public\index.php(37): CodeIgniter\CodeIgniter->run()
#4 C:\xampp\htdocs\app_resto_refina\system\Commands\Server\rewrite.php(43): require_once('C:\\xampp\\htdocs...')
#5 {main}
CRITICAL - 2022-01-31 22:49:03 --> Class "App\Controllers\userModel" not found
#0 C:\xampp\htdocs\app_resto_refina\system\CodeIgniter.php(802): App\Controllers\UserController->__construct()
#1 C:\xampp\htdocs\app_resto_refina\system\CodeIgniter.php(403): CodeIgniter\CodeIgniter->createController()
#2 C:\xampp\htdocs\app_resto_refina\system\CodeIgniter.php(320): CodeIgniter\CodeIgniter->handleRequest(NULL, Object(Config\Cache), false)
#3 C:\xampp\htdocs\app_resto_refina\public\index.php(37): CodeIgniter\CodeIgniter->run()
#4 C:\xampp\htdocs\app_resto_refina\system\Commands\Server\rewrite.php(43): require_once('C:\\xampp\\htdocs...')
#5 {main}
CRITICAL - 2022-01-31 22:49:03 --> Class "App\Controllers\userModel" not found
#0 C:\xampp\htdocs\app_resto_refina\system\CodeIgniter.php(802): App\Controllers\UserController->__construct()
#1 C:\xampp\htdocs\app_resto_refina\system\CodeIgniter.php(403): CodeIgniter\CodeIgniter->createController()
#2 C:\xampp\htdocs\app_resto_refina\system\CodeIgniter.php(320): CodeIgniter\CodeIgniter->handleRequest(NULL, Object(Config\Cache), false)
#3 C:\xampp\htdocs\app_resto_refina\public\index.php(37): CodeIgniter\CodeIgniter->run()
#4 C:\xampp\htdocs\app_resto_refina\system\Commands\Server\rewrite.php(43): require_once('C:\\xampp\\htdocs...')
#5 {main}
CRITICAL - 2022-01-31 22:49:03 --> Class "App\Controllers\userModel" not found
#0 C:\xampp\htdocs\app_resto_refina\system\CodeIgniter.php(802): App\Controllers\UserController->__construct()
#1 C:\xampp\htdocs\app_resto_refina\system\CodeIgniter.php(403): CodeIgniter\CodeIgniter->createController()
#2 C:\xampp\htdocs\app_resto_refina\system\CodeIgniter.php(320): CodeIgniter\CodeIgniter->handleRequest(NULL, Object(Config\Cache), false)
#3 C:\xampp\htdocs\app_resto_refina\public\index.php(37): CodeIgniter\CodeIgniter->run()
#4 C:\xampp\htdocs\app_resto_refina\system\Commands\Server\rewrite.php(43): require_once('C:\\xampp\\htdocs...')
#5 {main}
CRITICAL - 2022-01-31 23:04:42 --> Class "App\Controllers\UserModel" not found
#0 C:\xampp\htdocs\app_resto_refina\system\CodeIgniter.php(802): App\Controllers\UserController->__construct()
#1 C:\xampp\htdocs\app_resto_refina\system\CodeIgniter.php(403): CodeIgniter\CodeIgniter->createController()
#2 C:\xampp\htdocs\app_resto_refina\system\CodeIgniter.php(320): CodeIgniter\CodeIgniter->handleRequest(NULL, Object(Config\Cache), false)
#3 C:\xampp\htdocs\app_resto_refina\public\index.php(37): CodeIgniter\CodeIgniter->run()
#4 C:\xampp\htdocs\app_resto_refina\system\Commands\Server\rewrite.php(43): require_once('C:\\xampp\\htdocs...')
#5 {main}
CRITICAL - 2022-01-31 23:04:45 --> Class "App\Controllers\UserModel" not found
#0 C:\xampp\htdocs\app_resto_refina\system\CodeIgniter.php(802): App\Controllers\UserController->__construct()
#1 C:\xampp\htdocs\app_resto_refina\system\CodeIgniter.php(403): CodeIgniter\CodeIgniter->createController()
#2 C:\xampp\htdocs\app_resto_refina\system\CodeIgniter.php(320): CodeIgniter\CodeIgniter->handleRequest(NULL, Object(Config\Cache), false)
#3 C:\xampp\htdocs\app_resto_refina\public\index.php(37): CodeIgniter\CodeIgniter->run()
#4 C:\xampp\htdocs\app_resto_refina\system\Commands\Server\rewrite.php(43): require_once('C:\\xampp\\htdocs...')
#5 {main}
CRITICAL - 2022-01-31 23:05:32 --> Class "App\Controllers\UserModel" not found
#0 C:\xampp\htdocs\app_resto_refina\system\CodeIgniter.php(802): App\Controllers\UserController->__construct()
#1 C:\xampp\htdocs\app_resto_refina\system\CodeIgniter.php(403): CodeIgniter\CodeIgniter->createController()
#2 C:\xampp\htdocs\app_resto_refina\system\CodeIgniter.php(320): CodeIgniter\CodeIgniter->handleRequest(NULL, Object(Config\Cache), false)
#3 C:\xampp\htdocs\app_resto_refina\public\index.php(37): CodeIgniter\CodeIgniter->run()
#4 C:\xampp\htdocs\app_resto_refina\system\Commands\Server\rewrite.php(43): require_once('C:\\xampp\\htdocs...')
#5 {main}
CRITICAL - 2022-01-31 23:06:01 --> Class "App\Controllers\UserModel" not found
#0 C:\xampp\htdocs\app_resto_refina\system\CodeIgniter.php(802): App\Controllers\UserController->__construct()
#1 C:\xampp\htdocs\app_resto_refina\system\CodeIgniter.php(403): CodeIgniter\CodeIgniter->createController()
#2 C:\xampp\htdocs\app_resto_refina\system\CodeIgniter.php(320): CodeIgniter\CodeIgniter->handleRequest(NULL, Object(Config\Cache), false)
#3 C:\xampp\htdocs\app_resto_refina\public\index.php(37): CodeIgniter\CodeIgniter->run()
#4 C:\xampp\htdocs\app_resto_refina\system\Commands\Server\rewrite.php(43): require_once('C:\\xampp\\htdocs...')
#5 {main}
CRITICAL - 2022-01-31 23:09:24 --> Class "App\Controllers\UserModel" not found
#0 C:\xampp\htdocs\app_resto_refina\system\CodeIgniter.php(802): App\Controllers\UserController->__construct()
#1 C:\xampp\htdocs\app_resto_refina\system\CodeIgniter.php(403): CodeIgniter\CodeIgniter->createController()
#2 C:\xampp\htdocs\app_resto_refina\system\CodeIgniter.php(320): CodeIgniter\CodeIgniter->handleRequest(NULL, Object(Config\Cache), false)
#3 C:\xampp\htdocs\app_resto_refina\public\index.php(37): CodeIgniter\CodeIgniter->run()
#4 C:\xampp\htdocs\app_resto_refina\system\Commands\Server\rewrite.php(43): require_once('C:\\xampp\\htdocs...')
#5 {main}
CRITICAL - 2022-01-31 23:09:28 --> Class "App\Controllers\UserModel" not found
#0 C:\xampp\htdocs\app_resto_refina\system\CodeIgniter.php(802): App\Controllers\UserController->__construct()
#1 C:\xampp\htdocs\app_resto_refina\system\CodeIgniter.php(403): CodeIgniter\CodeIgniter->createController()
#2 C:\xampp\htdocs\app_resto_refina\system\CodeIgniter.php(320): CodeIgniter\CodeIgniter->handleRequest(NULL, Object(Config\Cache), false)
#3 C:\xampp\htdocs\app_resto_refina\public\index.php(37): CodeIgniter\CodeIgniter->run()
#4 C:\xampp\htdocs\app_resto_refina\system\Commands\Server\rewrite.php(43): require_once('C:\\xampp\\htdocs...')
#5 {main}
CRITICAL - 2022-01-31 23:09:56 --> Class "App\Controllers\UserModel" not found
#0 C:\xampp\htdocs\app_resto_refina\system\CodeIgniter.php(802): App\Controllers\UserController->__construct()
#1 C:\xampp\htdocs\app_resto_refina\system\CodeIgniter.php(403): CodeIgniter\CodeIgniter->createController()
#2 C:\xampp\htdocs\app_resto_refina\system\CodeIgniter.php(320): CodeIgniter\CodeIgniter->handleRequest(NULL, Object(Config\Cache), false)
#3 C:\xampp\htdocs\app_resto_refina\public\index.php(37): CodeIgniter\CodeIgniter->run()
#4 C:\xampp\htdocs\app_resto_refina\system\Commands\Server\rewrite.php(43): require_once('C:\\xampp\\htdocs...')
#5 {main}
CRITICAL - 2022-01-31 23:16:06 --> Class "App\Controllers\UserModel" not found
#0 C:\xampp\htdocs\app_resto_refina\system\CodeIgniter.php(802): App\Controllers\UserController->__construct()
#1 C:\xampp\htdocs\app_resto_refina\system\CodeIgniter.php(403): CodeIgniter\CodeIgniter->createController()
#2 C:\xampp\htdocs\app_resto_refina\system\CodeIgniter.php(320): CodeIgniter\CodeIgniter->handleRequest(NULL, Object(Config\Cache), false)
#3 C:\xampp\htdocs\app_resto_refina\public\index.php(37): CodeIgniter\CodeIgniter->run()
#4 C:\xampp\htdocs\app_resto_refina\system\Commands\Server\rewrite.php(43): require_once('C:\\xampp\\htdocs...')
#5 {main}
CRITICAL - 2022-01-31 23:16:07 --> Class "App\Controllers\UserModel" not found
#0 C:\xampp\htdocs\app_resto_refina\system\CodeIgniter.php(802): App\Controllers\UserController->__construct()
#1 C:\xampp\htdocs\app_resto_refina\system\CodeIgniter.php(403): CodeIgniter\CodeIgniter->createController()
#2 C:\xampp\htdocs\app_resto_refina\system\CodeIgniter.php(320): CodeIgniter\CodeIgniter->handleRequest(NULL, Object(Config\Cache), false)
#3 C:\xampp\htdocs\app_resto_refina\public\index.php(37): CodeIgniter\CodeIgniter->run()
#4 C:\xampp\htdocs\app_resto_refina\system\Commands\Server\rewrite.php(43): require_once('C:\\xampp\\htdocs...')
#5 {main}
CRITICAL - 2022-01-31 23:16:07 --> Class "App\Controllers\UserModel" not found
#0 C:\xampp\htdocs\app_resto_refina\system\CodeIgniter.php(802): App\Controllers\UserController->__construct()
#1 C:\xampp\htdocs\app_resto_refina\system\CodeIgniter.php(403): CodeIgniter\CodeIgniter->createController()
#2 C:\xampp\htdocs\app_resto_refina\system\CodeIgniter.php(320): CodeIgniter\CodeIgniter->handleRequest(NULL, Object(Config\Cache), false)
#3 C:\xampp\htdocs\app_resto_refina\public\index.php(37): CodeIgniter\CodeIgniter->run()
#4 C:\xampp\htdocs\app_resto_refina\system\Commands\Server\rewrite.php(43): require_once('C:\\xampp\\htdocs...')
#5 {main}
CRITICAL - 2022-01-31 23:16:07 --> Class "App\Controllers\UserModel" not found
#0 C:\xampp\htdocs\app_resto_refina\system\CodeIgniter.php(802): App\Controllers\UserController->__construct()
#1 C:\xampp\htdocs\app_resto_refina\system\CodeIgniter.php(403): CodeIgniter\CodeIgniter->createController()
#2 C:\xampp\htdocs\app_resto_refina\system\CodeIgniter.php(320): CodeIgniter\CodeIgniter->handleRequest(NULL, Object(Config\Cache), false)
#3 C:\xampp\htdocs\app_resto_refina\public\index.php(37): CodeIgniter\CodeIgniter->run()
#4 C:\xampp\htdocs\app_resto_refina\system\Commands\Server\rewrite.php(43): require_once('C:\\xampp\\htdocs...')
#5 {main}
CRITICAL - 2022-01-31 23:16:07 --> Class "App\Controllers\UserModel" not found
#0 C:\xampp\htdocs\app_resto_refina\system\CodeIgniter.php(802): App\Controllers\UserController->__construct()
#1 C:\xampp\htdocs\app_resto_refina\system\CodeIgniter.php(403): CodeIgniter\CodeIgniter->createController()
#2 C:\xampp\htdocs\app_resto_refina\system\CodeIgniter.php(320): CodeIgniter\CodeIgniter->handleRequest(NULL, Object(Config\Cache), false)
#3 C:\xampp\htdocs\app_resto_refina\public\index.php(37): CodeIgniter\CodeIgniter->run()
#4 C:\xampp\htdocs\app_resto_refina\system\Commands\Server\rewrite.php(43): require_once('C:\\xampp\\htdocs...')
#5 {main}
CRITICAL - 2022-01-31 23:16:08 --> Class "App\Controllers\UserModel" not found
#0 C:\xampp\htdocs\app_resto_refina\system\CodeIgniter.php(802): App\Controllers\UserController->__construct()
#1 C:\xampp\htdocs\app_resto_refina\system\CodeIgniter.php(403): CodeIgniter\CodeIgniter->createController()
#2 C:\xampp\htdocs\app_resto_refina\system\CodeIgniter.php(320): CodeIgniter\CodeIgniter->handleRequest(NULL, Object(Config\Cache), false)
#3 C:\xampp\htdocs\app_resto_refina\public\index.php(37): CodeIgniter\CodeIgniter->run()
#4 C:\xampp\htdocs\app_resto_refina\system\Commands\Server\rewrite.php(43): require_once('C:\\xampp\\htdocs...')
#5 {main}
CRITICAL - 2022-01-31 23:16:08 --> Class "App\Controllers\UserModel" not found
#0 C:\xampp\htdocs\app_resto_refina\system\CodeIgniter.php(802): App\Controllers\UserController->__construct()
#1 C:\xampp\htdocs\app_resto_refina\system\CodeIgniter.php(403): CodeIgniter\CodeIgniter->createController()
#2 C:\xampp\htdocs\app_resto_refina\system\CodeIgniter.php(320): CodeIgniter\CodeIgniter->handleRequest(NULL, Object(Config\Cache), false)
#3 C:\xampp\htdocs\app_resto_refina\public\index.php(37): CodeIgniter\CodeIgniter->run()
#4 C:\xampp\htdocs\app_resto_refina\system\Commands\Server\rewrite.php(43): require_once('C:\\xampp\\htdocs...')
#5 {main}
CRITICAL - 2022-01-31 23:16:08 --> Class "App\Controllers\UserModel" not found
#0 C:\xampp\htdocs\app_resto_refina\system\CodeIgniter.php(802): App\Controllers\UserController->__construct()
#1 C:\xampp\htdocs\app_resto_refina\system\CodeIgniter.php(403): CodeIgniter\CodeIgniter->createController()
#2 C:\xampp\htdocs\app_resto_refina\system\CodeIgniter.php(320): CodeIgniter\CodeIgniter->handleRequest(NULL, Object(Config\Cache), false)
#3 C:\xampp\htdocs\app_resto_refina\public\index.php(37): CodeIgniter\CodeIgniter->run()
#4 C:\xampp\htdocs\app_resto_refina\system\Commands\Server\rewrite.php(43): require_once('C:\\xampp\\htdocs...')
#5 {main}
CRITICAL - 2022-01-31 23:16:08 --> Class "App\Controllers\UserModel" not found
#0 C:\xampp\htdocs\app_resto_refina\system\CodeIgniter.php(802): App\Controllers\UserController->__construct()
#1 C:\xampp\htdocs\app_resto_refina\system\CodeIgniter.php(403): CodeIgniter\CodeIgniter->createController()
#2 C:\xampp\htdocs\app_resto_refina\system\CodeIgniter.php(320): CodeIgniter\CodeIgniter->handleRequest(NULL, Object(Config\Cache), false)
#3 C:\xampp\htdocs\app_resto_refina\public\index.php(37): CodeIgniter\CodeIgniter->run()
#4 C:\xampp\htdocs\app_resto_refina\system\Commands\Server\rewrite.php(43): require_once('C:\\xampp\\htdocs...')
#5 {main}
CRITICAL - 2022-01-31 23:16:09 --> Class "App\Controllers\UserModel" not found
#0 C:\xampp\htdocs\app_resto_refina\system\CodeIgniter.php(802): App\Controllers\UserController->__construct()
#1 C:\xampp\htdocs\app_resto_refina\system\CodeIgniter.php(403): CodeIgniter\CodeIgniter->createController()
#2 C:\xampp\htdocs\app_resto_refina\system\CodeIgniter.php(320): CodeIgniter\CodeIgniter->handleRequest(NULL, Object(Config\Cache), false)
#3 C:\xampp\htdocs\app_resto_refina\public\index.php(37): CodeIgniter\CodeIgniter->run()
#4 C:\xampp\htdocs\app_resto_refina\system\Commands\Server\rewrite.php(43): require_once('C:\\xampp\\htdocs...')
#5 {main}
CRITICAL - 2022-01-31 23:16:09 --> Class "App\Controllers\UserModel" not found
#0 C:\xampp\htdocs\app_resto_refina\system\CodeIgniter.php(802): App\Controllers\UserController->__construct()
#1 C:\xampp\htdocs\app_resto_refina\system\CodeIgniter.php(403): CodeIgniter\CodeIgniter->createController()
#2 C:\xampp\htdocs\app_resto_refina\system\CodeIgniter.php(320): CodeIgniter\CodeIgniter->handleRequest(NULL, Object(Config\Cache), false)
#3 C:\xampp\htdocs\app_resto_refina\public\index.php(37): CodeIgniter\CodeIgniter->run()
#4 C:\xampp\htdocs\app_resto_refina\system\Commands\Server\rewrite.php(43): require_once('C:\\xampp\\htdocs...')
#5 {main}
CRITICAL - 2022-01-31 23:16:09 --> Class "App\Controllers\UserModel" not found
#0 C:\xampp\htdocs\app_resto_refina\system\CodeIgniter.php(802): App\Controllers\UserController->__construct()
#1 C:\xampp\htdocs\app_resto_refina\system\CodeIgniter.php(403): CodeIgniter\CodeIgniter->createController()
#2 C:\xampp\htdocs\app_resto_refina\system\CodeIgniter.php(320): CodeIgniter\CodeIgniter->handleRequest(NULL, Object(Config\Cache), false)
#3 C:\xampp\htdocs\app_resto_refina\public\index.php(37): CodeIgniter\CodeIgniter->run()
#4 C:\xampp\htdocs\app_resto_refina\system\Commands\Server\rewrite.php(43): require_once('C:\\xampp\\htdocs...')
#5 {main}
CRITICAL - 2022-01-31 23:16:10 --> Class "App\Controllers\UserModel" not found
#0 C:\xampp\htdocs\app_resto_refina\system\CodeIgniter.php(802): App\Controllers\UserController->__construct()
#1 C:\xampp\htdocs\app_resto_refina\system\CodeIgniter.php(403): CodeIgniter\CodeIgniter->createController()
#2 C:\xampp\htdocs\app_resto_refina\system\CodeIgniter.php(320): CodeIgniter\CodeIgniter->handleRequest(NULL, Object(Config\Cache), false)
#3 C:\xampp\htdocs\app_resto_refina\public\index.php(37): CodeIgniter\CodeIgniter->run()
#4 C:\xampp\htdocs\app_resto_refina\system\Commands\Server\rewrite.php(43): require_once('C:\\xampp\\htdocs...')
#5 {main}
CRITICAL - 2022-01-31 23:16:10 --> Class "App\Controllers\UserModel" not found
#0 C:\xampp\htdocs\app_resto_refina\system\CodeIgniter.php(802): App\Controllers\UserController->__construct()
#1 C:\xampp\htdocs\app_resto_refina\system\CodeIgniter.php(403): CodeIgniter\CodeIgniter->createController()
#2 C:\xampp\htdocs\app_resto_refina\system\CodeIgniter.php(320): CodeIgniter\CodeIgniter->handleRequest(NULL, Object(Config\Cache), false)
#3 C:\xampp\htdocs\app_resto_refina\public\index.php(37): CodeIgniter\CodeIgniter->run()
#4 C:\xampp\htdocs\app_resto_refina\system\Commands\Server\rewrite.php(43): require_once('C:\\xampp\\htdocs...')
#5 {main}
CRITICAL - 2022-01-31 23:16:11 --> Class "App\Controllers\UserModel" not found
#0 C:\xampp\htdocs\app_resto_refina\system\CodeIgniter.php(802): App\Controllers\UserController->__construct()
#1 C:\xampp\htdocs\app_resto_refina\system\CodeIgniter.php(403): CodeIgniter\CodeIgniter->createController()
#2 C:\xampp\htdocs\app_resto_refina\system\CodeIgniter.php(320): CodeIgniter\CodeIgniter->handleRequest(NULL, Object(Config\Cache), false)
#3 C:\xampp\htdocs\app_resto_refina\public\index.php(37): CodeIgniter\CodeIgniter->run()
#4 C:\xampp\htdocs\app_resto_refina\system\Commands\Server\rewrite.php(43): require_once('C:\\xampp\\htdocs...')
#5 {main}
CRITICAL - 2022-01-31 23:16:11 --> Class "App\Controllers\UserModel" not found
#0 C:\xampp\htdocs\app_resto_refina\system\CodeIgniter.php(802): App\Controllers\UserController->__construct()
#1 C:\xampp\htdocs\app_resto_refina\system\CodeIgniter.php(403): CodeIgniter\CodeIgniter->createController()
#2 C:\xampp\htdocs\app_resto_refina\system\CodeIgniter.php(320): CodeIgniter\CodeIgniter->handleRequest(NULL, Object(Config\Cache), false)
#3 C:\xampp\htdocs\app_resto_refina\public\index.php(37): CodeIgniter\CodeIgniter->run()
#4 C:\xampp\htdocs\app_resto_refina\system\Commands\Server\rewrite.php(43): require_once('C:\\xampp\\htdocs...')
#5 {main}
CRITICAL - 2022-01-31 23:16:11 --> Class "App\Controllers\UserModel" not found
#0 C:\xampp\htdocs\app_resto_refina\system\CodeIgniter.php(802): App\Controllers\UserController->__construct()
#1 C:\xampp\htdocs\app_resto_refina\system\CodeIgniter.php(403): CodeIgniter\CodeIgniter->createController()
#2 C:\xampp\htdocs\app_resto_refina\system\CodeIgniter.php(320): CodeIgniter\CodeIgniter->handleRequest(NULL, Object(Config\Cache), false)
#3 C:\xampp\htdocs\app_resto_refina\public\index.php(37): CodeIgniter\CodeIgniter->run()
#4 C:\xampp\htdocs\app_resto_refina\system\Commands\Server\rewrite.php(43): require_once('C:\\xampp\\htdocs...')
#5 {main}
CRITICAL - 2022-01-31 23:16:11 --> Class "App\Controllers\UserModel" not found
#0 C:\xampp\htdocs\app_resto_refina\system\CodeIgniter.php(802): App\Controllers\UserController->__construct()
#1 C:\xampp\htdocs\app_resto_refina\system\CodeIgniter.php(403): CodeIgniter\CodeIgniter->createController()
#2 C:\xampp\htdocs\app_resto_refina\system\CodeIgniter.php(320): CodeIgniter\CodeIgniter->handleRequest(NULL, Object(Config\Cache), false)
#3 C:\xampp\htdocs\app_resto_refina\public\index.php(37): CodeIgniter\CodeIgniter->run()
#4 C:\xampp\htdocs\app_resto_refina\system\Commands\Server\rewrite.php(43): require_once('C:\\xampp\\htdocs...')
#5 {main}
CRITICAL - 2022-01-31 23:16:12 --> Class "App\Controllers\UserModel" not found
#0 C:\xampp\htdocs\app_resto_refina\system\CodeIgniter.php(802): App\Controllers\UserController->__construct()
#1 C:\xampp\htdocs\app_resto_refina\system\CodeIgniter.php(403): CodeIgniter\CodeIgniter->createController()
#2 C:\xampp\htdocs\app_resto_refina\system\CodeIgniter.php(320): CodeIgniter\CodeIgniter->handleRequest(NULL, Object(Config\Cache), false)
#3 C:\xampp\htdocs\app_resto_refina\public\index.php(37): CodeIgniter\CodeIgniter->run()
#4 C:\xampp\htdocs\app_resto_refina\system\Commands\Server\rewrite.php(43): require_once('C:\\xampp\\htdocs...')
#5 {main}
CRITICAL - 2022-01-31 23:16:12 --> Class "App\Controllers\UserModel" not found
#0 C:\xampp\htdocs\app_resto_refina\system\CodeIgniter.php(802): App\Controllers\UserController->__construct()
#1 C:\xampp\htdocs\app_resto_refina\system\CodeIgniter.php(403): CodeIgniter\CodeIgniter->createController()
#2 C:\xampp\htdocs\app_resto_refina\system\CodeIgniter.php(320): CodeIgniter\CodeIgniter->handleRequest(NULL, Object(Config\Cache), false)
#3 C:\xampp\htdocs\app_resto_refina\public\index.php(37): CodeIgniter\CodeIgniter->run()
#4 C:\xampp\htdocs\app_resto_refina\system\Commands\Server\rewrite.php(43): require_once('C:\\xampp\\htdocs...')
#5 {main}
CRITICAL - 2022-01-31 23:16:13 --> Class "App\Controllers\UserModel" not found
#0 C:\xampp\htdocs\app_resto_refina\system\CodeIgniter.php(802): App\Controllers\UserController->__construct()
#1 C:\xampp\htdocs\app_resto_refina\system\CodeIgniter.php(403): CodeIgniter\CodeIgniter->createController()
#2 C:\xampp\htdocs\app_resto_refina\system\CodeIgniter.php(320): CodeIgniter\CodeIgniter->handleRequest(NULL, Object(Config\Cache), false)
#3 C:\xampp\htdocs\app_resto_refina\public\index.php(37): CodeIgniter\CodeIgniter->run()
#4 C:\xampp\htdocs\app_resto_refina\system\Commands\Server\rewrite.php(43): require_once('C:\\xampp\\htdocs...')
#5 {main}
CRITICAL - 2022-01-31 23:16:13 --> Class "App\Controllers\UserModel" not found
#0 C:\xampp\htdocs\app_resto_refina\system\CodeIgniter.php(802): App\Controllers\UserController->__construct()
#1 C:\xampp\htdocs\app_resto_refina\system\CodeIgniter.php(403): CodeIgniter\CodeIgniter->createController()
#2 C:\xampp\htdocs\app_resto_refina\system\CodeIgniter.php(320): CodeIgniter\CodeIgniter->handleRequest(NULL, Object(Config\Cache), false)
#3 C:\xampp\htdocs\app_resto_refina\public\index.php(37): CodeIgniter\CodeIgniter->run()
#4 C:\xampp\htdocs\app_resto_refina\system\Commands\Server\rewrite.php(43): require_once('C:\\xampp\\htdocs...')
#5 {main}
CRITICAL - 2022-01-31 23:16:13 --> Class "App\Controllers\UserModel" not found
#0 C:\xampp\htdocs\app_resto_refina\system\CodeIgniter.php(802): App\Controllers\UserController->__construct()
#1 C:\xampp\htdocs\app_resto_refina\system\CodeIgniter.php(403): CodeIgniter\CodeIgniter->createController()
#2 C:\xampp\htdocs\app_resto_refina\system\CodeIgniter.php(320): CodeIgniter\CodeIgniter->handleRequest(NULL, Object(Config\Cache), false)
#3 C:\xampp\htdocs\app_resto_refina\public\index.php(37): CodeIgniter\CodeIgniter->run()
#4 C:\xampp\htdocs\app_resto_refina\system\Commands\Server\rewrite.php(43): require_once('C:\\xampp\\htdocs...')
#5 {main}
CRITICAL - 2022-01-31 23:16:14 --> Class "App\Controllers\UserModel" not found
#0 C:\xampp\htdocs\app_resto_refina\system\CodeIgniter.php(802): App\Controllers\UserController->__construct()
#1 C:\xampp\htdocs\app_resto_refina\system\CodeIgniter.php(403): CodeIgniter\CodeIgniter->createController()
#2 C:\xampp\htdocs\app_resto_refina\system\CodeIgniter.php(320): CodeIgniter\CodeIgniter->handleRequest(NULL, Object(Config\Cache), false)
#3 C:\xampp\htdocs\app_resto_refina\public\index.php(37): CodeIgniter\CodeIgniter->run()
#4 C:\xampp\htdocs\app_resto_refina\system\Commands\Server\rewrite.php(43): require_once('C:\\xampp\\htdocs...')
#5 {main}
CRITICAL - 2022-01-31 23:16:14 --> Class "App\Controllers\UserModel" not found
#0 C:\xampp\htdocs\app_resto_refina\system\CodeIgniter.php(802): App\Controllers\UserController->__construct()
#1 C:\xampp\htdocs\app_resto_refina\system\CodeIgniter.php(403): CodeIgniter\CodeIgniter->createController()
#2 C:\xampp\htdocs\app_resto_refina\system\CodeIgniter.php(320): CodeIgniter\CodeIgniter->handleRequest(NULL, Object(Config\Cache), false)
#3 C:\xampp\htdocs\app_resto_refina\public\index.php(37): CodeIgniter\CodeIgniter->run()
#4 C:\xampp\htdocs\app_resto_refina\system\Commands\Server\rewrite.php(43): require_once('C:\\xampp\\htdocs...')
#5 {main}
CRITICAL - 2022-01-31 23:24:04 --> Class "App\Controllers\UserModel" not found
#0 C:\xampp\htdocs\app_resto_refina\system\CodeIgniter.php(802): App\Controllers\UserController->__construct()
#1 C:\xampp\htdocs\app_resto_refina\system\CodeIgniter.php(403): CodeIgniter\CodeIgniter->createController()
#2 C:\xampp\htdocs\app_resto_refina\system\CodeIgniter.php(320): CodeIgniter\CodeIgniter->handleRequest(NULL, Object(Config\Cache), false)
#3 C:\xampp\htdocs\app_resto_refina\public\index.php(37): CodeIgniter\CodeIgniter->run()
#4 C:\xampp\htdocs\app_resto_refina\system\Commands\Server\rewrite.php(43): require_once('C:\\xampp\\htdocs...')
#5 {main}
CRITICAL - 2022-01-31 23:24:27 --> Class "App\Controllers\UserModel" not found
#0 C:\xampp\htdocs\app_resto_refina\system\CodeIgniter.php(802): App\Controllers\UserController->__construct()
#1 C:\xampp\htdocs\app_resto_refina\system\CodeIgniter.php(403): CodeIgniter\CodeIgniter->createController()
#2 C:\xampp\htdocs\app_resto_refina\system\CodeIgniter.php(320): CodeIgniter\CodeIgniter->handleRequest(NULL, Object(Config\Cache), false)
#3 C:\xampp\htdocs\app_resto_refina\public\index.php(37): CodeIgniter\CodeIgniter->run()
#4 C:\xampp\htdocs\app_resto_refina\system\Commands\Server\rewrite.php(43): require_once('C:\\xampp\\htdocs...')
#5 {main}
CRITICAL - 2022-01-31 23:24:36 --> Class "App\Controllers\UserModel" not found
#0 C:\xampp\htdocs\app_resto_refina\system\CodeIgniter.php(802): App\Controllers\UserController->__construct()
#1 C:\xampp\htdocs\app_resto_refina\system\CodeIgniter.php(403): CodeIgniter\CodeIgniter->createController()
#2 C:\xampp\htdocs\app_resto_refina\system\CodeIgniter.php(320): CodeIgniter\CodeIgniter->handleRequest(NULL, Object(Config\Cache), false)
#3 C:\xampp\htdocs\app_resto_refina\public\index.php(37): CodeIgniter\CodeIgniter->run()
#4 C:\xampp\htdocs\app_resto_refina\system\Commands\Server\rewrite.php(43): require_once('C:\\xampp\\htdocs...')
#5 {main}
CRITICAL - 2022-01-31 23:24:39 --> Class "App\Controllers\UserModel" not found
#0 C:\xampp\htdocs\app_resto_refina\system\CodeIgniter.php(802): App\Controllers\UserController->__construct()
#1 C:\xampp\htdocs\app_resto_refina\system\CodeIgniter.php(403): CodeIgniter\CodeIgniter->createController()
#2 C:\xampp\htdocs\app_resto_refina\system\CodeIgniter.php(320): CodeIgniter\CodeIgniter->handleRequest(NULL, Object(Config\Cache), false)
#3 C:\xampp\htdocs\app_resto_refina\public\index.php(37): CodeIgniter\CodeIgniter->run()
#4 C:\xampp\htdocs\app_resto_refina\system\Commands\Server\rewrite.php(43): require_once('C:\\xampp\\htdocs...')
#5 {main}
CRITICAL - 2022-01-31 23:51:24 --> You must set the database table to be used with your query.
#0 C:\xampp\htdocs\app_resto_refina\system\Model.php(545): CodeIgniter\Database\BaseConnection->table(NULL)
#1 C:\xampp\htdocs\app_resto_refina\system\Model.php(176): CodeIgniter\Model->builder()
#2 C:\xampp\htdocs\app_resto_refina\system\BaseModel.php(584): CodeIgniter\Model->doFindAll(0, 0)
#3 C:\xampp\htdocs\app_resto_refina\app\Controllers\UserController.php(25): CodeIgniter\BaseModel->findAll()
#4 C:\xampp\htdocs\app_resto_refina\system\CodeIgniter.php(825): App\Controllers\UserController->tampil()
#5 C:\xampp\htdocs\app_resto_refina\system\CodeIgniter.php(412): CodeIgniter\CodeIgniter->runController(Object(App\Controllers\UserController))
#6 C:\xampp\htdocs\app_resto_refina\system\CodeIgniter.php(320): CodeIgniter\CodeIgniter->handleRequest(NULL, Object(Config\Cache), false)
#7 C:\xampp\htdocs\app_resto_refina\public\index.php(37): CodeIgniter\CodeIgniter->run()
#8 C:\xampp\htdocs\app_resto_refina\system\Commands\Server\rewrite.php(43): require_once('C:\\xampp\\htdocs...')
#9 {main}
CRITICAL - 2022-01-31 23:51:32 --> You must set the database table to be used with your query.
#0 C:\xampp\htdocs\app_resto_refina\system\Model.php(545): CodeIgniter\Database\BaseConnection->table(NULL)
#1 C:\xampp\htdocs\app_resto_refina\system\Model.php(176): CodeIgniter\Model->builder()
#2 C:\xampp\htdocs\app_resto_refina\system\BaseModel.php(584): CodeIgniter\Model->doFindAll(0, 0)
#3 C:\xampp\htdocs\app_resto_refina\app\Controllers\UserController.php(25): CodeIgniter\BaseModel->findAll()
#4 C:\xampp\htdocs\app_resto_refina\system\CodeIgniter.php(825): App\Controllers\UserController->tampil()
#5 C:\xampp\htdocs\app_resto_refina\system\CodeIgniter.php(412): CodeIgniter\CodeIgniter->runController(Object(App\Controllers\UserController))
#6 C:\xampp\htdocs\app_resto_refina\system\CodeIgniter.php(320): CodeIgniter\CodeIgniter->handleRequest(NULL, Object(Config\Cache), false)
#7 C:\xampp\htdocs\app_resto_refina\public\index.php(37): CodeIgniter\CodeIgniter->run()
#8 C:\xampp\htdocs\app_resto_refina\system\Commands\Server\rewrite.php(43): require_once('C:\\xampp\\htdocs...')
#9 {main}
CRITICAL - 2022-01-31 23:52:10 --> You must set the database table to be used with your query.
#0 C:\xampp\htdocs\app_resto_refina\system\Model.php(545): CodeIgniter\Database\BaseConnection->table(NULL)
#1 C:\xampp\htdocs\app_resto_refina\system\Model.php(176): CodeIgniter\Model->builder()
#2 C:\xampp\htdocs\app_resto_refina\system\BaseModel.php(584): CodeIgniter\Model->doFindAll(0, 0)
#3 C:\xampp\htdocs\app_resto_refina\app\Controllers\UserController.php(25): CodeIgniter\BaseModel->findAll()
#4 C:\xampp\htdocs\app_resto_refina\system\CodeIgniter.php(825): App\Controllers\UserController->tampil()
#5 C:\xampp\htdocs\app_resto_refina\system\CodeIgniter.php(412): CodeIgniter\CodeIgniter->runController(Object(App\Controllers\UserController))
#6 C:\xampp\htdocs\app_resto_refina\system\CodeIgniter.php(320): CodeIgniter\CodeIgniter->handleRequest(NULL, Object(Config\Cache), false)
#7 C:\xampp\htdocs\app_resto_refina\public\index.php(37): CodeIgniter\CodeIgniter->run()
#8 C:\xampp\htdocs\app_resto_refina\system\Commands\Server\rewrite.php(43): require_once('C:\\xampp\\htdocs...')
#9 {main}
CRITICAL - 2022-01-31 23:52:50 --> You must set the database table to be used with your query.
#0 C:\xampp\htdocs\app_resto_refina\system\Model.php(545): CodeIgniter\Database\BaseConnection->table(NULL)
#1 C:\xampp\htdocs\app_resto_refina\system\Model.php(176): CodeIgniter\Model->builder()
#2 C:\xampp\htdocs\app_resto_refina\system\BaseModel.php(584): CodeIgniter\Model->doFindAll(0, 0)
#3 C:\xampp\htdocs\app_resto_refina\app\Controllers\UserController.php(25): CodeIgniter\BaseModel->findAll()
#4 C:\xampp\htdocs\app_resto_refina\system\CodeIgniter.php(825): App\Controllers\UserController->tampil()
#5 C:\xampp\htdocs\app_resto_refina\system\CodeIgniter.php(412): CodeIgniter\CodeIgniter->runController(Object(App\Controllers\UserController))
#6 C:\xampp\htdocs\app_resto_refina\system\CodeIgniter.php(320): CodeIgniter\CodeIgniter->handleRequest(NULL, Object(Config\Cache), false)
#7 C:\xampp\htdocs\app_resto_refina\public\index.php(37): CodeIgniter\CodeIgniter->run()
#8 C:\xampp\htdocs\app_resto_refina\system\Commands\Server\rewrite.php(43): require_once('C:\\xampp\\htdocs...')
#9 {main}
CRITICAL - 2022-01-31 23:53:42 --> You must set the database table to be used with your query.
#0 C:\xampp\htdocs\app_resto_refina\system\Model.php(545): CodeIgniter\Database\BaseConnection->table(NULL)
#1 C:\xampp\htdocs\app_resto_refina\system\Model.php(176): CodeIgniter\Model->builder()
#2 C:\xampp\htdocs\app_resto_refina\system\BaseModel.php(584): CodeIgniter\Model->doFindAll(0, 0)
#3 C:\xampp\htdocs\app_resto_refina\app\Controllers\UserController.php(25): CodeIgniter\BaseModel->findAll()
#4 C:\xampp\htdocs\app_resto_refina\system\CodeIgniter.php(825): App\Controllers\UserController->tampil()
#5 C:\xampp\htdocs\app_resto_refina\system\CodeIgniter.php(412): CodeIgniter\CodeIgniter->runController(Object(App\Controllers\UserController))
#6 C:\xampp\htdocs\app_resto_refina\system\CodeIgniter.php(320): CodeIgniter\CodeIgniter->handleRequest(NULL, Object(Config\Cache), false)
#7 C:\xampp\htdocs\app_resto_refina\public\index.php(37): CodeIgniter\CodeIgniter->run()
#8 C:\xampp\htdocs\app_resto_refina\system\Commands\Server\rewrite.php(43): require_once('C:\\xampp\\htdocs...')
#9 {main}
CRITICAL - 2022-01-31 23:55:26 --> You must set the database table to be used with your query.
#0 C:\xampp\htdocs\app_resto_refina\system\Model.php(545): CodeIgniter\Database\BaseConnection->table(NULL)
#1 C:\xampp\htdocs\app_resto_refina\system\Model.php(176): CodeIgniter\Model->builder()
#2 C:\xampp\htdocs\app_resto_refina\system\BaseModel.php(584): CodeIgniter\Model->doFindAll(0, 0)
#3 C:\xampp\htdocs\app_resto_refina\app\Controllers\UserController.php(25): CodeIgniter\BaseModel->findAll()
#4 C:\xampp\htdocs\app_resto_refina\system\CodeIgniter.php(825): App\Controllers\UserController->tampil()
#5 C:\xampp\htdocs\app_resto_refina\system\CodeIgniter.php(412): CodeIgniter\CodeIgniter->runController(Object(App\Controllers\UserController))
#6 C:\xampp\htdocs\app_resto_refina\system\CodeIgniter.php(320): CodeIgniter\CodeIgniter->handleRequest(NULL, Object(Config\Cache), false)
#7 C:\xampp\htdocs\app_resto_refina\public\index.php(37): CodeIgniter\CodeIgniter->run()
#8 C:\xampp\htdocs\app_resto_refina\system\Commands\Server\rewrite.php(43): require_once('C:\\xampp\\htdocs...')
#9 {main}
CRITICAL - 2022-01-31 23:55:36 --> You must set the database table to be used with your query.
#0 C:\xampp\htdocs\app_resto_refina\system\Model.php(545): CodeIgniter\Database\BaseConnection->table(NULL)
#1 C:\xampp\htdocs\app_resto_refina\system\Model.php(176): CodeIgniter\Model->builder()
#2 C:\xampp\htdocs\app_resto_refina\system\BaseModel.php(584): CodeIgniter\Model->doFindAll(0, 0)
#3 C:\xampp\htdocs\app_resto_refina\app\Controllers\UserController.php(25): CodeIgniter\BaseModel->findAll()
#4 C:\xampp\htdocs\app_resto_refina\system\CodeIgniter.php(825): App\Controllers\UserController->tampil()
#5 C:\xampp\htdocs\app_resto_refina\system\CodeIgniter.php(412): CodeIgniter\CodeIgniter->runController(Object(App\Controllers\UserController))
#6 C:\xampp\htdocs\app_resto_refina\system\CodeIgniter.php(320): CodeIgniter\CodeIgniter->handleRequest(NULL, Object(Config\Cache), false)
#7 C:\xampp\htdocs\app_resto_refina\public\index.php(37): CodeIgniter\CodeIgniter->run()
#8 C:\xampp\htdocs\app_resto_refina\system\Commands\Server\rewrite.php(43): require_once('C:\\xampp\\htdocs...')
#9 {main}
CRITICAL - 2022-01-31 23:55:40 --> You must set the database table to be used with your query.
#0 C:\xampp\htdocs\app_resto_refina\system\Model.php(545): CodeIgniter\Database\BaseConnection->table(NULL)
#1 C:\xampp\htdocs\app_resto_refina\system\Model.php(176): CodeIgniter\Model->builder()
#2 C:\xampp\htdocs\app_resto_refina\system\BaseModel.php(584): CodeIgniter\Model->doFindAll(0, 0)
#3 C:\xampp\htdocs\app_resto_refina\app\Controllers\UserController.php(25): CodeIgniter\BaseModel->findAll()
#4 C:\xampp\htdocs\app_resto_refina\system\CodeIgniter.php(825): App\Controllers\UserController->tampil()
#5 C:\xampp\htdocs\app_resto_refina\system\CodeIgniter.php(412): CodeIgniter\CodeIgniter->runController(Object(App\Controllers\UserController))
#6 C:\xampp\htdocs\app_resto_refina\system\CodeIgniter.php(320): CodeIgniter\CodeIgniter->handleRequest(NULL, Object(Config\Cache), false)
#7 C:\xampp\htdocs\app_resto_refina\public\index.php(37): CodeIgniter\CodeIgniter->run()
#8 C:\xampp\htdocs\app_resto_refina\system\Commands\Server\rewrite.php(43): require_once('C:\\xampp\\htdocs...')
#9 {main}
CRITICAL - 2022-01-31 23:58:00 --> You must set the database table to be used with your query.
#0 C:\xampp\htdocs\app_resto_refina\system\Model.php(545): CodeIgniter\Database\BaseConnection->table(NULL)
#1 C:\xampp\htdocs\app_resto_refina\system\Model.php(176): CodeIgniter\Model->builder()
#2 C:\xampp\htdocs\app_resto_refina\system\BaseModel.php(584): CodeIgniter\Model->doFindAll(0, 0)
#3 C:\xampp\htdocs\app_resto_refina\app\Controllers\UserController.php(25): CodeIgniter\BaseModel->findAll()
#4 C:\xampp\htdocs\app_resto_refina\system\CodeIgniter.php(825): App\Controllers\UserController->tampil()
#5 C:\xampp\htdocs\app_resto_refina\system\CodeIgniter.php(412): CodeIgniter\CodeIgniter->runController(Object(App\Controllers\UserController))
#6 C:\xampp\htdocs\app_resto_refina\system\CodeIgniter.php(320): CodeIgniter\CodeIgniter->handleRequest(NULL, Object(Config\Cache), false)
#7 C:\xampp\htdocs\app_resto_refina\public\index.php(37): CodeIgniter\CodeIgniter->run()
#8 C:\xampp\htdocs\app_resto_refina\system\Commands\Server\rewrite.php(43): require_once('C:\\xampp\\htdocs...')
#9 {main}
CRITICAL - 2022-01-31 23:58:01 --> You must set the database table to be used with your query.
#0 C:\xampp\htdocs\app_resto_refina\system\Model.php(545): CodeIgniter\Database\BaseConnection->table(NULL)
#1 C:\xampp\htdocs\app_resto_refina\system\Model.php(176): CodeIgniter\Model->builder()
#2 C:\xampp\htdocs\app_resto_refina\system\BaseModel.php(584): CodeIgniter\Model->doFindAll(0, 0)
#3 C:\xampp\htdocs\app_resto_refina\app\Controllers\UserController.php(25): CodeIgniter\BaseModel->findAll()
#4 C:\xampp\htdocs\app_resto_refina\system\CodeIgniter.php(825): App\Controllers\UserController->tampil()
#5 C:\xampp\htdocs\app_resto_refina\system\CodeIgniter.php(412): CodeIgniter\CodeIgniter->runController(Object(App\Controllers\UserController))
#6 C:\xampp\htdocs\app_resto_refina\system\CodeIgniter.php(320): CodeIgniter\CodeIgniter->handleRequest(NULL, Object(Config\Cache), false)
#7 C:\xampp\htdocs\app_resto_refina\public\index.php(37): CodeIgniter\CodeIgniter->run()
#8 C:\xampp\htdocs\app_resto_refina\system\Commands\Server\rewrite.php(43): require_once('C:\\xampp\\htdocs...')
#9 {main}
CRITICAL - 2022-01-31 23:58:02 --> You must set the database table to be used with your query.
#0 C:\xampp\htdocs\app_resto_refina\system\Model.php(545): CodeIgniter\Database\BaseConnection->table(NULL)
#1 C:\xampp\htdocs\app_resto_refina\system\Model.php(176): CodeIgniter\Model->builder()
#2 C:\xampp\htdocs\app_resto_refina\system\BaseModel.php(584): CodeIgniter\Model->doFindAll(0, 0)
#3 C:\xampp\htdocs\app_resto_refina\app\Controllers\UserController.php(25): CodeIgniter\BaseModel->findAll()
#4 C:\xampp\htdocs\app_resto_refina\system\CodeIgniter.php(825): App\Controllers\UserController->tampil()
#5 C:\xampp\htdocs\app_resto_refina\system\CodeIgniter.php(412): CodeIgniter\CodeIgniter->runController(Object(App\Controllers\UserController))
#6 C:\xampp\htdocs\app_resto_refina\system\CodeIgniter.php(320): CodeIgniter\CodeIgniter->handleRequest(NULL, Object(Config\Cache), false)
#7 C:\xampp\htdocs\app_resto_refina\public\index.php(37): CodeIgniter\CodeIgniter->run()
#8 C:\xampp\htdocs\app_resto_refina\system\Commands\Server\rewrite.php(43): require_once('C:\\xampp\\htdocs...')
#9 {main}
CRITICAL - 2022-01-31 23:58:02 --> You must set the database table to be used with your query.
#0 C:\xampp\htdocs\app_resto_refina\system\Model.php(545): CodeIgniter\Database\BaseConnection->table(NULL)
#1 C:\xampp\htdocs\app_resto_refina\system\Model.php(176): CodeIgniter\Model->builder()
#2 C:\xampp\htdocs\app_resto_refina\system\BaseModel.php(584): CodeIgniter\Model->doFindAll(0, 0)
#3 C:\xampp\htdocs\app_resto_refina\app\Controllers\UserController.php(25): CodeIgniter\BaseModel->findAll()
#4 C:\xampp\htdocs\app_resto_refina\system\CodeIgniter.php(825): App\Controllers\UserController->tampil()
#5 C:\xampp\htdocs\app_resto_refina\system\CodeIgniter.php(412): CodeIgniter\CodeIgniter->runController(Object(App\Controllers\UserController))
#6 C:\xampp\htdocs\app_resto_refina\system\CodeIgniter.php(320): CodeIgniter\CodeIgniter->handleRequest(NULL, Object(Config\Cache), false)
#7 C:\xampp\htdocs\app_resto_refina\public\index.php(37): CodeIgniter\CodeIgniter->run()
#8 C:\xampp\htdocs\app_resto_refina\system\Commands\Server\rewrite.php(43): require_once('C:\\xampp\\htdocs...')
#9 {main}
CRITICAL - 2022-01-31 23:58:02 --> You must set the database table to be used with your query.
#0 C:\xampp\htdocs\app_resto_refina\system\Model.php(545): CodeIgniter\Database\BaseConnection->table(NULL)
#1 C:\xampp\htdocs\app_resto_refina\system\Model.php(176): CodeIgniter\Model->builder()
#2 C:\xampp\htdocs\app_resto_refina\system\BaseModel.php(584): CodeIgniter\Model->doFindAll(0, 0)
#3 C:\xampp\htdocs\app_resto_refina\app\Controllers\UserController.php(25): CodeIgniter\BaseModel->findAll()
#4 C:\xampp\htdocs\app_resto_refina\system\CodeIgniter.php(825): App\Controllers\UserController->tampil()
#5 C:\xampp\htdocs\app_resto_refina\system\CodeIgniter.php(412): CodeIgniter\CodeIgniter->runController(Object(App\Controllers\UserController))
#6 C:\xampp\htdocs\app_resto_refina\system\CodeIgniter.php(320): CodeIgniter\CodeIgniter->handleRequest(NULL, Object(Config\Cache), false)
#7 C:\xampp\htdocs\app_resto_refina\public\index.php(37): CodeIgniter\CodeIgniter->run()
#8 C:\xampp\htdocs\app_resto_refina\system\Commands\Server\rewrite.php(43): require_once('C:\\xampp\\htdocs...')
#9 {main}
CRITICAL - 2022-01-31 23:58:02 --> You must set the database table to be used with your query.
#0 C:\xampp\htdocs\app_resto_refina\system\Model.php(545): CodeIgniter\Database\BaseConnection->table(NULL)
#1 C:\xampp\htdocs\app_resto_refina\system\Model.php(176): CodeIgniter\Model->builder()
#2 C:\xampp\htdocs\app_resto_refina\system\BaseModel.php(584): CodeIgniter\Model->doFindAll(0, 0)
#3 C:\xampp\htdocs\app_resto_refina\app\Controllers\UserController.php(25): CodeIgniter\BaseModel->findAll()
#4 C:\xampp\htdocs\app_resto_refina\system\CodeIgniter.php(825): App\Controllers\UserController->tampil()
#5 C:\xampp\htdocs\app_resto_refina\system\CodeIgniter.php(412): CodeIgniter\CodeIgniter->runController(Object(App\Controllers\UserController))
#6 C:\xampp\htdocs\app_resto_refina\system\CodeIgniter.php(320): CodeIgniter\CodeIgniter->handleRequest(NULL, Object(Config\Cache), false)
#7 C:\xampp\htdocs\app_resto_refina\public\index.php(37): CodeIgniter\CodeIgniter->run()
#8 C:\xampp\htdocs\app_resto_refina\system\Commands\Server\rewrite.php(43): require_once('C:\\xampp\\htdocs...')
#9 {main}
CRITICAL - 2022-01-31 23:58:02 --> You must set the database table to be used with your query.
#0 C:\xampp\htdocs\app_resto_refina\system\Model.php(545): CodeIgniter\Database\BaseConnection->table(NULL)
#1 C:\xampp\htdocs\app_resto_refina\system\Model.php(176): CodeIgniter\Model->builder()
#2 C:\xampp\htdocs\app_resto_refina\system\BaseModel.php(584): CodeIgniter\Model->doFindAll(0, 0)
#3 C:\xampp\htdocs\app_resto_refina\app\Controllers\UserController.php(25): CodeIgniter\BaseModel->findAll()
#4 C:\xampp\htdocs\app_resto_refina\system\CodeIgniter.php(825): App\Controllers\UserController->tampil()
#5 C:\xampp\htdocs\app_resto_refina\system\CodeIgniter.php(412): CodeIgniter\CodeIgniter->runController(Object(App\Controllers\UserController))
#6 C:\xampp\htdocs\app_resto_refina\system\CodeIgniter.php(320): CodeIgniter\CodeIgniter->handleRequest(NULL, Object(Config\Cache), false)
#7 C:\xampp\htdocs\app_resto_refina\public\index.php(37): CodeIgniter\CodeIgniter->run()
#8 C:\xampp\htdocs\app_resto_refina\system\Commands\Server\rewrite.php(43): require_once('C:\\xampp\\htdocs...')
#9 {main}
CRITICAL - 2022-01-31 23:58:03 --> You must set the database table to be used with your query.
#0 C:\xampp\htdocs\app_resto_refina\system\Model.php(545): CodeIgniter\Database\BaseConnection->table(NULL)
#1 C:\xampp\htdocs\app_resto_refina\system\Model.php(176): CodeIgniter\Model->builder()
#2 C:\xampp\htdocs\app_resto_refina\system\BaseModel.php(584): CodeIgniter\Model->doFindAll(0, 0)
#3 C:\xampp\htdocs\app_resto_refina\app\Controllers\UserController.php(25): CodeIgniter\BaseModel->findAll()
#4 C:\xampp\htdocs\app_resto_refina\system\CodeIgniter.php(825): App\Controllers\UserController->tampil()
#5 C:\xampp\htdocs\app_resto_refina\system\CodeIgniter.php(412): CodeIgniter\CodeIgniter->runController(Object(App\Controllers\UserController))
#6 C:\xampp\htdocs\app_resto_refina\system\CodeIgniter.php(320): CodeIgniter\CodeIgniter->handleRequest(NULL, Object(Config\Cache), false)
#7 C:\xampp\htdocs\app_resto_refina\public\index.php(37): CodeIgniter\CodeIgniter->run()
#8 C:\xampp\htdocs\app_resto_refina\system\Commands\Server\rewrite.php(43): require_once('C:\\xampp\\htdocs...')
#9 {main}
CRITICAL - 2022-01-31 23:58:03 --> You must set the database table to be used with your query.
#0 C:\xampp\htdocs\app_resto_refina\system\Model.php(545): CodeIgniter\Database\BaseConnection->table(NULL)
#1 C:\xampp\htdocs\app_resto_refina\system\Model.php(176): CodeIgniter\Model->builder()
#2 C:\xampp\htdocs\app_resto_refina\system\BaseModel.php(584): CodeIgniter\Model->doFindAll(0, 0)
#3 C:\xampp\htdocs\app_resto_refina\app\Controllers\UserController.php(25): CodeIgniter\BaseModel->findAll()
#4 C:\xampp\htdocs\app_resto_refina\system\CodeIgniter.php(825): App\Controllers\UserController->tampil()
#5 C:\xampp\htdocs\app_resto_refina\system\CodeIgniter.php(412): CodeIgniter\CodeIgniter->runController(Object(App\Controllers\UserController))
#6 C:\xampp\htdocs\app_resto_refina\system\CodeIgniter.php(320): CodeIgniter\CodeIgniter->handleRequest(NULL, Object(Config\Cache), false)
#7 C:\xampp\htdocs\app_resto_refina\public\index.php(37): CodeIgniter\CodeIgniter->run()
#8 C:\xampp\htdocs\app_resto_refina\system\Commands\Server\rewrite.php(43): require_once('C:\\xampp\\htdocs...')
#9 {main}
CRITICAL - 2022-01-31 23:58:03 --> You must set the database table to be used with your query.
#0 C:\xampp\htdocs\app_resto_refina\system\Model.php(545): CodeIgniter\Database\BaseConnection->table(NULL)
#1 C:\xampp\htdocs\app_resto_refina\system\Model.php(176): CodeIgniter\Model->builder()
#2 C:\xampp\htdocs\app_resto_refina\system\BaseModel.php(584): CodeIgniter\Model->doFindAll(0, 0)
#3 C:\xampp\htdocs\app_resto_refina\app\Controllers\UserController.php(25): CodeIgniter\BaseModel->findAll()
#4 C:\xampp\htdocs\app_resto_refina\system\CodeIgniter.php(825): App\Controllers\UserController->tampil()
#5 C:\xampp\htdocs\app_resto_refina\system\CodeIgniter.php(412): CodeIgniter\CodeIgniter->runController(Object(App\Controllers\UserController))
#6 C:\xampp\htdocs\app_resto_refina\system\CodeIgniter.php(320): CodeIgniter\CodeIgniter->handleRequest(NULL, Object(Config\Cache), false)
#7 C:\xampp\htdocs\app_resto_refina\public\index.php(37): CodeIgniter\CodeIgniter->run()
#8 C:\xampp\htdocs\app_resto_refina\system\Commands\Server\rewrite.php(43): require_once('C:\\xampp\\htdocs...')
#9 {main}
CRITICAL - 2022-01-31 23:58:03 --> You must set the database table to be used with your query.
#0 C:\xampp\htdocs\app_resto_refina\system\Model.php(545): CodeIgniter\Database\BaseConnection->table(NULL)
#1 C:\xampp\htdocs\app_resto_refina\system\Model.php(176): CodeIgniter\Model->builder()
#2 C:\xampp\htdocs\app_resto_refina\system\BaseModel.php(584): CodeIgniter\Model->doFindAll(0, 0)
#3 C:\xampp\htdocs\app_resto_refina\app\Controllers\UserController.php(25): CodeIgniter\BaseModel->findAll()
#4 C:\xampp\htdocs\app_resto_refina\system\CodeIgniter.php(825): App\Controllers\UserController->tampil()
#5 C:\xampp\htdocs\app_resto_refina\system\CodeIgniter.php(412): CodeIgniter\CodeIgniter->runController(Object(App\Controllers\UserController))
#6 C:\xampp\htdocs\app_resto_refina\system\CodeIgniter.php(320): CodeIgniter\CodeIgniter->handleRequest(NULL, Object(Config\Cache), false)
#7 C:\xampp\htdocs\app_resto_refina\public\index.php(37): CodeIgniter\CodeIgniter->run()
#8 C:\xampp\htdocs\app_resto_refina\system\Commands\Server\rewrite.php(43): require_once('C:\\xampp\\htdocs...')
#9 {main}
CRITICAL - 2022-01-31 23:58:04 --> You must set the database table to be used with your query.
#0 C:\xampp\htdocs\app_resto_refina\system\Model.php(545): CodeIgniter\Database\BaseConnection->table(NULL)
#1 C:\xampp\htdocs\app_resto_refina\system\Model.php(176): CodeIgniter\Model->builder()
#2 C:\xampp\htdocs\app_resto_refina\system\BaseModel.php(584): CodeIgniter\Model->doFindAll(0, 0)
#3 C:\xampp\htdocs\app_resto_refina\app\Controllers\UserController.php(25): CodeIgniter\BaseModel->findAll()
#4 C:\xampp\htdocs\app_resto_refina\system\CodeIgniter.php(825): App\Controllers\UserController->tampil()
#5 C:\xampp\htdocs\app_resto_refina\system\CodeIgniter.php(412): CodeIgniter\CodeIgniter->runController(Object(App\Controllers\UserController))
#6 C:\xampp\htdocs\app_resto_refina\system\CodeIgniter.php(320): CodeIgniter\CodeIgniter->handleRequest(NULL, Object(Config\Cache), false)
#7 C:\xampp\htdocs\app_resto_refina\public\index.php(37): CodeIgniter\CodeIgniter->run()
#8 C:\xampp\htdocs\app_resto_refina\system\Commands\Server\rewrite.php(43): require_once('C:\\xampp\\htdocs...')
#9 {main}
CRITICAL - 2022-01-31 23:58:04 --> You must set the database table to be used with your query.
#0 C:\xampp\htdocs\app_resto_refina\system\Model.php(545): CodeIgniter\Database\BaseConnection->table(NULL)
#1 C:\xampp\htdocs\app_resto_refina\system\Model.php(176): CodeIgniter\Model->builder()
#2 C:\xampp\htdocs\app_resto_refina\system\BaseModel.php(584): CodeIgniter\Model->doFindAll(0, 0)
#3 C:\xampp\htdocs\app_resto_refina\app\Controllers\UserController.php(25): CodeIgniter\BaseModel->findAll()
#4 C:\xampp\htdocs\app_resto_refina\system\CodeIgniter.php(825): App\Controllers\UserController->tampil()
#5 C:\xampp\htdocs\app_resto_refina\system\CodeIgniter.php(412): CodeIgniter\CodeIgniter->runController(Object(App\Controllers\UserController))
#6 C:\xampp\htdocs\app_resto_refina\system\CodeIgniter.php(320): CodeIgniter\CodeIgniter->handleRequest(NULL, Object(Config\Cache), false)
#7 C:\xampp\htdocs\app_resto_refina\public\index.php(37): CodeIgniter\CodeIgniter->run()
#8 C:\xampp\htdocs\app_resto_refina\system\Commands\Server\rewrite.php(43): require_once('C:\\xampp\\htdocs...')
#9 {main}
CRITICAL - 2022-01-31 23:58:04 --> You must set the database table to be used with your query.
#0 C:\xampp\htdocs\app_resto_refina\system\Model.php(545): CodeIgniter\Database\BaseConnection->table(NULL)
#1 C:\xampp\htdocs\app_resto_refina\system\Model.php(176): CodeIgniter\Model->builder()
#2 C:\xampp\htdocs\app_resto_refina\system\BaseModel.php(584): CodeIgniter\Model->doFindAll(0, 0)
#3 C:\xampp\htdocs\app_resto_refina\app\Controllers\UserController.php(25): CodeIgniter\BaseModel->findAll()
#4 C:\xampp\htdocs\app_resto_refina\system\CodeIgniter.php(825): App\Controllers\UserController->tampil()
#5 C:\xampp\htdocs\app_resto_refina\system\CodeIgniter.php(412): CodeIgniter\CodeIgniter->runController(Object(App\Controllers\UserController))
#6 C:\xampp\htdocs\app_resto_refina\system\CodeIgniter.php(320): CodeIgniter\CodeIgniter->handleRequest(NULL, Object(Config\Cache), false)
#7 C:\xampp\htdocs\app_resto_refina\public\index.php(37): CodeIgniter\CodeIgniter->run()
#8 C:\xampp\htdocs\app_resto_refina\system\Commands\Server\rewrite.php(43): require_once('C:\\xampp\\htdocs...')
#9 {main}
CRITICAL - 2022-01-31 23:58:04 --> You must set the database table to be used with your query.
#0 C:\xampp\htdocs\app_resto_refina\system\Model.php(545): CodeIgniter\Database\BaseConnection->table(NULL)
#1 C:\xampp\htdocs\app_resto_refina\system\Model.php(176): CodeIgniter\Model->builder()
#2 C:\xampp\htdocs\app_resto_refina\system\BaseModel.php(584): CodeIgniter\Model->doFindAll(0, 0)
#3 C:\xampp\htdocs\app_resto_refina\app\Controllers\UserController.php(25): CodeIgniter\BaseModel->findAll()
#4 C:\xampp\htdocs\app_resto_refina\system\CodeIgniter.php(825): App\Controllers\UserController->tampil()
#5 C:\xampp\htdocs\app_resto_refina\system\CodeIgniter.php(412): CodeIgniter\CodeIgniter->runController(Object(App\Controllers\UserController))
#6 C:\xampp\htdocs\app_resto_refina\system\CodeIgniter.php(320): CodeIgniter\CodeIgniter->handleRequest(NULL, Object(Config\Cache), false)
#7 C:\xampp\htdocs\app_resto_refina\public\index.php(37): CodeIgniter\CodeIgniter->run()
#8 C:\xampp\htdocs\app_resto_refina\system\Commands\Server\rewrite.php(43): require_once('C:\\xampp\\htdocs...')
#9 {main}
CRITICAL - 2022-01-31 23:58:04 --> You must set the database table to be used with your query.
#0 C:\xampp\htdocs\app_resto_refina\system\Model.php(545): CodeIgniter\Database\BaseConnection->table(NULL)
#1 C:\xampp\htdocs\app_resto_refina\system\Model.php(176): CodeIgniter\Model->builder()
#2 C:\xampp\htdocs\app_resto_refina\system\BaseModel.php(584): CodeIgniter\Model->doFindAll(0, 0)
#3 C:\xampp\htdocs\app_resto_refina\app\Controllers\UserController.php(25): CodeIgniter\BaseModel->findAll()
#4 C:\xampp\htdocs\app_resto_refina\system\CodeIgniter.php(825): App\Controllers\UserController->tampil()
#5 C:\xampp\htdocs\app_resto_refina\system\CodeIgniter.php(412): CodeIgniter\CodeIgniter->runController(Object(App\Controllers\UserController))
#6 C:\xampp\htdocs\app_resto_refina\system\CodeIgniter.php(320): CodeIgniter\CodeIgniter->handleRequest(NULL, Object(Config\Cache), false)
#7 C:\xampp\htdocs\app_resto_refina\public\index.php(37): CodeIgniter\CodeIgniter->run()
#8 C:\xampp\htdocs\app_resto_refina\system\Commands\Server\rewrite.php(43): require_once('C:\\xampp\\htdocs...')
#9 {main}
CRITICAL - 2022-01-31 23:58:05 --> You must set the database table to be used with your query.
#0 C:\xampp\htdocs\app_resto_refina\system\Model.php(545): CodeIgniter\Database\BaseConnection->table(NULL)
#1 C:\xampp\htdocs\app_resto_refina\system\Model.php(176): CodeIgniter\Model->builder()
#2 C:\xampp\htdocs\app_resto_refina\system\BaseModel.php(584): CodeIgniter\Model->doFindAll(0, 0)
#3 C:\xampp\htdocs\app_resto_refina\app\Controllers\UserController.php(25): CodeIgniter\BaseModel->findAll()
#4 C:\xampp\htdocs\app_resto_refina\system\CodeIgniter.php(825): App\Controllers\UserController->tampil()
#5 C:\xampp\htdocs\app_resto_refina\system\CodeIgniter.php(412): CodeIgniter\CodeIgniter->runController(Object(App\Controllers\UserController))
#6 C:\xampp\htdocs\app_resto_refina\system\CodeIgniter.php(320): CodeIgniter\CodeIgniter->handleRequest(NULL, Object(Config\Cache), false)
#7 C:\xampp\htdocs\app_resto_refina\public\index.php(37): CodeIgniter\CodeIgniter->run()
#8 C:\xampp\htdocs\app_resto_refina\system\Commands\Server\rewrite.php(43): require_once('C:\\xampp\\htdocs...')
#9 {main}
CRITICAL - 2022-01-31 23:58:05 --> You must set the database table to be used with your query.
#0 C:\xampp\htdocs\app_resto_refina\system\Model.php(545): CodeIgniter\Database\BaseConnection->table(NULL)
#1 C:\xampp\htdocs\app_resto_refina\system\Model.php(176): CodeIgniter\Model->builder()
#2 C:\xampp\htdocs\app_resto_refina\system\BaseModel.php(584): CodeIgniter\Model->doFindAll(0, 0)
#3 C:\xampp\htdocs\app_resto_refina\app\Controllers\UserController.php(25): CodeIgniter\BaseModel->findAll()
#4 C:\xampp\htdocs\app_resto_refina\system\CodeIgniter.php(825): App\Controllers\UserController->tampil()
#5 C:\xampp\htdocs\app_resto_refina\system\CodeIgniter.php(412): CodeIgniter\CodeIgniter->runController(Object(App\Controllers\UserController))
#6 C:\xampp\htdocs\app_resto_refina\system\CodeIgniter.php(320): CodeIgniter\CodeIgniter->handleRequest(NULL, Object(Config\Cache), false)
#7 C:\xampp\htdocs\app_resto_refina\public\index.php(37): CodeIgniter\CodeIgniter->run()
#8 C:\xampp\htdocs\app_resto_refina\system\Commands\Server\rewrite.php(43): require_once('C:\\xampp\\htdocs...')
#9 {main}
CRITICAL - 2022-01-31 23:58:23 --> You must set the database table to be used with your query.
#0 C:\xampp\htdocs\app_resto_refina\system\Model.php(545): CodeIgniter\Database\BaseConnection->table(NULL)
#1 C:\xampp\htdocs\app_resto_refina\system\Model.php(176): CodeIgniter\Model->builder()
#2 C:\xampp\htdocs\app_resto_refina\system\BaseModel.php(584): CodeIgniter\Model->doFindAll(0, 0)
#3 C:\xampp\htdocs\app_resto_refina\app\Controllers\UserController.php(25): CodeIgniter\BaseModel->findAll()
#4 C:\xampp\htdocs\app_resto_refina\system\CodeIgniter.php(825): App\Controllers\UserController->tampil()
#5 C:\xampp\htdocs\app_resto_refina\system\CodeIgniter.php(412): CodeIgniter\CodeIgniter->runController(Object(App\Controllers\UserController))
#6 C:\xampp\htdocs\app_resto_refina\system\CodeIgniter.php(320): CodeIgniter\CodeIgniter->handleRequest(NULL, Object(Config\Cache), false)
#7 C:\xampp\htdocs\app_resto_refina\public\index.php(37): CodeIgniter\CodeIgniter->run()
#8 C:\xampp\htdocs\app_resto_refina\system\Commands\Server\rewrite.php(43): require_once('C:\\xampp\\htdocs...')
#9 {main}
CRITICAL - 2022-01-31 23:58:26 --> You must set the database table to be used with your query.
#0 C:\xampp\htdocs\app_resto_refina\system\Model.php(545): CodeIgniter\Database\BaseConnection->table(NULL)
#1 C:\xampp\htdocs\app_resto_refina\system\Model.php(176): CodeIgniter\Model->builder()
#2 C:\xampp\htdocs\app_resto_refina\system\BaseModel.php(584): CodeIgniter\Model->doFindAll(0, 0)
#3 C:\xampp\htdocs\app_resto_refina\app\Controllers\UserController.php(25): CodeIgniter\BaseModel->findAll()
#4 C:\xampp\htdocs\app_resto_refina\system\CodeIgniter.php(825): App\Controllers\UserController->tampil()
#5 C:\xampp\htdocs\app_resto_refina\system\CodeIgniter.php(412): CodeIgniter\CodeIgniter->runController(Object(App\Controllers\UserController))
#6 C:\xampp\htdocs\app_resto_refina\system\CodeIgniter.php(320): CodeIgniter\CodeIgniter->handleRequest(NULL, Object(Config\Cache), false)
#7 C:\xampp\htdocs\app_resto_refina\public\index.php(37): CodeIgniter\CodeIgniter->run()
#8 C:\xampp\htdocs\app_resto_refina\system\Commands\Server\rewrite.php(43): require_once('C:\\xampp\\htdocs...')
#9 {main}
CRITICAL - 2022-01-31 23:58:28 --> You must set the database table to be used with your query.
#0 C:\xampp\htdocs\app_resto_refina\system\Model.php(545): CodeIgniter\Database\BaseConnection->table(NULL)
#1 C:\xampp\htdocs\app_resto_refina\system\Model.php(176): CodeIgniter\Model->builder()
#2 C:\xampp\htdocs\app_resto_refina\system\BaseModel.php(584): CodeIgniter\Model->doFindAll(0, 0)
#3 C:\xampp\htdocs\app_resto_refina\app\Controllers\UserController.php(25): CodeIgniter\BaseModel->findAll()
#4 C:\xampp\htdocs\app_resto_refina\system\CodeIgniter.php(825): App\Controllers\UserController->tampil()
#5 C:\xampp\htdocs\app_resto_refina\system\CodeIgniter.php(412): CodeIgniter\CodeIgniter->runController(Object(App\Controllers\UserController))
#6 C:\xampp\htdocs\app_resto_refina\system\CodeIgniter.php(320): CodeIgniter\CodeIgniter->handleRequest(NULL, Object(Config\Cache), false)
#7 C:\xampp\htdocs\app_resto_refina\public\index.php(37): CodeIgniter\CodeIgniter->run()
#8 C:\xampp\htdocs\app_resto_refina\system\Commands\Server\rewrite.php(43): require_once('C:\\xampp\\htdocs...')
#9 {main}
