ERROR - 2022-02-02 20:22:20 --> Error connecting to the database: No connection could be made because the target machine actively refused it
CRITICAL - 2022-02-02 20:22:20 --> Unable to connect to the database.
Main connection [MySQLi]: No connection could be made because the target machine actively refused it
#0 C:\xampp\htdocs\app_resto_refina\system\Database\BaseConnection.php(577): CodeIgniter\Database\BaseConnection->initialize()
#1 C:\xampp\htdocs\app_resto_refina\system\Database\BaseBuilder.php(1455): CodeIgniter\Database\BaseConnection->query('SELECT *\nFROM `...', Array, false)
#2 C:\xampp\htdocs\app_resto_refina\system\Model.php(183): CodeIgniter\Database\BaseBuilder->get()
#3 C:\xampp\htdocs\app_resto_refina\system\BaseModel.php(584): CodeIgniter\Model->doFindAll(0, 0)
#4 C:\xampp\htdocs\app_resto_refina\app\Controllers\PesanController.php(25): CodeIgniter\BaseModel->findAll()
#5 C:\xampp\htdocs\app_resto_refina\system\CodeIgniter.php(825): App\Controllers\PesanController->tampil()
#6 C:\xampp\htdocs\app_resto_refina\system\CodeIgniter.php(412): CodeIgniter\CodeIgniter->runController(Object(App\Controllers\PesanController))
#7 C:\xampp\htdocs\app_resto_refina\system\CodeIgniter.php(320): CodeIgniter\CodeIgniter->handleRequest(NULL, Object(Config\Cache), false)
#8 C:\xampp\htdocs\app_resto_refina\public\index.php(37): CodeIgniter\CodeIgniter->run()
#9 C:\xampp\htdocs\app_resto_refina\system\Commands\Server\rewrite.php(43): require_once('C:\\xampp\\htdocs...')
#10 {main}
CRITICAL - 2022-02-02 20:59:25 --> Undefined array key "id"
#0 C:\xampp\htdocs\app_resto_refina\app\Views\user.php(38): CodeIgniter\Debug\Exceptions->errorHandler(2, 'Undefined array...', 'C:\\xampp\\htdocs...', 38)
#1 C:\xampp\htdocs\app_resto_refina\system\View\View.php(210): include('C:\\xampp\\htdocs...')
#2 C:\xampp\htdocs\app_resto_refina\system\View\View.php(213): CodeIgniter\View\View->CodeIgniter\View\{closure}()
#3 C:\xampp\htdocs\app_resto_refina\system\Common.php(1089): CodeIgniter\View\View->render('user', Array, true)
#4 C:\xampp\htdocs\app_resto_refina\app\Controllers\UserController.php(26): view('user', Array)
#5 C:\xampp\htdocs\app_resto_refina\system\CodeIgniter.php(825): App\Controllers\UserController->tampil()
#6 C:\xampp\htdocs\app_resto_refina\system\CodeIgniter.php(412): CodeIgniter\CodeIgniter->runController(Object(App\Controllers\UserController))
#7 C:\xampp\htdocs\app_resto_refina\system\CodeIgniter.php(320): CodeIgniter\CodeIgniter->handleRequest(NULL, Object(Config\Cache), false)
#8 C:\xampp\htdocs\app_resto_refina\public\index.php(37): CodeIgniter\CodeIgniter->run()
#9 C:\xampp\htdocs\app_resto_refina\system\Commands\Server\rewrite.php(43): require_once('C:\\xampp\\htdocs...')
#10 {main}
CRITICAL - 2022-02-02 20:59:27 --> Undefined array key "id"
#0 C:\xampp\htdocs\app_resto_refina\app\Views\user.php(38): CodeIgniter\Debug\Exceptions->errorHandler(2, 'Undefined array...', 'C:\\xampp\\htdocs...', 38)
#1 C:\xampp\htdocs\app_resto_refina\system\View\View.php(210): include('C:\\xampp\\htdocs...')
#2 C:\xampp\htdocs\app_resto_refina\system\View\View.php(213): CodeIgniter\View\View->CodeIgniter\View\{closure}()
#3 C:\xampp\htdocs\app_resto_refina\system\Common.php(1089): CodeIgniter\View\View->render('user', Array, true)
#4 C:\xampp\htdocs\app_resto_refina\app\Controllers\UserController.php(26): view('user', Array)
#5 C:\xampp\htdocs\app_resto_refina\system\CodeIgniter.php(825): App\Controllers\UserController->tampil()
#6 C:\xampp\htdocs\app_resto_refina\system\CodeIgniter.php(412): CodeIgniter\CodeIgniter->runController(Object(App\Controllers\UserController))
#7 C:\xampp\htdocs\app_resto_refina\system\CodeIgniter.php(320): CodeIgniter\CodeIgniter->handleRequest(NULL, Object(Config\Cache), false)
#8 C:\xampp\htdocs\app_resto_refina\public\index.php(37): CodeIgniter\CodeIgniter->run()
#9 C:\xampp\htdocs\app_resto_refina\system\Commands\Server\rewrite.php(43): require_once('C:\\xampp\\htdocs...')
#10 {main}
CRITICAL - 2022-02-02 20:59:59 --> Undefined array key "id"
#0 C:\xampp\htdocs\app_resto_refina\app\Views\user.php(38): CodeIgniter\Debug\Exceptions->errorHandler(2, 'Undefined array...', 'C:\\xampp\\htdocs...', 38)
#1 C:\xampp\htdocs\app_resto_refina\system\View\View.php(210): include('C:\\xampp\\htdocs...')
#2 C:\xampp\htdocs\app_resto_refina\system\View\View.php(213): CodeIgniter\View\View->CodeIgniter\View\{closure}()
#3 C:\xampp\htdocs\app_resto_refina\system\Common.php(1089): CodeIgniter\View\View->render('user', Array, true)
#4 C:\xampp\htdocs\app_resto_refina\app\Controllers\UserController.php(26): view('user', Array)
#5 C:\xampp\htdocs\app_resto_refina\system\CodeIgniter.php(825): App\Controllers\UserController->tampil()
#6 C:\xampp\htdocs\app_resto_refina\system\CodeIgniter.php(412): CodeIgniter\CodeIgniter->runController(Object(App\Controllers\UserController))
#7 C:\xampp\htdocs\app_resto_refina\system\CodeIgniter.php(320): CodeIgniter\CodeIgniter->handleRequest(NULL, Object(Config\Cache), false)
#8 C:\xampp\htdocs\app_resto_refina\public\index.php(37): CodeIgniter\CodeIgniter->run()
#9 C:\xampp\htdocs\app_resto_refina\system\Commands\Server\rewrite.php(43): require_once('C:\\xampp\\htdocs...')
#10 {main}
CRITICAL - 2022-02-02 21:00:03 --> Undefined array key "id"
#0 C:\xampp\htdocs\app_resto_refina\app\Views\user.php(38): CodeIgniter\Debug\Exceptions->errorHandler(2, 'Undefined array...', 'C:\\xampp\\htdocs...', 38)
#1 C:\xampp\htdocs\app_resto_refina\system\View\View.php(210): include('C:\\xampp\\htdocs...')
#2 C:\xampp\htdocs\app_resto_refina\system\View\View.php(213): CodeIgniter\View\View->CodeIgniter\View\{closure}()
#3 C:\xampp\htdocs\app_resto_refina\system\Common.php(1089): CodeIgniter\View\View->render('user', Array, true)
#4 C:\xampp\htdocs\app_resto_refina\app\Controllers\UserController.php(26): view('user', Array)
#5 C:\xampp\htdocs\app_resto_refina\system\CodeIgniter.php(825): App\Controllers\UserController->tampil()
#6 C:\xampp\htdocs\app_resto_refina\system\CodeIgniter.php(412): CodeIgniter\CodeIgniter->runController(Object(App\Controllers\UserController))
#7 C:\xampp\htdocs\app_resto_refina\system\CodeIgniter.php(320): CodeIgniter\CodeIgniter->handleRequest(NULL, Object(Config\Cache), false)
#8 C:\xampp\htdocs\app_resto_refina\public\index.php(37): CodeIgniter\CodeIgniter->run()
#9 C:\xampp\htdocs\app_resto_refina\system\Commands\Server\rewrite.php(43): require_once('C:\\xampp\\htdocs...')
#10 {main}
CRITICAL - 2022-02-02 21:00:38 --> Undefined array key "user"
#0 C:\xampp\htdocs\app_resto_refina\app\Views\user.php(38): CodeIgniter\Debug\Exceptions->errorHandler(2, 'Undefined array...', 'C:\\xampp\\htdocs...', 38)
#1 C:\xampp\htdocs\app_resto_refina\system\View\View.php(210): include('C:\\xampp\\htdocs...')
#2 C:\xampp\htdocs\app_resto_refina\system\View\View.php(213): CodeIgniter\View\View->CodeIgniter\View\{closure}()
#3 C:\xampp\htdocs\app_resto_refina\system\Common.php(1089): CodeIgniter\View\View->render('user', Array, true)
#4 C:\xampp\htdocs\app_resto_refina\app\Controllers\UserController.php(26): view('user', Array)
#5 C:\xampp\htdocs\app_resto_refina\system\CodeIgniter.php(825): App\Controllers\UserController->tampil()
#6 C:\xampp\htdocs\app_resto_refina\system\CodeIgniter.php(412): CodeIgniter\CodeIgniter->runController(Object(App\Controllers\UserController))
#7 C:\xampp\htdocs\app_resto_refina\system\CodeIgniter.php(320): CodeIgniter\CodeIgniter->handleRequest(NULL, Object(Config\Cache), false)
#8 C:\xampp\htdocs\app_resto_refina\public\index.php(37): CodeIgniter\CodeIgniter->run()
#9 C:\xampp\htdocs\app_resto_refina\system\Commands\Server\rewrite.php(43): require_once('C:\\xampp\\htdocs...')
#10 {main}
CRITICAL - 2022-02-02 21:03:26 --> Undefined array key "id"
#0 C:\xampp\htdocs\app_resto_refina\app\Views\user.php(38): CodeIgniter\Debug\Exceptions->errorHandler(2, 'Undefined array...', 'C:\\xampp\\htdocs...', 38)
#1 C:\xampp\htdocs\app_resto_refina\system\View\View.php(210): include('C:\\xampp\\htdocs...')
#2 C:\xampp\htdocs\app_resto_refina\system\View\View.php(213): CodeIgniter\View\View->CodeIgniter\View\{closure}()
#3 C:\xampp\htdocs\app_resto_refina\system\Common.php(1089): CodeIgniter\View\View->render('user', Array, true)
#4 C:\xampp\htdocs\app_resto_refina\app\Controllers\UserController.php(26): view('user', Array)
#5 C:\xampp\htdocs\app_resto_refina\system\CodeIgniter.php(825): App\Controllers\UserController->tampil()
#6 C:\xampp\htdocs\app_resto_refina\system\CodeIgniter.php(412): CodeIgniter\CodeIgniter->runController(Object(App\Controllers\UserController))
#7 C:\xampp\htdocs\app_resto_refina\system\CodeIgniter.php(320): CodeIgniter\CodeIgniter->handleRequest(NULL, Object(Config\Cache), false)
#8 C:\xampp\htdocs\app_resto_refina\public\index.php(37): CodeIgniter\CodeIgniter->run()
#9 C:\xampp\htdocs\app_resto_refina\system\Commands\Server\rewrite.php(43): require_once('C:\\xampp\\htdocs...')
#10 {main}
ERROR - 2022-02-02 21:12:51 --> Unknown column 'id' in 'where clause'
CRITICAL - 2022-02-02 21:12:51 --> Unknown column 'id' in 'where clause'
#0 C:\xampp\htdocs\app_resto_refina\system\Database\MySQLi\Connection.php(292): mysqli->query('DELETE FROM `us...', 0)
#1 C:\xampp\htdocs\app_resto_refina\system\Database\BaseConnection.php(670): CodeIgniter\Database\MySQLi\Connection->execute('DELETE FROM `us...')
#2 C:\xampp\htdocs\app_resto_refina\system\Database\BaseConnection.php(598): CodeIgniter\Database\BaseConnection->simpleQuery('DELETE FROM `us...')
#3 C:\xampp\htdocs\app_resto_refina\system\Database\BaseBuilder.php(2225): CodeIgniter\Database\BaseConnection->query('DELETE FROM `us...', Array, false)
#4 C:\xampp\htdocs\app_resto_refina\system\Model.php(359): CodeIgniter\Database\BaseBuilder->delete()
#5 C:\xampp\htdocs\app_resto_refina\system\BaseModel.php(963): CodeIgniter\Model->doDelete(Array, false)
#6 C:\xampp\htdocs\app_resto_refina\app\Controllers\UserController.php(52): CodeIgniter\BaseModel->delete(Array)
#7 C:\xampp\htdocs\app_resto_refina\system\CodeIgniter.php(825): App\Controllers\UserController->delete('2')
#8 C:\xampp\htdocs\app_resto_refina\system\CodeIgniter.php(412): CodeIgniter\CodeIgniter->runController(Object(App\Controllers\UserController))
#9 C:\xampp\htdocs\app_resto_refina\system\CodeIgniter.php(320): CodeIgniter\CodeIgniter->handleRequest(NULL, Object(Config\Cache), false)
#10 C:\xampp\htdocs\app_resto_refina\public\index.php(37): CodeIgniter\CodeIgniter->run()
#11 C:\xampp\htdocs\app_resto_refina\system\Commands\Server\rewrite.php(43): require_once('C:\\xampp\\htdocs...')
#12 {main}
ERROR - 2022-02-02 21:13:12 --> Unknown column 'id' in 'where clause'
CRITICAL - 2022-02-02 21:13:12 --> Unknown column 'id' in 'where clause'
#0 C:\xampp\htdocs\app_resto_refina\system\Database\MySQLi\Connection.php(292): mysqli->query('DELETE FROM `us...', 0)
#1 C:\xampp\htdocs\app_resto_refina\system\Database\BaseConnection.php(670): CodeIgniter\Database\MySQLi\Connection->execute('DELETE FROM `us...')
#2 C:\xampp\htdocs\app_resto_refina\system\Database\BaseConnection.php(598): CodeIgniter\Database\BaseConnection->simpleQuery('DELETE FROM `us...')
#3 C:\xampp\htdocs\app_resto_refina\system\Database\BaseBuilder.php(2225): CodeIgniter\Database\BaseConnection->query('DELETE FROM `us...', Array, false)
#4 C:\xampp\htdocs\app_resto_refina\system\Model.php(359): CodeIgniter\Database\BaseBuilder->delete()
#5 C:\xampp\htdocs\app_resto_refina\system\BaseModel.php(963): CodeIgniter\Model->doDelete(Array, false)
#6 C:\xampp\htdocs\app_resto_refina\app\Controllers\UserController.php(52): CodeIgniter\BaseModel->delete(Array)
#7 C:\xampp\htdocs\app_resto_refina\system\CodeIgniter.php(825): App\Controllers\UserController->delete('2')
#8 C:\xampp\htdocs\app_resto_refina\system\CodeIgniter.php(412): CodeIgniter\CodeIgniter->runController(Object(App\Controllers\UserController))
#9 C:\xampp\htdocs\app_resto_refina\system\CodeIgniter.php(320): CodeIgniter\CodeIgniter->handleRequest(NULL, Object(Config\Cache), false)
#10 C:\xampp\htdocs\app_resto_refina\public\index.php(37): CodeIgniter\CodeIgniter->run()
#11 C:\xampp\htdocs\app_resto_refina\system\Commands\Server\rewrite.php(43): require_once('C:\\xampp\\htdocs...')
#12 {main}
ERROR - 2022-02-02 21:16:30 --> Unknown column 'id' in 'where clause'
CRITICAL - 2022-02-02 21:16:30 --> Unknown column 'id' in 'where clause'
#0 C:\xampp\htdocs\app_resto_refina\system\Database\MySQLi\Connection.php(292): mysqli->query('DELETE FROM `us...', 0)
#1 C:\xampp\htdocs\app_resto_refina\system\Database\BaseConnection.php(670): CodeIgniter\Database\MySQLi\Connection->execute('DELETE FROM `us...')
#2 C:\xampp\htdocs\app_resto_refina\system\Database\BaseConnection.php(598): CodeIgniter\Database\BaseConnection->simpleQuery('DELETE FROM `us...')
#3 C:\xampp\htdocs\app_resto_refina\system\Database\BaseBuilder.php(2225): CodeIgniter\Database\BaseConnection->query('DELETE FROM `us...', Array, false)
#4 C:\xampp\htdocs\app_resto_refina\system\Model.php(359): CodeIgniter\Database\BaseBuilder->delete()
#5 C:\xampp\htdocs\app_resto_refina\system\BaseModel.php(963): CodeIgniter\Model->doDelete(Array, false)
#6 C:\xampp\htdocs\app_resto_refina\app\Controllers\UserController.php(52): CodeIgniter\BaseModel->delete(Array)
#7 C:\xampp\htdocs\app_resto_refina\system\CodeIgniter.php(825): App\Controllers\UserController->delete('2')
#8 C:\xampp\htdocs\app_resto_refina\system\CodeIgniter.php(412): CodeIgniter\CodeIgniter->runController(Object(App\Controllers\UserController))
#9 C:\xampp\htdocs\app_resto_refina\system\CodeIgniter.php(320): CodeIgniter\CodeIgniter->handleRequest(NULL, Object(Config\Cache), false)
#10 C:\xampp\htdocs\app_resto_refina\public\index.php(37): CodeIgniter\CodeIgniter->run()
#11 C:\xampp\htdocs\app_resto_refina\system\Commands\Server\rewrite.php(43): require_once('C:\\xampp\\htdocs...')
#12 {main}
CRITICAL - 2022-02-02 22:06:17 --> Undefined array key "menu"
#0 C:\xampp\htdocs\app_resto_refina\app\Views\menu.php(40): CodeIgniter\Debug\Exceptions->errorHandler(2, 'Undefined array...', 'C:\\xampp\\htdocs...', 40)
#1 C:\xampp\htdocs\app_resto_refina\system\View\View.php(210): include('C:\\xampp\\htdocs...')
#2 C:\xampp\htdocs\app_resto_refina\system\View\View.php(213): CodeIgniter\View\View->CodeIgniter\View\{closure}()
#3 C:\xampp\htdocs\app_resto_refina\system\Common.php(1089): CodeIgniter\View\View->render('menu', Array, true)
#4 C:\xampp\htdocs\app_resto_refina\app\Controllers\MenuController.php(26): view('menu', Array)
#5 C:\xampp\htdocs\app_resto_refina\system\CodeIgniter.php(825): App\Controllers\MenuController->tampil()
#6 C:\xampp\htdocs\app_resto_refina\system\CodeIgniter.php(412): CodeIgniter\CodeIgniter->runController(Object(App\Controllers\MenuController))
#7 C:\xampp\htdocs\app_resto_refina\system\CodeIgniter.php(320): CodeIgniter\CodeIgniter->handleRequest(NULL, Object(Config\Cache), false)
#8 C:\xampp\htdocs\app_resto_refina\public\index.php(37): CodeIgniter\CodeIgniter->run()
#9 C:\xampp\htdocs\app_resto_refina\system\Commands\Server\rewrite.php(43): require_once('C:\\xampp\\htdocs...')
#10 {main}
CRITICAL - 2022-02-02 22:06:51 --> Undefined array key "menu"
#0 C:\xampp\htdocs\app_resto_refina\app\Views\menu.php(40): CodeIgniter\Debug\Exceptions->errorHandler(2, 'Undefined array...', 'C:\\xampp\\htdocs...', 40)
#1 C:\xampp\htdocs\app_resto_refina\system\View\View.php(210): include('C:\\xampp\\htdocs...')
#2 C:\xampp\htdocs\app_resto_refina\system\View\View.php(213): CodeIgniter\View\View->CodeIgniter\View\{closure}()
#3 C:\xampp\htdocs\app_resto_refina\system\Common.php(1089): CodeIgniter\View\View->render('menu', Array, true)
#4 C:\xampp\htdocs\app_resto_refina\app\Controllers\MenuController.php(26): view('menu', Array)
#5 C:\xampp\htdocs\app_resto_refina\system\CodeIgniter.php(825): App\Controllers\MenuController->tampil()
#6 C:\xampp\htdocs\app_resto_refina\system\CodeIgniter.php(412): CodeIgniter\CodeIgniter->runController(Object(App\Controllers\MenuController))
#7 C:\xampp\htdocs\app_resto_refina\system\CodeIgniter.php(320): CodeIgniter\CodeIgniter->handleRequest(NULL, Object(Config\Cache), false)
#8 C:\xampp\htdocs\app_resto_refina\public\index.php(37): CodeIgniter\CodeIgniter->run()
#9 C:\xampp\htdocs\app_resto_refina\system\Commands\Server\rewrite.php(43): require_once('C:\\xampp\\htdocs...')
#10 {main}
CRITICAL - 2022-02-02 22:06:53 --> Undefined array key "menu"
#0 C:\xampp\htdocs\app_resto_refina\app\Views\menu.php(40): CodeIgniter\Debug\Exceptions->errorHandler(2, 'Undefined array...', 'C:\\xampp\\htdocs...', 40)
#1 C:\xampp\htdocs\app_resto_refina\system\View\View.php(210): include('C:\\xampp\\htdocs...')
#2 C:\xampp\htdocs\app_resto_refina\system\View\View.php(213): CodeIgniter\View\View->CodeIgniter\View\{closure}()
#3 C:\xampp\htdocs\app_resto_refina\system\Common.php(1089): CodeIgniter\View\View->render('menu', Array, true)
#4 C:\xampp\htdocs\app_resto_refina\app\Controllers\MenuController.php(26): view('menu', Array)
#5 C:\xampp\htdocs\app_resto_refina\system\CodeIgniter.php(825): App\Controllers\MenuController->tampil()
#6 C:\xampp\htdocs\app_resto_refina\system\CodeIgniter.php(412): CodeIgniter\CodeIgniter->runController(Object(App\Controllers\MenuController))
#7 C:\xampp\htdocs\app_resto_refina\system\CodeIgniter.php(320): CodeIgniter\CodeIgniter->handleRequest(NULL, Object(Config\Cache), false)
#8 C:\xampp\htdocs\app_resto_refina\public\index.php(37): CodeIgniter\CodeIgniter->run()
#9 C:\xampp\htdocs\app_resto_refina\system\Commands\Server\rewrite.php(43): require_once('C:\\xampp\\htdocs...')
#10 {main}
CRITICAL - 2022-02-02 22:07:19 --> Undefined array key "menu"
#0 C:\xampp\htdocs\app_resto_refina\app\Views\menu.php(40): CodeIgniter\Debug\Exceptions->errorHandler(2, 'Undefined array...', 'C:\\xampp\\htdocs...', 40)
#1 C:\xampp\htdocs\app_resto_refina\system\View\View.php(210): include('C:\\xampp\\htdocs...')
#2 C:\xampp\htdocs\app_resto_refina\system\View\View.php(213): CodeIgniter\View\View->CodeIgniter\View\{closure}()
#3 C:\xampp\htdocs\app_resto_refina\system\Common.php(1089): CodeIgniter\View\View->render('menu', Array, true)
#4 C:\xampp\htdocs\app_resto_refina\app\Controllers\MenuController.php(26): view('menu', Array)
#5 C:\xampp\htdocs\app_resto_refina\system\CodeIgniter.php(825): App\Controllers\MenuController->tampil()
#6 C:\xampp\htdocs\app_resto_refina\system\CodeIgniter.php(412): CodeIgniter\CodeIgniter->runController(Object(App\Controllers\MenuController))
#7 C:\xampp\htdocs\app_resto_refina\system\CodeIgniter.php(320): CodeIgniter\CodeIgniter->handleRequest(NULL, Object(Config\Cache), false)
#8 C:\xampp\htdocs\app_resto_refina\public\index.php(37): CodeIgniter\CodeIgniter->run()
#9 C:\xampp\htdocs\app_resto_refina\system\Commands\Server\rewrite.php(43): require_once('C:\\xampp\\htdocs...')
#10 {main}
CRITICAL - 2022-02-02 22:12:23 --> Undefined array key "menu"
#0 C:\xampp\htdocs\app_resto_refina\app\Views\menu.php(40): CodeIgniter\Debug\Exceptions->errorHandler(2, 'Undefined array...', 'C:\\xampp\\htdocs...', 40)
#1 C:\xampp\htdocs\app_resto_refina\system\View\View.php(210): include('C:\\xampp\\htdocs...')
#2 C:\xampp\htdocs\app_resto_refina\system\View\View.php(213): CodeIgniter\View\View->CodeIgniter\View\{closure}()
#3 C:\xampp\htdocs\app_resto_refina\system\Common.php(1089): CodeIgniter\View\View->render('menu', Array, true)
#4 C:\xampp\htdocs\app_resto_refina\app\Controllers\MenuController.php(26): view('menu', Array)
#5 C:\xampp\htdocs\app_resto_refina\system\CodeIgniter.php(825): App\Controllers\MenuController->tampil()
#6 C:\xampp\htdocs\app_resto_refina\system\CodeIgniter.php(412): CodeIgniter\CodeIgniter->runController(Object(App\Controllers\MenuController))
#7 C:\xampp\htdocs\app_resto_refina\system\CodeIgniter.php(320): CodeIgniter\CodeIgniter->handleRequest(NULL, Object(Config\Cache), false)
#8 C:\xampp\htdocs\app_resto_refina\public\index.php(37): CodeIgniter\CodeIgniter->run()
#9 C:\xampp\htdocs\app_resto_refina\system\Commands\Server\rewrite.php(43): require_once('C:\\xampp\\htdocs...')
#10 {main}
CRITICAL - 2022-02-02 22:16:14 --> Undefined array key "menu"
#0 C:\xampp\htdocs\app_resto_refina\app\Views\menu.php(40): CodeIgniter\Debug\Exceptions->errorHandler(2, 'Undefined array...', 'C:\\xampp\\htdocs...', 40)
#1 C:\xampp\htdocs\app_resto_refina\system\View\View.php(210): include('C:\\xampp\\htdocs...')
#2 C:\xampp\htdocs\app_resto_refina\system\View\View.php(213): CodeIgniter\View\View->CodeIgniter\View\{closure}()
#3 C:\xampp\htdocs\app_resto_refina\system\Common.php(1089): CodeIgniter\View\View->render('menu', Array, true)
#4 C:\xampp\htdocs\app_resto_refina\app\Controllers\MenuController.php(26): view('menu', Array)
#5 C:\xampp\htdocs\app_resto_refina\system\CodeIgniter.php(825): App\Controllers\MenuController->tampil()
#6 C:\xampp\htdocs\app_resto_refina\system\CodeIgniter.php(412): CodeIgniter\CodeIgniter->runController(Object(App\Controllers\MenuController))
#7 C:\xampp\htdocs\app_resto_refina\system\CodeIgniter.php(320): CodeIgniter\CodeIgniter->handleRequest(NULL, Object(Config\Cache), false)
#8 C:\xampp\htdocs\app_resto_refina\public\index.php(37): CodeIgniter\CodeIgniter->run()
#9 C:\xampp\htdocs\app_resto_refina\system\Commands\Server\rewrite.php(43): require_once('C:\\xampp\\htdocs...')
#10 {main}
CRITICAL - 2022-02-02 22:16:18 --> Undefined array key "menu"
#0 C:\xampp\htdocs\app_resto_refina\app\Views\menu.php(40): CodeIgniter\Debug\Exceptions->errorHandler(2, 'Undefined array...', 'C:\\xampp\\htdocs...', 40)
#1 C:\xampp\htdocs\app_resto_refina\system\View\View.php(210): include('C:\\xampp\\htdocs...')
#2 C:\xampp\htdocs\app_resto_refina\system\View\View.php(213): CodeIgniter\View\View->CodeIgniter\View\{closure}()
#3 C:\xampp\htdocs\app_resto_refina\system\Common.php(1089): CodeIgniter\View\View->render('menu', Array, true)
#4 C:\xampp\htdocs\app_resto_refina\app\Controllers\MenuController.php(26): view('menu', Array)
#5 C:\xampp\htdocs\app_resto_refina\system\CodeIgniter.php(825): App\Controllers\MenuController->tampil()
#6 C:\xampp\htdocs\app_resto_refina\system\CodeIgniter.php(412): CodeIgniter\CodeIgniter->runController(Object(App\Controllers\MenuController))
#7 C:\xampp\htdocs\app_resto_refina\system\CodeIgniter.php(320): CodeIgniter\CodeIgniter->handleRequest(NULL, Object(Config\Cache), false)
#8 C:\xampp\htdocs\app_resto_refina\public\index.php(37): CodeIgniter\CodeIgniter->run()
#9 C:\xampp\htdocs\app_resto_refina\system\Commands\Server\rewrite.php(43): require_once('C:\\xampp\\htdocs...')
#10 {main}
CRITICAL - 2022-02-02 22:16:44 --> Undefined array key "menu"
#0 C:\xampp\htdocs\app_resto_refina\app\Views\menu.php(40): CodeIgniter\Debug\Exceptions->errorHandler(2, 'Undefined array...', 'C:\\xampp\\htdocs...', 40)
#1 C:\xampp\htdocs\app_resto_refina\system\View\View.php(210): include('C:\\xampp\\htdocs...')
#2 C:\xampp\htdocs\app_resto_refina\system\View\View.php(213): CodeIgniter\View\View->CodeIgniter\View\{closure}()
#3 C:\xampp\htdocs\app_resto_refina\system\Common.php(1089): CodeIgniter\View\View->render('menu', Array, true)
#4 C:\xampp\htdocs\app_resto_refina\app\Controllers\MenuController.php(26): view('menu', Array)
#5 C:\xampp\htdocs\app_resto_refina\system\CodeIgniter.php(825): App\Controllers\MenuController->tampil()
#6 C:\xampp\htdocs\app_resto_refina\system\CodeIgniter.php(412): CodeIgniter\CodeIgniter->runController(Object(App\Controllers\MenuController))
#7 C:\xampp\htdocs\app_resto_refina\system\CodeIgniter.php(320): CodeIgniter\CodeIgniter->handleRequest(NULL, Object(Config\Cache), false)
#8 C:\xampp\htdocs\app_resto_refina\public\index.php(37): CodeIgniter\CodeIgniter->run()
#9 C:\xampp\htdocs\app_resto_refina\system\Commands\Server\rewrite.php(43): require_once('C:\\xampp\\htdocs...')
#10 {main}
CRITICAL - 2022-02-02 22:17:07 --> Undefined array key "menu"
#0 C:\xampp\htdocs\app_resto_refina\app\Views\menu.php(40): CodeIgniter\Debug\Exceptions->errorHandler(2, 'Undefined array...', 'C:\\xampp\\htdocs...', 40)
#1 C:\xampp\htdocs\app_resto_refina\system\View\View.php(210): include('C:\\xampp\\htdocs...')
#2 C:\xampp\htdocs\app_resto_refina\system\View\View.php(213): CodeIgniter\View\View->CodeIgniter\View\{closure}()
#3 C:\xampp\htdocs\app_resto_refina\system\Common.php(1089): CodeIgniter\View\View->render('menu', Array, true)
#4 C:\xampp\htdocs\app_resto_refina\app\Controllers\MenuController.php(26): view('menu', Array)
#5 C:\xampp\htdocs\app_resto_refina\system\CodeIgniter.php(825): App\Controllers\MenuController->tampil()
#6 C:\xampp\htdocs\app_resto_refina\system\CodeIgniter.php(412): CodeIgniter\CodeIgniter->runController(Object(App\Controllers\MenuController))
#7 C:\xampp\htdocs\app_resto_refina\system\CodeIgniter.php(320): CodeIgniter\CodeIgniter->handleRequest(NULL, Object(Config\Cache), false)
#8 C:\xampp\htdocs\app_resto_refina\public\index.php(37): CodeIgniter\CodeIgniter->run()
#9 C:\xampp\htdocs\app_resto_refina\system\Commands\Server\rewrite.php(43): require_once('C:\\xampp\\htdocs...')
#10 {main}
