CRITICAL - 2022-02-13 20:08:54 --> Trying to access array offset on value of type null
#0 C:\xampp\htdocs\app_resto_refina\app\Controllers\PesanController.php(52): CodeIgniter\Debug\Exceptions->errorHandler(2, 'Trying to acces...', 'C:\\xampp\\htdocs...', 52)
#1 C:\xampp\htdocs\app_resto_refina\system\CodeIgniter.php(825): App\Controllers\PesanController->addCart()
#2 C:\xampp\htdocs\app_resto_refina\system\CodeIgniter.php(412): CodeIgniter\CodeIgniter->runController(Object(App\Controllers\PesanController))
#3 C:\xampp\htdocs\app_resto_refina\system\CodeIgniter.php(320): CodeIgniter\CodeIgniter->handleRequest(NULL, Object(Config\Cache), false)
#4 C:\xampp\htdocs\app_resto_refina\public\index.php(37): CodeIgniter\CodeIgniter->run()
#5 C:\xampp\htdocs\app_resto_refina\system\Commands\Server\rewrite.php(43): require_once('C:\\xampp\\htdocs...')
#6 {main}
CRITICAL - 2022-02-13 20:09:03 --> Undefined array key "id_menu"
#0 C:\xampp\htdocs\app_resto_refina\app\Controllers\PesanController.php(76): CodeIgniter\Debug\Exceptions->errorHandler(2, 'Undefined array...', 'C:\\xampp\\htdocs...', 76)
#1 C:\xampp\htdocs\app_resto_refina\app\Controllers\PesanController.php(58): App\Controllers\PesanController->cek('9')
#2 C:\xampp\htdocs\app_resto_refina\system\CodeIgniter.php(825): App\Controllers\PesanController->addCart()
#3 C:\xampp\htdocs\app_resto_refina\system\CodeIgniter.php(412): CodeIgniter\CodeIgniter->runController(Object(App\Controllers\PesanController))
#4 C:\xampp\htdocs\app_resto_refina\system\CodeIgniter.php(320): CodeIgniter\CodeIgniter->handleRequest(NULL, Object(Config\Cache), false)
#5 C:\xampp\htdocs\app_resto_refina\public\index.php(37): CodeIgniter\CodeIgniter->run()
#6 C:\xampp\htdocs\app_resto_refina\system\Commands\Server\rewrite.php(43): require_once('C:\\xampp\\htdocs...')
#7 {main}
CRITICAL - 2022-02-13 20:11:12 --> Undefined array key "id_menu"
#0 C:\xampp\htdocs\app_resto_refina\app\Controllers\PesanController.php(76): CodeIgniter\Debug\Exceptions->errorHandler(2, 'Undefined array...', 'C:\\xampp\\htdocs...', 76)
#1 C:\xampp\htdocs\app_resto_refina\app\Controllers\PesanController.php(58): App\Controllers\PesanController->cek('12')
#2 C:\xampp\htdocs\app_resto_refina\system\CodeIgniter.php(825): App\Controllers\PesanController->addCart()
#3 C:\xampp\htdocs\app_resto_refina\system\CodeIgniter.php(412): CodeIgniter\CodeIgniter->runController(Object(App\Controllers\PesanController))
#4 C:\xampp\htdocs\app_resto_refina\system\CodeIgniter.php(320): CodeIgniter\CodeIgniter->handleRequest(NULL, Object(Config\Cache), false)
#5 C:\xampp\htdocs\app_resto_refina\public\index.php(37): CodeIgniter\CodeIgniter->run()
#6 C:\xampp\htdocs\app_resto_refina\system\Commands\Server\rewrite.php(43): require_once('C:\\xampp\\htdocs...')
#7 {main}
CRITICAL - 2022-02-13 20:11:30 --> Undefined array key "id_menu"
#0 C:\xampp\htdocs\app_resto_refina\app\Controllers\PesanController.php(76): CodeIgniter\Debug\Exceptions->errorHandler(2, 'Undefined array...', 'C:\\xampp\\htdocs...', 76)
#1 C:\xampp\htdocs\app_resto_refina\app\Controllers\PesanController.php(58): App\Controllers\PesanController->cek('12')
#2 C:\xampp\htdocs\app_resto_refina\system\CodeIgniter.php(825): App\Controllers\PesanController->addCart()
#3 C:\xampp\htdocs\app_resto_refina\system\CodeIgniter.php(412): CodeIgniter\CodeIgniter->runController(Object(App\Controllers\PesanController))
#4 C:\xampp\htdocs\app_resto_refina\system\CodeIgniter.php(320): CodeIgniter\CodeIgniter->handleRequest(NULL, Object(Config\Cache), false)
#5 C:\xampp\htdocs\app_resto_refina\public\index.php(37): CodeIgniter\CodeIgniter->run()
#6 C:\xampp\htdocs\app_resto_refina\system\Commands\Server\rewrite.php(43): require_once('C:\\xampp\\htdocs...')
#7 {main}
CRITICAL - 2022-02-13 20:11:47 --> Undefined array key "id_menu"
#0 C:\xampp\htdocs\app_resto_refina\app\Controllers\PesanController.php(76): CodeIgniter\Debug\Exceptions->errorHandler(2, 'Undefined array...', 'C:\\xampp\\htdocs...', 76)
#1 C:\xampp\htdocs\app_resto_refina\app\Controllers\PesanController.php(58): App\Controllers\PesanController->cek('12')
#2 C:\xampp\htdocs\app_resto_refina\system\CodeIgniter.php(825): App\Controllers\PesanController->addCart()
#3 C:\xampp\htdocs\app_resto_refina\system\CodeIgniter.php(412): CodeIgniter\CodeIgniter->runController(Object(App\Controllers\PesanController))
#4 C:\xampp\htdocs\app_resto_refina\system\CodeIgniter.php(320): CodeIgniter\CodeIgniter->handleRequest(NULL, Object(Config\Cache), false)
#5 C:\xampp\htdocs\app_resto_refina\public\index.php(37): CodeIgniter\CodeIgniter->run()
#6 C:\xampp\htdocs\app_resto_refina\system\Commands\Server\rewrite.php(43): require_once('C:\\xampp\\htdocs...')
#7 {main}
CRITICAL - 2022-02-13 20:12:57 --> Undefined array key "id_menu"
#0 C:\xampp\htdocs\app_resto_refina\app\Controllers\PesanController.php(76): CodeIgniter\Debug\Exceptions->errorHandler(2, 'Undefined array...', 'C:\\xampp\\htdocs...', 76)
#1 C:\xampp\htdocs\app_resto_refina\app\Controllers\PesanController.php(58): App\Controllers\PesanController->cek('12')
#2 C:\xampp\htdocs\app_resto_refina\system\CodeIgniter.php(825): App\Controllers\PesanController->addCart()
#3 C:\xampp\htdocs\app_resto_refina\system\CodeIgniter.php(412): CodeIgniter\CodeIgniter->runController(Object(App\Controllers\PesanController))
#4 C:\xampp\htdocs\app_resto_refina\system\CodeIgniter.php(320): CodeIgniter\CodeIgniter->handleRequest(NULL, Object(Config\Cache), false)
#5 C:\xampp\htdocs\app_resto_refina\public\index.php(37): CodeIgniter\CodeIgniter->run()
#6 C:\xampp\htdocs\app_resto_refina\system\Commands\Server\rewrite.php(43): require_once('C:\\xampp\\htdocs...')
#7 {main}
CRITICAL - 2022-02-13 20:13:02 --> Undefined array key "id_menu"
#0 C:\xampp\htdocs\app_resto_refina\app\Controllers\PesanController.php(76): CodeIgniter\Debug\Exceptions->errorHandler(2, 'Undefined array...', 'C:\\xampp\\htdocs...', 76)
#1 C:\xampp\htdocs\app_resto_refina\app\Controllers\PesanController.php(58): App\Controllers\PesanController->cek('12')
#2 C:\xampp\htdocs\app_resto_refina\system\CodeIgniter.php(825): App\Controllers\PesanController->addCart()
#3 C:\xampp\htdocs\app_resto_refina\system\CodeIgniter.php(412): CodeIgniter\CodeIgniter->runController(Object(App\Controllers\PesanController))
#4 C:\xampp\htdocs\app_resto_refina\system\CodeIgniter.php(320): CodeIgniter\CodeIgniter->handleRequest(NULL, Object(Config\Cache), false)
#5 C:\xampp\htdocs\app_resto_refina\public\index.php(37): CodeIgniter\CodeIgniter->run()
#6 C:\xampp\htdocs\app_resto_refina\system\Commands\Server\rewrite.php(43): require_once('C:\\xampp\\htdocs...')
#7 {main}
CRITICAL - 2022-02-13 20:13:45 --> Undefined array key "id_menu"
#0 C:\xampp\htdocs\app_resto_refina\app\Controllers\PesanController.php(76): CodeIgniter\Debug\Exceptions->errorHandler(2, 'Undefined array...', 'C:\\xampp\\htdocs...', 76)
#1 C:\xampp\htdocs\app_resto_refina\app\Controllers\PesanController.php(58): App\Controllers\PesanController->cek('12')
#2 C:\xampp\htdocs\app_resto_refina\system\CodeIgniter.php(825): App\Controllers\PesanController->addCart()
#3 C:\xampp\htdocs\app_resto_refina\system\CodeIgniter.php(412): CodeIgniter\CodeIgniter->runController(Object(App\Controllers\PesanController))
#4 C:\xampp\htdocs\app_resto_refina\system\CodeIgniter.php(320): CodeIgniter\CodeIgniter->handleRequest(NULL, Object(Config\Cache), false)
#5 C:\xampp\htdocs\app_resto_refina\public\index.php(37): CodeIgniter\CodeIgniter->run()
#6 C:\xampp\htdocs\app_resto_refina\system\Commands\Server\rewrite.php(43): require_once('C:\\xampp\\htdocs...')
#7 {main}
CRITICAL - 2022-02-13 20:19:18 --> Undefined array key "id_menu"
#0 C:\xampp\htdocs\app_resto_refina\app\Controllers\PesanController.php(76): CodeIgniter\Debug\Exceptions->errorHandler(2, 'Undefined array...', 'C:\\xampp\\htdocs...', 76)
#1 C:\xampp\htdocs\app_resto_refina\app\Controllers\PesanController.php(58): App\Controllers\PesanController->cek('12')
#2 C:\xampp\htdocs\app_resto_refina\system\CodeIgniter.php(825): App\Controllers\PesanController->addCart()
#3 C:\xampp\htdocs\app_resto_refina\system\CodeIgniter.php(412): CodeIgniter\CodeIgniter->runController(Object(App\Controllers\PesanController))
#4 C:\xampp\htdocs\app_resto_refina\system\CodeIgniter.php(320): CodeIgniter\CodeIgniter->handleRequest(NULL, Object(Config\Cache), false)
#5 C:\xampp\htdocs\app_resto_refina\public\index.php(37): CodeIgniter\CodeIgniter->run()
#6 C:\xampp\htdocs\app_resto_refina\system\Commands\Server\rewrite.php(43): require_once('C:\\xampp\\htdocs...')
#7 {main}
CRITICAL - 2022-02-13 20:42:21 --> Undefined array key "id_menu"
#0 C:\xampp\htdocs\app_resto_refina\app\Controllers\PesanController.php(76): CodeIgniter\Debug\Exceptions->errorHandler(2, 'Undefined array...', 'C:\\xampp\\htdocs...', 76)
#1 C:\xampp\htdocs\app_resto_refina\app\Controllers\PesanController.php(58): App\Controllers\PesanController->cek('9')
#2 C:\xampp\htdocs\app_resto_refina\system\CodeIgniter.php(825): App\Controllers\PesanController->addCart()
#3 C:\xampp\htdocs\app_resto_refina\system\CodeIgniter.php(412): CodeIgniter\CodeIgniter->runController(Object(App\Controllers\PesanController))
#4 C:\xampp\htdocs\app_resto_refina\system\CodeIgniter.php(320): CodeIgniter\CodeIgniter->handleRequest(NULL, Object(Config\Cache), false)
#5 C:\xampp\htdocs\app_resto_refina\public\index.php(37): CodeIgniter\CodeIgniter->run()
#6 C:\xampp\htdocs\app_resto_refina\system\Commands\Server\rewrite.php(43): require_once('C:\\xampp\\htdocs...')
#7 {main}
CRITICAL - 2022-02-13 20:46:54 --> Undefined array key "id_menu"
#0 C:\xampp\htdocs\app_resto_refina\app\Controllers\PesanController.php(76): CodeIgniter\Debug\Exceptions->errorHandler(2, 'Undefined array...', 'C:\\xampp\\htdocs...', 76)
#1 C:\xampp\htdocs\app_resto_refina\app\Controllers\PesanController.php(58): App\Controllers\PesanController->cek('9')
#2 C:\xampp\htdocs\app_resto_refina\system\CodeIgniter.php(825): App\Controllers\PesanController->addCart()
#3 C:\xampp\htdocs\app_resto_refina\system\CodeIgniter.php(412): CodeIgniter\CodeIgniter->runController(Object(App\Controllers\PesanController))
#4 C:\xampp\htdocs\app_resto_refina\system\CodeIgniter.php(320): CodeIgniter\CodeIgniter->handleRequest(NULL, Object(Config\Cache), false)
#5 C:\xampp\htdocs\app_resto_refina\public\index.php(37): CodeIgniter\CodeIgniter->run()
#6 C:\xampp\htdocs\app_resto_refina\system\Commands\Server\rewrite.php(43): require_once('C:\\xampp\\htdocs...')
#7 {main}
CRITICAL - 2022-02-13 20:51:42 --> Undefined constant "id_menu"
#0 C:\xampp\htdocs\app_resto_refina\system\View\View.php(210): include()
#1 C:\xampp\htdocs\app_resto_refina\system\View\View.php(213): CodeIgniter\View\View->CodeIgniter\View\{closure}()
#2 C:\xampp\htdocs\app_resto_refina\system\Common.php(1089): CodeIgniter\View\View->render('pesan', Array, true)
#3 C:\xampp\htdocs\app_resto_refina\app\Controllers\PesanController.php(38): view('pesan', Array)
#4 C:\xampp\htdocs\app_resto_refina\system\CodeIgniter.php(825): App\Controllers\PesanController->index()
#5 C:\xampp\htdocs\app_resto_refina\system\CodeIgniter.php(412): CodeIgniter\CodeIgniter->runController(Object(App\Controllers\PesanController))
#6 C:\xampp\htdocs\app_resto_refina\system\CodeIgniter.php(320): CodeIgniter\CodeIgniter->handleRequest(NULL, Object(Config\Cache), false)
#7 C:\xampp\htdocs\app_resto_refina\public\index.php(37): CodeIgniter\CodeIgniter->run()
#8 C:\xampp\htdocs\app_resto_refina\system\Commands\Server\rewrite.php(43): require_once('C:\\xampp\\htdocs...')
#9 {main}
CRITICAL - 2022-02-13 20:52:51 --> array_values(): Argument #1 ($array) must be of type array, null given
#0 C:\xampp\htdocs\app_resto_refina\app\Controllers\PesanController.php(87): array_values(NULL)
#1 C:\xampp\htdocs\app_resto_refina\system\CodeIgniter.php(825): App\Controllers\PesanController->hapusCart('9')
#2 C:\xampp\htdocs\app_resto_refina\system\CodeIgniter.php(412): CodeIgniter\CodeIgniter->runController(Object(App\Controllers\PesanController))
#3 C:\xampp\htdocs\app_resto_refina\system\CodeIgniter.php(320): CodeIgniter\CodeIgniter->handleRequest(NULL, Object(Config\Cache), false)
#4 C:\xampp\htdocs\app_resto_refina\public\index.php(37): CodeIgniter\CodeIgniter->run()
#5 C:\xampp\htdocs\app_resto_refina\system\Commands\Server\rewrite.php(43): require_once('C:\\xampp\\htdocs...')
#6 {main}
